STAR version=2.7.10b
STAR compilation time,server,dir=2023-05-25T06:56:23+0000 :/opt/conda/conda-bld/star_1684997536154/work/source
##### Command Line:
/beegfs/scratch/ric.broccoli/kubacki.michal/conda_envs/snakemake/bin/STAR-avx2 --runMode genomeGenerate --genomeDir /beegfs/scratch/ric.broccoli/kubacki.michal/SRF_H2AK119Ub_cross_V5/COMMON_DATA/genome_star --genomeFastaFiles /beegfs/scratch/ric.broccoli/kubacki.michal/SRF_H2AK119Ub_cross_V5/COMMON_DATA/genome/Homo_sapiens.GRCh38.dna.primary_assembly.fa --sjdbGTFfile /beegfs/scratch/ric.broccoli/kubacki.michal/SRF_H2AK119Ub_cross_V5/COMMON_DATA/gencode.v43.basic.annotation.nochr.gtf --runThreadN 2 --sjdbOverhang 100
##### Initial USER parameters from Command Line:
###### All USER parameters from Command Line:
runMode                       genomeGenerate        ~RE-DEFINED
genomeDir                     /beegfs/scratch/ric.broccoli/kubacki.michal/SRF_H2AK119Ub_cross_V5/COMMON_DATA/genome_star     ~RE-DEFINED
genomeFastaFiles              /beegfs/scratch/ric.broccoli/kubacki.michal/SRF_H2AK119Ub_cross_V5/COMMON_DATA/genome/Homo_sapiens.GRCh38.dna.primary_assembly.fa        ~RE-DEFINED
sjdbGTFfile                   /beegfs/scratch/ric.broccoli/kubacki.michal/SRF_H2AK119Ub_cross_V5/COMMON_DATA/gencode.v43.basic.annotation.nochr.gtf     ~RE-DEFINED
runThreadN                    2     ~RE-DEFINED
sjdbOverhang                  100     ~RE-DEFINED
##### Finished reading parameters from all sources

##### Final user re-defined parameters-----------------:
runMode                           genomeGenerate   
runThreadN                        2
genomeDir                         /beegfs/scratch/ric.broccoli/kubacki.michal/SRF_H2AK119Ub_cross_V5/COMMON_DATA/genome_star
genomeFastaFiles                  /beegfs/scratch/ric.broccoli/kubacki.michal/SRF_H2AK119Ub_cross_V5/COMMON_DATA/genome/Homo_sapiens.GRCh38.dna.primary_assembly.fa   
sjdbGTFfile                       /beegfs/scratch/ric.broccoli/kubacki.michal/SRF_H2AK119Ub_cross_V5/COMMON_DATA/gencode.v43.basic.annotation.nochr.gtf
sjdbOverhang                      100

-------------------------------
##### Final effective command line:
/beegfs/scratch/ric.broccoli/kubacki.michal/conda_envs/snakemake/bin/STAR-avx2   --runMode genomeGenerate      --runThreadN 2   --genomeDir /beegfs/scratch/ric.broccoli/kubacki.michal/SRF_H2AK119Ub_cross_V5/COMMON_DATA/genome_star   --genomeFastaFiles /beegfs/scratch/ric.broccoli/kubacki.michal/SRF_H2AK119Ub_cross_V5/COMMON_DATA/genome/Homo_sapiens.GRCh38.dna.primary_assembly.fa      --sjdbGTFfile /beegfs/scratch/ric.broccoli/kubacki.michal/SRF_H2AK119Ub_cross_V5/COMMON_DATA/gencode.v43.basic.annotation.nochr.gtf   --sjdbOverhang 100
----------------------------------------

Number of fastq files for each mate = 1
ParametersSolo: --soloCellFilterType CellRanger2.2 filtering parameters:  3000 0.99 10
Finished loading and checking parameters
--genomeDir directory exists and will be overwritten: /beegfs/scratch/ric.broccoli/kubacki.michal/SRF_H2AK119Ub_cross_V5/COMMON_DATA/genome_star/
!!!!! WARNING: Could not move Log.out file from ./Log.out into /beegfs/scratch/ric.broccoli/kubacki.michal/SRF_H2AK119Ub_cross_V5/COMMON_DATA/genome_star/Log.out. Will keep ./Log.out

Feb 24 16:41:05 ... starting to generate Genome files
/beegfs/scratch/ric.broccoli/kubacki.michal/SRF_H2AK119Ub_cross_V5/COMMON_DATA/genome/Homo_sapiens.GRCh38.dna.primary_assembly.fa : chr # 0  "1" chrStart: 0
/beegfs/scratch/ric.broccoli/kubacki.michal/SRF_H2AK119Ub_cross_V5/COMMON_DATA/genome/Homo_sapiens.GRCh38.dna.primary_assembly.fa : chr # 1  "10" chrStart: 249036800
/beegfs/scratch/ric.broccoli/kubacki.michal/SRF_H2AK119Ub_cross_V5/COMMON_DATA/genome/Homo_sapiens.GRCh38.dna.primary_assembly.fa : chr # 2  "11" chrStart: 382992384
/beegfs/scratch/ric.broccoli/kubacki.michal/SRF_H2AK119Ub_cross_V5/COMMON_DATA/genome/Homo_sapiens.GRCh38.dna.primary_assembly.fa : chr # 3  "12" chrStart: 518258688
/beegfs/scratch/ric.broccoli/kubacki.michal/SRF_H2AK119Ub_cross_V5/COMMON_DATA/genome/Homo_sapiens.GRCh38.dna.primary_assembly.fa : chr # 4  "13" chrStart: 651689984
/beegfs/scratch/ric.broccoli/kubacki.michal/SRF_H2AK119Ub_cross_V5/COMMON_DATA/genome/Homo_sapiens.GRCh38.dna.primary_assembly.fa : chr # 5  "14" chrStart: 766246912
/beegfs/scratch/ric.broccoli/kubacki.michal/SRF_H2AK119Ub_cross_V5/COMMON_DATA/genome/Homo_sapiens.GRCh38.dna.primary_assembly.fa : chr # 6  "15" chrStart: 873463808
/beegfs/scratch/ric.broccoli/kubacki.michal/SRF_H2AK119Ub_cross_V5/COMMON_DATA/genome/Homo_sapiens.GRCh38.dna.primary_assembly.fa : chr # 7  "16" chrStart: 975699968
/beegfs/scratch/ric.broccoli/kubacki.michal/SRF_H2AK119Ub_cross_V5/COMMON_DATA/genome/Homo_sapiens.GRCh38.dna.primary_assembly.fa : chr # 8  "17" chrStart: 1066139648
/beegfs/scratch/ric.broccoli/kubacki.michal/SRF_H2AK119Ub_cross_V5/COMMON_DATA/genome/Homo_sapiens.GRCh38.dna.primary_assembly.fa : chr # 9  "18" chrStart: 1149501440
/beegfs/scratch/ric.broccoli/kubacki.michal/SRF_H2AK119Ub_cross_V5/COMMON_DATA/genome/Homo_sapiens.GRCh38.dna.primary_assembly.fa : chr # 10  "19" chrStart: 1229979648
/beegfs/scratch/ric.broccoli/kubacki.michal/SRF_H2AK119Ub_cross_V5/COMMON_DATA/genome/Homo_sapiens.GRCh38.dna.primary_assembly.fa : chr # 11  "2" chrStart: 1288699904
/beegfs/scratch/ric.broccoli/kubacki.michal/SRF_H2AK119Ub_cross_V5/COMMON_DATA/genome/Homo_sapiens.GRCh38.dna.primary_assembly.fa : chr # 12  "20" chrStart: 1530920960
/beegfs/scratch/ric.broccoli/kubacki.michal/SRF_H2AK119Ub_cross_V5/COMMON_DATA/genome/Homo_sapiens.GRCh38.dna.primary_assembly.fa : chr # 13  "21" chrStart: 1595408384
/beegfs/scratch/ric.broccoli/kubacki.michal/SRF_H2AK119Ub_cross_V5/COMMON_DATA/genome/Homo_sapiens.GRCh38.dna.primary_assembly.fa : chr # 14  "22" chrStart: 1642332160
/beegfs/scratch/ric.broccoli/kubacki.michal/SRF_H2AK119Ub_cross_V5/COMMON_DATA/genome/Homo_sapiens.GRCh38.dna.primary_assembly.fa : chr # 15  "3" chrStart: 1693188096
/beegfs/scratch/ric.broccoli/kubacki.michal/SRF_H2AK119Ub_cross_V5/COMMON_DATA/genome/Homo_sapiens.GRCh38.dna.primary_assembly.fa : chr # 16  "4" chrStart: 1891631104
/beegfs/scratch/ric.broccoli/kubacki.michal/SRF_H2AK119Ub_cross_V5/COMMON_DATA/genome/Homo_sapiens.GRCh38.dna.primary_assembly.fa : chr # 17  "5" chrStart: 2081947648
/beegfs/scratch/ric.broccoli/kubacki.michal/SRF_H2AK119Ub_cross_V5/COMMON_DATA/genome/Homo_sapiens.GRCh38.dna.primary_assembly.fa : chr # 18  "6" chrStart: 2263613440
/beegfs/scratch/ric.broccoli/kubacki.michal/SRF_H2AK119Ub_cross_V5/COMMON_DATA/genome/Homo_sapiens.GRCh38.dna.primary_assembly.fa : chr # 19  "7" chrStart: 2434531328
/beegfs/scratch/ric.broccoli/kubacki.michal/SRF_H2AK119Ub_cross_V5/COMMON_DATA/genome/Homo_sapiens.GRCh38.dna.primary_assembly.fa : chr # 20  "8" chrStart: 2593914880
/beegfs/scratch/ric.broccoli/kubacki.michal/SRF_H2AK119Ub_cross_V5/COMMON_DATA/genome/Homo_sapiens.GRCh38.dna.primary_assembly.fa : chr # 21  "9" chrStart: 2739142656
/beegfs/scratch/ric.broccoli/kubacki.michal/SRF_H2AK119Ub_cross_V5/COMMON_DATA/genome/Homo_sapiens.GRCh38.dna.primary_assembly.fa : chr # 22  "MT" chrStart: 2877554688
/beegfs/scratch/ric.broccoli/kubacki.michal/SRF_H2AK119Ub_cross_V5/COMMON_DATA/genome/Homo_sapiens.GRCh38.dna.primary_assembly.fa : chr # 23  "X" chrStart: 2877816832
/beegfs/scratch/ric.broccoli/kubacki.michal/SRF_H2AK119Ub_cross_V5/COMMON_DATA/genome/Homo_sapiens.GRCh38.dna.primary_assembly.fa : chr # 24  "Y" chrStart: 3034054656
/beegfs/scratch/ric.broccoli/kubacki.michal/SRF_H2AK119Ub_cross_V5/COMMON_DATA/genome/Homo_sapiens.GRCh38.dna.primary_assembly.fa : chr # 25  "KI270728.1" chrStart: 3091464192
/beegfs/scratch/ric.broccoli/kubacki.michal/SRF_H2AK119Ub_cross_V5/COMMON_DATA/genome/Homo_sapiens.GRCh38.dna.primary_assembly.fa : chr # 26  "KI270727.1" chrStart: 3093561344
/beegfs/scratch/ric.broccoli/kubacki.michal/SRF_H2AK119Ub_cross_V5/COMMON_DATA/genome/Homo_sapiens.GRCh38.dna.primary_assembly.fa : chr # 27  "KI270442.1" chrStart: 3094085632
/beegfs/scratch/ric.broccoli/kubacki.michal/SRF_H2AK119Ub_cross_V5/COMMON_DATA/genome/Homo_sapiens.GRCh38.dna.primary_assembly.fa : chr # 28  "KI270729.1" chrStart: 3094609920
/beegfs/scratch/ric.broccoli/kubacki.michal/SRF_H2AK119Ub_cross_V5/COMMON_DATA/genome/Homo_sapiens.GRCh38.dna.primary_assembly.fa : chr # 29  "GL000225.1" chrStart: 3095134208
/beegfs/scratch/ric.broccoli/kubacki.michal/SRF_H2AK119Ub_cross_V5/COMMON_DATA/genome/Homo_sapiens.GRCh38.dna.primary_assembly.fa : chr # 30  "KI270743.1" chrStart: 3095396352
/beegfs/scratch/ric.broccoli/kubacki.michal/SRF_H2AK119Ub_cross_V5/COMMON_DATA/genome/Homo_sapiens.GRCh38.dna.primary_assembly.fa : chr # 31  "GL000008.2" chrStart: 3095658496
/beegfs/scratch/ric.broccoli/kubacki.michal/SRF_H2AK119Ub_cross_V5/COMMON_DATA/genome/Homo_sapiens.GRCh38.dna.primary_assembly.fa : chr # 32  "GL000009.2" chrStart: 3095920640
/beegfs/scratch/ric.broccoli/kubacki.michal/SRF_H2AK119Ub_cross_V5/COMMON_DATA/genome/Homo_sapiens.GRCh38.dna.primary_assembly.fa : chr # 33  "KI270747.1" chrStart: 3096182784
/beegfs/scratch/ric.broccoli/kubacki.michal/SRF_H2AK119Ub_cross_V5/COMMON_DATA/genome/Homo_sapiens.GRCh38.dna.primary_assembly.fa : chr # 34  "KI270722.1" chrStart: 3096444928
/beegfs/scratch/ric.broccoli/kubacki.michal/SRF_H2AK119Ub_cross_V5/COMMON_DATA/genome/Homo_sapiens.GRCh38.dna.primary_assembly.fa : chr # 35  "GL000194.1" chrStart: 3096707072
/beegfs/scratch/ric.broccoli/kubacki.michal/SRF_H2AK119Ub_cross_V5/COMMON_DATA/genome/Homo_sapiens.GRCh38.dna.primary_assembly.fa : chr # 36  "KI270742.1" chrStart: 3096969216
/beegfs/scratch/ric.broccoli/kubacki.michal/SRF_H2AK119Ub_cross_V5/COMMON_DATA/genome/Homo_sapiens.GRCh38.dna.primary_assembly.fa : chr # 37  "GL000205.2" chrStart: 3097231360
/beegfs/scratch/ric.broccoli/kubacki.michal/SRF_H2AK119Ub_cross_V5/COMMON_DATA/genome/Homo_sapiens.GRCh38.dna.primary_assembly.fa : chr # 38  "GL000195.1" chrStart: 3097493504
/beegfs/scratch/ric.broccoli/kubacki.michal/SRF_H2AK119Ub_cross_V5/COMMON_DATA/genome/Homo_sapiens.GRCh38.dna.primary_assembly.fa : chr # 39  "KI270736.1" chrStart: 3097755648
/beegfs/scratch/ric.broccoli/kubacki.michal/SRF_H2AK119Ub_cross_V5/COMMON_DATA/genome/Homo_sapiens.GRCh38.dna.primary_assembly.fa : chr # 40  "KI270733.1" chrStart: 3098017792
/beegfs/scratch/ric.broccoli/kubacki.michal/SRF_H2AK119Ub_cross_V5/COMMON_DATA/genome/Homo_sapiens.GRCh38.dna.primary_assembly.fa : chr # 41  "GL000224.1" chrStart: 3098279936
/beegfs/scratch/ric.broccoli/kubacki.michal/SRF_H2AK119Ub_cross_V5/COMMON_DATA/genome/Homo_sapiens.GRCh38.dna.primary_assembly.fa : chr # 42  "GL000219.1" chrStart: 3098542080
/beegfs/scratch/ric.broccoli/kubacki.michal/SRF_H2AK119Ub_cross_V5/COMMON_DATA/genome/Homo_sapiens.GRCh38.dna.primary_assembly.fa : chr # 43  "KI270719.1" chrStart: 3098804224
/beegfs/scratch/ric.broccoli/kubacki.michal/SRF_H2AK119Ub_cross_V5/COMMON_DATA/genome/Homo_sapiens.GRCh38.dna.primary_assembly.fa : chr # 44  "GL000216.2" chrStart: 3099066368
/beegfs/scratch/ric.broccoli/kubacki.michal/SRF_H2AK119Ub_cross_V5/COMMON_DATA/genome/Homo_sapiens.GRCh38.dna.primary_assembly.fa : chr # 45  "KI270712.1" chrStart: 3099328512
/beegfs/scratch/ric.broccoli/kubacki.michal/SRF_H2AK119Ub_cross_V5/COMMON_DATA/genome/Homo_sapiens.GRCh38.dna.primary_assembly.fa : chr # 46  "KI270706.1" chrStart: 3099590656
/beegfs/scratch/ric.broccoli/kubacki.michal/SRF_H2AK119Ub_cross_V5/COMMON_DATA/genome/Homo_sapiens.GRCh38.dna.primary_assembly.fa : chr # 47  "KI270725.1" chrStart: 3099852800
/beegfs/scratch/ric.broccoli/kubacki.michal/SRF_H2AK119Ub_cross_V5/COMMON_DATA/genome/Homo_sapiens.GRCh38.dna.primary_assembly.fa : chr # 48  "KI270744.1" chrStart: 3100114944
/beegfs/scratch/ric.broccoli/kubacki.michal/SRF_H2AK119Ub_cross_V5/COMMON_DATA/genome/Homo_sapiens.GRCh38.dna.primary_assembly.fa : chr # 49  "KI270734.1" chrStart: 3100377088
/beegfs/scratch/ric.broccoli/kubacki.michal/SRF_H2AK119Ub_cross_V5/COMMON_DATA/genome/Homo_sapiens.GRCh38.dna.primary_assembly.fa : chr # 50  "GL000213.1" chrStart: 3100639232
/beegfs/scratch/ric.broccoli/kubacki.michal/SRF_H2AK119Ub_cross_V5/COMMON_DATA/genome/Homo_sapiens.GRCh38.dna.primary_assembly.fa : chr # 51  "GL000220.1" chrStart: 3100901376
/beegfs/scratch/ric.broccoli/kubacki.michal/SRF_H2AK119Ub_cross_V5/COMMON_DATA/genome/Homo_sapiens.GRCh38.dna.primary_assembly.fa : chr # 52  "KI270715.1" chrStart: 3101163520
/beegfs/scratch/ric.broccoli/kubacki.michal/SRF_H2AK119Ub_cross_V5/COMMON_DATA/genome/Homo_sapiens.GRCh38.dna.primary_assembly.fa : chr # 53  "GL000218.1" chrStart: 3101425664
/beegfs/scratch/ric.broccoli/kubacki.michal/SRF_H2AK119Ub_cross_V5/COMMON_DATA/genome/Homo_sapiens.GRCh38.dna.primary_assembly.fa : chr # 54  "KI270749.1" chrStart: 3101687808
/beegfs/scratch/ric.broccoli/kubacki.michal/SRF_H2AK119Ub_cross_V5/COMMON_DATA/genome/Homo_sapiens.GRCh38.dna.primary_assembly.fa : chr # 55  "KI270741.1" chrStart: 3101949952
/beegfs/scratch/ric.broccoli/kubacki.michal/SRF_H2AK119Ub_cross_V5/COMMON_DATA/genome/Homo_sapiens.GRCh38.dna.primary_assembly.fa : chr # 56  "GL000221.1" chrStart: 3102212096
/beegfs/scratch/ric.broccoli/kubacki.michal/SRF_H2AK119Ub_cross_V5/COMMON_DATA/genome/Homo_sapiens.GRCh38.dna.primary_assembly.fa : chr # 57  "KI270716.1" chrStart: 3102474240
/beegfs/scratch/ric.broccoli/kubacki.michal/SRF_H2AK119Ub_cross_V5/COMMON_DATA/genome/Homo_sapiens.GRCh38.dna.primary_assembly.fa : chr # 58  "KI270731.1" chrStart: 3102736384
/beegfs/scratch/ric.broccoli/kubacki.michal/SRF_H2AK119Ub_cross_V5/COMMON_DATA/genome/Homo_sapiens.GRCh38.dna.primary_assembly.fa : chr # 59  "KI270751.1" chrStart: 3102998528
/beegfs/scratch/ric.broccoli/kubacki.michal/SRF_H2AK119Ub_cross_V5/COMMON_DATA/genome/Homo_sapiens.GRCh38.dna.primary_assembly.fa : chr # 60  "KI270750.1" chrStart: 3103260672
/beegfs/scratch/ric.broccoli/kubacki.michal/SRF_H2AK119Ub_cross_V5/COMMON_DATA/genome/Homo_sapiens.GRCh38.dna.primary_assembly.fa : chr # 61  "KI270519.1" chrStart: 3103522816
/beegfs/scratch/ric.broccoli/kubacki.michal/SRF_H2AK119Ub_cross_V5/COMMON_DATA/genome/Homo_sapiens.GRCh38.dna.primary_assembly.fa : chr # 62  "GL000214.1" chrStart: 3103784960
/beegfs/scratch/ric.broccoli/kubacki.michal/SRF_H2AK119Ub_cross_V5/COMMON_DATA/genome/Homo_sapiens.GRCh38.dna.primary_assembly.fa : chr # 63  "KI270708.1" chrStart: 3104047104
/beegfs/scratch/ric.broccoli/kubacki.michal/SRF_H2AK119Ub_cross_V5/COMMON_DATA/genome/Homo_sapiens.GRCh38.dna.primary_assembly.fa : chr # 64  "KI270730.1" chrStart: 3104309248
/beegfs/scratch/ric.broccoli/kubacki.michal/SRF_H2AK119Ub_cross_V5/COMMON_DATA/genome/Homo_sapiens.GRCh38.dna.primary_assembly.fa : chr # 65  "KI270438.1" chrStart: 3104571392
/beegfs/scratch/ric.broccoli/kubacki.michal/SRF_H2AK119Ub_cross_V5/COMMON_DATA/genome/Homo_sapiens.GRCh38.dna.primary_assembly.fa : chr # 66  "KI270737.1" chrStart: 3104833536
/beegfs/scratch/ric.broccoli/kubacki.michal/SRF_H2AK119Ub_cross_V5/COMMON_DATA/genome/Homo_sapiens.GRCh38.dna.primary_assembly.fa : chr # 67  "KI270721.1" chrStart: 3105095680
/beegfs/scratch/ric.broccoli/kubacki.michal/SRF_H2AK119Ub_cross_V5/COMMON_DATA/genome/Homo_sapiens.GRCh38.dna.primary_assembly.fa : chr # 68  "KI270738.1" chrStart: 3105357824
/beegfs/scratch/ric.broccoli/kubacki.michal/SRF_H2AK119Ub_cross_V5/COMMON_DATA/genome/Homo_sapiens.GRCh38.dna.primary_assembly.fa : chr # 69  "KI270748.1" chrStart: 3105619968
/beegfs/scratch/ric.broccoli/kubacki.michal/SRF_H2AK119Ub_cross_V5/COMMON_DATA/genome/Homo_sapiens.GRCh38.dna.primary_assembly.fa : chr # 70  "KI270435.1" chrStart: 3105882112
/beegfs/scratch/ric.broccoli/kubacki.michal/SRF_H2AK119Ub_cross_V5/COMMON_DATA/genome/Homo_sapiens.GRCh38.dna.primary_assembly.fa : chr # 71  "GL000208.1" chrStart: 3106144256
/beegfs/scratch/ric.broccoli/kubacki.michal/SRF_H2AK119Ub_cross_V5/COMMON_DATA/genome/Homo_sapiens.GRCh38.dna.primary_assembly.fa : chr # 72  "KI270538.1" chrStart: 3106406400
/beegfs/scratch/ric.broccoli/kubacki.michal/SRF_H2AK119Ub_cross_V5/COMMON_DATA/genome/Homo_sapiens.GRCh38.dna.primary_assembly.fa : chr # 73  "KI270756.1" chrStart: 3106668544
/beegfs/scratch/ric.broccoli/kubacki.michal/SRF_H2AK119Ub_cross_V5/COMMON_DATA/genome/Homo_sapiens.GRCh38.dna.primary_assembly.fa : chr # 74  "KI270739.1" chrStart: 3106930688
/beegfs/scratch/ric.broccoli/kubacki.michal/SRF_H2AK119Ub_cross_V5/COMMON_DATA/genome/Homo_sapiens.GRCh38.dna.primary_assembly.fa : chr # 75  "KI270757.1" chrStart: 3107192832
/beegfs/scratch/ric.broccoli/kubacki.michal/SRF_H2AK119Ub_cross_V5/COMMON_DATA/genome/Homo_sapiens.GRCh38.dna.primary_assembly.fa : chr # 76  "KI270709.1" chrStart: 3107454976
/beegfs/scratch/ric.broccoli/kubacki.michal/SRF_H2AK119Ub_cross_V5/COMMON_DATA/genome/Homo_sapiens.GRCh38.dna.primary_assembly.fa : chr # 77  "KI270746.1" chrStart: 3107717120
/beegfs/scratch/ric.broccoli/kubacki.michal/SRF_H2AK119Ub_cross_V5/COMMON_DATA/genome/Homo_sapiens.GRCh38.dna.primary_assembly.fa : chr # 78  "KI270753.1" chrStart: 3107979264
/beegfs/scratch/ric.broccoli/kubacki.michal/SRF_H2AK119Ub_cross_V5/COMMON_DATA/genome/Homo_sapiens.GRCh38.dna.primary_assembly.fa : chr # 79  "KI270589.1" chrStart: 3108241408
/beegfs/scratch/ric.broccoli/kubacki.michal/SRF_H2AK119Ub_cross_V5/COMMON_DATA/genome/Homo_sapiens.GRCh38.dna.primary_assembly.fa : chr # 80  "KI270726.1" chrStart: 3108503552
/beegfs/scratch/ric.broccoli/kubacki.michal/SRF_H2AK119Ub_cross_V5/COMMON_DATA/genome/Homo_sapiens.GRCh38.dna.primary_assembly.fa : chr # 81  "KI270735.1" chrStart: 3108765696
/beegfs/scratch/ric.broccoli/kubacki.michal/SRF_H2AK119Ub_cross_V5/COMMON_DATA/genome/Homo_sapiens.GRCh38.dna.primary_assembly.fa : chr # 82  "KI270711.1" chrStart: 3109027840
/beegfs/scratch/ric.broccoli/kubacki.michal/SRF_H2AK119Ub_cross_V5/COMMON_DATA/genome/Homo_sapiens.GRCh38.dna.primary_assembly.fa : chr # 83  "KI270745.1" chrStart: 3109289984
/beegfs/scratch/ric.broccoli/kubacki.michal/SRF_H2AK119Ub_cross_V5/COMMON_DATA/genome/Homo_sapiens.GRCh38.dna.primary_assembly.fa : chr # 84  "KI270714.1" chrStart: 3109552128
/beegfs/scratch/ric.broccoli/kubacki.michal/SRF_H2AK119Ub_cross_V5/COMMON_DATA/genome/Homo_sapiens.GRCh38.dna.primary_assembly.fa : chr # 85  "KI270732.1" chrStart: 3109814272
/beegfs/scratch/ric.broccoli/kubacki.michal/SRF_H2AK119Ub_cross_V5/COMMON_DATA/genome/Homo_sapiens.GRCh38.dna.primary_assembly.fa : chr # 86  "KI270713.1" chrStart: 3110076416
/beegfs/scratch/ric.broccoli/kubacki.michal/SRF_H2AK119Ub_cross_V5/COMMON_DATA/genome/Homo_sapiens.GRCh38.dna.primary_assembly.fa : chr # 87  "KI270754.1" chrStart: 3110338560
/beegfs/scratch/ric.broccoli/kubacki.michal/SRF_H2AK119Ub_cross_V5/COMMON_DATA/genome/Homo_sapiens.GRCh38.dna.primary_assembly.fa : chr # 88  "KI270710.1" chrStart: 3110600704
/beegfs/scratch/ric.broccoli/kubacki.michal/SRF_H2AK119Ub_cross_V5/COMMON_DATA/genome/Homo_sapiens.GRCh38.dna.primary_assembly.fa : chr # 89  "KI270717.1" chrStart: 3110862848
/beegfs/scratch/ric.broccoli/kubacki.michal/SRF_H2AK119Ub_cross_V5/COMMON_DATA/genome/Homo_sapiens.GRCh38.dna.primary_assembly.fa : chr # 90  "KI270724.1" chrStart: 3111124992
/beegfs/scratch/ric.broccoli/kubacki.michal/SRF_H2AK119Ub_cross_V5/COMMON_DATA/genome/Homo_sapiens.GRCh38.dna.primary_assembly.fa : chr # 91  "KI270720.1" chrStart: 3111387136
/beegfs/scratch/ric.broccoli/kubacki.michal/SRF_H2AK119Ub_cross_V5/COMMON_DATA/genome/Homo_sapiens.GRCh38.dna.primary_assembly.fa : chr # 92  "KI270723.1" chrStart: 3111649280
/beegfs/scratch/ric.broccoli/kubacki.michal/SRF_H2AK119Ub_cross_V5/COMMON_DATA/genome/Homo_sapiens.GRCh38.dna.primary_assembly.fa : chr # 93  "KI270718.1" chrStart: 3111911424
/beegfs/scratch/ric.broccoli/kubacki.michal/SRF_H2AK119Ub_cross_V5/COMMON_DATA/genome/Homo_sapiens.GRCh38.dna.primary_assembly.fa : chr # 94  "KI270317.1" chrStart: 3112173568
/beegfs/scratch/ric.broccoli/kubacki.michal/SRF_H2AK119Ub_cross_V5/COMMON_DATA/genome/Homo_sapiens.GRCh38.dna.primary_assembly.fa : chr # 95  "KI270740.1" chrStart: 3112435712
/beegfs/scratch/ric.broccoli/kubacki.michal/SRF_H2AK119Ub_cross_V5/COMMON_DATA/genome/Homo_sapiens.GRCh38.dna.primary_assembly.fa : chr # 96  "KI270755.1" chrStart: 3112697856
/beegfs/scratch/ric.broccoli/kubacki.michal/SRF_H2AK119Ub_cross_V5/COMMON_DATA/genome/Homo_sapiens.GRCh38.dna.primary_assembly.fa : chr # 97  "KI270707.1" chrStart: 3112960000
/beegfs/scratch/ric.broccoli/kubacki.michal/SRF_H2AK119Ub_cross_V5/COMMON_DATA/genome/Homo_sapiens.GRCh38.dna.primary_assembly.fa : chr # 98  "KI270579.1" chrStart: 3113222144
/beegfs/scratch/ric.broccoli/kubacki.michal/SRF_H2AK119Ub_cross_V5/COMMON_DATA/genome/Homo_sapiens.GRCh38.dna.primary_assembly.fa : chr # 99  "KI270752.1" chrStart: 3113484288
/beegfs/scratch/ric.broccoli/kubacki.michal/SRF_H2AK119Ub_cross_V5/COMMON_DATA/genome/Homo_sapiens.GRCh38.dna.primary_assembly.fa : chr # 100  "KI270512.1" chrStart: 3113746432
/beegfs/scratch/ric.broccoli/kubacki.michal/SRF_H2AK119Ub_cross_V5/COMMON_DATA/genome/Homo_sapiens.GRCh38.dna.primary_assembly.fa : chr # 101  "KI270322.1" chrStart: 3114008576
/beegfs/scratch/ric.broccoli/kubacki.michal/SRF_H2AK119Ub_cross_V5/COMMON_DATA/genome/Homo_sapiens.GRCh38.dna.primary_assembly.fa : chr # 102  "GL000226.1" chrStart: 3114270720
/beegfs/scratch/ric.broccoli/kubacki.michal/SRF_H2AK119Ub_cross_V5/COMMON_DATA/genome/Homo_sapiens.GRCh38.dna.primary_assembly.fa : chr # 103  "KI270311.1" chrStart: 3114532864
/beegfs/scratch/ric.broccoli/kubacki.michal/SRF_H2AK119Ub_cross_V5/COMMON_DATA/genome/Homo_sapiens.GRCh38.dna.primary_assembly.fa : chr # 104  "KI270366.1" chrStart: 3114795008
/beegfs/scratch/ric.broccoli/kubacki.michal/SRF_H2AK119Ub_cross_V5/COMMON_DATA/genome/Homo_sapiens.GRCh38.dna.primary_assembly.fa : chr # 105  "KI270511.1" chrStart: 3115057152
/beegfs/scratch/ric.broccoli/kubacki.michal/SRF_H2AK119Ub_cross_V5/COMMON_DATA/genome/Homo_sapiens.GRCh38.dna.primary_assembly.fa : chr # 106  "KI270448.1" chrStart: 3115319296
/beegfs/scratch/ric.broccoli/kubacki.michal/SRF_H2AK119Ub_cross_V5/COMMON_DATA/genome/Homo_sapiens.GRCh38.dna.primary_assembly.fa : chr # 107  "KI270521.1" chrStart: 3115581440
/beegfs/scratch/ric.broccoli/kubacki.michal/SRF_H2AK119Ub_cross_V5/COMMON_DATA/genome/Homo_sapiens.GRCh38.dna.primary_assembly.fa : chr # 108  "KI270581.1" chrStart: 3115843584
/beegfs/scratch/ric.broccoli/kubacki.michal/SRF_H2AK119Ub_cross_V5/COMMON_DATA/genome/Homo_sapiens.GRCh38.dna.primary_assembly.fa : chr # 109  "KI270582.1" chrStart: 3116105728
/beegfs/scratch/ric.broccoli/kubacki.michal/SRF_H2AK119Ub_cross_V5/COMMON_DATA/genome/Homo_sapiens.GRCh38.dna.primary_assembly.fa : chr # 110  "KI270515.1" chrStart: 3116367872
/beegfs/scratch/ric.broccoli/kubacki.michal/SRF_H2AK119Ub_cross_V5/COMMON_DATA/genome/Homo_sapiens.GRCh38.dna.primary_assembly.fa : chr # 111  "KI270588.1" chrStart: 3116630016
/beegfs/scratch/ric.broccoli/kubacki.michal/SRF_H2AK119Ub_cross_V5/COMMON_DATA/genome/Homo_sapiens.GRCh38.dna.primary_assembly.fa : chr # 112  "KI270591.1" chrStart: 3116892160
/beegfs/scratch/ric.broccoli/kubacki.michal/SRF_H2AK119Ub_cross_V5/COMMON_DATA/genome/Homo_sapiens.GRCh38.dna.primary_assembly.fa : chr # 113  "KI270522.1" chrStart: 3117154304
/beegfs/scratch/ric.broccoli/kubacki.michal/SRF_H2AK119Ub_cross_V5/COMMON_DATA/genome/Homo_sapiens.GRCh38.dna.primary_assembly.fa : chr # 114  "KI270507.1" chrStart: 3117416448
/beegfs/scratch/ric.broccoli/kubacki.michal/SRF_H2AK119Ub_cross_V5/COMMON_DATA/genome/Homo_sapiens.GRCh38.dna.primary_assembly.fa : chr # 115  "KI270590.1" chrStart: 3117678592
/beegfs/scratch/ric.broccoli/kubacki.michal/SRF_H2AK119Ub_cross_V5/COMMON_DATA/genome/Homo_sapiens.GRCh38.dna.primary_assembly.fa : chr # 116  "KI270584.1" chrStart: 3117940736
/beegfs/scratch/ric.broccoli/kubacki.michal/SRF_H2AK119Ub_cross_V5/COMMON_DATA/genome/Homo_sapiens.GRCh38.dna.primary_assembly.fa : chr # 117  "KI270320.1" chrStart: 3118202880
/beegfs/scratch/ric.broccoli/kubacki.michal/SRF_H2AK119Ub_cross_V5/COMMON_DATA/genome/Homo_sapiens.GRCh38.dna.primary_assembly.fa : chr # 118  "KI270382.1" chrStart: 3118465024
/beegfs/scratch/ric.broccoli/kubacki.michal/SRF_H2AK119Ub_cross_V5/COMMON_DATA/genome/Homo_sapiens.GRCh38.dna.primary_assembly.fa : chr # 119  "KI270468.1" chrStart: 3118727168
/beegfs/scratch/ric.broccoli/kubacki.michal/SRF_H2AK119Ub_cross_V5/COMMON_DATA/genome/Homo_sapiens.GRCh38.dna.primary_assembly.fa : chr # 120  "KI270467.1" chrStart: 3118989312
/beegfs/scratch/ric.broccoli/kubacki.michal/SRF_H2AK119Ub_cross_V5/COMMON_DATA/genome/Homo_sapiens.GRCh38.dna.primary_assembly.fa : chr # 121  "KI270362.1" chrStart: 3119251456
/beegfs/scratch/ric.broccoli/kubacki.michal/SRF_H2AK119Ub_cross_V5/COMMON_DATA/genome/Homo_sapiens.GRCh38.dna.primary_assembly.fa : chr # 122  "KI270517.1" chrStart: 3119513600
/beegfs/scratch/ric.broccoli/kubacki.michal/SRF_H2AK119Ub_cross_V5/COMMON_DATA/genome/Homo_sapiens.GRCh38.dna.primary_assembly.fa : chr # 123  "KI270593.1" chrStart: 3119775744
/beegfs/scratch/ric.broccoli/kubacki.michal/SRF_H2AK119Ub_cross_V5/COMMON_DATA/genome/Homo_sapiens.GRCh38.dna.primary_assembly.fa : chr # 124  "KI270528.1" chrStart: 3120037888
/beegfs/scratch/ric.broccoli/kubacki.michal/SRF_H2AK119Ub_cross_V5/COMMON_DATA/genome/Homo_sapiens.GRCh38.dna.primary_assembly.fa : chr # 125  "KI270587.1" chrStart: 3120300032
/beegfs/scratch/ric.broccoli/kubacki.michal/SRF_H2AK119Ub_cross_V5/COMMON_DATA/genome/Homo_sapiens.GRCh38.dna.primary_assembly.fa : chr # 126  "KI270364.1" chrStart: 3120562176
/beegfs/scratch/ric.broccoli/kubacki.michal/SRF_H2AK119Ub_cross_V5/COMMON_DATA/genome/Homo_sapiens.GRCh38.dna.primary_assembly.fa : chr # 127  "KI270371.1" chrStart: 3120824320
/beegfs/scratch/ric.broccoli/kubacki.michal/SRF_H2AK119Ub_cross_V5/COMMON_DATA/genome/Homo_sapiens.GRCh38.dna.primary_assembly.fa : chr # 128  "KI270333.1" chrStart: 3121086464
/beegfs/scratch/ric.broccoli/kubacki.michal/SRF_H2AK119Ub_cross_V5/COMMON_DATA/genome/Homo_sapiens.GRCh38.dna.primary_assembly.fa : chr # 129  "KI270374.1" chrStart: 3121348608
/beegfs/scratch/ric.broccoli/kubacki.michal/SRF_H2AK119Ub_cross_V5/COMMON_DATA/genome/Homo_sapiens.GRCh38.dna.primary_assembly.fa : chr # 130  "KI270411.1" chrStart: 3121610752
/beegfs/scratch/ric.broccoli/kubacki.michal/SRF_H2AK119Ub_cross_V5/COMMON_DATA/genome/Homo_sapiens.GRCh38.dna.primary_assembly.fa : chr # 131  "KI270414.1" chrStart: 3121872896
/beegfs/scratch/ric.broccoli/kubacki.michal/SRF_H2AK119Ub_cross_V5/COMMON_DATA/genome/Homo_sapiens.GRCh38.dna.primary_assembly.fa : chr # 132  "KI270510.1" chrStart: 3122135040
/beegfs/scratch/ric.broccoli/kubacki.michal/SRF_H2AK119Ub_cross_V5/COMMON_DATA/genome/Homo_sapiens.GRCh38.dna.primary_assembly.fa : chr # 133  "KI270390.1" chrStart: 3122397184
/beegfs/scratch/ric.broccoli/kubacki.michal/SRF_H2AK119Ub_cross_V5/COMMON_DATA/genome/Homo_sapiens.GRCh38.dna.primary_assembly.fa : chr # 134  "KI270375.1" chrStart: 3122659328
/beegfs/scratch/ric.broccoli/kubacki.michal/SRF_H2AK119Ub_cross_V5/COMMON_DATA/genome/Homo_sapiens.GRCh38.dna.primary_assembly.fa : chr # 135  "KI270420.1" chrStart: 3122921472
/beegfs/scratch/ric.broccoli/kubacki.michal/SRF_H2AK119Ub_cross_V5/COMMON_DATA/genome/Homo_sapiens.GRCh38.dna.primary_assembly.fa : chr # 136  "KI270509.1" chrStart: 3123183616
/beegfs/scratch/ric.broccoli/kubacki.michal/SRF_H2AK119Ub_cross_V5/COMMON_DATA/genome/Homo_sapiens.GRCh38.dna.primary_assembly.fa : chr # 137  "KI270315.1" chrStart: 3123445760
/beegfs/scratch/ric.broccoli/kubacki.michal/SRF_H2AK119Ub_cross_V5/COMMON_DATA/genome/Homo_sapiens.GRCh38.dna.primary_assembly.fa : chr # 138  "KI270302.1" chrStart: 3123707904
/beegfs/scratch/ric.broccoli/kubacki.michal/SRF_H2AK119Ub_cross_V5/COMMON_DATA/genome/Homo_sapiens.GRCh38.dna.primary_assembly.fa : chr # 139  "KI270518.1" chrStart: 3123970048
/beegfs/scratch/ric.broccoli/kubacki.michal/SRF_H2AK119Ub_cross_V5/COMMON_DATA/genome/Homo_sapiens.GRCh38.dna.primary_assembly.fa : chr # 140  "KI270530.1" chrStart: 3124232192
/beegfs/scratch/ric.broccoli/kubacki.michal/SRF_H2AK119Ub_cross_V5/COMMON_DATA/genome/Homo_sapiens.GRCh38.dna.primary_assembly.fa : chr # 141  "KI270304.1" chrStart: 3124494336
/beegfs/scratch/ric.broccoli/kubacki.michal/SRF_H2AK119Ub_cross_V5/COMMON_DATA/genome/Homo_sapiens.GRCh38.dna.primary_assembly.fa : chr # 142  "KI270418.1" chrStart: 3124756480
/beegfs/scratch/ric.broccoli/kubacki.michal/SRF_H2AK119Ub_cross_V5/COMMON_DATA/genome/Homo_sapiens.GRCh38.dna.primary_assembly.fa : chr # 143  "KI270424.1" chrStart: 3125018624
/beegfs/scratch/ric.broccoli/kubacki.michal/SRF_H2AK119Ub_cross_V5/COMMON_DATA/genome/Homo_sapiens.GRCh38.dna.primary_assembly.fa : chr # 144  "KI270417.1" chrStart: 3125280768
/beegfs/scratch/ric.broccoli/kubacki.michal/SRF_H2AK119Ub_cross_V5/COMMON_DATA/genome/Homo_sapiens.GRCh38.dna.primary_assembly.fa : chr # 145  "KI270508.1" chrStart: 3125542912
/beegfs/scratch/ric.broccoli/kubacki.michal/SRF_H2AK119Ub_cross_V5/COMMON_DATA/genome/Homo_sapiens.GRCh38.dna.primary_assembly.fa : chr # 146  "KI270303.1" chrStart: 3125805056
/beegfs/scratch/ric.broccoli/kubacki.michal/SRF_H2AK119Ub_cross_V5/COMMON_DATA/genome/Homo_sapiens.GRCh38.dna.primary_assembly.fa : chr # 147  "KI270381.1" chrStart: 3126067200
/beegfs/scratch/ric.broccoli/kubacki.michal/SRF_H2AK119Ub_cross_V5/COMMON_DATA/genome/Homo_sapiens.GRCh38.dna.primary_assembly.fa : chr # 148  "KI270529.1" chrStart: 3126329344
/beegfs/scratch/ric.broccoli/kubacki.michal/SRF_H2AK119Ub_cross_V5/COMMON_DATA/genome/Homo_sapiens.GRCh38.dna.primary_assembly.fa : chr # 149  "KI270425.1" chrStart: 3126591488
/beegfs/scratch/ric.broccoli/kubacki.michal/SRF_H2AK119Ub_cross_V5/COMMON_DATA/genome/Homo_sapiens.GRCh38.dna.primary_assembly.fa : chr # 150  "KI270396.1" chrStart: 3126853632
/beegfs/scratch/ric.broccoli/kubacki.michal/SRF_H2AK119Ub_cross_V5/COMMON_DATA/genome/Homo_sapiens.GRCh38.dna.primary_assembly.fa : chr # 151  "KI270363.1" chrStart: 3127115776
/beegfs/scratch/ric.broccoli/kubacki.michal/SRF_H2AK119Ub_cross_V5/COMMON_DATA/genome/Homo_sapiens.GRCh38.dna.primary_assembly.fa : chr # 152  "KI270386.1" chrStart: 3127377920
/beegfs/scratch/ric.broccoli/kubacki.michal/SRF_H2AK119Ub_cross_V5/COMMON_DATA/genome/Homo_sapiens.GRCh38.dna.primary_assembly.fa : chr # 153  "KI270465.1" chrStart: 3127640064
/beegfs/scratch/ric.broccoli/kubacki.michal/SRF_H2AK119Ub_cross_V5/COMMON_DATA/genome/Homo_sapiens.GRCh38.dna.primary_assembly.fa : chr # 154  "KI270383.1" chrStart: 3127902208
/beegfs/scratch/ric.broccoli/kubacki.michal/SRF_H2AK119Ub_cross_V5/COMMON_DATA/genome/Homo_sapiens.GRCh38.dna.primary_assembly.fa : chr # 155  "KI270384.1" chrStart: 3128164352
/beegfs/scratch/ric.broccoli/kubacki.michal/SRF_H2AK119Ub_cross_V5/COMMON_DATA/genome/Homo_sapiens.GRCh38.dna.primary_assembly.fa : chr # 156  "KI270330.1" chrStart: 3128426496
/beegfs/scratch/ric.broccoli/kubacki.michal/SRF_H2AK119Ub_cross_V5/COMMON_DATA/genome/Homo_sapiens.GRCh38.dna.primary_assembly.fa : chr # 157  "KI270372.1" chrStart: 3128688640
/beegfs/scratch/ric.broccoli/kubacki.michal/SRF_H2AK119Ub_cross_V5/COMMON_DATA/genome/Homo_sapiens.GRCh38.dna.primary_assembly.fa : chr # 158  "KI270548.1" chrStart: 3128950784
/beegfs/scratch/ric.broccoli/kubacki.michal/SRF_H2AK119Ub_cross_V5/COMMON_DATA/genome/Homo_sapiens.GRCh38.dna.primary_assembly.fa : chr # 159  "KI270580.1" chrStart: 3129212928
/beegfs/scratch/ric.broccoli/kubacki.michal/SRF_H2AK119Ub_cross_V5/COMMON_DATA/genome/Homo_sapiens.GRCh38.dna.primary_assembly.fa : chr # 160  "KI270387.1" chrStart: 3129475072
/beegfs/scratch/ric.broccoli/kubacki.michal/SRF_H2AK119Ub_cross_V5/COMMON_DATA/genome/Homo_sapiens.GRCh38.dna.primary_assembly.fa : chr # 161  "KI270391.1" chrStart: 3129737216
/beegfs/scratch/ric.broccoli/kubacki.michal/SRF_H2AK119Ub_cross_V5/COMMON_DATA/genome/Homo_sapiens.GRCh38.dna.primary_assembly.fa : chr # 162  "KI270305.1" chrStart: 3129999360
/beegfs/scratch/ric.broccoli/kubacki.michal/SRF_H2AK119Ub_cross_V5/COMMON_DATA/genome/Homo_sapiens.GRCh38.dna.primary_assembly.fa : chr # 163  "KI270373.1" chrStart: 3130261504
/beegfs/scratch/ric.broccoli/kubacki.michal/SRF_H2AK119Ub_cross_V5/COMMON_DATA/genome/Homo_sapiens.GRCh38.dna.primary_assembly.fa : chr # 164  "KI270422.1" chrStart: 3130523648
/beegfs/scratch/ric.broccoli/kubacki.michal/SRF_H2AK119Ub_cross_V5/COMMON_DATA/genome/Homo_sapiens.GRCh38.dna.primary_assembly.fa : chr # 165  "KI270316.1" chrStart: 3130785792
/beegfs/scratch/ric.broccoli/kubacki.michal/SRF_H2AK119Ub_cross_V5/COMMON_DATA/genome/Homo_sapiens.GRCh38.dna.primary_assembly.fa : chr # 166  "KI270340.1" chrStart: 3131047936
/beegfs/scratch/ric.broccoli/kubacki.michal/SRF_H2AK119Ub_cross_V5/COMMON_DATA/genome/Homo_sapiens.GRCh38.dna.primary_assembly.fa : chr # 167  "KI270338.1" chrStart: 3131310080
/beegfs/scratch/ric.broccoli/kubacki.michal/SRF_H2AK119Ub_cross_V5/COMMON_DATA/genome/Homo_sapiens.GRCh38.dna.primary_assembly.fa : chr # 168  "KI270583.1" chrStart: 3131572224
/beegfs/scratch/ric.broccoli/kubacki.michal/SRF_H2AK119Ub_cross_V5/COMMON_DATA/genome/Homo_sapiens.GRCh38.dna.primary_assembly.fa : chr # 169  "KI270334.1" chrStart: 3131834368
/beegfs/scratch/ric.broccoli/kubacki.michal/SRF_H2AK119Ub_cross_V5/COMMON_DATA/genome/Homo_sapiens.GRCh38.dna.primary_assembly.fa : chr # 170  "KI270429.1" chrStart: 3132096512
/beegfs/scratch/ric.broccoli/kubacki.michal/SRF_H2AK119Ub_cross_V5/COMMON_DATA/genome/Homo_sapiens.GRCh38.dna.primary_assembly.fa : chr # 171  "KI270393.1" chrStart: 3132358656
/beegfs/scratch/ric.broccoli/kubacki.michal/SRF_H2AK119Ub_cross_V5/COMMON_DATA/genome/Homo_sapiens.GRCh38.dna.primary_assembly.fa : chr # 172  "KI270516.1" chrStart: 3132620800
/beegfs/scratch/ric.broccoli/kubacki.michal/SRF_H2AK119Ub_cross_V5/COMMON_DATA/genome/Homo_sapiens.GRCh38.dna.primary_assembly.fa : chr # 173  "KI270389.1" chrStart: 3132882944
/beegfs/scratch/ric.broccoli/kubacki.michal/SRF_H2AK119Ub_cross_V5/COMMON_DATA/genome/Homo_sapiens.GRCh38.dna.primary_assembly.fa : chr # 174  "KI270466.1" chrStart: 3133145088
/beegfs/scratch/ric.broccoli/kubacki.michal/SRF_H2AK119Ub_cross_V5/COMMON_DATA/genome/Homo_sapiens.GRCh38.dna.primary_assembly.fa : chr # 175  "KI270388.1" chrStart: 3133407232
/beegfs/scratch/ric.broccoli/kubacki.michal/SRF_H2AK119Ub_cross_V5/COMMON_DATA/genome/Homo_sapiens.GRCh38.dna.primary_assembly.fa : chr # 176  "KI270544.1" chrStart: 3133669376
/beegfs/scratch/ric.broccoli/kubacki.michal/SRF_H2AK119Ub_cross_V5/COMMON_DATA/genome/Homo_sapiens.GRCh38.dna.primary_assembly.fa : chr # 177  "KI270310.1" chrStart: 3133931520
/beegfs/scratch/ric.broccoli/kubacki.michal/SRF_H2AK119Ub_cross_V5/COMMON_DATA/genome/Homo_sapiens.GRCh38.dna.primary_assembly.fa : chr # 178  "KI270412.1" chrStart: 3134193664
/beegfs/scratch/ric.broccoli/kubacki.michal/SRF_H2AK119Ub_cross_V5/COMMON_DATA/genome/Homo_sapiens.GRCh38.dna.primary_assembly.fa : chr # 179  "KI270395.1" chrStart: 3134455808
/beegfs/scratch/ric.broccoli/kubacki.michal/SRF_H2AK119Ub_cross_V5/COMMON_DATA/genome/Homo_sapiens.GRCh38.dna.primary_assembly.fa : chr # 180  "KI270376.1" chrStart: 3134717952
/beegfs/scratch/ric.broccoli/kubacki.michal/SRF_H2AK119Ub_cross_V5/COMMON_DATA/genome/Homo_sapiens.GRCh38.dna.primary_assembly.fa : chr # 181  "KI270337.1" chrStart: 3134980096
/beegfs/scratch/ric.broccoli/kubacki.michal/SRF_H2AK119Ub_cross_V5/COMMON_DATA/genome/Homo_sapiens.GRCh38.dna.primary_assembly.fa : chr # 182  "KI270335.1" chrStart: 3135242240
/beegfs/scratch/ric.broccoli/kubacki.michal/SRF_H2AK119Ub_cross_V5/COMMON_DATA/genome/Homo_sapiens.GRCh38.dna.primary_assembly.fa : chr # 183  "KI270378.1" chrStart: 3135504384
/beegfs/scratch/ric.broccoli/kubacki.michal/SRF_H2AK119Ub_cross_V5/COMMON_DATA/genome/Homo_sapiens.GRCh38.dna.primary_assembly.fa : chr # 184  "KI270379.1" chrStart: 3135766528
/beegfs/scratch/ric.broccoli/kubacki.michal/SRF_H2AK119Ub_cross_V5/COMMON_DATA/genome/Homo_sapiens.GRCh38.dna.primary_assembly.fa : chr # 185  "KI270329.1" chrStart: 3136028672
/beegfs/scratch/ric.broccoli/kubacki.michal/SRF_H2AK119Ub_cross_V5/COMMON_DATA/genome/Homo_sapiens.GRCh38.dna.primary_assembly.fa : chr # 186  "KI270419.1" chrStart: 3136290816
/beegfs/scratch/ric.broccoli/kubacki.michal/SRF_H2AK119Ub_cross_V5/COMMON_DATA/genome/Homo_sapiens.GRCh38.dna.primary_assembly.fa : chr # 187  "KI270336.1" chrStart: 3136552960
/beegfs/scratch/ric.broccoli/kubacki.michal/SRF_H2AK119Ub_cross_V5/COMMON_DATA/genome/Homo_sapiens.GRCh38.dna.primary_assembly.fa : chr # 188  "KI270312.1" chrStart: 3136815104
/beegfs/scratch/ric.broccoli/kubacki.michal/SRF_H2AK119Ub_cross_V5/COMMON_DATA/genome/Homo_sapiens.GRCh38.dna.primary_assembly.fa : chr # 189  "KI270539.1" chrStart: 3137077248
/beegfs/scratch/ric.broccoli/kubacki.michal/SRF_H2AK119Ub_cross_V5/COMMON_DATA/genome/Homo_sapiens.GRCh38.dna.primary_assembly.fa : chr # 190  "KI270385.1" chrStart: 3137339392
/beegfs/scratch/ric.broccoli/kubacki.michal/SRF_H2AK119Ub_cross_V5/COMMON_DATA/genome/Homo_sapiens.GRCh38.dna.primary_assembly.fa : chr # 191  "KI270423.1" chrStart: 3137601536
/beegfs/scratch/ric.broccoli/kubacki.michal/SRF_H2AK119Ub_cross_V5/COMMON_DATA/genome/Homo_sapiens.GRCh38.dna.primary_assembly.fa : chr # 192  "KI270392.1" chrStart: 3137863680
/beegfs/scratch/ric.broccoli/kubacki.michal/SRF_H2AK119Ub_cross_V5/COMMON_DATA/genome/Homo_sapiens.GRCh38.dna.primary_assembly.fa : chr # 193  "KI270394.1" chrStart: 3138125824
Chromosome sequence lengths: 
1	248956422
10	133797422
11	135086622
12	133275309
13	114364328
14	107043718
15	101991189
16	90338345
17	83257441
18	80373285
19	58617616
2	242193529
20	64444167
21	46709983
22	50818468
3	198295559
4	190214555
5	181538259
6	170805979
7	159345973
8	145138636
9	138394717
MT	16569
X	156040895
Y	57227415
KI270728.1	1872759
KI270727.1	448248
KI270442.1	392061
KI270729.1	280839
GL000225.1	211173
KI270743.1	210658
GL000008.2	209709
GL000009.2	201709
KI270747.1	198735
KI270722.1	194050
GL000194.1	191469
KI270742.1	186739
GL000205.2	185591
GL000195.1	182896
KI270736.1	181920
KI270733.1	179772
GL000224.1	179693
GL000219.1	179198
KI270719.1	176845
GL000216.2	176608
KI270712.1	176043
KI270706.1	175055
KI270725.1	172810
KI270744.1	168472
KI270734.1	165050
GL000213.1	164239
GL000220.1	161802
KI270715.1	161471
GL000218.1	161147
KI270749.1	158759
KI270741.1	157432
GL000221.1	155397
KI270716.1	153799
KI270731.1	150754
KI270751.1	150742
KI270750.1	148850
KI270519.1	138126
GL000214.1	137718
KI270708.1	127682
KI270730.1	112551
KI270438.1	112505
KI270737.1	103838
KI270721.1	100316
KI270738.1	99375
KI270748.1	93321
KI270435.1	92983
GL000208.1	92689
KI270538.1	91309
KI270756.1	79590
KI270739.1	73985
KI270757.1	71251
KI270709.1	66860
KI270746.1	66486
KI270753.1	62944
KI270589.1	44474
KI270726.1	43739
KI270735.1	42811
KI270711.1	42210
KI270745.1	41891
KI270714.1	41717
KI270732.1	41543
KI270713.1	40745
KI270754.1	40191
KI270710.1	40176
KI270717.1	40062
KI270724.1	39555
KI270720.1	39050
KI270723.1	38115
KI270718.1	38054
KI270317.1	37690
KI270740.1	37240
KI270755.1	36723
KI270707.1	32032
KI270579.1	31033
KI270752.1	27745
KI270512.1	22689
KI270322.1	21476
GL000226.1	15008
KI270311.1	12399
KI270366.1	8320
KI270511.1	8127
KI270448.1	7992
KI270521.1	7642
KI270581.1	7046
KI270582.1	6504
KI270515.1	6361
KI270588.1	6158
KI270591.1	5796
KI270522.1	5674
KI270507.1	5353
KI270590.1	4685
KI270584.1	4513
KI270320.1	4416
KI270382.1	4215
KI270468.1	4055
KI270467.1	3920
KI270362.1	3530
KI270517.1	3253
KI270593.1	3041
KI270528.1	2983
KI270587.1	2969
KI270364.1	2855
KI270371.1	2805
KI270333.1	2699
KI270374.1	2656
KI270411.1	2646
KI270414.1	2489
KI270510.1	2415
KI270390.1	2387
KI270375.1	2378
KI270420.1	2321
KI270509.1	2318
KI270315.1	2276
KI270302.1	2274
KI270518.1	2186
KI270530.1	2168
KI270304.1	2165
KI270418.1	2145
KI270424.1	2140
KI270417.1	2043
KI270508.1	1951
KI270303.1	1942
KI270381.1	1930
KI270529.1	1899
KI270425.1	1884
KI270396.1	1880
KI270363.1	1803
KI270386.1	1788
KI270465.1	1774
KI270383.1	1750
KI270384.1	1658
KI270330.1	1652
KI270372.1	1650
KI270548.1	1599
KI270580.1	1553
KI270387.1	1537
KI270391.1	1484
KI270305.1	1472
KI270373.1	1451
KI270422.1	1445
KI270316.1	1444
KI270340.1	1428
KI270338.1	1428
KI270583.1	1400
KI270334.1	1368
KI270429.1	1361
KI270393.1	1308
KI270516.1	1300
KI270389.1	1298
KI270466.1	1233
KI270388.1	1216
KI270544.1	1202
KI270310.1	1201
KI270412.1	1179
KI270395.1	1143
KI270376.1	1136
KI270337.1	1121
KI270335.1	1048
KI270378.1	1048
KI270379.1	1045
KI270329.1	1040
KI270419.1	1029
KI270336.1	1026
KI270312.1	998
KI270539.1	993
KI270385.1	990
KI270423.1	981
KI270392.1	971
KI270394.1	970
Genome sequence total length = 3099750718
Genome size with padding = 3138387968
Feb 24 16:41:54 ..... processing annotations GTF
WARNING: while processing sjdbGTFfile=/beegfs/scratch/ric.broccoli/kubacki.michal/SRF_H2AK119Ub_cross_V5/COMMON_DATA/gencode.v43.basic.annotation.nochr.gtf: chromosome 'M' not found in Genome fasta files for line:
M	ENSEMBL	exon	577	647	.	+	.	gene_id "ENSG00000210049.1"; transcript_id "ENST00000387314.1"; gene_type "Mt_tRNA"; gene_name "MT-TF"; transcript_type "Mt_tRNA"; transcript_name "MT-TF-201"; exon_number 1; exon_id "ENSE00001544501.1"; level 3; transcript_support_level "NA"; hgnc_id "HGNC:7481"; tag "basic"; tag "Ensembl_canonical";
WARNING: while processing sjdbGTFfile=/beegfs/scratch/ric.broccoli/kubacki.michal/SRF_H2AK119Ub_cross_V5/COMMON_DATA/gencode.v43.basic.annotation.nochr.gtf: chromosome 'M' not found in Genome fasta files for line:
M	ENSEMBL	exon	648	1601	.	+	.	gene_id "ENSG00000211459.2"; transcript_id "ENST00000389680.2"; gene_type "Mt_rRNA"; gene_name "MT-RNR1"; transcript_type "Mt_rRNA"; transcript_name "MT-RNR1-201"; exon_number 1; exon_id "ENSE00001544499.2"; level 3; transcript_support_level "NA"; hgnc_id "HGNC:7470"; tag "basic"; tag "Ensembl_canonical";
WARNING: while processing sjdbGTFfile=/beegfs/scratch/ric.broccoli/kubacki.michal/SRF_H2AK119Ub_cross_V5/COMMON_DATA/gencode.v43.basic.annotation.nochr.gtf: chromosome 'M' not found in Genome fasta files for line:
M	ENSEMBL	exon	1602	1670	.	+	.	gene_id "ENSG00000210077.1"; transcript_id "ENST00000387342.1"; gene_type "Mt_tRNA"; gene_name "MT-TV"; transcript_type "Mt_tRNA"; transcript_name "MT-TV-201"; exon_number 1; exon_id "ENSE00001544498.1"; level 3; transcript_support_level "NA"; hgnc_id "HGNC:7500"; tag "basic"; tag "Ensembl_canonical";
WARNING: while processing sjdbGTFfile=/beegfs/scratch/ric.broccoli/kubacki.michal/SRF_H2AK119Ub_cross_V5/COMMON_DATA/gencode.v43.basic.annotation.nochr.gtf: chromosome 'M' not found in Genome fasta files for line:
M	ENSEMBL	exon	1671	3229	.	+	.	gene_id "ENSG00000210082.2"; transcript_id "ENST00000387347.2"; gene_type "Mt_rRNA"; gene_name "MT-RNR2"; transcript_type "Mt_rRNA"; transcript_name "MT-RNR2-201"; exon_number 1; exon_id "ENSE00001544497.2"; level 3; transcript_support_level "NA"; hgnc_id "HGNC:7471"; tag "basic"; tag "Ensembl_canonical";
WARNING: while processing sjdbGTFfile=/beegfs/scratch/ric.broccoli/kubacki.michal/SRF_H2AK119Ub_cross_V5/COMMON_DATA/gencode.v43.basic.annotation.nochr.gtf: chromosome 'M' not found in Genome fasta files for line:
M	ENSEMBL	exon	3230	3304	.	+	.	gene_id "ENSG00000209082.1"; transcript_id "ENST00000386347.1"; gene_type "Mt_tRNA"; gene_name "MT-TL1"; transcript_type "Mt_tRNA"; transcript_name "MT-TL1-201"; exon_number 1; exon_id "ENSE00002006242.1"; level 3; transcript_support_level "NA"; hgnc_id "HGNC:7490"; tag "basic"; tag "Ensembl_canonical";
WARNING: while processing sjdbGTFfile=/beegfs/scratch/ric.broccoli/kubacki.michal/SRF_H2AK119Ub_cross_V5/COMMON_DATA/gencode.v43.basic.annotation.nochr.gtf: chromosome 'M' not found in Genome fasta files for line:
M	ENSEMBL	exon	3307	4262	.	+	.	gene_id "ENSG00000198888.2"; transcript_id "ENST00000361390.2"; gene_type "protein_coding"; gene_name "MT-ND1"; transcript_type "protein_coding"; transcript_name "MT-ND1-201"; exon_number 1; exon_id "ENSE00001435714.2"; level 3; protein_id "ENSP00000354687.2"; transcript_support_level "NA"; hgnc_id "HGNC:7455"; tag "basic"; tag "Ensembl_canonical"; tag "appris_principal_1";
WARNING: while processing sjdbGTFfile=/beegfs/scratch/ric.broccoli/kubacki.michal/SRF_H2AK119Ub_cross_V5/COMMON_DATA/gencode.v43.basic.annotation.nochr.gtf: chromosome 'M' not found in Genome fasta files for line:
M	ENSEMBL	exon	4263	4331	.	+	.	gene_id "ENSG00000210100.1"; transcript_id "ENST00000387365.1"; gene_type "Mt_tRNA"; gene_name "MT-TI"; transcript_type "Mt_tRNA"; transcript_name "MT-TI-201"; exon_number 1; exon_id "ENSE00001993597.1"; level 3; transcript_support_level "NA"; hgnc_id "HGNC:7488"; tag "basic"; tag "Ensembl_canonical";
WARNING: while processing sjdbGTFfile=/beegfs/scratch/ric.broccoli/kubacki.michal/SRF_H2AK119Ub_cross_V5/COMMON_DATA/gencode.v43.basic.annotation.nochr.gtf: chromosome 'M' not found in Genome fasta files for line:
M	ENSEMBL	exon	4329	4400	.	-	.	gene_id "ENSG00000210107.1"; transcript_id "ENST00000387372.1"; gene_type "Mt_tRNA"; gene_name "MT-TQ"; transcript_type "Mt_tRNA"; transcript_name "MT-TQ-201"; exon_number 1; exon_id "ENSE00001544494.1"; level 3; transcript_support_level "NA"; hgnc_id "HGNC:7495"; tag "basic"; tag "Ensembl_canonical";
WARNING: while processing sjdbGTFfile=/beegfs/scratch/ric.broccoli/kubacki.michal/SRF_H2AK119Ub_cross_V5/COMMON_DATA/gencode.v43.basic.annotation.nochr.gtf: chromosome 'M' not found in Genome fasta files for line:
M	ENSEMBL	exon	4402	4469	.	+	.	gene_id "ENSG00000210112.1"; transcript_id "ENST00000387377.1"; gene_type "Mt_tRNA"; gene_name "MT-TM"; transcript_type "Mt_tRNA"; transcript_name "MT-TM-201"; exon_number 1; exon_id "ENSE00001544493.1"; level 3; transcript_support_level "NA"; hgnc_id "HGNC:7492"; tag "basic"; tag "Ensembl_canonical";
WARNING: while processing sjdbGTFfile=/beegfs/scratch/ric.broccoli/kubacki.michal/SRF_H2AK119Ub_cross_V5/COMMON_DATA/gencode.v43.basic.annotation.nochr.gtf: chromosome 'M' not found in Genome fasta files for line:
M	ENSEMBL	exon	4470	5511	.	+	.	gene_id "ENSG00000198763.3"; transcript_id "ENST00000361453.3"; gene_type "protein_coding"; gene_name "MT-ND2"; transcript_type "protein_coding"; transcript_name "MT-ND2-201"; exon_number 1; exon_id "ENSE00001435686.3"; level 3; protein_id "ENSP00000355046.4"; transcript_support_level "NA"; hgnc_id "HGNC:7456"; tag "basic"; tag "Ensembl_canonical"; tag "appris_principal_1";
WARNING: while processing sjdbGTFfile=/beegfs/scratch/ric.broccoli/kubacki.michal/SRF_H2AK119Ub_cross_V5/COMMON_DATA/gencode.v43.basic.annotation.nochr.gtf: chromosome 'M' not found in Genome fasta files for line:
M	ENSEMBL	exon	5512	5579	.	+	.	gene_id "ENSG00000210117.1"; transcript_id "ENST00000387382.1"; gene_type "Mt_tRNA"; gene_name "MT-TW"; transcript_type "Mt_tRNA"; transcript_name "MT-TW-201"; exon_number 1; exon_id "ENSE00001544492.1"; level 3; transcript_support_level "NA"; hgnc_id "HGNC:7501"; tag "basic"; tag "Ensembl_canonical";
WARNING: while processing sjdbGTFfile=/beegfs/scratch/ric.broccoli/kubacki.michal/SRF_H2AK119Ub_cross_V5/COMMON_DATA/gencode.v43.basic.annotation.nochr.gtf: chromosome 'M' not found in Genome fasta files for line:
M	ENSEMBL	exon	5587	5655	.	-	.	gene_id "ENSG00000210127.1"; transcript_id "ENST00000387392.1"; gene_type "Mt_tRNA"; gene_name "MT-TA"; transcript_type "Mt_tRNA"; transcript_name "MT-TA-201"; exon_number 1; exon_id "ENSE00001544491.1"; level 3; transcript_support_level "NA"; hgnc_id "HGNC:7475"; tag "basic"; tag "Ensembl_canonical";
WARNING: while processing sjdbGTFfile=/beegfs/scratch/ric.broccoli/kubacki.michal/SRF_H2AK119Ub_cross_V5/COMMON_DATA/gencode.v43.basic.annotation.nochr.gtf: chromosome 'M' not found in Genome fasta files for line:
M	ENSEMBL	exon	5657	5729	.	-	.	gene_id "ENSG00000210135.1"; transcript_id "ENST00000387400.1"; gene_type "Mt_tRNA"; gene_name "MT-TN"; transcript_type "Mt_tRNA"; transcript_name "MT-TN-201"; exon_number 1; exon_id "ENSE00001544490.1"; level 3; transcript_support_level "NA"; hgnc_id "HGNC:7493"; tag "basic"; tag "Ensembl_canonical";
WARNING: while processing sjdbGTFfile=/beegfs/scratch/ric.broccoli/kubacki.michal/SRF_H2AK119Ub_cross_V5/COMMON_DATA/gencode.v43.basic.annotation.nochr.gtf: chromosome 'M' not found in Genome fasta files for line:
M	ENSEMBL	exon	5761	5826	.	-	.	gene_id "ENSG00000210140.1"; transcript_id "ENST00000387405.1"; gene_type "Mt_tRNA"; gene_name "MT-TC"; transcript_type "Mt_tRNA"; transcript_name "MT-TC-201"; exon_number 1; exon_id "ENSE00001544489.1"; level 3; transcript_support_level "NA"; hgnc_id "HGNC:7477"; tag "basic"; tag "Ensembl_canonical";
WARNING: while processing sjdbGTFfile=/beegfs/scratch/ric.broccoli/kubacki.michal/SRF_H2AK119Ub_cross_V5/COMMON_DATA/gencode.v43.basic.annotation.nochr.gtf: chromosome 'M' not found in Genome fasta files for line:
M	ENSEMBL	exon	5826	5891	.	-	.	gene_id "ENSG00000210144.1"; transcript_id "ENST00000387409.1"; gene_type "Mt_tRNA"; gene_name "MT-TY"; transcript_type "Mt_tRNA"; transcript_name "MT-TY-201"; exon_number 1; exon_id "ENSE00001544488.1"; level 3; transcript_support_level "NA"; hgnc_id "HGNC:7502"; tag "basic"; tag "Ensembl_canonical";
WARNING: while processing sjdbGTFfile=/beegfs/scratch/ric.broccoli/kubacki.michal/SRF_H2AK119Ub_cross_V5/COMMON_DATA/gencode.v43.basic.annotation.nochr.gtf: chromosome 'M' not found in Genome fasta files for line:
M	ENSEMBL	exon	5904	7445	.	+	.	gene_id "ENSG00000198804.2"; transcript_id "ENST00000361624.2"; gene_type "protein_coding"; gene_name "MT-CO1"; transcript_type "protein_coding"; transcript_name "MT-CO1-201"; exon_number 1; exon_id "ENSE00001435647.2"; level 3; protein_id "ENSP00000354499.2"; transcript_support_level "NA"; hgnc_id "HGNC:7419"; tag "basic"; tag "Ensembl_canonical"; tag "appris_principal_1";
WARNING: while processing sjdbGTFfile=/beegfs/scratch/ric.broccoli/kubacki.michal/SRF_H2AK119Ub_cross_V5/COMMON_DATA/gencode.v43.basic.annotation.nochr.gtf: chromosome 'M' not found in Genome fasta files for line:
M	ENSEMBL	exon	7446	7514	.	-	.	gene_id "ENSG00000210151.2"; transcript_id "ENST00000387416.2"; gene_type "Mt_tRNA"; gene_name "MT-TS1"; transcript_type "Mt_tRNA"; transcript_name "MT-TS1-201"; exon_number 1; exon_id "ENSE00001544487.2"; level 3; transcript_support_level "NA"; hgnc_id "HGNC:7497"; tag "basic"; tag "Ensembl_canonical";
WARNING: while processing sjdbGTFfile=/beegfs/scratch/ric.broccoli/kubacki.michal/SRF_H2AK119Ub_cross_V5/COMMON_DATA/gencode.v43.basic.annotation.nochr.gtf: chromosome 'M' not found in Genome fasta files for line:
M	ENSEMBL	exon	7518	7585	.	+	.	gene_id "ENSG00000210154.1"; transcript_id "ENST00000387419.1"; gene_type "Mt_tRNA"; gene_name "MT-TD"; transcript_type "Mt_tRNA"; transcript_name "MT-TD-201"; exon_number 1; exon_id "ENSE00001544486.1"; level 3; transcript_support_level "NA"; hgnc_id "HGNC:7478"; tag "basic"; tag "Ensembl_canonical";
WARNING: while processing sjdbGTFfile=/beegfs/scratch/ric.broccoli/kubacki.michal/SRF_H2AK119Ub_cross_V5/COMMON_DATA/gencode.v43.basic.annotation.nochr.gtf: chromosome 'M' not found in Genome fasta files for line:
M	ENSEMBL	exon	7586	8269	.	+	.	gene_id "ENSG00000198712.1"; transcript_id "ENST00000361739.1"; gene_type "protein_coding"; gene_name "MT-CO2"; transcript_type "protein_coding"; transcript_name "MT-CO2-201"; exon_number 1; exon_id "ENSE00001435613.1"; level 3; protein_id "ENSP00000354876.1"; transcript_support_level "NA"; hgnc_id "HGNC:7421"; tag "basic"; tag "Ensembl_canonical"; tag "appris_principal_1";
WARNING: while processing sjdbGTFfile=/beegfs/scratch/ric.broccoli/kubacki.michal/SRF_H2AK119Ub_cross_V5/COMMON_DATA/gencode.v43.basic.annotation.nochr.gtf: chromosome 'M' not found in Genome fasta files for line:
M	ENSEMBL	exon	8295	8364	.	+	.	gene_id "ENSG00000210156.1"; transcript_id "ENST00000387421.1"; gene_type "Mt_tRNA"; gene_name "MT-TK"; transcript_type "Mt_tRNA"; transcript_name "MT-TK-201"; exon_number 1; exon_id "ENSE00001544484.1"; level 3; transcript_support_level "NA"; hgnc_id "HGNC:7489"; tag "basic"; tag "Ensembl_canonical";
WARNING: while processing sjdbGTFfile=/beegfs/scratch/ric.broccoli/kubacki.michal/SRF_H2AK119Ub_cross_V5/COMMON_DATA/gencode.v43.basic.annotation.nochr.gtf: chromosome 'M' not found in Genome fasta files for line:
M	ENSEMBL	exon	8366	8572	.	+	.	gene_id "ENSG00000228253.1"; transcript_id "ENST00000361851.1"; gene_type "protein_coding"; gene_name "MT-ATP8"; transcript_type "protein_coding"; transcript_name "MT-ATP8-201"; exon_number 1; exon_id "ENSE00001435286.1"; level 3; protein_id "ENSP00000355265.1"; transcript_support_level "NA"; hgnc_id "HGNC:7415"; tag "basic"; tag "Ensembl_canonical"; tag "appris_principal_1";
WARNING: while processing sjdbGTFfile=/beegfs/scratch/ric.broccoli/kubacki.michal/SRF_H2AK119Ub_cross_V5/COMMON_DATA/gencode.v43.basic.annotation.nochr.gtf: chromosome 'M' not found in Genome fasta files for line:
M	ENSEMBL	exon	8527	9207	.	+	.	gene_id "ENSG00000198899.2"; transcript_id "ENST00000361899.2"; gene_type "protein_coding"; gene_name "MT-ATP6"; transcript_type "protein_coding"; transcript_name "MT-ATP6-201"; exon_number 1; exon_id "ENSE00001727012.2"; level 3; protein_id "ENSP00000354632.2"; transcript_support_level "NA"; hgnc_id "HGNC:7414"; tag "basic"; tag "Ensembl_canonical"; tag "appris_principal_1";
WARNING: while processing sjdbGTFfile=/beegfs/scratch/ric.broccoli/kubacki.michal/SRF_H2AK119Ub_cross_V5/COMMON_DATA/gencode.v43.basic.annotation.nochr.gtf: chromosome 'M' not found in Genome fasta files for line:
M	ENSEMBL	exon	9207	9990	.	+	.	gene_id "ENSG00000198938.2"; transcript_id "ENST00000362079.2"; gene_type "protein_coding"; gene_name "MT-CO3"; transcript_type "protein_coding"; transcript_name "MT-CO3-201"; exon_number 1; exon_id "ENSE00001608952.2"; level 3; protein_id "ENSP00000354982.2"; transcript_support_level "NA"; hgnc_id "HGNC:7422"; tag "basic"; tag "Ensembl_canonical"; tag "appris_principal_1";
WARNING: while processing sjdbGTFfile=/beegfs/scratch/ric.broccoli/kubacki.michal/SRF_H2AK119Ub_cross_V5/COMMON_DATA/gencode.v43.basic.annotation.nochr.gtf: chromosome 'M' not found in Genome fasta files for line:
M	ENSEMBL	exon	9991	10058	.	+	.	gene_id "ENSG00000210164.1"; transcript_id "ENST00000387429.1"; gene_type "Mt_tRNA"; gene_name "MT-TG"; transcript_type "Mt_tRNA"; transcript_name "MT-TG-201"; exon_number 1; exon_id "ENSE00001544483.1"; level 3; transcript_support_level "NA"; hgnc_id "HGNC:7486"; tag "basic"; tag "Ensembl_canonical";
WARNING: while processing sjdbGTFfile=/beegfs/scratch/ric.broccoli/kubacki.michal/SRF_H2AK119Ub_cross_V5/COMMON_DATA/gencode.v43.basic.annotation.nochr.gtf: chromosome 'M' not found in Genome fasta files for line:
M	ENSEMBL	exon	10059	10404	.	+	.	gene_id "ENSG00000198840.2"; transcript_id "ENST00000361227.2"; gene_type "protein_coding"; gene_name "MT-ND3"; transcript_type "protein_coding"; transcript_name "MT-ND3-201"; exon_number 1; exon_id "ENSE00001435444.2"; level 3; protein_id "ENSP00000355206.2"; transcript_support_level "NA"; hgnc_id "HGNC:7458"; tag "basic"; tag "Ensembl_canonical"; tag "appris_principal_1";
WARNING: while processing sjdbGTFfile=/beegfs/scratch/ric.broccoli/kubacki.michal/SRF_H2AK119Ub_cross_V5/COMMON_DATA/gencode.v43.basic.annotation.nochr.gtf: chromosome 'M' not found in Genome fasta files for line:
M	ENSEMBL	exon	10405	10469	.	+	.	gene_id "ENSG00000210174.1"; transcript_id "ENST00000387439.1"; gene_type "Mt_tRNA"; gene_name "MT-TR"; transcript_type "Mt_tRNA"; transcript_name "MT-TR-201"; exon_number 1; exon_id "ENSE00001544482.1"; level 3; transcript_support_level "NA"; hgnc_id "HGNC:7496"; tag "basic"; tag "Ensembl_canonical";
WARNING: while processing sjdbGTFfile=/beegfs/scratch/ric.broccoli/kubacki.michal/SRF_H2AK119Ub_cross_V5/COMMON_DATA/gencode.v43.basic.annotation.nochr.gtf: chromosome 'M' not found in Genome fasta files for line:
M	ENSEMBL	exon	10470	10766	.	+	.	gene_id "ENSG00000212907.2"; transcript_id "ENST00000361335.1"; gene_type "protein_coding"; gene_name "MT-ND4L"; transcript_type "protein_coding"; transcript_name "MT-ND4L-201"; exon_number 1; exon_id "ENSE00001596097.1"; level 3; protein_id "ENSP00000354728.1"; transcript_support_level "NA"; hgnc_id "HGNC:7460"; tag "basic"; tag "Ensembl_canonical"; tag "appris_principal_1";
WARNING: while processing sjdbGTFfile=/beegfs/scratch/ric.broccoli/kubacki.michal/SRF_H2AK119Ub_cross_V5/COMMON_DATA/gencode.v43.basic.annotation.nochr.gtf: chromosome 'M' not found in Genome fasta files for line:
M	ENSEMBL	exon	10760	12137	.	+	.	gene_id "ENSG00000198886.2"; transcript_id "ENST00000361381.2"; gene_type "protein_coding"; gene_name "MT-ND4"; transcript_type "protein_coding"; transcript_name "MT-ND4-201"; exon_number 1; exon_id "ENSE00001666004.2"; level 3; protein_id "ENSP00000354961.2"; transcript_support_level "NA"; hgnc_id "HGNC:7459"; tag "basic"; tag "Ensembl_canonical"; tag "appris_principal_1";
WARNING: while processing sjdbGTFfile=/beegfs/scratch/ric.broccoli/kubacki.michal/SRF_H2AK119Ub_cross_V5/COMMON_DATA/gencode.v43.basic.annotation.nochr.gtf: chromosome 'M' not found in Genome fasta files for line:
M	ENSEMBL	exon	12138	12206	.	+	.	gene_id "ENSG00000210176.1"; transcript_id "ENST00000387441.1"; gene_type "Mt_tRNA"; gene_name "MT-TH"; transcript_type "Mt_tRNA"; transcript_name "MT-TH-201"; exon_number 1; exon_id "ENSE00001544480.1"; level 3; transcript_support_level "NA"; hgnc_id "HGNC:7487"; tag "basic"; tag "Ensembl_canonical";
WARNING: while processing sjdbGTFfile=/beegfs/scratch/ric.broccoli/kubacki.michal/SRF_H2AK119Ub_cross_V5/COMMON_DATA/gencode.v43.basic.annotation.nochr.gtf: chromosome 'M' not found in Genome fasta files for line:
M	ENSEMBL	exon	12207	12265	.	+	.	gene_id "ENSG00000210184.1"; transcript_id "ENST00000387449.1"; gene_type "Mt_tRNA"; gene_name "MT-TS2"; transcript_type "Mt_tRNA"; transcript_name "MT-TS2-201"; exon_number 1; exon_id "ENSE00001544479.1"; level 3; transcript_support_level "NA"; hgnc_id "HGNC:7498"; tag "basic"; tag "Ensembl_canonical";
WARNING: while processing sjdbGTFfile=/beegfs/scratch/ric.broccoli/kubacki.michal/SRF_H2AK119Ub_cross_V5/COMMON_DATA/gencode.v43.basic.annotation.nochr.gtf: chromosome 'M' not found in Genome fasta files for line:
M	ENSEMBL	exon	12266	12336	.	+	.	gene_id "ENSG00000210191.1"; transcript_id "ENST00000387456.1"; gene_type "Mt_tRNA"; gene_name "MT-TL2"; transcript_type "Mt_tRNA"; transcript_name "MT-TL2-201"; exon_number 1; exon_id "ENSE00001544478.1"; level 3; transcript_support_level "NA"; hgnc_id "HGNC:7491"; tag "basic"; tag "Ensembl_canonical";
WARNING: while processing sjdbGTFfile=/beegfs/scratch/ric.broccoli/kubacki.michal/SRF_H2AK119Ub_cross_V5/COMMON_DATA/gencode.v43.basic.annotation.nochr.gtf: chromosome 'M' not found in Genome fasta files for line:
M	ENSEMBL	exon	12337	14148	.	+	.	gene_id "ENSG00000198786.2"; transcript_id "ENST00000361567.2"; gene_type "protein_coding"; gene_name "MT-ND5"; transcript_type "protein_coding"; transcript_name "MT-ND5-201"; exon_number 1; exon_id "ENSE00001435330.2"; level 3; protein_id "ENSP00000354813.2"; transcript_support_level "NA"; hgnc_id "HGNC:7461"; tag "basic"; tag "Ensembl_canonical"; tag "appris_principal_1";
WARNING: while processing sjdbGTFfile=/beegfs/scratch/ric.broccoli/kubacki.michal/SRF_H2AK119Ub_cross_V5/COMMON_DATA/gencode.v43.basic.annotation.nochr.gtf: chromosome 'M' not found in Genome fasta files for line:
M	ENSEMBL	exon	14149	14673	.	-	.	gene_id "ENSG00000198695.2"; transcript_id "ENST00000361681.2"; gene_type "protein_coding"; gene_name "MT-ND6"; transcript_type "protein_coding"; transcript_name "MT-ND6-201"; exon_number 1; exon_id "ENSE00001434974.2"; level 3; protein_id "ENSP00000354665.2"; transcript_support_level "NA"; hgnc_id "HGNC:7462"; tag "basic"; tag "Ensembl_canonical"; tag "appris_principal_1";
WARNING: while processing sjdbGTFfile=/beegfs/scratch/ric.broccoli/kubacki.michal/SRF_H2AK119Ub_cross_V5/COMMON_DATA/gencode.v43.basic.annotation.nochr.gtf: chromosome 'M' not found in Genome fasta files for line:
M	ENSEMBL	exon	14674	14742	.	-	.	gene_id "ENSG00000210194.1"; transcript_id "ENST00000387459.1"; gene_type "Mt_tRNA"; gene_name "MT-TE"; transcript_type "Mt_tRNA"; transcript_name "MT-TE-201"; exon_number 1; exon_id "ENSE00001544476.1"; level 3; transcript_support_level "NA"; hgnc_id "HGNC:7479"; tag "basic"; tag "Ensembl_canonical";
WARNING: while processing sjdbGTFfile=/beegfs/scratch/ric.broccoli/kubacki.michal/SRF_H2AK119Ub_cross_V5/COMMON_DATA/gencode.v43.basic.annotation.nochr.gtf: chromosome 'M' not found in Genome fasta files for line:
M	ENSEMBL	exon	14747	15887	.	+	.	gene_id "ENSG00000198727.2"; transcript_id "ENST00000361789.2"; gene_type "protein_coding"; gene_name "MT-CYB"; transcript_type "protein_coding"; transcript_name "MT-CYB-201"; exon_number 1; exon_id "ENSE00001436074.2"; level 3; protein_id "ENSP00000354554.2"; transcript_support_level "NA"; hgnc_id "HGNC:7427"; tag "basic"; tag "Ensembl_canonical"; tag "appris_principal_1";
WARNING: while processing sjdbGTFfile=/beegfs/scratch/ric.broccoli/kubacki.michal/SRF_H2AK119Ub_cross_V5/COMMON_DATA/gencode.v43.basic.annotation.nochr.gtf: chromosome 'M' not found in Genome fasta files for line:
M	ENSEMBL	exon	15888	15953	.	+	.	gene_id "ENSG00000210195.2"; transcript_id "ENST00000387460.2"; gene_type "Mt_tRNA"; gene_name "MT-TT"; transcript_type "Mt_tRNA"; transcript_name "MT-TT-201"; exon_number 1; exon_id "ENSE00001544475.2"; level 3; transcript_support_level "NA"; hgnc_id "HGNC:7499"; tag "basic"; tag "Ensembl_canonical";
WARNING: while processing sjdbGTFfile=/beegfs/scratch/ric.broccoli/kubacki.michal/SRF_H2AK119Ub_cross_V5/COMMON_DATA/gencode.v43.basic.annotation.nochr.gtf: chromosome 'M' not found in Genome fasta files for line:
M	ENSEMBL	exon	15956	16023	.	-	.	gene_id "ENSG00000210196.2"; transcript_id "ENST00000387461.2"; gene_type "Mt_tRNA"; gene_name "MT-TP"; transcript_type "Mt_tRNA"; transcript_name "MT-TP-201"; exon_number 1; exon_id "ENSE00001544473.2"; level 3; transcript_support_level "NA"; hgnc_id "HGNC:7494"; tag "basic"; tag "Ensembl_canonical";
Processing pGe.sjdbGTFfile=/beegfs/scratch/ric.broccoli/kubacki.michal/SRF_H2AK119Ub_cross_V5/COMMON_DATA/gencode.v43.basic.annotation.nochr.gtf, found:
		117688 transcripts
		853499 exons (non-collapsed)
		298720 collapsed junctions
Total junctions: 298720
Feb 24 16:42:03 ..... finished GTF processing

Estimated genome size with padding and SJs: total=genome+SJ=3339387968 = 3138387968 + 201000000
GstrandBit=32
Number of SA indices: 5891698134
Feb 24 16:42:16 ... starting to sort Suffix Array. This may take a long time...
Number of chunks: 7;   chunks size limit: 7416967152 bytes
Feb 24 16:42:30 ... sorting Suffix Array chunks and saving them to disk...
Writing 7255731480 bytes into /beegfs/scratch/ric.broccoli/kubacki.michal/SRF_H2AK119Ub_cross_V5/COMMON_DATA/genome_star//SA_1 ; empty space on disk = 210780275867648 bytes ... done
Writing 7381683288 bytes into /beegfs/scratch/ric.broccoli/kubacki.michal/SRF_H2AK119Ub_cross_V5/COMMON_DATA/genome_star//SA_0 ; empty space on disk = 210916024516608 bytes ... done
Writing 7269409000 bytes into /beegfs/scratch/ric.broccoli/kubacki.michal/SRF_H2AK119Ub_cross_V5/COMMON_DATA/genome_star//SA_2 ; empty space on disk = 210560843513856 bytes ... done
Writing 7389829552 bytes into /beegfs/scratch/ric.broccoli/kubacki.michal/SRF_H2AK119Ub_cross_V5/COMMON_DATA/genome_star//SA_3 ; empty space on disk = 210369954447360 bytes ... done
Writing 7416202544 bytes into /beegfs/scratch/ric.broccoli/kubacki.michal/SRF_H2AK119Ub_cross_V5/COMMON_DATA/genome_star//SA_4 ; empty space on disk = 209524562591744 bytes ... done
Writing 7331792712 bytes into /beegfs/scratch/ric.broccoli/kubacki.michal/SRF_H2AK119Ub_cross_V5/COMMON_DATA/genome_star//SA_5 ; empty space on disk = 209502037606400 bytes ... done
Writing 3088936496 bytes into /beegfs/scratch/ric.broccoli/kubacki.michal/SRF_H2AK119Ub_cross_V5/COMMON_DATA/genome_star//SA_6 ; empty space on disk = 209514655645696 bytes ... done
Feb 24 19:11:37 ... loading chunks from disk, packing SA...
Feb 24 19:12:47 ... finished generating suffix array
Feb 24 19:12:47 ... generating Suffix Array index
Feb 24 19:15:44 ... completed Suffix Array index
Feb 24 19:15:45   Finished preparing junctions
Feb 24 19:15:45 ..... inserting junctions into the genome indices
Feb 24 19:19:49   Finished SA search: number of new junctions=298692, old junctions=0
Feb 24 19:20:33   Finished sorting SA indicesL nInd=119390000
Genome size with junctions=3198425060  3138387968   60037092
GstrandBit1=32   GstrandBit=32
Feb 24 19:21:47   Finished inserting junction indices
Feb 24 19:22:06   Finished SAi
Feb 24 19:22:07 ..... finished inserting junctions into genome
Feb 24 19:22:07 ... writing Genome to disk ...
Writing 3198425060 bytes into /beegfs/scratch/ric.broccoli/kubacki.michal/SRF_H2AK119Ub_cross_V5/COMMON_DATA/genome_star//Genome ; empty space on disk = 209490051858432 bytes ... done
SA size in bytes: 24795738556
Feb 24 19:22:08 ... writing Suffix Array to disk ...
Writing 24795738556 bytes into /beegfs/scratch/ric.broccoli/kubacki.michal/SRF_H2AK119Ub_cross_V5/COMMON_DATA/genome_star//SA ; empty space on disk = 209490051858432 bytes ... done
Feb 24 19:22:13 ... writing SAindex to disk
Writing 8 bytes into /beegfs/scratch/ric.broccoli/kubacki.michal/SRF_H2AK119Ub_cross_V5/COMMON_DATA/genome_star//SAindex ; empty space on disk = 209490051858432 bytes ... done
Writing 120 bytes into /beegfs/scratch/ric.broccoli/kubacki.michal/SRF_H2AK119Ub_cross_V5/COMMON_DATA/genome_star//SAindex ; empty space on disk = 209490051858432 bytes ... done
Writing 1565873491 bytes into /beegfs/scratch/ric.broccoli/kubacki.michal/SRF_H2AK119Ub_cross_V5/COMMON_DATA/genome_star//SAindex ; empty space on disk = 209490051858432 bytes ... done
Feb 24 19:22:14 ..... finished successfully
DONE: Genome generation, EXITING
