INFO	2025-02-04 18:00:59	MarkDuplicates	

********** NOTE: Picard's command line syntax is changing.
**********
********** For more information, please see:
********** 
https://github.com/broadinstitute/picard/wiki/Command-Line-Syntax-Transition-For-Users-(Pre-Transition)
**********
********** The command line looks like this in the new syntax:
**********
**********    MarkDuplicates -I results/alignment/InputSES-V5ChIP-Seq_S2.sorted.bam -O results/alignment/InputSES-V5ChIP-Seq_S2.dedup.bam -M results/alignment/InputSES-V5ChIP-Seq_S2.dedup.metrics.txt -REMOVE_DUPLICATES true -VALIDATION_STRINGENCY LENIENT
**********


18:00:59.992 INFO  NativeLibraryLoader - Loading libgkl_compression.so from jar:file:/beegfs/scratch/ric.broccoli/kubacki.michal/conda_envs/snakemake/share/picard-3.3.0-0/picard.jar!/com/intel/gkl/native/libgkl_compression.so
[Tue Feb 04 18:01:00 CET 2025] MarkDuplicates INPUT=[results/alignment/InputSES-V5ChIP-Seq_S2.sorted.bam] OUTPUT=results/alignment/InputSES-V5ChIP-Seq_S2.dedup.bam METRICS_FILE=results/alignment/InputSES-V5ChIP-Seq_S2.dedup.metrics.txt REMOVE_DUPLICATES=true VALIDATION_STRINGENCY=LENIENT    MAX_SEQUENCES_FOR_DISK_READ_ENDS_MAP=50000 MAX_FILE_HANDLES_FOR_READ_ENDS_MAP=8000 SORTING_COLLECTION_SIZE_RATIO=0.25 TAG_DUPLICATE_SET_MEMBERS=false REMOVE_SEQUENCING_DUPLICATES=false TAGGING_POLICY=DontTag CLEAR_DT=true DUPLEX_UMI=false FLOW_MODE=false FLOW_DUP_STRATEGY=FLOW_QUALITY_SUM_STRATEGY FLOW_USE_END_IN_UNPAIRED_READS=false FLOW_USE_UNPAIRED_CLIPPED_END=false FLOW_UNPAIRED_END_UNCERTAINTY=0 FLOW_UNPAIRED_START_UNCERTAINTY=0 FLOW_SKIP_FIRST_N_FLOWS=0 FLOW_Q_IS_KNOWN_END=false FLOW_EFFECTIVE_QUALITY_THRESHOLD=15 ADD_PG_TAG_TO_READS=true ASSUME_SORTED=false DUPLICATE_SCORING_STRATEGY=SUM_OF_BASE_QUALITIES PROGRAM_RECORD_ID=MarkDuplicates PROGRAM_GROUP_NAME=MarkDuplicates READ_NAME_REGEX=<optimized capture of last three ':' separated fields as numeric values> OPTICAL_DUPLICATE_PIXEL_DISTANCE=100 MAX_OPTICAL_DUPLICATE_SET_SIZE=300000 VERBOSITY=INFO QUIET=false COMPRESSION_LEVEL=5 MAX_RECORDS_IN_RAM=500000 CREATE_INDEX=false CREATE_MD5_FILE=false USE_JDK_DEFLATER=false USE_JDK_INFLATER=false
[Tue Feb 04 18:01:00 CET 2025] Executing as kubacki.michal@srcn17 on Linux 4.18.0-553.el8_10.x86_64 amd64; OpenJDK 64-Bit Server VM 23.0.1-internal-adhoc.conda.src; Deflater: Intel; Inflater: Intel; Provider GCS is available; Picard version: 3.3.0
INFO	2025-02-04 18:01:00	MarkDuplicates	Start of doWork freeMemory: 526862168; totalMemory: 536870912; maxMemory: 2147483648
INFO	2025-02-04 18:01:00	MarkDuplicates	Reading input file and constructing read end information.
INFO	2025-02-04 18:01:00	MarkDuplicates	Will retain up to 7780737 data points before spilling to disk.
INFO	2025-02-04 18:01:05	MarkDuplicates	Read     1,000,000 records.  Elapsed time: 00:00:04s.  Time for last 1,000,000:    4s.  Last read position: 1:63,183,347
INFO	2025-02-04 18:01:05	MarkDuplicates	Tracking 23736 as yet unmatched pairs. 1675 records in RAM.
INFO	2025-02-04 18:01:08	MarkDuplicates	Read     2,000,000 records.  Elapsed time: 00:00:07s.  Time for last 1,000,000:    3s.  Last read position: 1:118,807,435
INFO	2025-02-04 18:01:08	MarkDuplicates	Tracking 45475 as yet unmatched pairs. 2237 records in RAM.
INFO	2025-02-04 18:01:11	MarkDuplicates	Read     3,000,000 records.  Elapsed time: 00:00:10s.  Time for last 1,000,000:    2s.  Last read position: 1:178,093,160
INFO	2025-02-04 18:01:11	MarkDuplicates	Tracking 67799 as yet unmatched pairs. 1894 records in RAM.
INFO	2025-02-04 18:01:14	MarkDuplicates	Read     4,000,000 records.  Elapsed time: 00:00:13s.  Time for last 1,000,000:    2s.  Last read position: 1:238,472,231
INFO	2025-02-04 18:01:14	MarkDuplicates	Tracking 87613 as yet unmatched pairs. 336 records in RAM.
INFO	2025-02-04 18:01:17	MarkDuplicates	Read     5,000,000 records.  Elapsed time: 00:00:16s.  Time for last 1,000,000:    2s.  Last read position: 10:64,401,710
INFO	2025-02-04 18:01:17	MarkDuplicates	Tracking 106843 as yet unmatched pairs. 2660 records in RAM.
INFO	2025-02-04 18:01:20	MarkDuplicates	Read     6,000,000 records.  Elapsed time: 00:00:19s.  Time for last 1,000,000:    3s.  Last read position: 10:126,049,061
INFO	2025-02-04 18:01:20	MarkDuplicates	Tracking 125175 as yet unmatched pairs. 301 records in RAM.
INFO	2025-02-04 18:01:23	MarkDuplicates	Read     7,000,000 records.  Elapsed time: 00:00:22s.  Time for last 1,000,000:    3s.  Last read position: 11:65,292,566
INFO	2025-02-04 18:01:23	MarkDuplicates	Tracking 142702 as yet unmatched pairs. 3940 records in RAM.
INFO	2025-02-04 18:01:30	MarkDuplicates	Read     8,000,000 records.  Elapsed time: 00:00:30s.  Time for last 1,000,000:    7s.  Last read position: 11:126,817,895
INFO	2025-02-04 18:01:30	MarkDuplicates	Tracking 158769 as yet unmatched pairs. 457 records in RAM.
INFO	2025-02-04 18:01:33	MarkDuplicates	Read     9,000,000 records.  Elapsed time: 00:00:33s.  Time for last 1,000,000:    2s.  Last read position: 12:76,155,302
INFO	2025-02-04 18:01:33	MarkDuplicates	Tracking 174009 as yet unmatched pairs. 2786 records in RAM.
INFO	2025-02-04 18:01:37	MarkDuplicates	Read    10,000,000 records.  Elapsed time: 00:00:36s.  Time for last 1,000,000:    3s.  Last read position: 13:48,218,576
INFO	2025-02-04 18:01:37	MarkDuplicates	Tracking 188715 as yet unmatched pairs. 3562 records in RAM.
INFO	2025-02-04 18:01:40	MarkDuplicates	Read    11,000,000 records.  Elapsed time: 00:00:39s.  Time for last 1,000,000:    3s.  Last read position: 14:40,652,732
INFO	2025-02-04 18:01:40	MarkDuplicates	Tracking 202108 as yet unmatched pairs. 3986 records in RAM.
INFO	2025-02-04 18:01:43	MarkDuplicates	Read    12,000,000 records.  Elapsed time: 00:00:42s.  Time for last 1,000,000:    3s.  Last read position: 15:36,140,654
INFO	2025-02-04 18:01:43	MarkDuplicates	Tracking 214423 as yet unmatched pairs. 7622 records in RAM.
INFO	2025-02-04 18:01:46	MarkDuplicates	Read    13,000,000 records.  Elapsed time: 00:00:45s.  Time for last 1,000,000:    3s.  Last read position: 15:86,730,857
INFO	2025-02-04 18:01:46	MarkDuplicates	Tracking 225400 as yet unmatched pairs. 1780 records in RAM.
INFO	2025-02-04 18:01:50	MarkDuplicates	Read    14,000,000 records.  Elapsed time: 00:00:49s.  Time for last 1,000,000:    3s.  Last read position: 16:55,366,074
INFO	2025-02-04 18:01:50	MarkDuplicates	Tracking 236202 as yet unmatched pairs. 3975 records in RAM.
INFO	2025-02-04 18:01:53	MarkDuplicates	Read    15,000,000 records.  Elapsed time: 00:00:52s.  Time for last 1,000,000:    3s.  Last read position: 17:22,292,788
INFO	2025-02-04 18:01:53	MarkDuplicates	Tracking 245209 as yet unmatched pairs. 9397 records in RAM.
INFO	2025-02-04 18:01:59	MarkDuplicates	Read    16,000,000 records.  Elapsed time: 00:00:58s.  Time for last 1,000,000:    6s.  Last read position: 17:69,325,136
INFO	2025-02-04 18:01:59	MarkDuplicates	Tracking 253720 as yet unmatched pairs. 2137 records in RAM.
INFO	2025-02-04 18:02:06	MarkDuplicates	Read    17,000,000 records.  Elapsed time: 00:01:05s.  Time for last 1,000,000:    6s.  Last read position: 18:50,963,025
INFO	2025-02-04 18:02:06	MarkDuplicates	Tracking 261207 as yet unmatched pairs. 2561 records in RAM.
INFO	2025-02-04 18:02:09	MarkDuplicates	Read    18,000,000 records.  Elapsed time: 00:01:08s.  Time for last 1,000,000:    2s.  Last read position: 19:44,222,728
INFO	2025-02-04 18:02:09	MarkDuplicates	Tracking 267620 as yet unmatched pairs. 1897 records in RAM.
INFO	2025-02-04 18:02:12	MarkDuplicates	Read    19,000,000 records.  Elapsed time: 00:01:11s.  Time for last 1,000,000:    3s.  Last read position: 2:42,769,786
INFO	2025-02-04 18:02:12	MarkDuplicates	Tracking 278398 as yet unmatched pairs. 29646 records in RAM.
INFO	2025-02-04 18:02:15	MarkDuplicates	Read    20,000,000 records.  Elapsed time: 00:01:14s.  Time for last 1,000,000:    3s.  Last read position: 2:108,316,042
INFO	2025-02-04 18:02:15	MarkDuplicates	Tracking 281413 as yet unmatched pairs. 20548 records in RAM.
INFO	2025-02-04 18:02:18	MarkDuplicates	Read    21,000,000 records.  Elapsed time: 00:01:17s.  Time for last 1,000,000:    3s.  Last read position: 2:178,698,332
INFO	2025-02-04 18:02:18	MarkDuplicates	Tracking 283120 as yet unmatched pairs. 10242 records in RAM.
INFO	2025-02-04 18:02:22	MarkDuplicates	Read    22,000,000 records.  Elapsed time: 00:01:21s.  Time for last 1,000,000:    3s.  Last read position: 20:4,572,304
INFO	2025-02-04 18:02:22	MarkDuplicates	Tracking 284194 as yet unmatched pairs. 11801 records in RAM.
INFO	2025-02-04 18:02:25	MarkDuplicates	Read    23,000,000 records.  Elapsed time: 00:01:24s.  Time for last 1,000,000:    3s.  Last read position: 20:63,980,899
INFO	2025-02-04 18:02:25	MarkDuplicates	Tracking 284362 as yet unmatched pairs. 95 records in RAM.
INFO	2025-02-04 18:02:31	MarkDuplicates	Read    24,000,000 records.  Elapsed time: 00:01:30s.  Time for last 1,000,000:    5s.  Last read position: 22:44,622,345
INFO	2025-02-04 18:02:31	MarkDuplicates	Tracking 283632 as yet unmatched pairs. 743 records in RAM.
INFO	2025-02-04 18:02:34	MarkDuplicates	Read    25,000,000 records.  Elapsed time: 00:01:33s.  Time for last 1,000,000:    2s.  Last read position: 3:64,299,797
INFO	2025-02-04 18:02:34	MarkDuplicates	Tracking 281688 as yet unmatched pairs. 30609 records in RAM.
INFO	2025-02-04 18:02:37	MarkDuplicates	Read    26,000,000 records.  Elapsed time: 00:01:36s.  Time for last 1,000,000:    3s.  Last read position: 3:124,595,830
INFO	2025-02-04 18:02:37	MarkDuplicates	Tracking 279785 as yet unmatched pairs. 18570 records in RAM.
INFO	2025-02-04 18:02:40	MarkDuplicates	Read    27,000,000 records.  Elapsed time: 00:01:39s.  Time for last 1,000,000:    3s.  Last read position: 3:183,151,693
INFO	2025-02-04 18:02:40	MarkDuplicates	Tracking 275796 as yet unmatched pairs. 5222 records in RAM.
INFO	2025-02-04 18:02:43	MarkDuplicates	Read    28,000,000 records.  Elapsed time: 00:01:43s.  Time for last 1,000,000:    3s.  Last read position: 4:40,524,781
INFO	2025-02-04 18:02:43	MarkDuplicates	Tracking 270749 as yet unmatched pairs. 31536 records in RAM.
INFO	2025-02-04 18:02:47	MarkDuplicates	Read    29,000,000 records.  Elapsed time: 00:01:46s.  Time for last 1,000,000:    3s.  Last read position: 4:86,880,329
INFO	2025-02-04 18:02:47	MarkDuplicates	Tracking 264804 as yet unmatched pairs. 17439 records in RAM.
INFO	2025-02-04 18:02:50	MarkDuplicates	Read    30,000,000 records.  Elapsed time: 00:01:50s.  Time for last 1,000,000:    3s.  Last read position: 4:175,300,499
INFO	2025-02-04 18:02:50	MarkDuplicates	Tracking 258003 as yet unmatched pairs. 2608 records in RAM.
INFO	2025-02-04 18:02:54	MarkDuplicates	Read    31,000,000 records.  Elapsed time: 00:01:53s.  Time for last 1,000,000:    3s.  Last read position: 5:49,730,141
INFO	2025-02-04 18:02:54	MarkDuplicates	Tracking 249961 as yet unmatched pairs. 35298 records in RAM.
INFO	2025-02-04 18:03:00	MarkDuplicates	Read    32,000,000 records.  Elapsed time: 00:01:59s.  Time for last 1,000,000:    5s.  Last read position: 5:107,095,017
INFO	2025-02-04 18:03:00	MarkDuplicates	Tracking 241549 as yet unmatched pairs. 20246 records in RAM.
INFO	2025-02-04 18:03:06	MarkDuplicates	Read    33,000,000 records.  Elapsed time: 00:02:05s.  Time for last 1,000,000:    6s.  Last read position: 5:167,482,136
INFO	2025-02-04 18:03:06	MarkDuplicates	Tracking 231482 as yet unmatched pairs. 3760 records in RAM.
INFO	2025-02-04 18:03:10	MarkDuplicates	Read    34,000,000 records.  Elapsed time: 00:02:09s.  Time for last 1,000,000:    3s.  Last read position: 6:46,311,344
INFO	2025-02-04 18:03:10	MarkDuplicates	Tracking 220704 as yet unmatched pairs. 36129 records in RAM.
INFO	2025-02-04 18:03:13	MarkDuplicates	Read    35,000,000 records.  Elapsed time: 00:02:12s.  Time for last 1,000,000:    2s.  Last read position: 6:107,870,068
INFO	2025-02-04 18:03:13	MarkDuplicates	Tracking 208762 as yet unmatched pairs. 19264 records in RAM.
INFO	2025-02-04 18:03:16	MarkDuplicates	Read    36,000,000 records.  Elapsed time: 00:02:15s.  Time for last 1,000,000:    3s.  Last read position: 6:164,441,052
INFO	2025-02-04 18:03:16	MarkDuplicates	Tracking 196153 as yet unmatched pairs. 1520 records in RAM.
INFO	2025-02-04 18:03:19	MarkDuplicates	Read    37,000,000 records.  Elapsed time: 00:02:19s.  Time for last 1,000,000:    3s.  Last read position: 7:55,854,451
INFO	2025-02-04 18:03:19	MarkDuplicates	Tracking 182516 as yet unmatched pairs. 43136 records in RAM.
INFO	2025-02-04 18:03:23	MarkDuplicates	Read    38,000,000 records.  Elapsed time: 00:02:22s.  Time for last 1,000,000:    3s.  Last read position: 7:106,467,058
INFO	2025-02-04 18:03:23	MarkDuplicates	Tracking 167821 as yet unmatched pairs. 24936 records in RAM.
INFO	2025-02-04 18:03:29	MarkDuplicates	Read    39,000,000 records.  Elapsed time: 00:02:28s.  Time for last 1,000,000:    5s.  Last read position: 7:148,077,541
INFO	2025-02-04 18:03:29	MarkDuplicates	Tracking 152057 as yet unmatched pairs. 5736 records in RAM.
INFO	2025-02-04 18:03:32	MarkDuplicates	Read    40,000,000 records.  Elapsed time: 00:02:31s.  Time for last 1,000,000:    3s.  Last read position: 8:56,461,704
INFO	2025-02-04 18:03:32	MarkDuplicates	Tracking 135182 as yet unmatched pairs. 38357 records in RAM.
INFO	2025-02-04 18:03:35	MarkDuplicates	Read    41,000,000 records.  Elapsed time: 00:02:34s.  Time for last 1,000,000:    3s.  Last read position: 8:101,470,600
INFO	2025-02-04 18:03:35	MarkDuplicates	Tracking 117456 as yet unmatched pairs. 18404 records in RAM.
INFO	2025-02-04 18:03:38	MarkDuplicates	Read    42,000,000 records.  Elapsed time: 00:02:37s.  Time for last 1,000,000:    3s.  Last read position: 9:6,602,510
INFO	2025-02-04 18:03:38	MarkDuplicates	Tracking 98691 as yet unmatched pairs. 40382 records in RAM.
INFO	2025-02-04 18:03:41	MarkDuplicates	Read    43,000,000 records.  Elapsed time: 00:02:40s.  Time for last 1,000,000:    3s.  Last read position: 9:83,086,034
INFO	2025-02-04 18:03:41	MarkDuplicates	Tracking 78851 as yet unmatched pairs. 19154 records in RAM.
INFO	2025-02-04 18:03:45	MarkDuplicates	Read    44,000,000 records.  Elapsed time: 00:02:44s.  Time for last 1,000,000:    3s.  Last read position: MT:7,601
INFO	2025-02-04 18:03:45	MarkDuplicates	Tracking 58910 as yet unmatched pairs. 5178 records in RAM.
INFO	2025-02-04 18:03:48	MarkDuplicates	Read    45,000,000 records.  Elapsed time: 00:02:48s.  Time for last 1,000,000:    3s.  Last read position: X:81,736,408
INFO	2025-02-04 18:03:48	MarkDuplicates	Tracking 34893 as yet unmatched pairs. 17921 records in RAM.
INFO	2025-02-04 18:03:52	MarkDuplicates	Read    46,000,000 records.  Elapsed time: 00:02:51s.  Time for last 1,000,000:    3s.  Last read position: GL000009.2:165,398
INFO	2025-02-04 18:03:52	MarkDuplicates	Tracking 10927 as yet unmatched pairs. 22 records in RAM.
INFO	2025-02-04 18:03:53	MarkDuplicates	Read 46304699 records. 0 pairs never matched.
INFO	2025-02-04 18:03:59	MarkDuplicates	After buildSortedReadEndLists freeMemory: 526089616; totalMemory: 536870912; maxMemory: 2147483648
INFO	2025-02-04 18:03:59	MarkDuplicates	Will retain up to 67108864 duplicate indices before spilling to disk.
INFO	2025-02-04 18:03:59	MarkDuplicates	Traversing read pair information and detecting duplicates.
INFO	2025-02-04 18:04:10	MarkDuplicates	Traversing fragment information and detecting duplicates.
INFO	2025-02-04 18:04:25	MarkDuplicates	Sorting list of duplicate records.
INFO	2025-02-04 18:04:25	MarkDuplicates	After generateDuplicateIndexes freeMemory: 525278816; totalMemory: 1073741824; maxMemory: 2147483648
INFO	2025-02-04 18:04:25	MarkDuplicates	Marking 3535275 records as duplicates.
INFO	2025-02-04 18:04:25	MarkDuplicates	Found 97457 optical duplicate clusters.
INFO	2025-02-04 18:04:25	MarkDuplicates	Reads are assumed to be ordered by: coordinate
INFO	2025-02-04 18:06:39	MarkDuplicates	Written    10,000,000 records.  Elapsed time: 00:02:13s.  Time for last 10,000,000:  133s.  Last read position: 14:24,008,514
INFO	2025-02-04 18:08:53	MarkDuplicates	Written    20,000,000 records.  Elapsed time: 00:04:27s.  Time for last 10,000,000:  134s.  Last read position: 2:225,809,084
INFO	2025-02-04 18:11:06	MarkDuplicates	Written    30,000,000 records.  Elapsed time: 00:06:41s.  Time for last 10,000,000:  133s.  Last read position: 5:137,693,409
INFO	2025-02-04 18:13:18	MarkDuplicates	Written    40,000,000 records.  Elapsed time: 00:08:53s.  Time for last 10,000,000:  132s.  Last read position: 9:102,436,422
INFO	2025-02-04 18:13:55	MarkDuplicates	Writing complete. Closing input iterator.
INFO	2025-02-04 18:13:55	MarkDuplicates	Duplicate Index cleanup.
INFO	2025-02-04 18:13:55	MarkDuplicates	Getting Memory Stats.
INFO	2025-02-04 18:13:55	MarkDuplicates	Before output close freeMemory: 525831856; totalMemory: 536870912; maxMemory: 2147483648
INFO	2025-02-04 18:13:55	MarkDuplicates	Closed outputs. Getting more Memory Stats.
INFO	2025-02-04 18:13:55	MarkDuplicates	After output close freeMemory: 525831856; totalMemory: 536870912; maxMemory: 2147483648
[Tue Feb 04 18:13:55 CET 2025] picard.sam.markduplicates.MarkDuplicates done. Elapsed time: 12.93 minutes.
Runtime.totalMemory()=536870912
