INFO	2025-02-04 19:21:20	MarkDuplicates	

********** NOTE: Picard's command line syntax is changing.
**********
********** For more information, please see:
********** 
https://github.com/broadinstitute/picard/wiki/Command-Line-Syntax-Transition-For-Users-(Pre-Transition)
**********
********** The command line looks like this in the new syntax:
**********
**********    MarkDuplicates -I results/alignment/SES-V5ChIP-Seq2_S6.sorted.bam -O results/alignment/SES-V5ChIP-Seq2_S6.dedup.bam -M results/alignment/SES-V5ChIP-Seq2_S6.dedup.metrics.txt -REMOVE_DUPLICATES true -VALIDATION_STRINGENCY LENIENT
**********


19:21:20.543 INFO  NativeLibraryLoader - Loading libgkl_compression.so from jar:file:/beegfs/scratch/ric.broccoli/kubacki.michal/conda_envs/snakemake/share/picard-3.3.0-0/picard.jar!/com/intel/gkl/native/libgkl_compression.so
[Tue Feb 04 19:21:20 CET 2025] MarkDuplicates INPUT=[results/alignment/SES-V5ChIP-Seq2_S6.sorted.bam] OUTPUT=results/alignment/SES-V5ChIP-Seq2_S6.dedup.bam METRICS_FILE=results/alignment/SES-V5ChIP-Seq2_S6.dedup.metrics.txt REMOVE_DUPLICATES=true VALIDATION_STRINGENCY=LENIENT    MAX_SEQUENCES_FOR_DISK_READ_ENDS_MAP=50000 MAX_FILE_HANDLES_FOR_READ_ENDS_MAP=8000 SORTING_COLLECTION_SIZE_RATIO=0.25 TAG_DUPLICATE_SET_MEMBERS=false REMOVE_SEQUENCING_DUPLICATES=false TAGGING_POLICY=DontTag CLEAR_DT=true DUPLEX_UMI=false FLOW_MODE=false FLOW_DUP_STRATEGY=FLOW_QUALITY_SUM_STRATEGY FLOW_USE_END_IN_UNPAIRED_READS=false FLOW_USE_UNPAIRED_CLIPPED_END=false FLOW_UNPAIRED_END_UNCERTAINTY=0 FLOW_UNPAIRED_START_UNCERTAINTY=0 FLOW_SKIP_FIRST_N_FLOWS=0 FLOW_Q_IS_KNOWN_END=false FLOW_EFFECTIVE_QUALITY_THRESHOLD=15 ADD_PG_TAG_TO_READS=true ASSUME_SORTED=false DUPLICATE_SCORING_STRATEGY=SUM_OF_BASE_QUALITIES PROGRAM_RECORD_ID=MarkDuplicates PROGRAM_GROUP_NAME=MarkDuplicates READ_NAME_REGEX=<optimized capture of last three ':' separated fields as numeric values> OPTICAL_DUPLICATE_PIXEL_DISTANCE=100 MAX_OPTICAL_DUPLICATE_SET_SIZE=300000 VERBOSITY=INFO QUIET=false COMPRESSION_LEVEL=5 MAX_RECORDS_IN_RAM=500000 CREATE_INDEX=false CREATE_MD5_FILE=false USE_JDK_DEFLATER=false USE_JDK_INFLATER=false
[Tue Feb 04 19:21:21 CET 2025] Executing as kubacki.michal@srcn18 on Linux 4.18.0-553.el8_10.x86_64 amd64; OpenJDK 64-Bit Server VM 23.0.1-internal-adhoc.conda.src; Deflater: Intel; Inflater: Intel; Provider GCS is available; Picard version: 3.3.0
INFO	2025-02-04 19:21:21	MarkDuplicates	Start of doWork freeMemory: 526779960; totalMemory: 536870912; maxMemory: 2147483648
INFO	2025-02-04 19:21:21	MarkDuplicates	Reading input file and constructing read end information.
INFO	2025-02-04 19:21:21	MarkDuplicates	Will retain up to 7780737 data points before spilling to disk.
INFO	2025-02-04 19:21:25	MarkDuplicates	Read     1,000,000 records.  Elapsed time: 00:00:04s.  Time for last 1,000,000:    4s.  Last read position: 1:58,579,363
INFO	2025-02-04 19:21:25	MarkDuplicates	Tracking 37149 as yet unmatched pairs. 2656 records in RAM.
INFO	2025-02-04 19:21:28	MarkDuplicates	Read     2,000,000 records.  Elapsed time: 00:00:07s.  Time for last 1,000,000:    2s.  Last read position: 1:109,614,896
INFO	2025-02-04 19:21:28	MarkDuplicates	Tracking 72192 as yet unmatched pairs. 3798 records in RAM.
INFO	2025-02-04 19:21:31	MarkDuplicates	Read     3,000,000 records.  Elapsed time: 00:00:09s.  Time for last 1,000,000:    2s.  Last read position: 1:156,414,158
INFO	2025-02-04 19:21:31	MarkDuplicates	Tracking 107262 as yet unmatched pairs. 3821 records in RAM.
INFO	2025-02-04 19:21:33	MarkDuplicates	Read     4,000,000 records.  Elapsed time: 00:00:12s.  Time for last 1,000,000:    2s.  Last read position: 1:211,094,587
INFO	2025-02-04 19:21:33	MarkDuplicates	Tracking 139339 as yet unmatched pairs. 1968 records in RAM.
INFO	2025-02-04 19:21:36	MarkDuplicates	Read     5,000,000 records.  Elapsed time: 00:00:14s.  Time for last 1,000,000:    2s.  Last read position: 10:24,141,530
INFO	2025-02-04 19:21:36	MarkDuplicates	Tracking 170368 as yet unmatched pairs. 6924 records in RAM.
INFO	2025-02-04 19:21:39	MarkDuplicates	Read     6,000,000 records.  Elapsed time: 00:00:17s.  Time for last 1,000,000:    2s.  Last read position: 10:82,378,569
INFO	2025-02-04 19:21:39	MarkDuplicates	Tracking 200167 as yet unmatched pairs. 3912 records in RAM.
INFO	2025-02-04 19:21:41	MarkDuplicates	Read     7,000,000 records.  Elapsed time: 00:00:20s.  Time for last 1,000,000:    2s.  Last read position: 11:8,759,746
INFO	2025-02-04 19:21:41	MarkDuplicates	Tracking 228916 as yet unmatched pairs. 10394 records in RAM.
INFO	2025-02-04 19:21:48	MarkDuplicates	Read     8,000,000 records.  Elapsed time: 00:00:26s.  Time for last 1,000,000:    6s.  Last read position: 11:70,026,831
INFO	2025-02-04 19:21:48	MarkDuplicates	Tracking 256007 as yet unmatched pairs. 6598 records in RAM.
INFO	2025-02-04 19:21:50	MarkDuplicates	Read     9,000,000 records.  Elapsed time: 00:00:29s.  Time for last 1,000,000:    2s.  Last read position: 11:124,039,693
INFO	2025-02-04 19:21:50	MarkDuplicates	Tracking 281379 as yet unmatched pairs. 1163 records in RAM.
INFO	2025-02-04 19:21:53	MarkDuplicates	Read    10,000,000 records.  Elapsed time: 00:00:31s.  Time for last 1,000,000:    2s.  Last read position: 12:60,987,615
INFO	2025-02-04 19:21:53	MarkDuplicates	Tracking 305687 as yet unmatched pairs. 6366 records in RAM.
INFO	2025-02-04 19:21:55	MarkDuplicates	Read    11,000,000 records.  Elapsed time: 00:00:34s.  Time for last 1,000,000:    2s.  Last read position: 13:22,740,805
INFO	2025-02-04 19:21:55	MarkDuplicates	Tracking 329294 as yet unmatched pairs. 9046 records in RAM.
INFO	2025-02-04 19:21:58	MarkDuplicates	Read    12,000,000 records.  Elapsed time: 00:00:37s.  Time for last 1,000,000:    2s.  Last read position: 13:98,516,025
INFO	2025-02-04 19:21:58	MarkDuplicates	Tracking 350070 as yet unmatched pairs. 1598 records in RAM.
INFO	2025-02-04 19:22:01	MarkDuplicates	Read    13,000,000 records.  Elapsed time: 00:00:40s.  Time for last 1,000,000:    2s.  Last read position: 14:77,569,916
INFO	2025-02-04 19:22:01	MarkDuplicates	Tracking 370823 as yet unmatched pairs. 2808 records in RAM.
INFO	2025-02-04 19:22:04	MarkDuplicates	Read    14,000,000 records.  Elapsed time: 00:00:42s.  Time for last 1,000,000:    2s.  Last read position: 15:52,982,546
INFO	2025-02-04 19:22:04	MarkDuplicates	Tracking 389892 as yet unmatched pairs. 10218 records in RAM.
INFO	2025-02-04 19:22:06	MarkDuplicates	Read    15,000,000 records.  Elapsed time: 00:00:45s.  Time for last 1,000,000:    2s.  Last read position: 15:99,003,128
INFO	2025-02-04 19:22:06	MarkDuplicates	Tracking 407270 as yet unmatched pairs. 703 records in RAM.
INFO	2025-02-04 19:22:11	MarkDuplicates	Read    16,000,000 records.  Elapsed time: 00:00:50s.  Time for last 1,000,000:    4s.  Last read position: 16:60,821,493
INFO	2025-02-04 19:22:11	MarkDuplicates	Tracking 423827 as yet unmatched pairs. 5591 records in RAM.
INFO	2025-02-04 19:22:17	MarkDuplicates	Read    17,000,000 records.  Elapsed time: 00:00:55s.  Time for last 1,000,000:    5s.  Last read position: 17:23,776,523
INFO	2025-02-04 19:22:17	MarkDuplicates	Tracking 438618 as yet unmatched pairs. 16739 records in RAM.
INFO	2025-02-04 19:22:19	MarkDuplicates	Read    18,000,000 records.  Elapsed time: 00:00:58s.  Time for last 1,000,000:    2s.  Last read position: 17:65,702,598
INFO	2025-02-04 19:22:19	MarkDuplicates	Tracking 451264 as yet unmatched pairs. 4855 records in RAM.
INFO	2025-02-04 19:22:22	MarkDuplicates	Read    19,000,000 records.  Elapsed time: 00:01:01s.  Time for last 1,000,000:    2s.  Last read position: 18:31,531,423
INFO	2025-02-04 19:22:22	MarkDuplicates	Tracking 463715 as yet unmatched pairs. 7875 records in RAM.
INFO	2025-02-04 19:22:25	MarkDuplicates	Read    20,000,000 records.  Elapsed time: 00:01:03s.  Time for last 1,000,000:    2s.  Last read position: 19:25,503,227
INFO	2025-02-04 19:22:25	MarkDuplicates	Tracking 473414 as yet unmatched pairs. 7698 records in RAM.
INFO	2025-02-04 19:22:28	MarkDuplicates	Read    21,000,000 records.  Elapsed time: 00:01:06s.  Time for last 1,000,000:    3s.  Last read position: 2:25,895,584
INFO	2025-02-04 19:22:28	MarkDuplicates	Tracking 482400 as yet unmatched pairs. 74349 records in RAM.
INFO	2025-02-04 19:22:31	MarkDuplicates	Read    22,000,000 records.  Elapsed time: 00:01:09s.  Time for last 1,000,000:    2s.  Last read position: 2:73,506,118
INFO	2025-02-04 19:22:31	MarkDuplicates	Tracking 497692 as yet unmatched pairs. 44911 records in RAM.
INFO	2025-02-04 19:22:33	MarkDuplicates	Read    23,000,000 records.  Elapsed time: 00:01:12s.  Time for last 1,000,000:    2s.  Last read position: 2:138,085,948
INFO	2025-02-04 19:22:33	MarkDuplicates	Tracking 502320 as yet unmatched pairs. 29942 records in RAM.
INFO	2025-02-04 19:22:38	MarkDuplicates	Read    24,000,000 records.  Elapsed time: 00:01:16s.  Time for last 1,000,000:    4s.  Last read position: 2:194,803,735
INFO	2025-02-04 19:22:38	MarkDuplicates	Tracking 505112 as yet unmatched pairs. 13864 records in RAM.
INFO	2025-02-04 19:22:40	MarkDuplicates	Read    25,000,000 records.  Elapsed time: 00:01:19s.  Time for last 1,000,000:    2s.  Last read position: 20:11,566,799
INFO	2025-02-04 19:22:40	MarkDuplicates	Tracking 506271 as yet unmatched pairs. 18037 records in RAM.
INFO	2025-02-04 19:22:43	MarkDuplicates	Read    26,000,000 records.  Elapsed time: 00:01:22s.  Time for last 1,000,000:    2s.  Last read position: 21:7,317,692
INFO	2025-02-04 19:22:43	MarkDuplicates	Tracking 507137 as yet unmatched pairs. 13835 records in RAM.
INFO	2025-02-04 19:22:46	MarkDuplicates	Read    27,000,000 records.  Elapsed time: 00:01:24s.  Time for last 1,000,000:    2s.  Last read position: 22:37,339,035
INFO	2025-02-04 19:22:46	MarkDuplicates	Tracking 505785 as yet unmatched pairs. 2924 records in RAM.
INFO	2025-02-04 19:22:49	MarkDuplicates	Read    28,000,000 records.  Elapsed time: 00:01:28s.  Time for last 1,000,000:    3s.  Last read position: 3:51,373,771
INFO	2025-02-04 19:22:49	MarkDuplicates	Tracking 503328 as yet unmatched pairs. 58854 records in RAM.
INFO	2025-02-04 19:22:52	MarkDuplicates	Read    29,000,000 records.  Elapsed time: 00:01:30s.  Time for last 1,000,000:    2s.  Last read position: 3:104,511,935
INFO	2025-02-04 19:22:52	MarkDuplicates	Tracking 500943 as yet unmatched pairs. 40490 records in RAM.
INFO	2025-02-04 19:22:54	MarkDuplicates	Read    30,000,000 records.  Elapsed time: 00:01:33s.  Time for last 1,000,000:    2s.  Last read position: 3:157,859,581
INFO	2025-02-04 19:22:54	MarkDuplicates	Tracking 495901 as yet unmatched pairs. 20527 records in RAM.
INFO	2025-02-04 19:22:58	MarkDuplicates	Read    31,000,000 records.  Elapsed time: 00:01:36s.  Time for last 1,000,000:    3s.  Last read position: 4:1,281,857
INFO	2025-02-04 19:22:58	MarkDuplicates	Tracking 489886 as yet unmatched pairs. 71030 records in RAM.
INFO	2025-02-04 19:23:02	MarkDuplicates	Read    32,000,000 records.  Elapsed time: 00:01:41s.  Time for last 1,000,000:    4s.  Last read position: 4:54,192,284
INFO	2025-02-04 19:23:02	MarkDuplicates	Tracking 482349 as yet unmatched pairs. 50481 records in RAM.
INFO	2025-02-04 19:23:08	MarkDuplicates	Read    33,000,000 records.  Elapsed time: 00:01:46s.  Time for last 1,000,000:    5s.  Last read position: 4:99,924,783
INFO	2025-02-04 19:23:08	MarkDuplicates	Tracking 472836 as yet unmatched pairs. 28321 records in RAM.
INFO	2025-02-04 19:23:10	MarkDuplicates	Read    34,000,000 records.  Elapsed time: 00:01:49s.  Time for last 1,000,000:    2s.  Last read position: 4:175,163,184
INFO	2025-02-04 19:23:10	MarkDuplicates	Tracking 462031 as yet unmatched pairs. 4800 records in RAM.
INFO	2025-02-04 19:23:13	MarkDuplicates	Read    35,000,000 records.  Elapsed time: 00:01:52s.  Time for last 1,000,000:    3s.  Last read position: 5:44,566,936
INFO	2025-02-04 19:23:13	MarkDuplicates	Tracking 450422 as yet unmatched pairs. 67419 records in RAM.
INFO	2025-02-04 19:23:16	MarkDuplicates	Read    36,000,000 records.  Elapsed time: 00:01:54s.  Time for last 1,000,000:    2s.  Last read position: 5:90,611,918
INFO	2025-02-04 19:23:16	MarkDuplicates	Tracking 436943 as yet unmatched pairs. 43435 records in RAM.
INFO	2025-02-04 19:23:18	MarkDuplicates	Read    37,000,000 records.  Elapsed time: 00:01:57s.  Time for last 1,000,000:    2s.  Last read position: 5:141,169,662
INFO	2025-02-04 19:23:18	MarkDuplicates	Tracking 422503 as yet unmatched pairs. 18750 records in RAM.
INFO	2025-02-04 19:23:21	MarkDuplicates	Read    38,000,000 records.  Elapsed time: 00:02:00s.  Time for last 1,000,000:    3s.  Last read position: 6:15,086,408
INFO	2025-02-04 19:23:21	MarkDuplicates	Tracking 406321 as yet unmatched pairs. 81209 records in RAM.
INFO	2025-02-04 19:23:26	MarkDuplicates	Read    39,000,000 records.  Elapsed time: 00:02:05s.  Time for last 1,000,000:    4s.  Last read position: 6:67,858,241
INFO	2025-02-04 19:23:26	MarkDuplicates	Tracking 388419 as yet unmatched pairs. 55316 records in RAM.
INFO	2025-02-04 19:23:28	MarkDuplicates	Read    40,000,000 records.  Elapsed time: 00:02:07s.  Time for last 1,000,000:    2s.  Last read position: 6:119,639,558
INFO	2025-02-04 19:23:28	MarkDuplicates	Tracking 369946 as yet unmatched pairs. 28829 records in RAM.
INFO	2025-02-04 19:23:31	MarkDuplicates	Read    41,000,000 records.  Elapsed time: 00:02:10s.  Time for last 1,000,000:    2s.  Last read position: 6:169,123,931
INFO	2025-02-04 19:23:31	MarkDuplicates	Tracking 349936 as yet unmatched pairs. 759 records in RAM.
INFO	2025-02-04 19:23:34	MarkDuplicates	Read    42,000,000 records.  Elapsed time: 00:02:13s.  Time for last 1,000,000:    3s.  Last read position: 7:52,521,042
INFO	2025-02-04 19:23:34	MarkDuplicates	Tracking 328097 as yet unmatched pairs. 79200 records in RAM.
INFO	2025-02-04 19:23:37	MarkDuplicates	Read    43,000,000 records.  Elapsed time: 00:02:15s.  Time for last 1,000,000:    2s.  Last read position: 7:96,665,504
INFO	2025-02-04 19:23:37	MarkDuplicates	Tracking 304928 as yet unmatched pairs. 50506 records in RAM.
INFO	2025-02-04 19:23:39	MarkDuplicates	Read    44,000,000 records.  Elapsed time: 00:02:18s.  Time for last 1,000,000:    2s.  Last read position: 7:137,212,784
INFO	2025-02-04 19:23:39	MarkDuplicates	Tracking 280463 as yet unmatched pairs. 20533 records in RAM.
INFO	2025-02-04 19:23:43	MarkDuplicates	Read    45,000,000 records.  Elapsed time: 00:02:21s.  Time for last 1,000,000:    3s.  Last read position: 8:28,677,910
INFO	2025-02-04 19:23:43	MarkDuplicates	Tracking 254871 as yet unmatched pairs. 83407 records in RAM.
INFO	2025-02-04 19:23:45	MarkDuplicates	Read    46,000,000 records.  Elapsed time: 00:02:24s.  Time for last 1,000,000:    2s.  Last read position: 8:76,877,239
INFO	2025-02-04 19:23:45	MarkDuplicates	Tracking 227719 as yet unmatched pairs. 52804 records in RAM.
INFO	2025-02-04 19:23:50	MarkDuplicates	Read    47,000,000 records.  Elapsed time: 00:02:29s.  Time for last 1,000,000:    4s.  Last read position: 8:117,298,656
INFO	2025-02-04 19:23:50	MarkDuplicates	Tracking 199658 as yet unmatched pairs. 21232 records in RAM.
INFO	2025-02-04 19:23:53	MarkDuplicates	Read    48,000,000 records.  Elapsed time: 00:02:31s.  Time for last 1,000,000:    2s.  Last read position: 9:17,905,747
INFO	2025-02-04 19:23:53	MarkDuplicates	Tracking 169955 as yet unmatched pairs. 65887 records in RAM.
INFO	2025-02-04 19:23:58	MarkDuplicates	Read    49,000,000 records.  Elapsed time: 00:02:37s.  Time for last 1,000,000:    5s.  Last read position: 9:85,585,061
INFO	2025-02-04 19:23:58	MarkDuplicates	Tracking 138009 as yet unmatched pairs. 31808 records in RAM.
INFO	2025-02-04 19:24:01	MarkDuplicates	Read    50,000,000 records.  Elapsed time: 00:02:40s.  Time for last 1,000,000:    2s.  Last read position: MT:3,956
INFO	2025-02-04 19:24:01	MarkDuplicates	Tracking 106772 as yet unmatched pairs. 10697 records in RAM.
INFO	2025-02-04 19:24:04	MarkDuplicates	Read    51,000,000 records.  Elapsed time: 00:02:42s.  Time for last 1,000,000:    2s.  Last read position: X:62,020,649
INFO	2025-02-04 19:24:04	MarkDuplicates	Tracking 71033 as yet unmatched pairs. 40726 records in RAM.
INFO	2025-02-04 19:24:06	MarkDuplicates	Read    52,000,000 records.  Elapsed time: 00:02:45s.  Time for last 1,000,000:    2s.  Last read position: X:146,215,799
INFO	2025-02-04 19:24:06	MarkDuplicates	Tracking 35088 as yet unmatched pairs. 4083 records in RAM.
INFO	2025-02-04 19:24:08	MarkDuplicates	Read 52720334 records. 0 pairs never matched.
INFO	2025-02-04 19:24:11	MarkDuplicates	After buildSortedReadEndLists freeMemory: 526008136; totalMemory: 536870912; maxMemory: 2147483648
INFO	2025-02-04 19:24:11	MarkDuplicates	Will retain up to 67108864 duplicate indices before spilling to disk.
INFO	2025-02-04 19:24:11	MarkDuplicates	Traversing read pair information and detecting duplicates.
INFO	2025-02-04 19:24:19	MarkDuplicates	Traversing fragment information and detecting duplicates.
INFO	2025-02-04 19:24:29	MarkDuplicates	Sorting list of duplicate records.
INFO	2025-02-04 19:24:30	MarkDuplicates	After generateDuplicateIndexes freeMemory: 525198448; totalMemory: 1073741824; maxMemory: 2147483648
INFO	2025-02-04 19:24:30	MarkDuplicates	Marking 3903432 records as duplicates.
INFO	2025-02-04 19:24:30	MarkDuplicates	Found 108413 optical duplicate clusters.
INFO	2025-02-04 19:24:30	MarkDuplicates	Reads are assumed to be ordered by: coordinate
INFO	2025-02-04 19:28:27	MarkDuplicates	Written    10,000,000 records.  Elapsed time: 00:03:57s.  Time for last 10,000,000:  237s.  Last read position: 12:120,959,889
INFO	2025-02-04 19:31:15	MarkDuplicates	Written    20,000,000 records.  Elapsed time: 00:06:45s.  Time for last 10,000,000:  168s.  Last read position: 2:53,367,519
INFO	2025-02-04 19:33:11	MarkDuplicates	Written    30,000,000 records.  Elapsed time: 00:08:41s.  Time for last 10,000,000:  116s.  Last read position: 4:66,982,790
INFO	2025-02-04 19:35:07	MarkDuplicates	Written    40,000,000 records.  Elapsed time: 00:10:37s.  Time for last 10,000,000:  116s.  Last read position: 7:106,213,446
INFO	2025-02-04 19:36:47	MarkDuplicates	Writing complete. Closing input iterator.
INFO	2025-02-04 19:36:47	MarkDuplicates	Duplicate Index cleanup.
INFO	2025-02-04 19:36:47	MarkDuplicates	Getting Memory Stats.
INFO	2025-02-04 19:36:47	MarkDuplicates	Before output close freeMemory: 525743840; totalMemory: 536870912; maxMemory: 2147483648
INFO	2025-02-04 19:36:47	MarkDuplicates	Closed outputs. Getting more Memory Stats.
INFO	2025-02-04 19:36:47	MarkDuplicates	After output close freeMemory: 525743840; totalMemory: 536870912; maxMemory: 2147483648
[Tue Feb 04 19:36:47 CET 2025] picard.sam.markduplicates.MarkDuplicates done. Elapsed time: 15.46 minutes.
Runtime.totalMemory()=536870912
