INFO	2025-02-22 08:09:19	MarkDuplicates	

********** NOTE: Picard's command line syntax is changing.
**********
********** For more information, please see:
********** 
https://github.com/broadinstitute/picard/wiki/Command-Line-Syntax-Transition-For-Users-(Pre-Transition)
**********
********** The command line looks like this in the new syntax:
**********
**********    MarkDuplicates -I results/alignment/SRR18590296.sorted.bam -O results/alignment/SRR18590296.dedup.bam -M results/alignment/SRR18590296.dedup.metrics.txt -REMOVE_DUPLICATES true -VALIDATION_STRINGENCY LENIENT
**********


08:09:19.212 INFO  NativeLibraryLoader - Loading libgkl_compression.so from jar:file:/beegfs/scratch/ric.broccoli/kubacki.michal/conda_envs/snakemake/share/picard-3.3.0-0/picard.jar!/com/intel/gkl/native/libgkl_compression.so
[Sat Feb 22 08:09:19 CET 2025] MarkDuplicates INPUT=[results/alignment/SRR18590296.sorted.bam] OUTPUT=results/alignment/SRR18590296.dedup.bam METRICS_FILE=results/alignment/SRR18590296.dedup.metrics.txt REMOVE_DUPLICATES=true VALIDATION_STRINGENCY=LENIENT    MAX_SEQUENCES_FOR_DISK_READ_ENDS_MAP=50000 MAX_FILE_HANDLES_FOR_READ_ENDS_MAP=8000 SORTING_COLLECTION_SIZE_RATIO=0.25 TAG_DUPLICATE_SET_MEMBERS=false REMOVE_SEQUENCING_DUPLICATES=false TAGGING_POLICY=DontTag CLEAR_DT=true DUPLEX_UMI=false FLOW_MODE=false FLOW_DUP_STRATEGY=FLOW_QUALITY_SUM_STRATEGY FLOW_USE_END_IN_UNPAIRED_READS=false FLOW_USE_UNPAIRED_CLIPPED_END=false FLOW_UNPAIRED_END_UNCERTAINTY=0 FLOW_UNPAIRED_START_UNCERTAINTY=0 FLOW_SKIP_FIRST_N_FLOWS=0 FLOW_Q_IS_KNOWN_END=false FLOW_EFFECTIVE_QUALITY_THRESHOLD=15 ADD_PG_TAG_TO_READS=true ASSUME_SORTED=false DUPLICATE_SCORING_STRATEGY=SUM_OF_BASE_QUALITIES PROGRAM_RECORD_ID=MarkDuplicates PROGRAM_GROUP_NAME=MarkDuplicates READ_NAME_REGEX=<optimized capture of last three ':' separated fields as numeric values> OPTICAL_DUPLICATE_PIXEL_DISTANCE=100 MAX_OPTICAL_DUPLICATE_SET_SIZE=300000 VERBOSITY=INFO QUIET=false COMPRESSION_LEVEL=5 MAX_RECORDS_IN_RAM=500000 CREATE_INDEX=false CREATE_MD5_FILE=false USE_JDK_DEFLATER=false USE_JDK_INFLATER=false
[Sat Feb 22 08:09:19 CET 2025] Executing as kubacki.michal@srcn08 on Linux 4.18.0-553.el8_10.x86_64 amd64; OpenJDK 64-Bit Server VM 23.0.1-internal-adhoc.conda.src; Deflater: Intel; Inflater: Intel; Provider GCS is available; Picard version: 3.3.0
INFO	2025-02-22 08:09:19	MarkDuplicates	Start of doWork freeMemory: 526823544; totalMemory: 536870912; maxMemory: 2147483648
INFO	2025-02-22 08:09:19	MarkDuplicates	Reading input file and constructing read end information.
INFO	2025-02-22 08:09:19	MarkDuplicates	Will retain up to 7780737 data points before spilling to disk.
WARNING	2025-02-22 08:09:19	AbstractOpticalDuplicateFinderCommandLineProgram	A field field parsed out of a read name was expected to contain an integer and did not. Read name: SRR18590296.11465134. Cause: String 'SRR18590296.11465134' did not start with a parsable number.
INFO	2025-02-22 08:09:25	MarkDuplicates	Read     1,000,000 records.  Elapsed time: 00:00:05s.  Time for last 1,000,000:    5s.  Last read position: 1:58,576,761
INFO	2025-02-22 08:09:25	MarkDuplicates	Tracking 37112 as yet unmatched pairs. 2654 records in RAM.
INFO	2025-02-22 08:09:29	MarkDuplicates	Read     2,000,000 records.  Elapsed time: 00:00:09s.  Time for last 1,000,000:    4s.  Last read position: 1:109,613,408
INFO	2025-02-22 08:09:29	MarkDuplicates	Tracking 72129 as yet unmatched pairs. 3793 records in RAM.
INFO	2025-02-22 08:09:33	MarkDuplicates	Read     3,000,000 records.  Elapsed time: 00:00:13s.  Time for last 1,000,000:    3s.  Last read position: 1:156,443,348
INFO	2025-02-22 08:09:33	MarkDuplicates	Tracking 107244 as yet unmatched pairs. 3820 records in RAM.
INFO	2025-02-22 08:09:37	MarkDuplicates	Read     4,000,000 records.  Elapsed time: 00:00:17s.  Time for last 1,000,000:    3s.  Last read position: 1:211,121,699
INFO	2025-02-22 08:09:37	MarkDuplicates	Tracking 139312 as yet unmatched pairs. 1947 records in RAM.
INFO	2025-02-22 08:09:41	MarkDuplicates	Read     5,000,000 records.  Elapsed time: 00:00:21s.  Time for last 1,000,000:    4s.  Last read position: 10:24,167,646
INFO	2025-02-22 08:09:41	MarkDuplicates	Tracking 170299 as yet unmatched pairs. 6920 records in RAM.
INFO	2025-02-22 08:09:45	MarkDuplicates	Read     6,000,000 records.  Elapsed time: 00:00:25s.  Time for last 1,000,000:    4s.  Last read position: 10:82,401,275
INFO	2025-02-22 08:09:45	MarkDuplicates	Tracking 200092 as yet unmatched pairs. 3907 records in RAM.
INFO	2025-02-22 08:09:50	MarkDuplicates	Read     7,000,000 records.  Elapsed time: 00:00:30s.  Time for last 1,000,000:    4s.  Last read position: 11:8,767,395
INFO	2025-02-22 08:09:50	MarkDuplicates	Tracking 228760 as yet unmatched pairs. 10401 records in RAM.
INFO	2025-02-22 08:09:57	MarkDuplicates	Read     8,000,000 records.  Elapsed time: 00:00:38s.  Time for last 1,000,000:    7s.  Last read position: 11:70,028,891
INFO	2025-02-22 08:09:57	MarkDuplicates	Tracking 255881 as yet unmatched pairs. 6586 records in RAM.
INFO	2025-02-22 08:10:01	MarkDuplicates	Read     9,000,000 records.  Elapsed time: 00:00:41s.  Time for last 1,000,000:    3s.  Last read position: 11:124,051,508
INFO	2025-02-22 08:10:01	MarkDuplicates	Tracking 281238 as yet unmatched pairs. 1174 records in RAM.
INFO	2025-02-22 08:10:05	MarkDuplicates	Read    10,000,000 records.  Elapsed time: 00:00:46s.  Time for last 1,000,000:    4s.  Last read position: 12:61,011,797
INFO	2025-02-22 08:10:05	MarkDuplicates	Tracking 305498 as yet unmatched pairs. 6358 records in RAM.
INFO	2025-02-22 08:10:10	MarkDuplicates	Read    11,000,000 records.  Elapsed time: 00:00:50s.  Time for last 1,000,000:    4s.  Last read position: 13:22,782,266
INFO	2025-02-22 08:10:10	MarkDuplicates	Tracking 329002 as yet unmatched pairs. 9015 records in RAM.
INFO	2025-02-22 08:10:14	MarkDuplicates	Read    12,000,000 records.  Elapsed time: 00:00:54s.  Time for last 1,000,000:    4s.  Last read position: 13:98,550,887
INFO	2025-02-22 08:10:14	MarkDuplicates	Tracking 349863 as yet unmatched pairs. 1592 records in RAM.
INFO	2025-02-22 08:10:19	MarkDuplicates	Read    13,000,000 records.  Elapsed time: 00:00:59s.  Time for last 1,000,000:    4s.  Last read position: 14:77,579,580
INFO	2025-02-22 08:10:19	MarkDuplicates	Tracking 370676 as yet unmatched pairs. 2828 records in RAM.
INFO	2025-02-22 08:10:23	MarkDuplicates	Read    14,000,000 records.  Elapsed time: 00:01:04s.  Time for last 1,000,000:    4s.  Last read position: 15:52,988,043
INFO	2025-02-22 08:10:23	MarkDuplicates	Tracking 389714 as yet unmatched pairs. 10236 records in RAM.
INFO	2025-02-22 08:10:28	MarkDuplicates	Read    15,000,000 records.  Elapsed time: 00:01:08s.  Time for last 1,000,000:    4s.  Last read position: 15:99,006,842
INFO	2025-02-22 08:10:28	MarkDuplicates	Tracking 407114 as yet unmatched pairs. 695 records in RAM.
INFO	2025-02-22 08:10:35	MarkDuplicates	Read    16,000,000 records.  Elapsed time: 00:01:15s.  Time for last 1,000,000:    6s.  Last read position: 16:60,815,376
INFO	2025-02-22 08:10:35	MarkDuplicates	Tracking 423750 as yet unmatched pairs. 5604 records in RAM.
INFO	2025-02-22 08:10:42	MarkDuplicates	Read    17,000,000 records.  Elapsed time: 00:01:23s.  Time for last 1,000,000:    7s.  Last read position: 17:23,767,633
INFO	2025-02-22 08:10:42	MarkDuplicates	Tracking 438547 as yet unmatched pairs. 16686 records in RAM.
INFO	2025-02-22 08:10:46	MarkDuplicates	Read    18,000,000 records.  Elapsed time: 00:01:26s.  Time for last 1,000,000:    3s.  Last read position: 17:65,704,295
INFO	2025-02-22 08:10:46	MarkDuplicates	Tracking 451232 as yet unmatched pairs. 4833 records in RAM.
INFO	2025-02-22 08:10:50	MarkDuplicates	Read    19,000,000 records.  Elapsed time: 00:01:30s.  Time for last 1,000,000:    4s.  Last read position: 18:31,548,105
INFO	2025-02-22 08:10:50	MarkDuplicates	Tracking 463665 as yet unmatched pairs. 7920 records in RAM.
INFO	2025-02-22 08:10:54	MarkDuplicates	Read    20,000,000 records.  Elapsed time: 00:01:35s.  Time for last 1,000,000:    4s.  Last read position: 19:25,506,961
INFO	2025-02-22 08:10:54	MarkDuplicates	Tracking 473475 as yet unmatched pairs. 7768 records in RAM.
INFO	2025-02-22 08:10:59	MarkDuplicates	Read    21,000,000 records.  Elapsed time: 00:01:40s.  Time for last 1,000,000:    4s.  Last read position: 2:25,876,564
INFO	2025-02-22 08:10:59	MarkDuplicates	Tracking 482398 as yet unmatched pairs. 74398 records in RAM.
INFO	2025-02-22 08:11:04	MarkDuplicates	Read    22,000,000 records.  Elapsed time: 00:01:44s.  Time for last 1,000,000:    4s.  Last read position: 2:73,483,370
INFO	2025-02-22 08:11:04	MarkDuplicates	Tracking 497611 as yet unmatched pairs. 45022 records in RAM.
INFO	2025-02-22 08:11:09	MarkDuplicates	Read    23,000,000 records.  Elapsed time: 00:01:49s.  Time for last 1,000,000:    4s.  Last read position: 2:138,056,456
INFO	2025-02-22 08:11:09	MarkDuplicates	Tracking 502172 as yet unmatched pairs. 30026 records in RAM.
INFO	2025-02-22 08:11:15	MarkDuplicates	Read    24,000,000 records.  Elapsed time: 00:01:56s.  Time for last 1,000,000:    6s.  Last read position: 2:194,742,130
INFO	2025-02-22 08:11:15	MarkDuplicates	Tracking 504899 as yet unmatched pairs. 13881 records in RAM.
INFO	2025-02-22 08:11:19	MarkDuplicates	Read    25,000,000 records.  Elapsed time: 00:01:59s.  Time for last 1,000,000:    3s.  Last read position: 20:11,521,303
INFO	2025-02-22 08:11:19	MarkDuplicates	Tracking 506067 as yet unmatched pairs. 18085 records in RAM.
INFO	2025-02-22 08:11:23	MarkDuplicates	Read    26,000,000 records.  Elapsed time: 00:02:04s.  Time for last 1,000,000:    4s.  Last read position: 21:7,258,554
INFO	2025-02-22 08:11:23	MarkDuplicates	Tracking 506953 as yet unmatched pairs. 13802 records in RAM.
INFO	2025-02-22 08:11:28	MarkDuplicates	Read    27,000,000 records.  Elapsed time: 00:02:08s.  Time for last 1,000,000:    4s.  Last read position: 22:37,278,954
INFO	2025-02-22 08:11:28	MarkDuplicates	Tracking 505724 as yet unmatched pairs. 2912 records in RAM.
INFO	2025-02-22 08:11:32	MarkDuplicates	Read    28,000,000 records.  Elapsed time: 00:02:13s.  Time for last 1,000,000:    4s.  Last read position: 3:51,325,031
INFO	2025-02-22 08:11:32	MarkDuplicates	Tracking 503296 as yet unmatched pairs. 58807 records in RAM.
INFO	2025-02-22 08:11:37	MarkDuplicates	Read    29,000,000 records.  Elapsed time: 00:02:17s.  Time for last 1,000,000:    4s.  Last read position: 3:104,469,428
INFO	2025-02-22 08:11:37	MarkDuplicates	Tracking 500916 as yet unmatched pairs. 40475 records in RAM.
INFO	2025-02-22 08:11:42	MarkDuplicates	Read    30,000,000 records.  Elapsed time: 00:02:22s.  Time for last 1,000,000:    4s.  Last read position: 3:157,823,180
INFO	2025-02-22 08:11:42	MarkDuplicates	Tracking 495833 as yet unmatched pairs. 20484 records in RAM.
INFO	2025-02-22 08:11:47	MarkDuplicates	Read    31,000,000 records.  Elapsed time: 00:02:27s.  Time for last 1,000,000:    5s.  Last read position: 4:1,247,819
INFO	2025-02-22 08:11:47	MarkDuplicates	Tracking 489918 as yet unmatched pairs. 70924 records in RAM.
INFO	2025-02-22 08:11:53	MarkDuplicates	Read    32,000,000 records.  Elapsed time: 00:02:33s.  Time for last 1,000,000:    6s.  Last read position: 4:54,183,017
INFO	2025-02-22 08:11:53	MarkDuplicates	Tracking 482521 as yet unmatched pairs. 50449 records in RAM.
INFO	2025-02-22 08:12:01	MarkDuplicates	Read    33,000,000 records.  Elapsed time: 00:02:41s.  Time for last 1,000,000:    8s.  Last read position: 4:99,860,808
INFO	2025-02-22 08:12:01	MarkDuplicates	Tracking 473026 as yet unmatched pairs. 28324 records in RAM.
INFO	2025-02-22 08:12:05	MarkDuplicates	Read    34,000,000 records.  Elapsed time: 00:02:45s.  Time for last 1,000,000:    3s.  Last read position: 4:175,087,407
INFO	2025-02-22 08:12:05	MarkDuplicates	Tracking 462181 as yet unmatched pairs. 4819 records in RAM.
INFO	2025-02-22 08:12:10	MarkDuplicates	Read    35,000,000 records.  Elapsed time: 00:02:50s.  Time for last 1,000,000:    4s.  Last read position: 5:44,506,760
INFO	2025-02-22 08:12:10	MarkDuplicates	Tracking 450629 as yet unmatched pairs. 67605 records in RAM.
INFO	2025-02-22 08:12:14	MarkDuplicates	Read    36,000,000 records.  Elapsed time: 00:02:54s.  Time for last 1,000,000:    4s.  Last read position: 5:90,579,017
INFO	2025-02-22 08:12:14	MarkDuplicates	Tracking 437159 as yet unmatched pairs. 43551 records in RAM.
INFO	2025-02-22 08:12:18	MarkDuplicates	Read    37,000,000 records.  Elapsed time: 00:02:59s.  Time for last 1,000,000:    4s.  Last read position: 5:141,128,075
INFO	2025-02-22 08:12:18	MarkDuplicates	Tracking 422635 as yet unmatched pairs. 18777 records in RAM.
INFO	2025-02-22 08:12:23	MarkDuplicates	Read    38,000,000 records.  Elapsed time: 00:03:04s.  Time for last 1,000,000:    5s.  Last read position: 6:15,068,476
INFO	2025-02-22 08:12:23	MarkDuplicates	Tracking 406424 as yet unmatched pairs. 81175 records in RAM.
INFO	2025-02-22 08:12:30	MarkDuplicates	Read    39,000,000 records.  Elapsed time: 00:03:11s.  Time for last 1,000,000:    6s.  Last read position: 6:67,833,715
INFO	2025-02-22 08:12:30	MarkDuplicates	Tracking 388557 as yet unmatched pairs. 55300 records in RAM.
INFO	2025-02-22 08:12:34	MarkDuplicates	Read    40,000,000 records.  Elapsed time: 00:03:14s.  Time for last 1,000,000:    3s.  Last read position: 6:119,628,965
INFO	2025-02-22 08:12:34	MarkDuplicates	Tracking 370130 as yet unmatched pairs. 28859 records in RAM.
INFO	2025-02-22 08:12:38	MarkDuplicates	Read    41,000,000 records.  Elapsed time: 00:03:18s.  Time for last 1,000,000:    3s.  Last read position: 6:169,110,434
INFO	2025-02-22 08:12:38	MarkDuplicates	Tracking 350116 as yet unmatched pairs. 773 records in RAM.
INFO	2025-02-22 08:12:43	MarkDuplicates	Read    42,000,000 records.  Elapsed time: 00:03:23s.  Time for last 1,000,000:    4s.  Last read position: 7:52,512,953
INFO	2025-02-22 08:12:43	MarkDuplicates	Tracking 328218 as yet unmatched pairs. 79159 records in RAM.
INFO	2025-02-22 08:12:47	MarkDuplicates	Read    43,000,000 records.  Elapsed time: 00:03:28s.  Time for last 1,000,000:    4s.  Last read position: 7:96,663,689
INFO	2025-02-22 08:12:47	MarkDuplicates	Tracking 305047 as yet unmatched pairs. 50476 records in RAM.
INFO	2025-02-22 08:12:52	MarkDuplicates	Read    44,000,000 records.  Elapsed time: 00:03:32s.  Time for last 1,000,000:    4s.  Last read position: 7:137,208,784
INFO	2025-02-22 08:12:52	MarkDuplicates	Tracking 280636 as yet unmatched pairs. 20547 records in RAM.
INFO	2025-02-22 08:12:57	MarkDuplicates	Read    45,000,000 records.  Elapsed time: 00:03:37s.  Time for last 1,000,000:    5s.  Last read position: 8:28,659,785
INFO	2025-02-22 08:12:57	MarkDuplicates	Tracking 255004 as yet unmatched pairs. 83418 records in RAM.
INFO	2025-02-22 08:13:02	MarkDuplicates	Read    46,000,000 records.  Elapsed time: 00:03:42s.  Time for last 1,000,000:    4s.  Last read position: 8:76,869,670
INFO	2025-02-22 08:13:02	MarkDuplicates	Tracking 227870 as yet unmatched pairs. 52843 records in RAM.
INFO	2025-02-22 08:13:08	MarkDuplicates	Read    47,000,000 records.  Elapsed time: 00:03:49s.  Time for last 1,000,000:    6s.  Last read position: 8:117,286,688
INFO	2025-02-22 08:13:08	MarkDuplicates	Tracking 199759 as yet unmatched pairs. 21238 records in RAM.
INFO	2025-02-22 08:13:13	MarkDuplicates	Read    48,000,000 records.  Elapsed time: 00:03:54s.  Time for last 1,000,000:    4s.  Last read position: 9:17,884,286
INFO	2025-02-22 08:13:13	MarkDuplicates	Tracking 170094 as yet unmatched pairs. 65901 records in RAM.
INFO	2025-02-22 08:13:21	MarkDuplicates	Read    49,000,000 records.  Elapsed time: 00:04:02s.  Time for last 1,000,000:    7s.  Last read position: 9:85,564,383
INFO	2025-02-22 08:13:21	MarkDuplicates	Tracking 138125 as yet unmatched pairs. 31771 records in RAM.
INFO	2025-02-22 08:13:25	MarkDuplicates	Read    50,000,000 records.  Elapsed time: 00:04:06s.  Time for last 1,000,000:    4s.  Last read position: MT:3,932
INFO	2025-02-22 08:13:25	MarkDuplicates	Tracking 106890 as yet unmatched pairs. 10718 records in RAM.
INFO	2025-02-22 08:13:30	MarkDuplicates	Read    51,000,000 records.  Elapsed time: 00:04:10s.  Time for last 1,000,000:    4s.  Last read position: X:61,952,777
INFO	2025-02-22 08:13:30	MarkDuplicates	Tracking 71202 as yet unmatched pairs. 40793 records in RAM.
INFO	2025-02-22 08:13:34	MarkDuplicates	Read    52,000,000 records.  Elapsed time: 00:04:15s.  Time for last 1,000,000:    4s.  Last read position: X:146,159,306
INFO	2025-02-22 08:13:34	MarkDuplicates	Tracking 35201 as yet unmatched pairs. 4087 records in RAM.
INFO	2025-02-22 08:13:38	MarkDuplicates	Read 52720684 records. 0 pairs never matched.
INFO	2025-02-22 08:13:40	MarkDuplicates	After buildSortedReadEndLists freeMemory: 526049640; totalMemory: 536870912; maxMemory: 2147483648
INFO	2025-02-22 08:13:40	MarkDuplicates	Will retain up to 67108864 duplicate indices before spilling to disk.
INFO	2025-02-22 08:13:40	MarkDuplicates	Traversing read pair information and detecting duplicates.
INFO	2025-02-22 08:13:52	MarkDuplicates	Traversing fragment information and detecting duplicates.
INFO	2025-02-22 08:14:08	MarkDuplicates	Sorting list of duplicate records.
INFO	2025-02-22 08:14:08	MarkDuplicates	After generateDuplicateIndexes freeMemory: 910067848; totalMemory: 1458569216; maxMemory: 2147483648
INFO	2025-02-22 08:14:08	MarkDuplicates	Marking 3903765 records as duplicates.
INFO	2025-02-22 08:14:08	MarkDuplicates	Found 0 optical duplicate clusters.
INFO	2025-02-22 08:14:08	MarkDuplicates	Reads are assumed to be ordered by: coordinate
INFO	2025-02-22 08:16:21	MarkDuplicates	Written    10,000,000 records.  Elapsed time: 00:02:12s.  Time for last 10,000,000:  132s.  Last read position: 12:120,969,264
INFO	2025-02-22 08:18:33	MarkDuplicates	Written    20,000,000 records.  Elapsed time: 00:04:25s.  Time for last 10,000,000:  132s.  Last read position: 2:53,343,869
INFO	2025-02-22 08:20:46	MarkDuplicates	Written    30,000,000 records.  Elapsed time: 00:06:37s.  Time for last 10,000,000:  132s.  Last read position: 4:66,942,647
INFO	2025-02-22 08:22:57	MarkDuplicates	Written    40,000,000 records.  Elapsed time: 00:08:49s.  Time for last 10,000,000:  131s.  Last read position: 7:106,209,171
INFO	2025-02-22 08:24:52	MarkDuplicates	Writing complete. Closing input iterator.
INFO	2025-02-22 08:24:52	MarkDuplicates	Duplicate Index cleanup.
INFO	2025-02-22 08:24:52	MarkDuplicates	Getting Memory Stats.
INFO	2025-02-22 08:24:53	MarkDuplicates	Before output close freeMemory: 525793024; totalMemory: 536870912; maxMemory: 2147483648
INFO	2025-02-22 08:24:53	MarkDuplicates	Closed outputs. Getting more Memory Stats.
INFO	2025-02-22 08:24:53	MarkDuplicates	After output close freeMemory: 525793024; totalMemory: 536870912; maxMemory: 2147483648
[Sat Feb 22 08:24:53 CET 2025] picard.sam.markduplicates.MarkDuplicates done. Elapsed time: 15.57 minutes.
Runtime.totalMemory()=536870912
