INFO	2025-02-22 06:38:55	MarkDuplicates	

********** NOTE: Picard's command line syntax is changing.
**********
********** For more information, please see:
********** 
https://github.com/broadinstitute/picard/wiki/Command-Line-Syntax-Transition-For-Users-(Pre-Transition)
**********
********** The command line looks like this in the new syntax:
**********
**********    MarkDuplicates -I results/alignment/SRR18590303.sorted.bam -O results/alignment/SRR18590303.dedup.bam -M results/alignment/SRR18590303.dedup.metrics.txt -REMOVE_DUPLICATES true -VALIDATION_STRINGENCY LENIENT
**********


06:38:56.039 INFO  NativeLibraryLoader - Loading libgkl_compression.so from jar:file:/beegfs/scratch/ric.broccoli/kubacki.michal/conda_envs/snakemake/share/picard-3.3.0-0/picard.jar!/com/intel/gkl/native/libgkl_compression.so
[Sat Feb 22 06:38:56 CET 2025] MarkDuplicates INPUT=[results/alignment/SRR18590303.sorted.bam] OUTPUT=results/alignment/SRR18590303.dedup.bam METRICS_FILE=results/alignment/SRR18590303.dedup.metrics.txt REMOVE_DUPLICATES=true VALIDATION_STRINGENCY=LENIENT    MAX_SEQUENCES_FOR_DISK_READ_ENDS_MAP=50000 MAX_FILE_HANDLES_FOR_READ_ENDS_MAP=8000 SORTING_COLLECTION_SIZE_RATIO=0.25 TAG_DUPLICATE_SET_MEMBERS=false REMOVE_SEQUENCING_DUPLICATES=false TAGGING_POLICY=DontTag CLEAR_DT=true DUPLEX_UMI=false FLOW_MODE=false FLOW_DUP_STRATEGY=FLOW_QUALITY_SUM_STRATEGY FLOW_USE_END_IN_UNPAIRED_READS=false FLOW_USE_UNPAIRED_CLIPPED_END=false FLOW_UNPAIRED_END_UNCERTAINTY=0 FLOW_UNPAIRED_START_UNCERTAINTY=0 FLOW_SKIP_FIRST_N_FLOWS=0 FLOW_Q_IS_KNOWN_END=false FLOW_EFFECTIVE_QUALITY_THRESHOLD=15 ADD_PG_TAG_TO_READS=true ASSUME_SORTED=false DUPLICATE_SCORING_STRATEGY=SUM_OF_BASE_QUALITIES PROGRAM_RECORD_ID=MarkDuplicates PROGRAM_GROUP_NAME=MarkDuplicates READ_NAME_REGEX=<optimized capture of last three ':' separated fields as numeric values> OPTICAL_DUPLICATE_PIXEL_DISTANCE=100 MAX_OPTICAL_DUPLICATE_SET_SIZE=300000 VERBOSITY=INFO QUIET=false COMPRESSION_LEVEL=5 MAX_RECORDS_IN_RAM=500000 CREATE_INDEX=false CREATE_MD5_FILE=false USE_JDK_DEFLATER=false USE_JDK_INFLATER=false
[Sat Feb 22 06:38:56 CET 2025] Executing as kubacki.michal@srcn08 on Linux 4.18.0-553.el8_10.x86_64 amd64; OpenJDK 64-Bit Server VM 23.0.1-internal-adhoc.conda.src; Deflater: Intel; Inflater: Intel; Provider GCS is available; Picard version: 3.3.0
INFO	2025-02-22 06:38:56	MarkDuplicates	Start of doWork freeMemory: 526696176; totalMemory: 536870912; maxMemory: 2147483648
INFO	2025-02-22 06:38:56	MarkDuplicates	Reading input file and constructing read end information.
INFO	2025-02-22 06:38:56	MarkDuplicates	Will retain up to 7780737 data points before spilling to disk.
WARNING	2025-02-22 06:38:56	AbstractOpticalDuplicateFinderCommandLineProgram	A field field parsed out of a read name was expected to contain an integer and did not. Read name: SRR18590303.23922097. Cause: String 'SRR18590303.23922097' did not start with a parsable number.
INFO	2025-02-22 06:39:01	MarkDuplicates	Read     1,000,000 records.  Elapsed time: 00:00:05s.  Time for last 1,000,000:    5s.  Last read position: 1:63,182,868
INFO	2025-02-22 06:39:01	MarkDuplicates	Tracking 23766 as yet unmatched pairs. 1685 records in RAM.
INFO	2025-02-22 06:39:05	MarkDuplicates	Read     2,000,000 records.  Elapsed time: 00:00:09s.  Time for last 1,000,000:    3s.  Last read position: 1:118,812,612
INFO	2025-02-22 06:39:05	MarkDuplicates	Tracking 45572 as yet unmatched pairs. 2224 records in RAM.
INFO	2025-02-22 06:39:09	MarkDuplicates	Read     3,000,000 records.  Elapsed time: 00:00:12s.  Time for last 1,000,000:    3s.  Last read position: 1:178,091,217
INFO	2025-02-22 06:39:09	MarkDuplicates	Tracking 67879 as yet unmatched pairs. 1892 records in RAM.
INFO	2025-02-22 06:39:13	MarkDuplicates	Read     4,000,000 records.  Elapsed time: 00:00:16s.  Time for last 1,000,000:    3s.  Last read position: 1:238,469,666
INFO	2025-02-22 06:39:13	MarkDuplicates	Tracking 87720 as yet unmatched pairs. 339 records in RAM.
INFO	2025-02-22 06:39:17	MarkDuplicates	Read     5,000,000 records.  Elapsed time: 00:00:20s.  Time for last 1,000,000:    4s.  Last read position: 10:64,387,683
INFO	2025-02-22 06:39:17	MarkDuplicates	Tracking 106957 as yet unmatched pairs. 2665 records in RAM.
INFO	2025-02-22 06:39:21	MarkDuplicates	Read     6,000,000 records.  Elapsed time: 00:00:24s.  Time for last 1,000,000:    4s.  Last read position: 10:126,054,455
INFO	2025-02-22 06:39:21	MarkDuplicates	Tracking 125248 as yet unmatched pairs. 300 records in RAM.
INFO	2025-02-22 06:39:25	MarkDuplicates	Read     7,000,000 records.  Elapsed time: 00:00:29s.  Time for last 1,000,000:    4s.  Last read position: 11:65,311,908
INFO	2025-02-22 06:39:25	MarkDuplicates	Tracking 142723 as yet unmatched pairs. 3901 records in RAM.
INFO	2025-02-22 06:39:33	MarkDuplicates	Read     8,000,000 records.  Elapsed time: 00:00:36s.  Time for last 1,000,000:    7s.  Last read position: 11:126,829,597
INFO	2025-02-22 06:39:33	MarkDuplicates	Tracking 158838 as yet unmatched pairs. 463 records in RAM.
INFO	2025-02-22 06:39:37	MarkDuplicates	Read     9,000,000 records.  Elapsed time: 00:00:40s.  Time for last 1,000,000:    3s.  Last read position: 12:76,172,976
INFO	2025-02-22 06:39:37	MarkDuplicates	Tracking 174081 as yet unmatched pairs. 2772 records in RAM.
INFO	2025-02-22 06:39:40	MarkDuplicates	Read    10,000,000 records.  Elapsed time: 00:00:44s.  Time for last 1,000,000:    3s.  Last read position: 13:48,239,933
INFO	2025-02-22 06:39:40	MarkDuplicates	Tracking 188779 as yet unmatched pairs. 3569 records in RAM.
INFO	2025-02-22 06:39:45	MarkDuplicates	Read    11,000,000 records.  Elapsed time: 00:00:48s.  Time for last 1,000,000:    4s.  Last read position: 14:40,703,429
INFO	2025-02-22 06:39:45	MarkDuplicates	Tracking 202231 as yet unmatched pairs. 3996 records in RAM.
INFO	2025-02-22 06:39:49	MarkDuplicates	Read    12,000,000 records.  Elapsed time: 00:00:52s.  Time for last 1,000,000:    4s.  Last read position: 15:36,188,360
INFO	2025-02-22 06:39:49	MarkDuplicates	Tracking 214569 as yet unmatched pairs. 7634 records in RAM.
INFO	2025-02-22 06:39:54	MarkDuplicates	Read    13,000,000 records.  Elapsed time: 00:00:57s.  Time for last 1,000,000:    4s.  Last read position: 15:86,777,909
INFO	2025-02-22 06:39:54	MarkDuplicates	Tracking 225492 as yet unmatched pairs. 1800 records in RAM.
INFO	2025-02-22 06:39:58	MarkDuplicates	Read    14,000,000 records.  Elapsed time: 00:01:01s.  Time for last 1,000,000:    4s.  Last read position: 16:55,393,265
INFO	2025-02-22 06:39:58	MarkDuplicates	Tracking 236325 as yet unmatched pairs. 3975 records in RAM.
INFO	2025-02-22 06:40:03	MarkDuplicates	Read    15,000,000 records.  Elapsed time: 00:01:06s.  Time for last 1,000,000:    4s.  Last read position: 17:22,337,274
INFO	2025-02-22 06:40:03	MarkDuplicates	Tracking 245345 as yet unmatched pairs. 9352 records in RAM.
INFO	2025-02-22 06:40:10	MarkDuplicates	Read    16,000,000 records.  Elapsed time: 00:01:13s.  Time for last 1,000,000:    6s.  Last read position: 17:69,353,009
INFO	2025-02-22 06:40:10	MarkDuplicates	Tracking 253839 as yet unmatched pairs. 2124 records in RAM.
INFO	2025-02-22 06:40:17	MarkDuplicates	Read    17,000,000 records.  Elapsed time: 00:01:21s.  Time for last 1,000,000:    7s.  Last read position: 18:51,007,199
INFO	2025-02-22 06:40:17	MarkDuplicates	Tracking 261311 as yet unmatched pairs. 2555 records in RAM.
INFO	2025-02-22 06:40:21	MarkDuplicates	Read    18,000,000 records.  Elapsed time: 00:01:25s.  Time for last 1,000,000:    4s.  Last read position: 19:44,244,848
INFO	2025-02-22 06:40:21	MarkDuplicates	Tracking 267642 as yet unmatched pairs. 1898 records in RAM.
INFO	2025-02-22 06:40:26	MarkDuplicates	Read    19,000,000 records.  Elapsed time: 00:01:29s.  Time for last 1,000,000:    4s.  Last read position: 2:42,757,820
INFO	2025-02-22 06:40:26	MarkDuplicates	Tracking 278486 as yet unmatched pairs. 29677 records in RAM.
INFO	2025-02-22 06:40:30	MarkDuplicates	Read    20,000,000 records.  Elapsed time: 00:01:33s.  Time for last 1,000,000:    4s.  Last read position: 2:108,273,769
INFO	2025-02-22 06:40:30	MarkDuplicates	Tracking 281504 as yet unmatched pairs. 20550 records in RAM.
INFO	2025-02-22 06:40:34	MarkDuplicates	Read    21,000,000 records.  Elapsed time: 00:01:38s.  Time for last 1,000,000:    4s.  Last read position: 2:178,659,535
INFO	2025-02-22 06:40:34	MarkDuplicates	Tracking 283233 as yet unmatched pairs. 10279 records in RAM.
INFO	2025-02-22 06:40:39	MarkDuplicates	Read    22,000,000 records.  Elapsed time: 00:01:42s.  Time for last 1,000,000:    4s.  Last read position: 20:4,533,879
INFO	2025-02-22 06:40:39	MarkDuplicates	Tracking 284294 as yet unmatched pairs. 11823 records in RAM.
INFO	2025-02-22 06:40:43	MarkDuplicates	Read    23,000,000 records.  Elapsed time: 00:01:47s.  Time for last 1,000,000:    4s.  Last read position: 20:63,947,099
INFO	2025-02-22 06:40:43	MarkDuplicates	Tracking 284481 as yet unmatched pairs. 121 records in RAM.
INFO	2025-02-22 06:40:50	MarkDuplicates	Read    24,000,000 records.  Elapsed time: 00:01:53s.  Time for last 1,000,000:    6s.  Last read position: 22:44,570,058
INFO	2025-02-22 06:40:50	MarkDuplicates	Tracking 283689 as yet unmatched pairs. 753 records in RAM.
INFO	2025-02-22 06:40:54	MarkDuplicates	Read    25,000,000 records.  Elapsed time: 00:01:57s.  Time for last 1,000,000:    4s.  Last read position: 3:64,274,944
INFO	2025-02-22 06:40:54	MarkDuplicates	Tracking 281775 as yet unmatched pairs. 30516 records in RAM.
INFO	2025-02-22 06:40:58	MarkDuplicates	Read    26,000,000 records.  Elapsed time: 00:02:02s.  Time for last 1,000,000:    4s.  Last read position: 3:124,558,868
INFO	2025-02-22 06:40:58	MarkDuplicates	Tracking 279926 as yet unmatched pairs. 18524 records in RAM.
INFO	2025-02-22 06:41:02	MarkDuplicates	Read    27,000,000 records.  Elapsed time: 00:02:06s.  Time for last 1,000,000:    4s.  Last read position: 3:183,134,705
INFO	2025-02-22 06:41:02	MarkDuplicates	Tracking 275968 as yet unmatched pairs. 5213 records in RAM.
INFO	2025-02-22 06:41:07	MarkDuplicates	Read    28,000,000 records.  Elapsed time: 00:02:10s.  Time for last 1,000,000:    4s.  Last read position: 4:40,496,521
INFO	2025-02-22 06:41:07	MarkDuplicates	Tracking 270953 as yet unmatched pairs. 31679 records in RAM.
INFO	2025-02-22 06:41:11	MarkDuplicates	Read    29,000,000 records.  Elapsed time: 00:02:15s.  Time for last 1,000,000:    4s.  Last read position: 4:86,860,525
INFO	2025-02-22 06:41:11	MarkDuplicates	Tracking 264917 as yet unmatched pairs. 17491 records in RAM.
INFO	2025-02-22 06:41:16	MarkDuplicates	Read    30,000,000 records.  Elapsed time: 00:02:19s.  Time for last 1,000,000:    4s.  Last read position: 4:175,288,014
INFO	2025-02-22 06:41:16	MarkDuplicates	Tracking 258078 as yet unmatched pairs. 2614 records in RAM.
INFO	2025-02-22 06:41:21	MarkDuplicates	Read    31,000,000 records.  Elapsed time: 00:02:25s.  Time for last 1,000,000:    5s.  Last read position: 5:49,786,512
INFO	2025-02-22 06:41:21	MarkDuplicates	Tracking 250056 as yet unmatched pairs. 35346 records in RAM.
INFO	2025-02-22 06:41:27	MarkDuplicates	Read    32,000,000 records.  Elapsed time: 00:02:31s.  Time for last 1,000,000:    6s.  Last read position: 5:107,128,627
INFO	2025-02-22 06:41:27	MarkDuplicates	Tracking 241553 as yet unmatched pairs. 20233 records in RAM.
INFO	2025-02-22 06:41:35	MarkDuplicates	Read    33,000,000 records.  Elapsed time: 00:02:38s.  Time for last 1,000,000:    7s.  Last read position: 5:167,503,299
INFO	2025-02-22 06:41:35	MarkDuplicates	Tracking 231444 as yet unmatched pairs. 3720 records in RAM.
INFO	2025-02-22 06:41:39	MarkDuplicates	Read    34,000,000 records.  Elapsed time: 00:02:42s.  Time for last 1,000,000:    4s.  Last read position: 6:46,331,673
INFO	2025-02-22 06:41:39	MarkDuplicates	Tracking 220739 as yet unmatched pairs. 36076 records in RAM.
INFO	2025-02-22 06:41:43	MarkDuplicates	Read    35,000,000 records.  Elapsed time: 00:02:47s.  Time for last 1,000,000:    4s.  Last read position: 6:107,899,209
INFO	2025-02-22 06:41:43	MarkDuplicates	Tracking 208819 as yet unmatched pairs. 19222 records in RAM.
INFO	2025-02-22 06:41:47	MarkDuplicates	Read    36,000,000 records.  Elapsed time: 00:02:51s.  Time for last 1,000,000:    4s.  Last read position: 6:164,479,417
INFO	2025-02-22 06:41:47	MarkDuplicates	Tracking 196190 as yet unmatched pairs. 1496 records in RAM.
INFO	2025-02-22 06:41:52	MarkDuplicates	Read    37,000,000 records.  Elapsed time: 00:02:56s.  Time for last 1,000,000:    4s.  Last read position: 7:55,879,121
INFO	2025-02-22 06:41:52	MarkDuplicates	Tracking 182573 as yet unmatched pairs. 43139 records in RAM.
INFO	2025-02-22 06:41:57	MarkDuplicates	Read    38,000,000 records.  Elapsed time: 00:03:00s.  Time for last 1,000,000:    4s.  Last read position: 7:106,486,795
INFO	2025-02-22 06:41:57	MarkDuplicates	Tracking 167883 as yet unmatched pairs. 24945 records in RAM.
INFO	2025-02-22 06:42:03	MarkDuplicates	Read    39,000,000 records.  Elapsed time: 00:03:07s.  Time for last 1,000,000:    6s.  Last read position: 7:148,084,876
INFO	2025-02-22 06:42:03	MarkDuplicates	Tracking 152114 as yet unmatched pairs. 5736 records in RAM.
INFO	2025-02-22 06:42:08	MarkDuplicates	Read    40,000,000 records.  Elapsed time: 00:03:11s.  Time for last 1,000,000:    4s.  Last read position: 8:56,467,245
INFO	2025-02-22 06:42:08	MarkDuplicates	Tracking 135240 as yet unmatched pairs. 38393 records in RAM.
INFO	2025-02-22 06:42:11	MarkDuplicates	Read    41,000,000 records.  Elapsed time: 00:03:15s.  Time for last 1,000,000:    3s.  Last read position: 8:101,467,024
INFO	2025-02-22 06:42:11	MarkDuplicates	Tracking 117505 as yet unmatched pairs. 18438 records in RAM.
INFO	2025-02-22 06:42:16	MarkDuplicates	Read    42,000,000 records.  Elapsed time: 00:03:19s.  Time for last 1,000,000:    4s.  Last read position: 9:6,592,862
INFO	2025-02-22 06:42:16	MarkDuplicates	Tracking 98709 as yet unmatched pairs. 40470 records in RAM.
INFO	2025-02-22 06:42:20	MarkDuplicates	Read    43,000,000 records.  Elapsed time: 00:03:23s.  Time for last 1,000,000:    4s.  Last read position: 9:83,072,196
INFO	2025-02-22 06:42:20	MarkDuplicates	Tracking 78875 as yet unmatched pairs. 19235 records in RAM.
INFO	2025-02-22 06:42:24	MarkDuplicates	Read    44,000,000 records.  Elapsed time: 00:03:28s.  Time for last 1,000,000:    4s.  Last read position: MT:7,589
INFO	2025-02-22 06:42:24	MarkDuplicates	Tracking 58832 as yet unmatched pairs. 5193 records in RAM.
INFO	2025-02-22 06:42:29	MarkDuplicates	Read    45,000,000 records.  Elapsed time: 00:03:33s.  Time for last 1,000,000:    4s.  Last read position: X:81,726,968
INFO	2025-02-22 06:42:29	MarkDuplicates	Tracking 34863 as yet unmatched pairs. 17956 records in RAM.
INFO	2025-02-22 06:42:33	MarkDuplicates	Read    46,000,000 records.  Elapsed time: 00:03:37s.  Time for last 1,000,000:    4s.  Last read position: GL000009.2:140,235
INFO	2025-02-22 06:42:33	MarkDuplicates	Tracking 10878 as yet unmatched pairs. 37 records in RAM.
INFO	2025-02-22 06:42:35	MarkDuplicates	Read 46305312 records. 0 pairs never matched.
INFO	2025-02-22 06:42:40	MarkDuplicates	After buildSortedReadEndLists freeMemory: 525871584; totalMemory: 536870912; maxMemory: 2147483648
INFO	2025-02-22 06:42:40	MarkDuplicates	Will retain up to 67108864 duplicate indices before spilling to disk.
INFO	2025-02-22 06:42:40	MarkDuplicates	Traversing read pair information and detecting duplicates.
INFO	2025-02-22 06:42:51	MarkDuplicates	Traversing fragment information and detecting duplicates.
INFO	2025-02-22 06:43:04	MarkDuplicates	Sorting list of duplicate records.
INFO	2025-02-22 06:43:04	MarkDuplicates	After generateDuplicateIndexes freeMemory: 526268672; totalMemory: 1074790400; maxMemory: 2147483648
INFO	2025-02-22 06:43:04	MarkDuplicates	Marking 3535408 records as duplicates.
INFO	2025-02-22 06:43:04	MarkDuplicates	Found 0 optical duplicate clusters.
INFO	2025-02-22 06:43:05	MarkDuplicates	Reads are assumed to be ordered by: coordinate
INFO	2025-02-22 06:45:14	MarkDuplicates	Written    10,000,000 records.  Elapsed time: 00:02:09s.  Time for last 10,000,000:  129s.  Last read position: 14:24,051,451
INFO	2025-02-22 06:47:23	MarkDuplicates	Written    20,000,000 records.  Elapsed time: 00:04:18s.  Time for last 10,000,000:  128s.  Last read position: 2:225,787,876
INFO	2025-02-22 06:49:32	MarkDuplicates	Written    30,000,000 records.  Elapsed time: 00:06:27s.  Time for last 10,000,000:  128s.  Last read position: 5:137,744,448
INFO	2025-02-22 06:51:40	MarkDuplicates	Written    40,000,000 records.  Elapsed time: 00:08:34s.  Time for last 10,000,000:  127s.  Last read position: 9:102,426,693
INFO	2025-02-22 06:52:15	MarkDuplicates	Writing complete. Closing input iterator.
INFO	2025-02-22 06:52:15	MarkDuplicates	Duplicate Index cleanup.
INFO	2025-02-22 06:52:15	MarkDuplicates	Getting Memory Stats.
INFO	2025-02-22 06:52:15	MarkDuplicates	Before output close freeMemory: 525834664; totalMemory: 536870912; maxMemory: 2147483648
INFO	2025-02-22 06:52:15	MarkDuplicates	Closed outputs. Getting more Memory Stats.
INFO	2025-02-22 06:52:15	MarkDuplicates	After output close freeMemory: 525834664; totalMemory: 536870912; maxMemory: 2147483648
[Sat Feb 22 06:52:15 CET 2025] picard.sam.markduplicates.MarkDuplicates done. Elapsed time: 13.33 minutes.
Runtime.totalMemory()=536870912
