INFO	2025-02-22 09:33:05	MarkDuplicates	

********** NOTE: Picard's command line syntax is changing.
**********
********** For more information, please see:
********** 
https://github.com/broadinstitute/picard/wiki/Command-Line-Syntax-Transition-For-Users-(Pre-Transition)
**********
********** The command line looks like this in the new syntax:
**********
**********    MarkDuplicates -I results/alignment/SRR18590297.sorted.bam -O results/alignment/SRR18590297.dedup.bam -M results/alignment/SRR18590297.dedup.metrics.txt -REMOVE_DUPLICATES true -VALIDATION_STRINGENCY LENIENT
**********


09:33:05.731 INFO  NativeLibraryLoader - Loading libgkl_compression.so from jar:file:/beegfs/scratch/ric.broccoli/kubacki.michal/conda_envs/snakemake/share/picard-3.3.0-0/picard.jar!/com/intel/gkl/native/libgkl_compression.so
[Sat Feb 22 09:33:05 CET 2025] MarkDuplicates INPUT=[results/alignment/SRR18590297.sorted.bam] OUTPUT=results/alignment/SRR18590297.dedup.bam METRICS_FILE=results/alignment/SRR18590297.dedup.metrics.txt REMOVE_DUPLICATES=true VALIDATION_STRINGENCY=LENIENT    MAX_SEQUENCES_FOR_DISK_READ_ENDS_MAP=50000 MAX_FILE_HANDLES_FOR_READ_ENDS_MAP=8000 SORTING_COLLECTION_SIZE_RATIO=0.25 TAG_DUPLICATE_SET_MEMBERS=false REMOVE_SEQUENCING_DUPLICATES=false TAGGING_POLICY=DontTag CLEAR_DT=true DUPLEX_UMI=false FLOW_MODE=false FLOW_DUP_STRATEGY=FLOW_QUALITY_SUM_STRATEGY FLOW_USE_END_IN_UNPAIRED_READS=false FLOW_USE_UNPAIRED_CLIPPED_END=false FLOW_UNPAIRED_END_UNCERTAINTY=0 FLOW_UNPAIRED_START_UNCERTAINTY=0 FLOW_SKIP_FIRST_N_FLOWS=0 FLOW_Q_IS_KNOWN_END=false FLOW_EFFECTIVE_QUALITY_THRESHOLD=15 ADD_PG_TAG_TO_READS=true ASSUME_SORTED=false DUPLICATE_SCORING_STRATEGY=SUM_OF_BASE_QUALITIES PROGRAM_RECORD_ID=MarkDuplicates PROGRAM_GROUP_NAME=MarkDuplicates READ_NAME_REGEX=<optimized capture of last three ':' separated fields as numeric values> OPTICAL_DUPLICATE_PIXEL_DISTANCE=100 MAX_OPTICAL_DUPLICATE_SET_SIZE=300000 VERBOSITY=INFO QUIET=false COMPRESSION_LEVEL=5 MAX_RECORDS_IN_RAM=500000 CREATE_INDEX=false CREATE_MD5_FILE=false USE_JDK_DEFLATER=false USE_JDK_INFLATER=false
[Sat Feb 22 09:33:06 CET 2025] Executing as kubacki.michal@srcn01 on Linux 4.18.0-553.el8_10.x86_64 amd64; OpenJDK 64-Bit Server VM 23.0.1-internal-adhoc.conda.src; Deflater: Intel; Inflater: Intel; Provider GCS is available; Picard version: 3.3.0
INFO	2025-02-22 09:33:06	MarkDuplicates	Start of doWork freeMemory: 526654816; totalMemory: 536870912; maxMemory: 2147483648
INFO	2025-02-22 09:33:06	MarkDuplicates	Reading input file and constructing read end information.
INFO	2025-02-22 09:33:06	MarkDuplicates	Will retain up to 7780737 data points before spilling to disk.
WARNING	2025-02-22 09:33:06	AbstractOpticalDuplicateFinderCommandLineProgram	A field field parsed out of a read name was expected to contain an integer and did not. Read name: SRR18590297.26812083. Cause: String 'SRR18590297.26812083' did not start with a parsable number.
INFO	2025-02-22 09:33:11	MarkDuplicates	Read     1,000,000 records.  Elapsed time: 00:00:05s.  Time for last 1,000,000:    5s.  Last read position: 1:46,622,120
INFO	2025-02-22 09:33:11	MarkDuplicates	Tracking 29188 as yet unmatched pairs. 2144 records in RAM.
INFO	2025-02-22 09:33:16	MarkDuplicates	Read     2,000,000 records.  Elapsed time: 00:00:09s.  Time for last 1,000,000:    4s.  Last read position: 1:96,527,087
INFO	2025-02-22 09:33:16	MarkDuplicates	Tracking 54853 as yet unmatched pairs. 3230 records in RAM.
INFO	2025-02-22 09:33:20	MarkDuplicates	Read     3,000,000 records.  Elapsed time: 00:00:14s.  Time for last 1,000,000:    4s.  Last read position: 1:143,254,174
INFO	2025-02-22 09:33:20	MarkDuplicates	Tracking 86226 as yet unmatched pairs. 9234 records in RAM.
INFO	2025-02-22 09:33:24	MarkDuplicates	Read     4,000,000 records.  Elapsed time: 00:00:17s.  Time for last 1,000,000:    3s.  Last read position: 1:190,507,005
INFO	2025-02-22 09:33:24	MarkDuplicates	Tracking 106191 as yet unmatched pairs. 2936 records in RAM.
INFO	2025-02-22 09:33:28	MarkDuplicates	Read     5,000,000 records.  Elapsed time: 00:00:22s.  Time for last 1,000,000:    4s.  Last read position: 1:238,273,211
INFO	2025-02-22 09:33:28	MarkDuplicates	Tracking 128191 as yet unmatched pairs. 483 records in RAM.
INFO	2025-02-22 09:33:32	MarkDuplicates	Read     6,000,000 records.  Elapsed time: 00:00:26s.  Time for last 1,000,000:    4s.  Last read position: 10:54,206,659
INFO	2025-02-22 09:33:32	MarkDuplicates	Tracking 150910 as yet unmatched pairs. 4521 records in RAM.
INFO	2025-02-22 09:33:37	MarkDuplicates	Read     7,000,000 records.  Elapsed time: 00:00:31s.  Time for last 1,000,000:    4s.  Last read position: 10:101,859,974
INFO	2025-02-22 09:33:37	MarkDuplicates	Tracking 171680 as yet unmatched pairs. 1840 records in RAM.
INFO	2025-02-22 09:33:45	MarkDuplicates	Read     8,000,000 records.  Elapsed time: 00:00:39s.  Time for last 1,000,000:    8s.  Last read position: 11:29,074,769
INFO	2025-02-22 09:33:45	MarkDuplicates	Tracking 192801 as yet unmatched pairs. 7906 records in RAM.
INFO	2025-02-22 09:33:49	MarkDuplicates	Read     9,000,000 records.  Elapsed time: 00:00:43s.  Time for last 1,000,000:    3s.  Last read position: 11:80,625,061
INFO	2025-02-22 09:33:49	MarkDuplicates	Tracking 212308 as yet unmatched pairs. 4621 records in RAM.
INFO	2025-02-22 09:33:53	MarkDuplicates	Read    10,000,000 records.  Elapsed time: 00:00:46s.  Time for last 1,000,000:    3s.  Last read position: 11:130,964,439
INFO	2025-02-22 09:33:53	MarkDuplicates	Tracking 230377 as yet unmatched pairs. 258 records in RAM.
INFO	2025-02-22 09:33:57	MarkDuplicates	Read    11,000,000 records.  Elapsed time: 00:00:51s.  Time for last 1,000,000:    4s.  Last read position: 12:67,016,581
INFO	2025-02-22 09:33:57	MarkDuplicates	Tracking 247966 as yet unmatched pairs. 4604 records in RAM.
INFO	2025-02-22 09:34:01	MarkDuplicates	Read    12,000,000 records.  Elapsed time: 00:00:55s.  Time for last 1,000,000:    4s.  Last read position: 13:23,902,552
INFO	2025-02-22 09:34:01	MarkDuplicates	Tracking 266237 as yet unmatched pairs. 6517 records in RAM.
INFO	2025-02-22 09:34:06	MarkDuplicates	Read    13,000,000 records.  Elapsed time: 00:00:59s.  Time for last 1,000,000:    4s.  Last read position: 13:98,739,954
INFO	2025-02-22 09:34:06	MarkDuplicates	Tracking 281529 as yet unmatched pairs. 1133 records in RAM.
INFO	2025-02-22 09:34:10	MarkDuplicates	Read    14,000,000 records.  Elapsed time: 00:01:04s.  Time for last 1,000,000:    4s.  Last read position: 14:73,626,729
INFO	2025-02-22 09:34:10	MarkDuplicates	Tracking 297668 as yet unmatched pairs. 2736 records in RAM.
INFO	2025-02-22 09:34:15	MarkDuplicates	Read    15,000,000 records.  Elapsed time: 00:01:09s.  Time for last 1,000,000:    5s.  Last read position: 15:48,297,935
INFO	2025-02-22 09:34:15	MarkDuplicates	Tracking 312196 as yet unmatched pairs. 9623 records in RAM.
INFO	2025-02-22 09:34:22	MarkDuplicates	Read    16,000,000 records.  Elapsed time: 00:01:16s.  Time for last 1,000,000:    6s.  Last read position: 15:85,836,201
INFO	2025-02-22 09:34:22	MarkDuplicates	Tracking 324701 as yet unmatched pairs. 2843 records in RAM.
INFO	2025-02-22 09:34:30	MarkDuplicates	Read    17,000,000 records.  Elapsed time: 00:01:23s.  Time for last 1,000,000:    7s.  Last read position: 16:47,270,014
INFO	2025-02-22 09:34:30	MarkDuplicates	Tracking 337825 as yet unmatched pairs. 8002 records in RAM.
INFO	2025-02-22 09:34:34	MarkDuplicates	Read    18,000,000 records.  Elapsed time: 00:01:28s.  Time for last 1,000,000:    4s.  Last read position: 17:2,283,222
INFO	2025-02-22 09:34:34	MarkDuplicates	Tracking 348355 as yet unmatched pairs. 18794 records in RAM.
INFO	2025-02-22 09:34:38	MarkDuplicates	Read    19,000,000 records.  Elapsed time: 00:01:32s.  Time for last 1,000,000:    4s.  Last read position: 17:41,466,224
INFO	2025-02-22 09:34:38	MarkDuplicates	Tracking 358562 as yet unmatched pairs. 10774 records in RAM.
INFO	2025-02-22 09:34:42	MarkDuplicates	Read    20,000,000 records.  Elapsed time: 00:01:36s.  Time for last 1,000,000:    4s.  Last read position: 17:76,080,344
INFO	2025-02-22 09:34:42	MarkDuplicates	Tracking 367392 as yet unmatched pairs. 1906 records in RAM.
INFO	2025-02-22 09:34:47	MarkDuplicates	Read    21,000,000 records.  Elapsed time: 00:01:40s.  Time for last 1,000,000:    4s.  Last read position: 18:47,733,021
INFO	2025-02-22 09:34:47	MarkDuplicates	Tracking 375863 as yet unmatched pairs. 4041 records in RAM.
INFO	2025-02-22 09:34:51	MarkDuplicates	Read    22,000,000 records.  Elapsed time: 00:01:45s.  Time for last 1,000,000:    4s.  Last read position: 19:28,887,481
INFO	2025-02-22 09:34:51	MarkDuplicates	Tracking 382994 as yet unmatched pairs. 6164 records in RAM.
INFO	2025-02-22 09:34:57	MarkDuplicates	Read    23,000,000 records.  Elapsed time: 00:01:50s.  Time for last 1,000,000:    5s.  Last read position: 2:24,867,701
INFO	2025-02-22 09:34:57	MarkDuplicates	Tracking 388934 as yet unmatched pairs. 67139 records in RAM.
INFO	2025-02-22 09:35:03	MarkDuplicates	Read    24,000,000 records.  Elapsed time: 00:01:57s.  Time for last 1,000,000:    6s.  Last read position: 2:67,160,614
INFO	2025-02-22 09:35:03	MarkDuplicates	Tracking 401232 as yet unmatched pairs. 38044 records in RAM.
INFO	2025-02-22 09:35:07	MarkDuplicates	Read    25,000,000 records.  Elapsed time: 00:02:01s.  Time for last 1,000,000:    3s.  Last read position: 2:123,594,601
INFO	2025-02-22 09:35:07	MarkDuplicates	Tracking 404061 as yet unmatched pairs. 26245 records in RAM.
INFO	2025-02-22 09:35:12	MarkDuplicates	Read    26,000,000 records.  Elapsed time: 00:02:05s.  Time for last 1,000,000:    4s.  Last read position: 2:181,267,631
INFO	2025-02-22 09:35:12	MarkDuplicates	Tracking 405299 as yet unmatched pairs. 14299 records in RAM.
INFO	2025-02-22 09:35:16	MarkDuplicates	Read    27,000,000 records.  Elapsed time: 00:02:10s.  Time for last 1,000,000:    4s.  Last read position: 2:235,930,564
INFO	2025-02-22 09:35:16	MarkDuplicates	Tracking 405948 as yet unmatched pairs. 1481 records in RAM.
INFO	2025-02-22 09:35:20	MarkDuplicates	Read    28,000,000 records.  Elapsed time: 00:02:14s.  Time for last 1,000,000:    4s.  Last read position: 20:45,329,753
INFO	2025-02-22 09:35:20	MarkDuplicates	Tracking 405766 as yet unmatched pairs. 6455 records in RAM.
INFO	2025-02-22 09:35:25	MarkDuplicates	Read    29,000,000 records.  Elapsed time: 00:02:19s.  Time for last 1,000,000:    4s.  Last read position: 21:37,566,556
INFO	2025-02-22 09:35:25	MarkDuplicates	Tracking 406743 as yet unmatched pairs. 2780 records in RAM.
INFO	2025-02-22 09:35:30	MarkDuplicates	Read    30,000,000 records.  Elapsed time: 00:02:24s.  Time for last 1,000,000:    5s.  Last read position: 3:17,663,742
INFO	2025-02-22 09:35:30	MarkDuplicates	Tracking 402117 as yet unmatched pairs. 55119 records in RAM.
INFO	2025-02-22 09:35:35	MarkDuplicates	Read    31,000,000 records.  Elapsed time: 00:02:29s.  Time for last 1,000,000:    4s.  Last read position: 3:71,748,226
INFO	2025-02-22 09:35:35	MarkDuplicates	Tracking 398924 as yet unmatched pairs. 41342 records in RAM.
INFO	2025-02-22 09:35:42	MarkDuplicates	Read    32,000,000 records.  Elapsed time: 00:02:35s.  Time for last 1,000,000:    6s.  Last read position: 3:123,695,046
INFO	2025-02-22 09:35:42	MarkDuplicates	Tracking 395769 as yet unmatched pairs. 27075 records in RAM.
INFO	2025-02-22 09:35:49	MarkDuplicates	Read    33,000,000 records.  Elapsed time: 00:02:43s.  Time for last 1,000,000:    7s.  Last read position: 3:173,571,433
INFO	2025-02-22 09:35:49	MarkDuplicates	Tracking 390565 as yet unmatched pairs. 11512 records in RAM.
INFO	2025-02-22 09:35:53	MarkDuplicates	Read    34,000,000 records.  Elapsed time: 00:02:47s.  Time for last 1,000,000:    4s.  Last read position: 4:16,778,810
INFO	2025-02-22 09:35:53	MarkDuplicates	Tracking 384418 as yet unmatched pairs. 49872 records in RAM.
INFO	2025-02-22 09:35:57	MarkDuplicates	Read    35,000,000 records.  Elapsed time: 00:02:51s.  Time for last 1,000,000:    4s.  Last read position: 4:59,835,960
INFO	2025-02-22 09:35:57	MarkDuplicates	Tracking 377572 as yet unmatched pairs. 33972 records in RAM.
INFO	2025-02-22 09:36:02	MarkDuplicates	Read    36,000,000 records.  Elapsed time: 00:02:55s.  Time for last 1,000,000:    4s.  Last read position: 4:114,379,529
INFO	2025-02-22 09:36:02	MarkDuplicates	Tracking 370344 as yet unmatched pairs. 17743 records in RAM.
INFO	2025-02-22 09:36:07	MarkDuplicates	Read    37,000,000 records.  Elapsed time: 00:03:00s.  Time for last 1,000,000:    4s.  Last read position: 5:168,143
INFO	2025-02-22 09:36:07	MarkDuplicates	Tracking 361873 as yet unmatched pairs. 66659 records in RAM.
INFO	2025-02-22 09:36:11	MarkDuplicates	Read    38,000,000 records.  Elapsed time: 00:03:05s.  Time for last 1,000,000:    4s.  Last read position: 5:52,583,021
INFO	2025-02-22 09:36:11	MarkDuplicates	Tracking 352148 as yet unmatched pairs. 49618 records in RAM.
INFO	2025-02-22 09:36:18	MarkDuplicates	Read    39,000,000 records.  Elapsed time: 00:03:12s.  Time for last 1,000,000:    6s.  Last read position: 5:98,510,238
INFO	2025-02-22 09:36:18	MarkDuplicates	Tracking 341202 as yet unmatched pairs. 31547 records in RAM.
INFO	2025-02-22 09:36:22	MarkDuplicates	Read    40,000,000 records.  Elapsed time: 00:03:16s.  Time for last 1,000,000:    3s.  Last read position: 5:148,152,730
INFO	2025-02-22 09:36:22	MarkDuplicates	Tracking 329978 as yet unmatched pairs. 12979 records in RAM.
INFO	2025-02-22 09:36:26	MarkDuplicates	Read    41,000,000 records.  Elapsed time: 00:03:20s.  Time for last 1,000,000:    4s.  Last read position: 6:16,966,600
INFO	2025-02-22 09:36:26	MarkDuplicates	Tracking 316981 as yet unmatched pairs. 62356 records in RAM.
INFO	2025-02-22 09:36:31	MarkDuplicates	Read    42,000,000 records.  Elapsed time: 00:03:25s.  Time for last 1,000,000:    4s.  Last read position: 6:65,464,707
INFO	2025-02-22 09:36:31	MarkDuplicates	Tracking 303018 as yet unmatched pairs. 42842 records in RAM.
INFO	2025-02-22 09:36:35	MarkDuplicates	Read    43,000,000 records.  Elapsed time: 00:03:29s.  Time for last 1,000,000:    4s.  Last read position: 6:116,530,191
INFO	2025-02-22 09:36:35	MarkDuplicates	Tracking 288907 as yet unmatched pairs. 23088 records in RAM.
INFO	2025-02-22 09:36:40	MarkDuplicates	Read    44,000,000 records.  Elapsed time: 00:03:33s.  Time for last 1,000,000:    4s.  Last read position: 6:163,367,947
INFO	2025-02-22 09:36:40	MarkDuplicates	Tracking 273775 as yet unmatched pairs. 2550 records in RAM.
INFO	2025-02-22 09:36:45	MarkDuplicates	Read    45,000,000 records.  Elapsed time: 00:03:39s.  Time for last 1,000,000:    5s.  Last read position: 7:44,403,658
INFO	2025-02-22 09:36:45	MarkDuplicates	Tracking 257520 as yet unmatched pairs. 66102 records in RAM.
INFO	2025-02-22 09:36:50	MarkDuplicates	Read    46,000,000 records.  Elapsed time: 00:03:43s.  Time for last 1,000,000:    4s.  Last read position: 7:88,171,879
INFO	2025-02-22 09:36:50	MarkDuplicates	Tracking 240243 as yet unmatched pairs. 44957 records in RAM.
INFO	2025-02-22 09:36:56	MarkDuplicates	Read    47,000,000 records.  Elapsed time: 00:03:50s.  Time for last 1,000,000:    6s.  Last read position: 7:128,738,011
INFO	2025-02-22 09:36:56	MarkDuplicates	Tracking 221824 as yet unmatched pairs. 22934 records in RAM.
INFO	2025-02-22 09:37:01	MarkDuplicates	Read    48,000,000 records.  Elapsed time: 00:03:55s.  Time for last 1,000,000:    4s.  Last read position: 7:159,176,674
INFO	2025-02-22 09:37:01	MarkDuplicates	Tracking 202775 as yet unmatched pairs. 88 records in RAM.
INFO	2025-02-22 09:37:09	MarkDuplicates	Read    49,000,000 records.  Elapsed time: 00:04:03s.  Time for last 1,000,000:    8s.  Last read position: 8:61,714,046
INFO	2025-02-22 09:37:09	MarkDuplicates	Tracking 182466 as yet unmatched pairs. 49358 records in RAM.
INFO	2025-02-22 09:37:13	MarkDuplicates	Read    50,000,000 records.  Elapsed time: 00:04:07s.  Time for last 1,000,000:    3s.  Last read position: 8:100,194,198
INFO	2025-02-22 09:37:13	MarkDuplicates	Tracking 161559 as yet unmatched pairs. 26231 records in RAM.
INFO	2025-02-22 09:37:17	MarkDuplicates	Read    51,000,000 records.  Elapsed time: 00:04:11s.  Time for last 1,000,000:    3s.  Last read position: 8:140,501,540
INFO	2025-02-22 09:37:17	MarkDuplicates	Tracking 140303 as yet unmatched pairs. 2628 records in RAM.
INFO	2025-02-22 09:37:22	MarkDuplicates	Read    52,000,000 records.  Elapsed time: 00:04:16s.  Time for last 1,000,000:    4s.  Last read position: 9:44,820,138
INFO	2025-02-22 09:37:22	MarkDuplicates	Tracking 122189 as yet unmatched pairs. 44656 records in RAM.
INFO	2025-02-22 09:37:26	MarkDuplicates	Read    53,000,000 records.  Elapsed time: 00:04:20s.  Time for last 1,000,000:    4s.  Last read position: 9:112,165,477
INFO	2025-02-22 09:37:26	MarkDuplicates	Tracking 93143 as yet unmatched pairs. 14193 records in RAM.
INFO	2025-02-22 09:37:31	MarkDuplicates	Read    54,000,000 records.  Elapsed time: 00:04:25s.  Time for last 1,000,000:    4s.  Last read position: X:30,705,325
INFO	2025-02-22 09:37:31	MarkDuplicates	Tracking 66833 as yet unmatched pairs. 41106 records in RAM.
INFO	2025-02-22 09:37:38	MarkDuplicates	Read    55,000,000 records.  Elapsed time: 00:04:32s.  Time for last 1,000,000:    6s.  Last read position: X:117,478,404
INFO	2025-02-22 09:37:38	MarkDuplicates	Tracking 40215 as yet unmatched pairs. 13616 records in RAM.
INFO	2025-02-22 09:37:42	MarkDuplicates	Read    56,000,000 records.  Elapsed time: 00:04:36s.  Time for last 1,000,000:    4s.  Last read position: KI270304.1:799
INFO	2025-02-22 09:37:42	MarkDuplicates	Tracking 2514 as yet unmatched pairs. 762 records in RAM.
INFO	2025-02-22 09:37:42	MarkDuplicates	Read 56023727 records. 0 pairs never matched.
INFO	2025-02-22 09:37:44	MarkDuplicates	After buildSortedReadEndLists freeMemory: 526049760; totalMemory: 536870912; maxMemory: 2147483648
INFO	2025-02-22 09:37:44	MarkDuplicates	Will retain up to 67108864 duplicate indices before spilling to disk.
INFO	2025-02-22 09:37:44	MarkDuplicates	Traversing read pair information and detecting duplicates.
INFO	2025-02-22 09:37:56	MarkDuplicates	Traversing fragment information and detecting duplicates.
INFO	2025-02-22 09:38:13	MarkDuplicates	Sorting list of duplicate records.
INFO	2025-02-22 09:38:13	MarkDuplicates	After generateDuplicateIndexes freeMemory: 525240496; totalMemory: 1073741824; maxMemory: 2147483648
INFO	2025-02-22 09:38:13	MarkDuplicates	Marking 4266919 records as duplicates.
INFO	2025-02-22 09:38:13	MarkDuplicates	Found 0 optical duplicate clusters.
INFO	2025-02-22 09:38:13	MarkDuplicates	Reads are assumed to be ordered by: coordinate
INFO	2025-02-22 09:40:28	MarkDuplicates	Written    10,000,000 records.  Elapsed time: 00:02:15s.  Time for last 10,000,000:  135s.  Last read position: 12:53,879,140
INFO	2025-02-22 09:42:44	MarkDuplicates	Written    20,000,000 records.  Elapsed time: 00:04:30s.  Time for last 10,000,000:  135s.  Last read position: 19:10,693,711
INFO	2025-02-22 09:45:00	MarkDuplicates	Written    30,000,000 records.  Elapsed time: 00:06:46s.  Time for last 10,000,000:  135s.  Last read position: 3:149,769,471
INFO	2025-02-22 09:47:15	MarkDuplicates	Written    40,000,000 records.  Elapsed time: 00:09:01s.  Time for last 10,000,000:  134s.  Last read position: 6:132,358,360
INFO	2025-02-22 09:49:28	MarkDuplicates	Written    50,000,000 records.  Elapsed time: 00:11:14s.  Time for last 10,000,000:  133s.  Last read position: X:41,174,929
INFO	2025-02-22 09:49:52	MarkDuplicates	Writing complete. Closing input iterator.
INFO	2025-02-22 09:49:52	MarkDuplicates	Duplicate Index cleanup.
INFO	2025-02-22 09:49:52	MarkDuplicates	Getting Memory Stats.
INFO	2025-02-22 09:49:52	MarkDuplicates	Before output close freeMemory: 525811608; totalMemory: 536870912; maxMemory: 2147483648
INFO	2025-02-22 09:49:52	MarkDuplicates	Closed outputs. Getting more Memory Stats.
INFO	2025-02-22 09:49:52	MarkDuplicates	After output close freeMemory: 525811608; totalMemory: 536870912; maxMemory: 2147483648
[Sat Feb 22 09:49:52 CET 2025] picard.sam.markduplicates.MarkDuplicates done. Elapsed time: 16.79 minutes.
Runtime.totalMemory()=536870912
