application/gzip
application/gzip
application/gzip
application/gzip
application/gzip
application/gzip
application/gzip
application/gzip
application/gzip
application/gzip
application/gzip
Analysis complete for GFP_3_R2_001.fastq.gz
Analysis complete for GFP_3_R1_001.fastq.gz
Analysis complete for GFP_1_R2_001.fastq.gz
Analysis complete for GFP_1_R1_001.fastq.gz
Analysis complete for YAF_1_R2_001.fastq.gz
Analysis complete for YAF_3_R2_001.fastq.gz
Analysis complete for YAF_1_R1_001.fastq.gz
Analysis complete for YAF_3_R1_001.fastq.gz
Analysis complete for GFP_2_R2_001.fastq.gz
Analysis complete for GFP_2_R1_001.fastq.gz
Analysis complete for YAF_2_R2_001.fastq.gz
Analysis complete for YAF_2_R1_001.fastq.gz
application/gzip
application/gzip
Analysis complete for GFP_3_R1_paired.fastq.gz
Analysis complete for GFP_3_R2_paired.fastq.gz
application/gzip
application/gzip
application/gzip
application/gzip
application/gzip
application/gzip
Analysis complete for GFP_1_R1_paired.fastq.gz
Analysis complete for GFP_1_R2_paired.fastq.gz
application/gzip
application/gzip
Analysis complete for YAF_3_R1_paired.fastq.gz
Analysis complete for YAF_3_R2_paired.fastq.gz
Analysis complete for YAF_1_R1_paired.fastq.gz
Analysis complete for YAF_1_R2_paired.fastq.gz
application/gzip
application/gzip
Analysis complete for GFP_2_R2_paired.fastq.gz
Analysis complete for GFP_2_R1_paired.fastq.gz
Analysis complete for YAF_2_R1_paired.fastq.gz
Analysis complete for YAF_2_R2_paired.fastq.gz
