Processing GFP_2 for broad peak calling...
Processing GFP_1 for broad peak calling...
Standardizing chromosome names for GFP_2...
Standardizing chromosome names for GFP_1...
Processing YAF_2 for broad peak calling...
Processing GFP_3 for broad peak calling...
Standardizing chromosome names for YAF_2...
Standardizing chromosome names for GFP_3...
Processing YAF_1 for broad peak calling...
Standardizing chromosome names for YAF_1...
Processing YAF_3 for broad peak calling...
Standardizing chromosome names for YAF_3...
Running MACS2 peak calling for YAF_1...
Running MACS2 peak calling for GFP_3...
Running MACS2 peak calling for GFP_1...
Running MACS2 peak calling for GFP_2...
Running MACS2 peak calling for YAF_3...
Running MACS2 peak calling for YAF_2...
Completed processing GFP_3
Final peak count: 33876
FRiP score: 0.383753
Completed processing YAF_1
Final peak count: 153520
FRiP score: 0.345068
Completed processing GFP_1
Final peak count: 81673
FRiP score: 0.479685
Completed processing GFP_2
Final peak count: 128487
FRiP score: 0.412956
Completed processing YAF_3
Final peak count: 76833
FRiP score: 0.455210
Completed processing YAF_2
Final peak count: 90988
FRiP score: 0.515953
