WARNING: overwriting environment variables set in the machine
overwriting variable ['TMPDIR']
INFO  @ Thu, 27 Feb 2025 15:31:04:  8000000 
INFO  @ Thu, 27 Feb 2025 15:31:08:  9000000 
INFO  @ Thu, 27 Feb 2025 15:31:12:  10000000 
INFO  @ Thu, 27 Feb 2025 15:31:15:  11000000 
INFO  @ Thu, 27 Feb 2025 15:31:19:  12000000 
INFO  @ Thu, 27 Feb 2025 15:31:22:  13000000 
INFO  @ Thu, 27 Feb 2025 15:31:26:  14000000 
INFO  @ Thu, 27 Feb 2025 15:31:29:  15000000 
INFO  @ Thu, 27 Feb 2025 15:31:33:  16000000 
INFO  @ Thu, 27 Feb 2025 15:31:36: #4 Write output xls file... /beegfs/scratch/ric.broccoli/kubacki.michal/SRF_H2AK119Ub_cross_V5/SRF_H2AK119Ub/1_iterative_processing/analysis/5_peak_calling/GFP_2_broad_peaks.xls 
INFO  @ Thu, 27 Feb 2025 15:31:36:  17000000 
INFO  @ Thu, 27 Feb 2025 15:31:38: #4 Write broad peak in broadPeak format file... /beegfs/scratch/ric.broccoli/kubacki.michal/SRF_H2AK119Ub_cross_V5/SRF_H2AK119Ub/1_iterative_processing/analysis/5_peak_calling/GFP_2_broad_peaks.broadPeak 
INFO  @ Thu, 27 Feb 2025 15:31:39: #4 Write broad peak in bed12/gappedPeak format file... /beegfs/scratch/ric.broccoli/kubacki.michal/SRF_H2AK119Ub_cross_V5/SRF_H2AK119Ub/1_iterative_processing/analysis/5_peak_calling/GFP_2_broad_peaks.gappedPeak 
INFO  @ Thu, 27 Feb 2025 15:31:40:  18000000 
INFO  @ Thu, 27 Feb 2025 15:31:40: Done! 
INFO  @ Thu, 27 Feb 2025 15:31:42: #4 Write output xls file... /beegfs/scratch/ric.broccoli/kubacki.michal/SRF_H2AK119Ub_cross_V5/SRF_H2AK119Ub/1_iterative_processing/analysis/5_peak_calling/YAF_1_broad_peaks.xls 
INFO  @ Thu, 27 Feb 2025 15:31:43: #4 Write broad peak in broadPeak format file... /beegfs/scratch/ric.broccoli/kubacki.michal/SRF_H2AK119Ub_cross_V5/SRF_H2AK119Ub/1_iterative_processing/analysis/5_peak_calling/YAF_1_broad_peaks.broadPeak 
INFO  @ Thu, 27 Feb 2025 15:31:44:  19000000 
INFO  @ Thu, 27 Feb 2025 15:31:44: #4 Write broad peak in bed12/gappedPeak format file... /beegfs/scratch/ric.broccoli/kubacki.michal/SRF_H2AK119Ub_cross_V5/SRF_H2AK119Ub/1_iterative_processing/analysis/5_peak_calling/YAF_1_broad_peaks.gappedPeak 
INFO  @ Thu, 27 Feb 2025 15:31:45: Done! 
INFO  @ Thu, 27 Feb 2025 15:31:47:  20000000 
DEBUG @ Thu, 27 Feb 2025 15:31:49: access pq hash for 145873848 times 
INFO  @ Thu, 27 Feb 2025 15:31:49: #3 In the peak calling step, the following will be performed simultaneously: 
INFO  @ Thu, 27 Feb 2025 15:31:49: #3   Write bedGraph files for treatment pileup (after scaling if necessary)... GFP_3_broad_treat_pileup.bdg 
INFO  @ Thu, 27 Feb 2025 15:31:49: #3   Write bedGraph files for control lambda (after scaling if necessary)... GFP_3_broad_control_lambda.bdg 
INFO  @ Thu, 27 Feb 2025 15:31:49: #3 Call peaks for each chromosome... 
INFO  @ Thu, 27 Feb 2025 15:31:51:  21000000 
INFO  @ Thu, 27 Feb 2025 15:31:54:  22000000 
INFO  @ Thu, 27 Feb 2025 15:31:58:  23000000 
INFO  @ Thu, 27 Feb 2025 15:32:01:  24000000 
INFO  @ Thu, 27 Feb 2025 15:32:04: 
# Command line: callpeak -t /beegfs/scratch/ric.broccoli/kubacki.michal/SRF_H2AK119Ub_cross_V5/SRF_H2AK119Ub/1_iterative_processing/tmp_5_4237188/YAF_3/YAF_3.chr.bam -f BAMPE --broad -g hs --broad-cutoff 0.1 --nomodel --extsize 50 --down-sample -q 0.2 -n YAF_3_broad --outdir /beegfs/scratch/ric.broccoli/kubacki.michal/SRF_H2AK119Ub_cross_V5/SRF_H2AK119Ub/1_iterative_processing/analysis/5_peak_calling --keep-dup 1 --bdg --buffer-size 1000000 --verbose 3 --tempdir /beegfs/scratch/ric.broccoli/kubacki.michal/SRF_H2AK119Ub_cross_V5/SRF_H2AK119Ub/1_iterative_processing/tmp_5_4237188/YAF_3/macs2_tmp_18684
# ARGUMENTS LIST:
# name = YAF_3_broad
# format = BAMPE
# ChIP-seq file = ['/beegfs/scratch/ric.broccoli/kubacki.michal/SRF_H2AK119Ub_cross_V5/SRF_H2AK119Ub/1_iterative_processing/tmp_5_4237188/YAF_3/YAF_3.chr.bam']
# control file = None
# effective genome size = 2.70e+09
# band width = 300
# model fold = [5, 50]
# qvalue cutoff for narrow/strong regions = 2.00e-01
# qvalue cutoff for broad/weak regions = 1.00e-01
# The maximum gap between significant sites is assigned as the read length/tag size.
# The minimum length of peaks is assigned as the predicted fragment length "d".
# Larger dataset will be randomly sampled towards smaller dataset.
# Range for calculating regional lambda is: 10000 bps
# Broad region calling is on
# Paired-End mode is on
 
INFO  @ Thu, 27 Feb 2025 15:32:04: #1 read fragment files... 
INFO  @ Thu, 27 Feb 2025 15:32:04: #1 read treatment fragments... 
INFO  @ Thu, 27 Feb 2025 15:32:05:  25000000 
INFO  @ Thu, 27 Feb 2025 15:32:08:  1000000 
INFO  @ Thu, 27 Feb 2025 15:32:08:  26000000 
INFO  @ Thu, 27 Feb 2025 15:32:12:  27000000 
INFO  @ Thu, 27 Feb 2025 15:32:12:  2000000 
INFO  @ Thu, 27 Feb 2025 15:32:15:  28000000 
INFO  @ Thu, 27 Feb 2025 15:32:16:  3000000 
INFO  @ Thu, 27 Feb 2025 15:32:19:  29000000 
INFO  @ Thu, 27 Feb 2025 15:32:19:  4000000 
INFO  @ Thu, 27 Feb 2025 15:32:22:  30000000 
INFO  @ Thu, 27 Feb 2025 15:32:23:  5000000 
INFO  @ Thu, 27 Feb 2025 15:32:26:  31000000 
INFO  @ Thu, 27 Feb 2025 15:32:27:  6000000 
INFO  @ Thu, 27 Feb 2025 15:32:29:  32000000 
INFO  @ Thu, 27 Feb 2025 15:32:31:  7000000 
INFO  @ Thu, 27 Feb 2025 15:32:33:  33000000 
INFO  @ Thu, 27 Feb 2025 15:32:35:  8000000 
INFO  @ Thu, 27 Feb 2025 15:32:36:  34000000 
INFO  @ Thu, 27 Feb 2025 15:32:39:  9000000 
INFO  @ Thu, 27 Feb 2025 15:32:40:  35000000 
INFO  @ Thu, 27 Feb 2025 15:32:42:  10000000 
INFO  @ Thu, 27 Feb 2025 15:32:43:  36000000 
INFO  @ Thu, 27 Feb 2025 15:32:46:  11000000 
INFO  @ Thu, 27 Feb 2025 15:32:47:  37000000 
INFO  @ Thu, 27 Feb 2025 15:32:50:  12000000 
INFO  @ Thu, 27 Feb 2025 15:32:51:  38000000 
INFO  @ Thu, 27 Feb 2025 15:32:53:  13000000 
INFO  @ Thu, 27 Feb 2025 15:32:54:  39000000 
INFO  @ Thu, 27 Feb 2025 15:32:57:  14000000 
INFO  @ Thu, 27 Feb 2025 15:32:58:  40000000 
INFO  @ Thu, 27 Feb 2025 15:33:00:  15000000 
INFO  @ Thu, 27 Feb 2025 15:33:01:  41000000 
INFO  @ Thu, 27 Feb 2025 15:33:04:  16000000 
INFO  @ Thu, 27 Feb 2025 15:33:05:  42000000 
INFO  @ Thu, 27 Feb 2025 15:33:08:  17000000 
INFO  @ Thu, 27 Feb 2025 15:33:08:  43000000 
INFO  @ Thu, 27 Feb 2025 15:33:12:  44000000 
INFO  @ Thu, 27 Feb 2025 15:33:12:  18000000 
INFO  @ Thu, 27 Feb 2025 15:33:15:  45000000 
INFO  @ Thu, 27 Feb 2025 15:33:16:  19000000 
INFO  @ Thu, 27 Feb 2025 15:33:19:  46000000 
INFO  @ Thu, 27 Feb 2025 15:33:19:  20000000 
INFO  @ Thu, 27 Feb 2025 15:33:22:  47000000 
INFO  @ Thu, 27 Feb 2025 15:33:23:  21000000 
INFO  @ Thu, 27 Feb 2025 15:33:26:  48000000 
INFO  @ Thu, 27 Feb 2025 15:33:27:  22000000 
INFO  @ Thu, 27 Feb 2025 15:33:30:  49000000 
INFO  @ Thu, 27 Feb 2025 15:33:31:  23000000 
INFO  @ Thu, 27 Feb 2025 15:33:33:  50000000 
INFO  @ Thu, 27 Feb 2025 15:33:35:  24000000 
INFO  @ Thu, 27 Feb 2025 15:33:37:  51000000 
INFO  @ Thu, 27 Feb 2025 15:33:38:  25000000 
INFO  @ Thu, 27 Feb 2025 15:33:40:  52000000 
INFO  @ Thu, 27 Feb 2025 15:33:42:  26000000 
INFO  @ Thu, 27 Feb 2025 15:33:44:  53000000 
INFO  @ Thu, 27 Feb 2025 15:33:46:  27000000 
INFO  @ Thu, 27 Feb 2025 15:33:47:  54000000 
INFO  @ Thu, 27 Feb 2025 15:33:50:  28000000 
INFO  @ Thu, 27 Feb 2025 15:33:51:  55000000 
INFO  @ Thu, 27 Feb 2025 15:33:54:  29000000 
INFO  @ Thu, 27 Feb 2025 15:33:54:  56000000 
INFO  @ Thu, 27 Feb 2025 15:33:58:  57000000 
INFO  @ Thu, 27 Feb 2025 15:33:58:  30000000 
INFO  @ Thu, 27 Feb 2025 15:34:01:  58000000 
INFO  @ Thu, 27 Feb 2025 15:34:02:  31000000 
INFO  @ Thu, 27 Feb 2025 15:34:05:  59000000 
INFO  @ Thu, 27 Feb 2025 15:34:06:  32000000 
INFO  @ Thu, 27 Feb 2025 15:34:09:  60000000 
INFO  @ Thu, 27 Feb 2025 15:34:09:  33000000 
INFO  @ Thu, 27 Feb 2025 15:34:12:  61000000 
INFO  @ Thu, 27 Feb 2025 15:34:13:  34000000 
INFO  @ Thu, 27 Feb 2025 15:34:15:  62000000 
INFO  @ Thu, 27 Feb 2025 15:34:17:  35000000 
INFO  @ Thu, 27 Feb 2025 15:34:19:  63000000 
INFO  @ Thu, 27 Feb 2025 15:34:21:  36000000 
INFO  @ Thu, 27 Feb 2025 15:34:22:  64000000 
INFO  @ Thu, 27 Feb 2025 15:34:25:  37000000 
INFO  @ Thu, 27 Feb 2025 15:34:26:  65000000 
INFO  @ Thu, 27 Feb 2025 15:34:28:  38000000 
INFO  @ Thu, 27 Feb 2025 15:34:29:  66000000 
INFO  @ Thu, 27 Feb 2025 15:34:32:  39000000 
INFO  @ Thu, 27 Feb 2025 15:34:33:  67000000 
INFO  @ Thu, 27 Feb 2025 15:34:36:  40000000 
INFO  @ Thu, 27 Feb 2025 15:34:36:  68000000 
INFO  @ Thu, 27 Feb 2025 15:34:40:  41000000 
INFO  @ Thu, 27 Feb 2025 15:34:40:  69000000 
INFO  @ Thu, 27 Feb 2025 15:34:43:  70000000 
INFO  @ Thu, 27 Feb 2025 15:34:43:  42000000 
INFO  @ Thu, 27 Feb 2025 15:34:47:  71000000 
INFO  @ Thu, 27 Feb 2025 15:34:47:  43000000 
INFO  @ Thu, 27 Feb 2025 15:34:50:  72000000 
INFO  @ Thu, 27 Feb 2025 15:34:51:  44000000 
INFO  @ Thu, 27 Feb 2025 15:34:54:  73000000 
INFO  @ Thu, 27 Feb 2025 15:34:54:  45000000 
INFO  @ Thu, 27 Feb 2025 15:34:54: 73221188 fragments have been read. 
INFO  @ Thu, 27 Feb 2025 15:34:58:  46000000 
INFO  @ Thu, 27 Feb 2025 15:35:01:  47000000 
INFO  @ Thu, 27 Feb 2025 15:35:05:  48000000 
INFO  @ Thu, 27 Feb 2025 15:35:08:  49000000 
INFO  @ Thu, 27 Feb 2025 15:35:12:  50000000 
INFO  @ Thu, 27 Feb 2025 15:35:15:  51000000 
INFO  @ Thu, 27 Feb 2025 15:35:19:  52000000 
INFO  @ Thu, 27 Feb 2025 15:35:23: #4 Write output xls file... /beegfs/scratch/ric.broccoli/kubacki.michal/SRF_H2AK119Ub_cross_V5/SRF_H2AK119Ub/1_iterative_processing/analysis/5_peak_calling/GFP_3_broad_peaks.xls 
INFO  @ Thu, 27 Feb 2025 15:35:23:  53000000 
INFO  @ Thu, 27 Feb 2025 15:35:25: #4 Write broad peak in broadPeak format file... /beegfs/scratch/ric.broccoli/kubacki.michal/SRF_H2AK119Ub_cross_V5/SRF_H2AK119Ub/1_iterative_processing/analysis/5_peak_calling/GFP_3_broad_peaks.broadPeak 
INFO  @ Thu, 27 Feb 2025 15:35:26: #4 Write broad peak in bed12/gappedPeak format file... /beegfs/scratch/ric.broccoli/kubacki.michal/SRF_H2AK119Ub_cross_V5/SRF_H2AK119Ub/1_iterative_processing/analysis/5_peak_calling/GFP_3_broad_peaks.gappedPeak 
INFO  @ Thu, 27 Feb 2025 15:35:27:  54000000 
INFO  @ Thu, 27 Feb 2025 15:35:27: Done! 
INFO  @ Thu, 27 Feb 2025 15:35:31:  55000000 
INFO  @ Thu, 27 Feb 2025 15:35:35:  56000000 
INFO  @ Thu, 27 Feb 2025 15:35:36: #1 mean fragment size is determined as 210.6 bp from treatment 
INFO  @ Thu, 27 Feb 2025 15:35:36: #1 fragment size = 210.6 
INFO  @ Thu, 27 Feb 2025 15:35:36: #1  total fragments in treatment: 73221188 
INFO  @ Thu, 27 Feb 2025 15:35:36: #1 user defined the maximum fragments... 
INFO  @ Thu, 27 Feb 2025 15:35:36: #1 filter out redundant fragments by allowing at most 1 identical fragment(s) 
INFO  @ Thu, 27 Feb 2025 15:35:38:  57000000 
INFO  @ Thu, 27 Feb 2025 15:35:42:  58000000 
INFO  @ Thu, 27 Feb 2025 15:35:46:  59000000 
INFO  @ Thu, 27 Feb 2025 15:35:50:  60000000 
INFO  @ Thu, 27 Feb 2025 15:35:54:  61000000 
OverflowError: Python integer 2599531379 out of bounds for int32
Exception ignored in: 'MACS2.IO.PairedEndTrack.PETrackI.filter_dup'
Traceback (most recent call last):
  File "/beegfs/scratch/ric.broccoli/kubacki.michal/conda_envs/snakemake/lib/python3.11/site-packages/MACS2/callpeak_cmd.py", line 96, in run
    treat.filter_dup(treatment_max_dup_tags)
OverflowError: Python integer 2599531379 out of bounds for int32
INFO  @ Thu, 27 Feb 2025 15:35:57: #1  fragments after filtering in treatment: 12322594 
INFO  @ Thu, 27 Feb 2025 15:35:57: #1  Redundant rate of treatment: 0.83 
INFO  @ Thu, 27 Feb 2025 15:35:57: #1 finished! 
INFO  @ Thu, 27 Feb 2025 15:35:57: #2 Build Peak Model... 
INFO  @ Thu, 27 Feb 2025 15:35:57: #2 Skipped... 
INFO  @ Thu, 27 Feb 2025 15:35:57: #3 Call peaks... 
INFO  @ Thu, 27 Feb 2025 15:35:57: #3 Call broad peaks with given level1 -log10qvalue cutoff and level2: 0.698970, 1.000000... 
INFO  @ Thu, 27 Feb 2025 15:35:57: #3 Pre-compute pvalue-qvalue table... 
DEBUG @ Thu, 27 Feb 2025 15:35:57: Start to calculate pvalue stat... 
INFO  @ Thu, 27 Feb 2025 15:35:58:  62000000 
INFO  @ Thu, 27 Feb 2025 15:36:02:  63000000 
INFO  @ Thu, 27 Feb 2025 15:36:06:  64000000 
INFO  @ Thu, 27 Feb 2025 15:36:09: 64790391 fragments have been read. 
INFO  @ Thu, 27 Feb 2025 15:36:51: #1 mean fragment size is determined as 208.9 bp from treatment 
INFO  @ Thu, 27 Feb 2025 15:36:51: #1 fragment size = 208.9 
INFO  @ Thu, 27 Feb 2025 15:36:51: #1  total fragments in treatment: 64790391 
INFO  @ Thu, 27 Feb 2025 15:36:51: #1 user defined the maximum fragments... 
INFO  @ Thu, 27 Feb 2025 15:36:51: #1 filter out redundant fragments by allowing at most 1 identical fragment(s) 
***** WARNING: File /beegfs/scratch/ric.broccoli/kubacki.michal/SRF_H2AK119Ub_cross_V5/SRF_H2AK119Ub/1_iterative_processing/tmp_3_4237255/YAF_1/YAF_1.chr.bam has inconsistent naming convention for record:
KI270728.1	123840	123903	LH00392:122:22F7NHLT4:5:2255:21417:14069/1	22	+

***** WARNING: File /beegfs/scratch/ric.broccoli/kubacki.michal/SRF_H2AK119Ub_cross_V5/SRF_H2AK119Ub/1_iterative_processing/tmp_3_4237255/YAF_1/YAF_1.chr.bam has inconsistent naming convention for record:
KI270728.1	123840	123903	LH00392:122:22F7NHLT4:5:2255:21417:14069/1	22	+

OverflowError: Python integer 3307441734 out of bounds for int32
Exception ignored in: 'MACS2.IO.PairedEndTrack.PETrackI.filter_dup'
Traceback (most recent call last):
  File "/beegfs/scratch/ric.broccoli/kubacki.michal/conda_envs/snakemake/lib/python3.11/site-packages/MACS2/callpeak_cmd.py", line 96, in run
    treat.filter_dup(treatment_max_dup_tags)
OverflowError: Python integer 3307441734 out of bounds for int32
INFO  @ Thu, 27 Feb 2025 15:37:29: #1  fragments after filtering in treatment: 15290475 
INFO  @ Thu, 27 Feb 2025 15:37:29: #1  Redundant rate of treatment: 0.76 
INFO  @ Thu, 27 Feb 2025 15:37:29: #1 finished! 
INFO  @ Thu, 27 Feb 2025 15:37:29: #2 Build Peak Model... 
INFO  @ Thu, 27 Feb 2025 15:37:29: #2 Skipped... 
INFO  @ Thu, 27 Feb 2025 15:37:29: #3 Call peaks... 
INFO  @ Thu, 27 Feb 2025 15:37:29: #3 Call broad peaks with given level1 -log10qvalue cutoff and level2: 0.698970, 1.000000... 
INFO  @ Thu, 27 Feb 2025 15:37:29: #3 Pre-compute pvalue-qvalue table... 
DEBUG @ Thu, 27 Feb 2025 15:37:29: Start to calculate pvalue stat... 
DEBUG @ Thu, 27 Feb 2025 15:38:30: access pq hash for 272866731 times 
INFO  @ Thu, 27 Feb 2025 15:38:30: #3 In the peak calling step, the following will be performed simultaneously: 
INFO  @ Thu, 27 Feb 2025 15:38:30: #3   Write bedGraph files for treatment pileup (after scaling if necessary)... YAF_2_broad_treat_pileup.bdg 
INFO  @ Thu, 27 Feb 2025 15:38:30: #3   Write bedGraph files for control lambda (after scaling if necessary)... YAF_2_broad_control_lambda.bdg 
INFO  @ Thu, 27 Feb 2025 15:38:30: #3 Call peaks for each chromosome... 
DEBUG @ Thu, 27 Feb 2025 15:39:36: access pq hash for 196819264 times 
INFO  @ Thu, 27 Feb 2025 15:39:37: #3 In the peak calling step, the following will be performed simultaneously: 
INFO  @ Thu, 27 Feb 2025 15:39:37: #3   Write bedGraph files for treatment pileup (after scaling if necessary)... YAF_3_broad_treat_pileup.bdg 
INFO  @ Thu, 27 Feb 2025 15:39:37: #3   Write bedGraph files for control lambda (after scaling if necessary)... YAF_3_broad_control_lambda.bdg 
INFO  @ Thu, 27 Feb 2025 15:39:37: #3 Call peaks for each chromosome... 
***** WARNING: File /beegfs/scratch/ric.broccoli/kubacki.michal/SRF_H2AK119Ub_cross_V5/SRF_H2AK119Ub/1_iterative_processing/tmp_1_4237239/GFP_2/GFP_2.chr.bam has inconsistent naming convention for record:
KI270728.1	147401	147451	LH00392:122:22F7NHLT4:5:1115:26426:25037/2	22	+

***** WARNING: File /beegfs/scratch/ric.broccoli/kubacki.michal/SRF_H2AK119Ub_cross_V5/SRF_H2AK119Ub/1_iterative_processing/tmp_1_4237239/GFP_2/GFP_2.chr.bam has inconsistent naming convention for record:
KI270728.1	147401	147451	LH00392:122:22F7NHLT4:5:1115:26426:25037/2	22	+

***** WARNING: File /beegfs/scratch/ric.broccoli/kubacki.michal/SRF_H2AK119Ub_cross_V5/SRF_H2AK119Ub/1_iterative_processing/tmp_2_4237250/GFP_3/GFP_3.chr.bam has inconsistent naming convention for record:
KI270728.1	17935	18005	LH00392:122:22F7NHLT4:5:2324:14417:5118/2	24	+

***** WARNING: File /beegfs/scratch/ric.broccoli/kubacki.michal/SRF_H2AK119Ub_cross_V5/SRF_H2AK119Ub/1_iterative_processing/tmp_2_4237250/GFP_3/GFP_3.chr.bam has inconsistent naming convention for record:
KI270728.1	17935	18005	LH00392:122:22F7NHLT4:5:2324:14417:5118/2	24	+

INFO  @ Thu, 27 Feb 2025 15:43:28: #4 Write output xls file... /beegfs/scratch/ric.broccoli/kubacki.michal/SRF_H2AK119Ub_cross_V5/SRF_H2AK119Ub/1_iterative_processing/analysis/5_peak_calling/YAF_3_broad_peaks.xls 
INFO  @ Thu, 27 Feb 2025 15:43:30: #4 Write broad peak in broadPeak format file... /beegfs/scratch/ric.broccoli/kubacki.michal/SRF_H2AK119Ub_cross_V5/SRF_H2AK119Ub/1_iterative_processing/analysis/5_peak_calling/YAF_3_broad_peaks.broadPeak 
INFO  @ Thu, 27 Feb 2025 15:43:31: #4 Write broad peak in bed12/gappedPeak format file... /beegfs/scratch/ric.broccoli/kubacki.michal/SRF_H2AK119Ub_cross_V5/SRF_H2AK119Ub/1_iterative_processing/analysis/5_peak_calling/YAF_3_broad_peaks.gappedPeak 
INFO  @ Thu, 27 Feb 2025 15:43:32: Done! 
INFO  @ Thu, 27 Feb 2025 15:44:10: #4 Write output xls file... /beegfs/scratch/ric.broccoli/kubacki.michal/SRF_H2AK119Ub_cross_V5/SRF_H2AK119Ub/1_iterative_processing/analysis/5_peak_calling/YAF_2_broad_peaks.xls 
INFO  @ Thu, 27 Feb 2025 15:44:12: #4 Write broad peak in broadPeak format file... /beegfs/scratch/ric.broccoli/kubacki.michal/SRF_H2AK119Ub_cross_V5/SRF_H2AK119Ub/1_iterative_processing/analysis/5_peak_calling/YAF_2_broad_peaks.broadPeak 
INFO  @ Thu, 27 Feb 2025 15:44:13: #4 Write broad peak in bed12/gappedPeak format file... /beegfs/scratch/ric.broccoli/kubacki.michal/SRF_H2AK119Ub_cross_V5/SRF_H2AK119Ub/1_iterative_processing/analysis/5_peak_calling/YAF_2_broad_peaks.gappedPeak 
INFO  @ Thu, 27 Feb 2025 15:44:14: Done! 
***** WARNING: File /beegfs/scratch/ric.broccoli/kubacki.michal/SRF_H2AK119Ub_cross_V5/SRF_H2AK119Ub/1_iterative_processing/tmp_5_4237188/YAF_3/YAF_3.chr.bam has inconsistent naming convention for record:
KI270728.1	136372	136403	LH00392:122:22F7NHLT4:5:1282:43646:1028/1	22	+

***** WARNING: File /beegfs/scratch/ric.broccoli/kubacki.michal/SRF_H2AK119Ub_cross_V5/SRF_H2AK119Ub/1_iterative_processing/tmp_5_4237188/YAF_3/YAF_3.chr.bam has inconsistent naming convention for record:
KI270728.1	136372	136403	LH00392:122:22F7NHLT4:5:1282:43646:1028/1	22	+

***** WARNING: File /beegfs/scratch/ric.broccoli/kubacki.michal/SRF_H2AK119Ub_cross_V5/SRF_H2AK119Ub/1_iterative_processing/tmp_4_4237266/YAF_2/YAF_2.chr.bam has inconsistent naming convention for record:
KI270728.1	97933	97967	LH00392:122:22F7NHLT4:5:2216:31791:8326/1	22	+

***** WARNING: File /beegfs/scratch/ric.broccoli/kubacki.michal/SRF_H2AK119Ub_cross_V5/SRF_H2AK119Ub/1_iterative_processing/tmp_4_4237266/YAF_2/YAF_2.chr.bam has inconsistent naming convention for record:
KI270728.1	97933	97967	LH00392:122:22F7NHLT4:5:2216:31791:8326/1	22	+

