[2025-05-15 10:13:34] INFO: Starting differential binding analysis for broad peaks
[2025-05-15 10:13:34] INFO: Standardizing chromosome names in analysis/5_peak_calling_v2/GFP_1_broad_peaks_final.broadPeak to non-UCSC style (e.g., 1, X, MT)
[2025-05-15 10:14:45] INFO: Removed 'chr' prefix for standardization in analysis/5_peak_calling_v2/GFP_1_broad_peaks_final.broadPeak. Rows before: 136655
[2025-05-15 10:14:45] INFO: Filtered from 136655 to 136654 peaks based on standard non-UCSC chromosomes in analysis/5_peak_calling_v2/GFP_1_broad_peaks_final.broadPeak
[2025-05-15 10:14:46] INFO: Successfully processed and standardized 136654 peaks in analysis/5_peak_calling_v2/GFP_1_broad_peaks_final.broadPeak to non-UCSC style
[2025-05-15 10:14:46] INFO: Standardizing chromosome names in analysis/5_peak_calling_v2/GFP_2_broad_peaks_final.broadPeak to non-UCSC style (e.g., 1, X, MT)
[2025-05-15 10:15:46] INFO: Removed 'chr' prefix for standardization in analysis/5_peak_calling_v2/GFP_2_broad_peaks_final.broadPeak. Rows before: 125773
[2025-05-15 10:15:46] INFO: Filtered from 125773 to 125772 peaks based on standard non-UCSC chromosomes in analysis/5_peak_calling_v2/GFP_2_broad_peaks_final.broadPeak
[2025-05-15 10:15:47] INFO: Successfully processed and standardized 125772 peaks in analysis/5_peak_calling_v2/GFP_2_broad_peaks_final.broadPeak to non-UCSC style
[2025-05-15 10:15:47] INFO: Standardizing chromosome names in analysis/5_peak_calling_v2/GFP_3_broad_peaks_final.broadPeak to non-UCSC style (e.g., 1, X, MT)
[2025-05-15 10:17:04] INFO: Removed 'chr' prefix for standardization in analysis/5_peak_calling_v2/GFP_3_broad_peaks_final.broadPeak. Rows before: 126138
[2025-05-15 10:17:04] INFO: Filtered from 126138 to 126137 peaks based on standard non-UCSC chromosomes in analysis/5_peak_calling_v2/GFP_3_broad_peaks_final.broadPeak
[2025-05-15 10:17:05] INFO: Successfully processed and standardized 126137 peaks in analysis/5_peak_calling_v2/GFP_3_broad_peaks_final.broadPeak to non-UCSC style
[2025-05-15 10:17:05] INFO: Standardizing chromosome names in analysis/5_peak_calling_v2/YAF_1_broad_peaks_final.broadPeak to non-UCSC style (e.g., 1, X, MT)
[2025-05-15 10:18:29] INFO: Removed 'chr' prefix for standardization in analysis/5_peak_calling_v2/YAF_1_broad_peaks_final.broadPeak. Rows before: 137730
[2025-05-15 10:18:29] INFO: Filtered from 137730 to 137729 peaks based on standard non-UCSC chromosomes in analysis/5_peak_calling_v2/YAF_1_broad_peaks_final.broadPeak
[2025-05-15 10:18:30] INFO: Successfully processed and standardized 137729 peaks in analysis/5_peak_calling_v2/YAF_1_broad_peaks_final.broadPeak to non-UCSC style
[2025-05-15 10:18:30] INFO: Standardizing chromosome names in analysis/5_peak_calling_v2/YAF_2_broad_peaks_final.broadPeak to non-UCSC style (e.g., 1, X, MT)
[2025-05-15 10:22:42] INFO: Removed 'chr' prefix for standardization in analysis/5_peak_calling_v2/YAF_2_broad_peaks_final.broadPeak. Rows before: 211650
[2025-05-15 10:22:42] INFO: Filtered from 211650 to 211648 peaks based on standard non-UCSC chromosomes in analysis/5_peak_calling_v2/YAF_2_broad_peaks_final.broadPeak
[2025-05-15 10:22:44] INFO: Successfully processed and standardized 211648 peaks in analysis/5_peak_calling_v2/YAF_2_broad_peaks_final.broadPeak to non-UCSC style
[2025-05-15 10:22:44] INFO: Standardizing chromosome names in analysis/5_peak_calling_v2/YAF_3_broad_peaks_final.broadPeak to non-UCSC style (e.g., 1, X, MT)
[2025-05-15 10:26:58] INFO: Removed 'chr' prefix for standardization in analysis/5_peak_calling_v2/YAF_3_broad_peaks_final.broadPeak. Rows before: 188948
[2025-05-15 10:26:58] INFO: Filtered from 188948 to 188947 peaks based on standard non-UCSC chromosomes in analysis/5_peak_calling_v2/YAF_3_broad_peaks_final.broadPeak
[2025-05-15 10:27:00] INFO: Successfully processed and standardized 188947 peaks in analysis/5_peak_calling_v2/YAF_3_broad_peaks_final.broadPeak to non-UCSC style
[2025-05-15 10:27:00] INFO: Creating DiffBind object...
[2025-05-15 10:27:16] INFO: Initial peak counts per sample:
     ID    Factor Condition Replicate Caller Intervals
1 GFP_1 H2AK119Ub       GFP         1  broad    136654
2 GFP_2 H2AK119Ub       GFP         2  broad    125772
3 GFP_3 H2AK119Ub       GFP         3  broad    126137
4 YAF_1 H2AK119Ub       YAF         1  broad    137729
5 YAF_2 H2AK119Ub       YAF         2  broad    211648
6 YAF_3 H2AK119Ub       YAF         3  broad    188947
[2025-05-15 10:27:16] INFO: Counting reads...
[2025-05-15 10:44:44] INFO: dba.count completed. After counting - sample statistics:
     ID    Factor Condition Replicate Caller Intervals    Reads FRiP
1 GFP_1 H2AK119Ub       GFP         1 counts    162748 28384290 0.66
2 GFP_2 H2AK119Ub       GFP         2 counts    162748 15508324 0.58
3 GFP_3 H2AK119Ub       GFP         3 counts    162748 26365047 0.67
4 YAF_1 H2AK119Ub       YAF         1 counts    162748 10551894 0.48
5 YAF_2 H2AK119Ub       YAF         2 counts    162748 48095918 0.58
6 YAF_3 H2AK119Ub       YAF         3 counts    162748 34552500 0.55
[2025-05-15 10:44:44] INFO: Full dba_data object state after dba.count:
6 Samples, 162748 sites in matrix:
     ID    Factor Condition Replicate    Reads FRiP
1 GFP_1 H2AK119Ub       GFP         1 28384290 0.66
2 GFP_2 H2AK119Ub       GFP         2 15508324 0.58
3 GFP_3 H2AK119Ub       GFP         3 26365047 0.67
4 YAF_1 H2AK119Ub       YAF         1 10551894 0.48
5 YAF_2 H2AK119Ub       YAF         2 48095918 0.58
6 YAF_3 H2AK119Ub       YAF         3 34552500 0.55
[2025-05-15 10:44:44] INFO: Performing differential analysis...
[2025-05-15 10:44:44] INFO: Setting up contrasts...
[2025-05-15 10:44:45] INFO: Contrast information:
     Factor Group Samples Group2 Samples2
1 Condition   YAF       3    GFP        3
[2025-05-15 10:44:45] INFO: Inspecting dba_data object just before dba.analyze call:
[2025-05-15 10:44:45] INFO: Number of sites (rows in count table) in dba_data: 162748
[2025-05-15 10:44:45] INFO: Number of samples (cols in count table) in dba_data: 9
[2025-05-15 10:44:45] INFO: DESeq2 object does not exist yet in dba_data (expected).
[2025-05-15 10:44:45] INFO: Starting DESeq2 analysis with dispersion estimation...
[2025-05-15 10:45:09] INFO: DESeq2 analysis completed successfully
[2025-05-15 10:45:09] INFO: Analysis statistics:
     Factor Group Samples Group2 Samples2 DB.DESeq2
1 Condition   YAF       3    GFP        3     51231
[2025-05-15 10:45:18] INFO: Extracting results...
[2025-05-15 10:45:19] INFO: Saving results...
[2025-05-15 10:45:29] INFO: Found 162647 differential binding sites
[2025-05-15 10:45:29] INFO: Successfully completed differential binding analysis
