[2025-02-07 12:17:20] Creating directories...
[2025-02-07 12:17:20] Activating conda environment...
[2025-02-07 12:17:22] Checking required input files...
[2025-02-07 12:17:22] Found input file: results/processed_peaks.rds
[2025-02-07 12:17:22] Found input file: results/narrow_broad_categorized_peaks.rds
[2025-02-07 12:17:22] Found input file: results/broad_broad_categorized_peaks.rds
[2025-02-07 12:17:22] Found input file: results/normalized_v5_signal.rds
[2025-02-07 12:17:22] Installing required Bioconductor packages...
> if (!require("BiocManager", quietly = TRUE))
+     install.packages("BiocManager")
> BiocManager::install(c(
+     "TxDb.Hsapiens.UCSC.hg38.knownGene",
+     "org.Hs.eg.db",
+     "ChIPseeker",
+     "clusterProfiler",
+     "ComplexHeatmap"
+ ), update = FALSE, ask = FALSE)
> 
[2025-02-07 12:17:40] Starting downstream analysis...
>> preparing features information...		 2025-02-07 12:18:12 PM 
>> identifying nearest features...		 2025-02-07 12:18:16 PM 
>> calculating distance from peak to TSS...	 2025-02-07 12:18:16 PM 
>> assigning genomic annotation...		 2025-02-07 12:18:16 PM 
>> adding gene annotation...			 2025-02-07 12:18:50 PM 
>> assigning chromosome lengths			 2025-02-07 12:18:51 PM 
>> done...					 2025-02-07 12:18:51 PM 
>> preparing features information...		 2025-02-07 12:18:51 PM 
>> identifying nearest features...		 2025-02-07 12:18:51 PM 
>> calculating distance from peak to TSS...	 2025-02-07 12:18:51 PM 
>> assigning genomic annotation...		 2025-02-07 12:18:51 PM 
>> adding gene annotation...			 2025-02-07 12:18:55 PM 
>> assigning chromosome lengths			 2025-02-07 12:18:56 PM 
>> done...					 2025-02-07 12:18:56 PM 
