[2025-02-24 12:13:39,131] multiqc.core.update_config                         [INFO   ]  Report title: Final Sample QC Report
[2025-02-24 12:13:39,730] multiqc.core.version_check                         [WARNING]  MultiQC Version v1.27 now available!
[2025-02-24 12:13:39,732] multiqc.core.file_search                           [INFO   ]  Search path: /beegfs/scratch/ric.broccoli/kubacki.michal/SRF_H2AK119Ub_cross_V5/SRF_H2AK119Ub/1_iterative_processing/analysis/3_alignment/qc/GFP_1_flagstat.txt
[2025-02-24 12:13:39,732] multiqc.core.file_search                           [INFO   ]  Search path: /beegfs/scratch/ric.broccoli/kubacki.michal/SRF_H2AK119Ub_cross_V5/SRF_H2AK119Ub/1_iterative_processing/analysis/3_alignment/qc/GFP_1_prededup_flagstat.txt
[2025-02-24 12:13:39,732] multiqc.core.file_search                           [INFO   ]  Search path: /beegfs/scratch/ric.broccoli/kubacki.michal/SRF_H2AK119Ub_cross_V5/SRF_H2AK119Ub/1_iterative_processing/analysis/3_alignment/qc/GFP_1_prefilter_flagstat.txt
[2025-02-24 12:13:39,732] multiqc.core.file_search                           [INFO   ]  Search path: /beegfs/scratch/ric.broccoli/kubacki.michal/SRF_H2AK119Ub_cross_V5/SRF_H2AK119Ub/1_iterative_processing/analysis/3_alignment/qc/GFP_2_flagstat.txt
[2025-02-24 12:13:39,733] multiqc.core.file_search                           [INFO   ]  Search path: /beegfs/scratch/ric.broccoli/kubacki.michal/SRF_H2AK119Ub_cross_V5/SRF_H2AK119Ub/1_iterative_processing/analysis/3_alignment/qc/GFP_2_prededup_flagstat.txt
[2025-02-24 12:13:39,733] multiqc.core.file_search                           [INFO   ]  Search path: /beegfs/scratch/ric.broccoli/kubacki.michal/SRF_H2AK119Ub_cross_V5/SRF_H2AK119Ub/1_iterative_processing/analysis/3_alignment/qc/GFP_2_prefilter_flagstat.txt
[2025-02-24 12:13:39,733] multiqc.core.file_search                           [INFO   ]  Search path: /beegfs/scratch/ric.broccoli/kubacki.michal/SRF_H2AK119Ub_cross_V5/SRF_H2AK119Ub/1_iterative_processing/analysis/3_alignment/qc/GFP_3_flagstat.txt
[2025-02-24 12:13:39,733] multiqc.core.file_search                           [INFO   ]  Search path: /beegfs/scratch/ric.broccoli/kubacki.michal/SRF_H2AK119Ub_cross_V5/SRF_H2AK119Ub/1_iterative_processing/analysis/3_alignment/qc/GFP_3_prededup_flagstat.txt
[2025-02-24 12:13:39,733] multiqc.core.file_search                           [INFO   ]  Search path: /beegfs/scratch/ric.broccoli/kubacki.michal/SRF_H2AK119Ub_cross_V5/SRF_H2AK119Ub/1_iterative_processing/analysis/3_alignment/qc/GFP_3_prefilter_flagstat.txt
[2025-02-24 12:13:39,733] multiqc.core.file_search                           [INFO   ]  Search path: /beegfs/scratch/ric.broccoli/kubacki.michal/SRF_H2AK119Ub_cross_V5/SRF_H2AK119Ub/1_iterative_processing/analysis/3_alignment/qc/YAF_1_flagstat.txt
[2025-02-24 12:13:39,734] multiqc.core.file_search                           [INFO   ]  Search path: /beegfs/scratch/ric.broccoli/kubacki.michal/SRF_H2AK119Ub_cross_V5/SRF_H2AK119Ub/1_iterative_processing/analysis/3_alignment/qc/YAF_1_prededup_flagstat.txt
[2025-02-24 12:13:39,734] multiqc.core.file_search                           [INFO   ]  Search path: /beegfs/scratch/ric.broccoli/kubacki.michal/SRF_H2AK119Ub_cross_V5/SRF_H2AK119Ub/1_iterative_processing/analysis/3_alignment/qc/YAF_1_prefilter_flagstat.txt
[2025-02-24 12:13:39,734] multiqc.core.file_search                           [INFO   ]  Search path: /beegfs/scratch/ric.broccoli/kubacki.michal/SRF_H2AK119Ub_cross_V5/SRF_H2AK119Ub/1_iterative_processing/analysis/3_alignment/qc/YAF_2_flagstat.txt
[2025-02-24 12:13:39,734] multiqc.core.file_search                           [INFO   ]  Search path: /beegfs/scratch/ric.broccoli/kubacki.michal/SRF_H2AK119Ub_cross_V5/SRF_H2AK119Ub/1_iterative_processing/analysis/3_alignment/qc/YAF_2_prededup_flagstat.txt
[2025-02-24 12:13:39,734] multiqc.core.file_search                           [INFO   ]  Search path: /beegfs/scratch/ric.broccoli/kubacki.michal/SRF_H2AK119Ub_cross_V5/SRF_H2AK119Ub/1_iterative_processing/analysis/3_alignment/qc/YAF_2_prefilter_flagstat.txt
[2025-02-24 12:13:39,735] multiqc.core.file_search                           [INFO   ]  Search path: /beegfs/scratch/ric.broccoli/kubacki.michal/SRF_H2AK119Ub_cross_V5/SRF_H2AK119Ub/1_iterative_processing/analysis/3_alignment/qc/YAF_3_flagstat.txt
[2025-02-24 12:13:39,735] multiqc.core.file_search                           [INFO   ]  Search path: /beegfs/scratch/ric.broccoli/kubacki.michal/SRF_H2AK119Ub_cross_V5/SRF_H2AK119Ub/1_iterative_processing/analysis/3_alignment/qc/YAF_3_prededup_flagstat.txt
[2025-02-24 12:13:39,735] multiqc.core.file_search                           [INFO   ]  Search path: /beegfs/scratch/ric.broccoli/kubacki.michal/SRF_H2AK119Ub_cross_V5/SRF_H2AK119Ub/1_iterative_processing/analysis/3_alignment/qc/YAF_3_prefilter_flagstat.txt
[2025-02-24 12:13:39,735] multiqc.core.file_search                           [INFO   ]  Search path: /beegfs/scratch/ric.broccoli/kubacki.michal/SRF_H2AK119Ub_cross_V5/SRF_H2AK119Ub/1_iterative_processing/analysis/3_alignment/qc/GFP_1_dup_metrics.txt
[2025-02-24 12:13:39,736] multiqc.core.file_search                           [INFO   ]  Search path: /beegfs/scratch/ric.broccoli/kubacki.michal/SRF_H2AK119Ub_cross_V5/SRF_H2AK119Ub/1_iterative_processing/analysis/3_alignment/qc/GFP_2_dup_metrics.txt
[2025-02-24 12:13:39,736] multiqc.core.file_search                           [INFO   ]  Search path: /beegfs/scratch/ric.broccoli/kubacki.michal/SRF_H2AK119Ub_cross_V5/SRF_H2AK119Ub/1_iterative_processing/analysis/3_alignment/qc/GFP_3_dup_metrics.txt
[2025-02-24 12:13:39,736] multiqc.core.file_search                           [INFO   ]  Search path: /beegfs/scratch/ric.broccoli/kubacki.michal/SRF_H2AK119Ub_cross_V5/SRF_H2AK119Ub/1_iterative_processing/analysis/3_alignment/qc/YAF_1_dup_metrics.txt
[2025-02-24 12:13:39,736] multiqc.core.file_search                           [INFO   ]  Search path: /beegfs/scratch/ric.broccoli/kubacki.michal/SRF_H2AK119Ub_cross_V5/SRF_H2AK119Ub/1_iterative_processing/analysis/3_alignment/qc/YAF_2_dup_metrics.txt
[2025-02-24 12:13:39,736] multiqc.core.file_search                           [INFO   ]  Search path: /beegfs/scratch/ric.broccoli/kubacki.michal/SRF_H2AK119Ub_cross_V5/SRF_H2AK119Ub/1_iterative_processing/analysis/3_alignment/qc/YAF_3_dup_metrics.txt
[2025-02-24 12:13:39,736] multiqc.core.file_search                           [INFO   ]  Search path: /beegfs/scratch/ric.broccoli/kubacki.michal/SRF_H2AK119Ub_cross_V5/SRF_H2AK119Ub/1_iterative_processing/analysis/3_alignment/qc/GFP_1_insert_size_metrics.txt
[2025-02-24 12:13:39,737] multiqc.core.file_search                           [INFO   ]  Search path: /beegfs/scratch/ric.broccoli/kubacki.michal/SRF_H2AK119Ub_cross_V5/SRF_H2AK119Ub/1_iterative_processing/analysis/3_alignment/qc/GFP_2_insert_size_metrics.txt
[2025-02-24 12:13:39,737] multiqc.core.file_search                           [INFO   ]  Search path: /beegfs/scratch/ric.broccoli/kubacki.michal/SRF_H2AK119Ub_cross_V5/SRF_H2AK119Ub/1_iterative_processing/analysis/3_alignment/qc/GFP_3_insert_size_metrics.txt
[2025-02-24 12:13:39,737] multiqc.core.file_search                           [INFO   ]  Search path: /beegfs/scratch/ric.broccoli/kubacki.michal/SRF_H2AK119Ub_cross_V5/SRF_H2AK119Ub/1_iterative_processing/analysis/3_alignment/qc/YAF_1_insert_size_metrics.txt
[2025-02-24 12:13:39,737] multiqc.core.file_search                           [INFO   ]  Search path: /beegfs/scratch/ric.broccoli/kubacki.michal/SRF_H2AK119Ub_cross_V5/SRF_H2AK119Ub/1_iterative_processing/analysis/3_alignment/qc/YAF_2_insert_size_metrics.txt
[2025-02-24 12:13:39,737] multiqc.core.file_search                           [INFO   ]  Search path: /beegfs/scratch/ric.broccoli/kubacki.michal/SRF_H2AK119Ub_cross_V5/SRF_H2AK119Ub/1_iterative_processing/analysis/3_alignment/qc/YAF_3_insert_size_metrics.txt
[2025-02-24 12:13:39,738] multiqc.core.file_search                           [INFO   ]  Only using modules: picard, samtools, fastqc
[2025-02-24 12:13:40,587] multiqc.modules.picard.picard                      [INFO   ]  Found 6 InsertSizeMetrics reports
[2025-02-24 12:13:40,867] multiqc.modules.picard.picard                      [INFO   ]  Found 6 MarkDuplicates reports
[2025-02-24 12:13:40,981] multiqc.modules.samtools.samtools                  [INFO   ]  Found 6 flagstat reports
[2025-02-24 12:13:41,005] multiqc.core.file_search                           [INFO   ]  Only using modules: picard, samtools
[2025-02-24 12:13:41,030] multiqc.core.write_results                         [INFO   ]  Existing reports found, adding suffix to filenames. Use '--force' to overwrite.
