/var/spool/slurmd/job4214070/slurm_script: line 16: cd: /beegfs/scratch/ric.broccoli/kubacki.michal/SRF_H2AK119Ub_cross_V5/SRF_V5: No such file or directory
WARNING: overwriting environment variables set in the machine
overwriting variable ['TMPDIR']
Building DAG of jobs...
Unlocked working directory.
host: srcn01
Building DAG of jobs...
You are running snakemake in a SLURM job context. This is not recommended, as it may lead to unexpected behavior. Please run Snakemake directly on the login node.
SLURM run ID: 886982ce-1b26-4195-80e4-39ef170a432a
Using shell: /usr/bin/bash
Provided remote nodes: 100
Job stats:
job                  count
-----------------  -------
align                    3
all                      1
call_broad_peaks         2
call_narrow_peaks        2
create_bigwig            3
deduplicate_bam          3
total                   14

Select jobs to execute...
Execute 3 jobs...

[Fri Feb 21 21:09:19 2025]
rule align:
    input: data_from_ncbi/SRR18590303_1.fastq, data_from_ncbi/SRR18590303_2.fastq
    output: results/alignment/SRR18590303.sorted.bam, results/alignment/SRR18590303.sorted.bam.bai
    log: logs/align/SRR18590303.log
    jobid: 7
    benchmark: logs/benchmarks/align/SRR18590303.tsv
    reason: Missing output files: results/alignment/SRR18590303.sorted.bam.bai, results/alignment/SRR18590303.sorted.bam
    wildcards: sample=SRR18590303
    threads: 2
    resources: mem_mb=32000, mem_mib=30518, disk_mb=40282, disk_mib=38416, tmpdir=<TBD>, slurm_partition=workq, runtime=1440, threads=8, nodes=1

No SLURM account given, trying to guess.
Guessed SLURM account: kubacki.michal
Job 7 has been submitted with SLURM jobid 4214071 (log: /beegfs/scratch/ric.broccoli/kubacki.michal/SRF_H2AK119Ub_cross_V5/SRF_SES_V5/.snakemake/slurm_logs/rule_align/SRR18590303/4214071.log).

[Fri Feb 21 21:09:19 2025]
rule align:
    input: data_from_ncbi/SRR18590296_1.fastq, data_from_ncbi/SRR18590296_2.fastq
    output: results/alignment/SRR18590296.sorted.bam, results/alignment/SRR18590296.sorted.bam.bai
    log: logs/align/SRR18590296.log
    jobid: 5
    benchmark: logs/benchmarks/align/SRR18590296.tsv
    reason: Missing output files: results/alignment/SRR18590296.sorted.bam.bai, results/alignment/SRR18590296.sorted.bam
    wildcards: sample=SRR18590296
    threads: 2
    resources: mem_mb=32000, mem_mib=30518, disk_mb=46384, disk_mib=44236, tmpdir=<TBD>, slurm_partition=workq, runtime=1440, threads=8, nodes=1

Job 5 has been submitted with SLURM jobid 4214072 (log: /beegfs/scratch/ric.broccoli/kubacki.michal/SRF_H2AK119Ub_cross_V5/SRF_SES_V5/.snakemake/slurm_logs/rule_align/SRR18590296/4214072.log).

[Fri Feb 21 21:09:19 2025]
rule align:
    input: data_from_ncbi/SRR18590297_1.fastq, data_from_ncbi/SRR18590297_2.fastq
    output: results/alignment/SRR18590297.sorted.bam, results/alignment/SRR18590297.sorted.bam.bai
    log: logs/align/SRR18590297.log
    jobid: 6
    benchmark: logs/benchmarks/align/SRR18590297.tsv
    reason: Missing output files: results/alignment/SRR18590297.sorted.bam.bai, results/alignment/SRR18590297.sorted.bam
    wildcards: sample=SRR18590297
    threads: 2
    resources: mem_mb=32000, mem_mib=30518, disk_mb=49740, disk_mib=47436, tmpdir=<TBD>, slurm_partition=workq, runtime=1440, threads=8, nodes=1

Job 6 has been submitted with SLURM jobid 4214073 (log: /beegfs/scratch/ric.broccoli/kubacki.michal/SRF_H2AK119Ub_cross_V5/SRF_SES_V5/.snakemake/slurm_logs/rule_align/SRR18590297/4214073.log).
[Sat Feb 22 06:38:46 2025]
Finished job 7.
1 of 14 steps (7%) done
Select jobs to execute...
Execute 1 jobs...

[Sat Feb 22 06:38:46 2025]
rule deduplicate_bam:
    input: results/alignment/SRR18590303.sorted.bam
    output: results/alignment/SRR18590303.dedup.bam, results/alignment/SRR18590303.dedup.bam.bai, results/alignment/SRR18590303.dedup.metrics.txt
    log: logs/dedup/SRR18590303.log
    jobid: 10
    benchmark: logs/benchmarks/dedup/SRR18590303.tsv
    reason: Missing output files: results/alignment/SRR18590303.dedup.bam, results/alignment/SRR18590303.dedup.bam.bai, results/alignment/SRR18590303.dedup.metrics.txt; Input files updated by another job: results/alignment/SRR18590303.sorted.bam
    wildcards: sample=SRR18590303
    threads: 2
    resources: mem_mb=32000, mem_mib=30518, disk_mb=6007, disk_mib=5729, tmpdir=<TBD>, slurm_partition=workq, runtime=1440, threads=8, nodes=1

Job 10 has been submitted with SLURM jobid 4214183 (log: /beegfs/scratch/ric.broccoli/kubacki.michal/SRF_H2AK119Ub_cross_V5/SRF_SES_V5/.snakemake/slurm_logs/rule_deduplicate_bam/SRR18590303/4214183.log).
[Sat Feb 22 06:53:57 2025]
Finished job 10.
2 of 14 steps (14%) done
Select jobs to execute...
Execute 1 jobs...

[Sat Feb 22 06:53:57 2025]
rule create_bigwig:
    input: results/alignment/SRR18590303.dedup.bam, results/alignment/SRR18590303.dedup.bam.bai
    output: results/bigwig/SRR18590303.bw
    log: logs/bigwig/SRR18590303.log
    jobid: 17
    benchmark: logs/benchmarks/bigwig/SRR18590303.tsv
    reason: Missing output files: results/bigwig/SRR18590303.bw; Input files updated by another job: results/alignment/SRR18590303.dedup.bam, results/alignment/SRR18590303.dedup.bam.bai
    wildcards: sample=SRR18590303
    threads: 2
    resources: mem_mb=32000, mem_mib=30518, disk_mb=6002, disk_mib=5724, tmpdir=<TBD>, slurm_partition=workq, runtime=1440, threads=8, nodes=1

Job 17 has been submitted with SLURM jobid 4214184 (log: /beegfs/scratch/ric.broccoli/kubacki.michal/SRF_H2AK119Ub_cross_V5/SRF_SES_V5/.snakemake/slurm_logs/rule_create_bigwig/SRR18590303/4214184.log).
[Sat Feb 22 07:16:39 2025]
Finished job 17.
3 of 14 steps (21%) done
[Sat Feb 22 08:09:13 2025]
Finished job 5.
4 of 14 steps (29%) done
Select jobs to execute...
Execute 1 jobs...

[Sat Feb 22 08:09:13 2025]
rule deduplicate_bam:
    input: results/alignment/SRR18590296.sorted.bam
    output: results/alignment/SRR18590296.dedup.bam, results/alignment/SRR18590296.dedup.bam.bai, results/alignment/SRR18590296.dedup.metrics.txt
    log: logs/dedup/SRR18590296.log
    jobid: 8
    benchmark: logs/benchmarks/dedup/SRR18590296.tsv
    reason: Missing output files: results/alignment/SRR18590296.dedup.bam.bai, results/alignment/SRR18590296.dedup.metrics.txt, results/alignment/SRR18590296.dedup.bam; Input files updated by another job: results/alignment/SRR18590296.sorted.bam
    wildcards: sample=SRR18590296
    threads: 2
    resources: mem_mb=32000, mem_mib=30518, disk_mb=7107, disk_mib=6778, tmpdir=<TBD>, slurm_partition=workq, runtime=1440, threads=8, nodes=1

Job 8 has been submitted with SLURM jobid 4214185 (log: /beegfs/scratch/ric.broccoli/kubacki.michal/SRF_H2AK119Ub_cross_V5/SRF_SES_V5/.snakemake/slurm_logs/rule_deduplicate_bam/SRR18590296/4214185.log).
[Sat Feb 22 08:26:45 2025]
Finished job 8.
5 of 14 steps (36%) done
Select jobs to execute...
Execute 3 jobs...

[Sat Feb 22 08:26:45 2025]
rule call_broad_peaks:
    input: results/alignment/SRR18590296.dedup.bam, results/alignment/SRR18590303.dedup.bam
    output: results/peaks/SRR18590296_broad_peaks.broadPeak
    log: logs/macs2/SRR18590296_broad.log
    jobid: 13
    benchmark: logs/benchmarks/macs2/SRR18590296_broad.tsv
    reason: Missing output files: results/peaks/SRR18590296_broad_peaks.broadPeak; Input files updated by another job: results/alignment/SRR18590303.dedup.bam, results/alignment/SRR18590296.dedup.bam
    wildcards: sample=SRR18590296
    threads: 2
    resources: mem_mb=32000, mem_mib=30518, disk_mb=13087, disk_mib=12481, tmpdir=<TBD>, slurm_partition=workq, runtime=1440, threads=8, nodes=1

Job 13 has been submitted with SLURM jobid 4214186 (log: /beegfs/scratch/ric.broccoli/kubacki.michal/SRF_H2AK119Ub_cross_V5/SRF_SES_V5/.snakemake/slurm_logs/rule_call_broad_peaks/SRR18590296/4214186.log).

[Sat Feb 22 08:26:45 2025]
rule call_narrow_peaks:
    input: results/alignment/SRR18590296.dedup.bam, results/alignment/SRR18590303.dedup.bam
    output: results/peaks/SRR18590296_narrow_peaks.narrowPeak
    log: logs/macs2/SRR18590296_narrow.log
    jobid: 11
    benchmark: logs/benchmarks/macs2/SRR18590296_narrow.tsv
    reason: Missing output files: results/peaks/SRR18590296_narrow_peaks.narrowPeak; Input files updated by another job: results/alignment/SRR18590303.dedup.bam, results/alignment/SRR18590296.dedup.bam
    wildcards: sample=SRR18590296
    threads: 2
    resources: mem_mb=32000, mem_mib=30518, disk_mb=13087, disk_mib=12481, tmpdir=<TBD>, slurm_partition=workq, runtime=1440, threads=8, nodes=1

Job 11 has been submitted with SLURM jobid 4214187 (log: /beegfs/scratch/ric.broccoli/kubacki.michal/SRF_H2AK119Ub_cross_V5/SRF_SES_V5/.snakemake/slurm_logs/rule_call_narrow_peaks/SRR18590296/4214187.log).

[Sat Feb 22 08:26:45 2025]
rule create_bigwig:
    input: results/alignment/SRR18590296.dedup.bam, results/alignment/SRR18590296.dedup.bam.bai
    output: results/bigwig/SRR18590296.bw
    log: logs/bigwig/SRR18590296.log
    jobid: 15
    benchmark: logs/benchmarks/bigwig/SRR18590296.tsv
    reason: Missing output files: results/bigwig/SRR18590296.bw; Input files updated by another job: results/alignment/SRR18590296.dedup.bam.bai, results/alignment/SRR18590296.dedup.bam
    wildcards: sample=SRR18590296
    threads: 2
    resources: mem_mb=32000, mem_mib=30518, disk_mb=7094, disk_mib=6766, tmpdir=<TBD>, slurm_partition=workq, runtime=1440, threads=8, nodes=1

Job 15 has been submitted with SLURM jobid 4214188 (log: /beegfs/scratch/ric.broccoli/kubacki.michal/SRF_H2AK119Ub_cross_V5/SRF_SES_V5/.snakemake/slurm_logs/rule_create_bigwig/SRR18590296/4214188.log).
[Sat Feb 22 08:34:16 2025]
Finished job 13.
6 of 14 steps (43%) done
[Sat Feb 22 08:34:16 2025]
Finished job 11.
7 of 14 steps (50%) done
[Sat Feb 22 08:49:28 2025]
Finished job 15.
8 of 14 steps (57%) done
[Sat Feb 22 09:33:01 2025]
Finished job 6.
9 of 14 steps (64%) done
Select jobs to execute...
Execute 1 jobs...

[Sat Feb 22 09:33:01 2025]
rule deduplicate_bam:
    input: results/alignment/SRR18590297.sorted.bam
    output: results/alignment/SRR18590297.dedup.bam, results/alignment/SRR18590297.dedup.bam.bai, results/alignment/SRR18590297.dedup.metrics.txt
    log: logs/dedup/SRR18590297.log
    jobid: 9
    benchmark: logs/benchmarks/dedup/SRR18590297.tsv
    reason: Missing output files: results/alignment/SRR18590297.dedup.bam.bai, results/alignment/SRR18590297.dedup.bam, results/alignment/SRR18590297.dedup.metrics.txt; Input files updated by another job: results/alignment/SRR18590297.sorted.bam
    wildcards: sample=SRR18590297
    threads: 2
    resources: mem_mb=32000, mem_mib=30518, disk_mb=7642, disk_mib=7288, tmpdir=<TBD>, slurm_partition=workq, runtime=1440, threads=8, nodes=1

Job 9 has been submitted with SLURM jobid 4214204 (log: /beegfs/scratch/ric.broccoli/kubacki.michal/SRF_H2AK119Ub_cross_V5/SRF_SES_V5/.snakemake/slurm_logs/rule_deduplicate_bam/SRR18590297/4214204.log).
[Sat Feb 22 09:50:33 2025]
Finished job 9.
10 of 14 steps (71%) done
Select jobs to execute...
Execute 3 jobs...

[Sat Feb 22 09:50:33 2025]
rule call_narrow_peaks:
    input: results/alignment/SRR18590297.dedup.bam, results/alignment/SRR18590303.dedup.bam
    output: results/peaks/SRR18590297_narrow_peaks.narrowPeak
    log: logs/macs2/SRR18590297_narrow.log
    jobid: 12
    benchmark: logs/benchmarks/macs2/SRR18590297_narrow.tsv
    reason: Missing output files: results/peaks/SRR18590297_narrow_peaks.narrowPeak; Input files updated by another job: results/alignment/SRR18590297.dedup.bam, results/alignment/SRR18590303.dedup.bam
    wildcards: sample=SRR18590297
    threads: 2
    resources: mem_mb=32000, mem_mib=30518, disk_mb=13612, disk_mib=12982, tmpdir=<TBD>, slurm_partition=workq, runtime=1440, threads=8, nodes=1

Job 12 has been submitted with SLURM jobid 4214206 (log: /beegfs/scratch/ric.broccoli/kubacki.michal/SRF_H2AK119Ub_cross_V5/SRF_SES_V5/.snakemake/slurm_logs/rule_call_narrow_peaks/SRR18590297/4214206.log).

[Sat Feb 22 09:50:33 2025]
rule create_bigwig:
    input: results/alignment/SRR18590297.dedup.bam, results/alignment/SRR18590297.dedup.bam.bai
    output: results/bigwig/SRR18590297.bw
    log: logs/bigwig/SRR18590297.log
    jobid: 16
    benchmark: logs/benchmarks/bigwig/SRR18590297.tsv
    reason: Missing output files: results/bigwig/SRR18590297.bw; Input files updated by another job: results/alignment/SRR18590297.dedup.bam, results/alignment/SRR18590297.dedup.bam.bai
    wildcards: sample=SRR18590297
    threads: 2
    resources: mem_mb=32000, mem_mib=30518, disk_mb=7619, disk_mib=7267, tmpdir=<TBD>, slurm_partition=workq, runtime=1440, threads=8, nodes=1

Job 16 has been submitted with SLURM jobid 4214207 (log: /beegfs/scratch/ric.broccoli/kubacki.michal/SRF_H2AK119Ub_cross_V5/SRF_SES_V5/.snakemake/slurm_logs/rule_create_bigwig/SRR18590297/4214207.log).

[Sat Feb 22 09:50:33 2025]
rule call_broad_peaks:
    input: results/alignment/SRR18590297.dedup.bam, results/alignment/SRR18590303.dedup.bam
    output: results/peaks/SRR18590297_broad_peaks.broadPeak
    log: logs/macs2/SRR18590297_broad.log
    jobid: 14
    benchmark: logs/benchmarks/macs2/SRR18590297_broad.tsv
    reason: Missing output files: results/peaks/SRR18590297_broad_peaks.broadPeak; Input files updated by another job: results/alignment/SRR18590297.dedup.bam, results/alignment/SRR18590303.dedup.bam
    wildcards: sample=SRR18590297
    threads: 2
    resources: mem_mb=32000, mem_mib=30518, disk_mb=13612, disk_mib=12982, tmpdir=<TBD>, slurm_partition=workq, runtime=1440, threads=8, nodes=1

Job 14 has been submitted with SLURM jobid 4214208 (log: /beegfs/scratch/ric.broccoli/kubacki.michal/SRF_H2AK119Ub_cross_V5/SRF_SES_V5/.snakemake/slurm_logs/rule_call_broad_peaks/SRR18590297/4214208.log).
[Sat Feb 22 09:59:44 2025]
Finished job 12.
11 of 14 steps (79%) done
[Sat Feb 22 09:59:44 2025]
Finished job 14.
12 of 14 steps (86%) done
[Sat Feb 22 10:14:55 2025]
Finished job 16.
13 of 14 steps (93%) done
Select jobs to execute...
Execute 1 jobs...

[Sat Feb 22 10:14:55 2025]
localrule all:
    input: results/qc/fastqc/SRR18590296_1_fastqc.html, results/qc/fastqc/SRR18590296_2_fastqc.html, results/qc/fastqc/SRR18590297_1_fastqc.html, results/qc/fastqc/SRR18590297_2_fastqc.html, results/qc/fastqc/SRR18590303_1_fastqc.html, results/qc/fastqc/SRR18590303_2_fastqc.html, results/qc/multiqc/multiqc_report.html, results/alignment/SRR18590296.sorted.bam, results/alignment/SRR18590297.sorted.bam, results/alignment/SRR18590303.sorted.bam, results/alignment/SRR18590296.sorted.bam.bai, results/alignment/SRR18590297.sorted.bam.bai, results/alignment/SRR18590303.sorted.bam.bai, results/alignment/SRR18590296.dedup.bam, results/alignment/SRR18590297.dedup.bam, results/alignment/SRR18590303.dedup.bam, results/alignment/SRR18590296.dedup.metrics.txt, results/alignment/SRR18590297.dedup.metrics.txt, results/alignment/SRR18590303.dedup.metrics.txt, results/peaks/SRR18590296_narrow_peaks.narrowPeak, results/peaks/SRR18590297_narrow_peaks.narrowPeak, results/peaks/SRR18590296_broad_peaks.broadPeak, results/peaks/SRR18590297_broad_peaks.broadPeak, results/bigwig/SRR18590296.bw, results/bigwig/SRR18590297.bw, results/bigwig/SRR18590303.bw
    jobid: 0
    reason: Input files updated by another job: results/alignment/SRR18590303.dedup.bam, results/alignment/SRR18590303.dedup.metrics.txt, results/alignment/SRR18590303.sorted.bam, results/bigwig/SRR18590296.bw, results/peaks/SRR18590297_broad_peaks.broadPeak, results/alignment/SRR18590297.sorted.bam, results/alignment/SRR18590297.dedup.metrics.txt, results/alignment/SRR18590296.dedup.bam, results/alignment/SRR18590296.sorted.bam, results/bigwig/SRR18590297.bw, results/alignment/SRR18590296.sorted.bam.bai, results/peaks/SRR18590296_broad_peaks.broadPeak, results/peaks/SRR18590296_narrow_peaks.narrowPeak, results/bigwig/SRR18590303.bw, results/alignment/SRR18590303.sorted.bam.bai, results/alignment/SRR18590296.dedup.metrics.txt, results/alignment/SRR18590297.sorted.bam.bai, results/alignment/SRR18590297.dedup.bam, results/peaks/SRR18590297_narrow_peaks.narrowPeak
    resources: mem_mb=32000, mem_mib=30518, disk_mb=43025, disk_mib=41032, tmpdir=/beegfs/scratch/tmp, slurm_partition=workq, runtime=1440, threads=8, nodes=1

[Sat Feb 22 10:14:55 2025]
Finished job 0.
14 of 14 steps (100%) done
Complete log: .snakemake/log/2025-02-21T210914.433016.snakemake.log
