Creating and cleaning genome directory...
Building STAR index...
	/beegfs/scratch/ric.broccoli/kubacki.michal/conda_envs/snakemake/bin/STAR-avx2 --runMode genomeGenerate --genomeDir /beegfs/scratch/ric.broccoli/kubacki.michal/SRF_H2AK119Ub_cross_V5/COMMON_DATA/genome_star --genomeFastaFiles /beegfs/scratch/ric.broccoli/kubacki.michal/SRF_H2AK119Ub_cross_V5/COMMON_DATA/genome/Homo_sapiens.GRCh38.dna.primary_assembly.fa --sjdbGTFfile /beegfs/scratch/ric.broccoli/kubacki.michal/SRF_H2AK119Ub_cross_V5/COMMON_DATA/gencode.v43.basic.annotation.nochr.gtf --runThreadN 32 --sjdbOverhang 100 --limitGenomeGenerateRAM 60000000000
	STAR version: 2.7.10b   compiled: 2023-05-25T06:56:23+0000 :/opt/conda/conda-bld/star_1684997536154/work/source
Mar 04 07:05:06 ..... started STAR run
Mar 04 07:05:06 ... starting to generate Genome files
Mar 04 07:05:56 ..... processing annotations GTF
Mar 04 07:06:17 ... starting to sort Suffix Array. This may take a long time...
Mar 04 07:06:31 ... sorting Suffix Array chunks and saving them to disk...
Mar 04 07:21:40 ... loading chunks from disk, packing SA...
Mar 04 07:22:39 ... finished generating suffix array
Mar 04 07:22:39 ... generating Suffix Array index
Mar 04 07:25:39 ... completed Suffix Array index
Mar 04 07:25:39 ..... inserting junctions into the genome indices
Mar 04 07:28:09 ... writing Genome to disk ...
Mar 04 07:28:09 ... writing Suffix Array to disk ...
Mar 04 07:28:15 ... writing SAindex to disk
Mar 04 07:28:16 ..... finished successfully
Creating flag file...
STAR index generation complete.
