INFO  @ Tue, 04 Feb 2025 19:38:27: 
# Command line: callpeak -t results/alignment/SES-V5ChIP-Seq2_S6.dedup.bam -c results/alignment/InputSES-V5ChIP-Seq_S2.dedup.bam -f BAMPE -g hs -n results/peaks/SES-V5ChIP-Seq2_S6_broad -q 0.05 --broad --broad-cutoff 0.1 --nomodel --extsize 200 --keep-dup all
# ARGUMENTS LIST:
# name = results/peaks/SES-V5ChIP-Seq2_S6_broad
# format = BAMPE
# ChIP-seq file = ['results/alignment/SES-V5ChIP-Seq2_S6.dedup.bam']
# control file = ['results/alignment/InputSES-V5ChIP-Seq_S2.dedup.bam']
# effective genome size = 2.70e+09
# band width = 300
# model fold = [5, 50]
# qvalue cutoff for narrow/strong regions = 5.00e-02
# qvalue cutoff for broad/weak regions = 1.00e-01
# The maximum gap between significant sites is assigned as the read length/tag size.
# The minimum length of peaks is assigned as the predicted fragment length "d".
# Larger dataset will be scaled towards smaller dataset.
# Range for calculating regional lambda is: 1000 bps and 10000 bps
# Broad region calling is on
# Paired-End mode is on
 
INFO  @ Tue, 04 Feb 2025 19:38:27: #1 read fragment files... 
INFO  @ Tue, 04 Feb 2025 19:38:27: #1 read treatment fragments... 
INFO  @ Tue, 04 Feb 2025 19:38:31:  1000000 
INFO  @ Tue, 04 Feb 2025 19:38:35:  2000000 
INFO  @ Tue, 04 Feb 2025 19:38:40:  3000000 
INFO  @ Tue, 04 Feb 2025 19:38:44:  4000000 
INFO  @ Tue, 04 Feb 2025 19:38:48:  5000000 
INFO  @ Tue, 04 Feb 2025 19:38:53:  6000000 
INFO  @ Tue, 04 Feb 2025 19:38:57:  7000000 
INFO  @ Tue, 04 Feb 2025 19:39:01:  8000000 
INFO  @ Tue, 04 Feb 2025 19:39:05:  9000000 
INFO  @ Tue, 04 Feb 2025 19:39:10:  10000000 
INFO  @ Tue, 04 Feb 2025 19:39:14:  11000000 
INFO  @ Tue, 04 Feb 2025 19:39:18:  12000000 
INFO  @ Tue, 04 Feb 2025 19:39:22:  13000000 
INFO  @ Tue, 04 Feb 2025 19:39:26:  14000000 
INFO  @ Tue, 04 Feb 2025 19:39:31:  15000000 
INFO  @ Tue, 04 Feb 2025 19:39:35:  16000000 
INFO  @ Tue, 04 Feb 2025 19:39:39:  17000000 
INFO  @ Tue, 04 Feb 2025 19:39:43:  18000000 
INFO  @ Tue, 04 Feb 2025 19:39:47:  19000000 
INFO  @ Tue, 04 Feb 2025 19:39:52:  20000000 
INFO  @ Tue, 04 Feb 2025 19:39:56:  21000000 
INFO  @ Tue, 04 Feb 2025 19:39:58: 21414313 fragments have been read. 
INFO  @ Tue, 04 Feb 2025 19:40:07: #1.2 read input fragments... 
INFO  @ Tue, 04 Feb 2025 19:40:11:  1000000 
INFO  @ Tue, 04 Feb 2025 19:40:15:  2000000 
INFO  @ Tue, 04 Feb 2025 19:40:19:  3000000 
INFO  @ Tue, 04 Feb 2025 19:40:23:  4000000 
INFO  @ Tue, 04 Feb 2025 19:40:28:  5000000 
INFO  @ Tue, 04 Feb 2025 19:40:32:  6000000 
INFO  @ Tue, 04 Feb 2025 19:40:36:  7000000 
INFO  @ Tue, 04 Feb 2025 19:40:40:  8000000 
INFO  @ Tue, 04 Feb 2025 19:40:44:  9000000 
INFO  @ Tue, 04 Feb 2025 19:40:48:  10000000 
INFO  @ Tue, 04 Feb 2025 19:40:52:  11000000 
INFO  @ Tue, 04 Feb 2025 19:40:56:  12000000 
INFO  @ Tue, 04 Feb 2025 19:41:00:  13000000 
INFO  @ Tue, 04 Feb 2025 19:41:04:  14000000 
INFO  @ Tue, 04 Feb 2025 19:41:08:  15000000 
INFO  @ Tue, 04 Feb 2025 19:41:12:  16000000 
INFO  @ Tue, 04 Feb 2025 19:41:16:  17000000 
INFO  @ Tue, 04 Feb 2025 19:41:20:  18000000 
INFO  @ Tue, 04 Feb 2025 19:41:24:  19000000 
INFO  @ Tue, 04 Feb 2025 19:41:27: 19669403 fragments have been read. 
INFO  @ Tue, 04 Feb 2025 19:41:35: #1 mean fragment size is determined as 252.3 bp from treatment 
INFO  @ Tue, 04 Feb 2025 19:41:35: #1 note: mean fragment size in control is 221.5 bp -- value ignored 
INFO  @ Tue, 04 Feb 2025 19:41:35: #1 fragment size = 252.3 
INFO  @ Tue, 04 Feb 2025 19:41:35: #1  total fragments in treatment: 21414313 
INFO  @ Tue, 04 Feb 2025 19:41:35: #1  total fragments in control: 19669403 
INFO  @ Tue, 04 Feb 2025 19:41:35: #1 finished! 
INFO  @ Tue, 04 Feb 2025 19:41:35: #2 Build Peak Model... 
INFO  @ Tue, 04 Feb 2025 19:41:35: #2 Skipped... 
INFO  @ Tue, 04 Feb 2025 19:41:35: #3 Call peaks... 
INFO  @ Tue, 04 Feb 2025 19:41:35: #3 Call broad peaks with given level1 -log10qvalue cutoff and level2: 1.301030, 1.000000... 
INFO  @ Tue, 04 Feb 2025 19:41:35: #3 Pre-compute pvalue-qvalue table... 
INFO  @ Tue, 04 Feb 2025 19:43:11: #3 Call peaks for each chromosome... 
INFO  @ Tue, 04 Feb 2025 19:44:00: #4 Write output xls file... results/peaks/SES-V5ChIP-Seq2_S6_broad_peaks.xls 
INFO  @ Tue, 04 Feb 2025 19:44:00: #4 Write broad peak in broadPeak format file... results/peaks/SES-V5ChIP-Seq2_S6_broad_peaks.broadPeak 
INFO  @ Tue, 04 Feb 2025 19:44:00: #4 Write broad peak in bed12/gappedPeak format file... results/peaks/SES-V5ChIP-Seq2_S6_broad_peaks.gappedPeak 
INFO  @ Tue, 04 Feb 2025 19:44:00: Done! 
