INFO  @ Sat, 22 Feb 2025 09:50:35: 
# Command line: callpeak -t results/alignment/SRR18590297.dedup.bam -c results/alignment/SRR18590303.dedup.bam -f BAMPE -g hs -n results/peaks/SRR18590297_narrow -q 0.05 --nomodel --extsize 200 --keep-dup all --call-summits
# ARGUMENTS LIST:
# name = results/peaks/SRR18590297_narrow
# format = BAMPE
# ChIP-seq file = ['results/alignment/SRR18590297.dedup.bam']
# control file = ['results/alignment/SRR18590303.dedup.bam']
# effective genome size = 2.70e+09
# band width = 300
# model fold = [5, 50]
# qvalue cutoff = 5.00e-02
# The maximum gap between significant sites is assigned as the read length/tag size.
# The minimum length of peaks is assigned as the predicted fragment length "d".
# Larger dataset will be scaled towards smaller dataset.
# Range for calculating regional lambda is: 1000 bps and 10000 bps
# Broad region calling is off
# Paired-End mode is on
# Searching for subpeak summits is on
 
INFO  @ Sat, 22 Feb 2025 09:50:35: #1 read fragment files... 
INFO  @ Sat, 22 Feb 2025 09:50:35: #1 read treatment fragments... 
INFO  @ Sat, 22 Feb 2025 09:50:41:  1000000 
INFO  @ Sat, 22 Feb 2025 09:50:46:  2000000 
INFO  @ Sat, 22 Feb 2025 09:50:52:  3000000 
INFO  @ Sat, 22 Feb 2025 09:50:57:  4000000 
INFO  @ Sat, 22 Feb 2025 09:51:03:  5000000 
INFO  @ Sat, 22 Feb 2025 09:51:08:  6000000 
INFO  @ Sat, 22 Feb 2025 09:51:13:  7000000 
INFO  @ Sat, 22 Feb 2025 09:51:18:  8000000 
INFO  @ Sat, 22 Feb 2025 09:51:24:  9000000 
INFO  @ Sat, 22 Feb 2025 09:51:29:  10000000 
INFO  @ Sat, 22 Feb 2025 09:51:34:  11000000 
INFO  @ Sat, 22 Feb 2025 09:51:40:  12000000 
INFO  @ Sat, 22 Feb 2025 09:51:45:  13000000 
INFO  @ Sat, 22 Feb 2025 09:51:50:  14000000 
INFO  @ Sat, 22 Feb 2025 09:51:55:  15000000 
INFO  @ Sat, 22 Feb 2025 09:52:01:  16000000 
INFO  @ Sat, 22 Feb 2025 09:52:06:  17000000 
INFO  @ Sat, 22 Feb 2025 09:52:11:  18000000 
INFO  @ Sat, 22 Feb 2025 09:52:16:  19000000 
INFO  @ Sat, 22 Feb 2025 09:52:22:  20000000 
INFO  @ Sat, 22 Feb 2025 09:52:27:  21000000 
INFO  @ Sat, 22 Feb 2025 09:52:29: 21368736 fragments have been read. 
INFO  @ Sat, 22 Feb 2025 09:52:43: #1.2 read input fragments... 
INFO  @ Sat, 22 Feb 2025 09:52:48:  1000000 
INFO  @ Sat, 22 Feb 2025 09:52:52:  2000000 
INFO  @ Sat, 22 Feb 2025 09:52:57:  3000000 
INFO  @ Sat, 22 Feb 2025 09:53:02:  4000000 
INFO  @ Sat, 22 Feb 2025 09:53:06:  5000000 
INFO  @ Sat, 22 Feb 2025 09:53:11:  6000000 
INFO  @ Sat, 22 Feb 2025 09:53:16:  7000000 
INFO  @ Sat, 22 Feb 2025 09:53:21:  8000000 
INFO  @ Sat, 22 Feb 2025 09:53:25:  9000000 
INFO  @ Sat, 22 Feb 2025 09:53:30:  10000000 
INFO  @ Sat, 22 Feb 2025 09:53:35:  11000000 
INFO  @ Sat, 22 Feb 2025 09:53:39:  12000000 
INFO  @ Sat, 22 Feb 2025 09:53:44:  13000000 
INFO  @ Sat, 22 Feb 2025 09:53:49:  14000000 
INFO  @ Sat, 22 Feb 2025 09:53:53:  15000000 
INFO  @ Sat, 22 Feb 2025 09:53:58:  16000000 
INFO  @ Sat, 22 Feb 2025 09:54:03:  17000000 
INFO  @ Sat, 22 Feb 2025 09:54:07:  18000000 
INFO  @ Sat, 22 Feb 2025 09:54:12:  19000000 
INFO  @ Sat, 22 Feb 2025 09:54:15: 19669533 fragments have been read. 
INFO  @ Sat, 22 Feb 2025 09:54:27: #1 mean fragment size is determined as 299.0 bp from treatment 
INFO  @ Sat, 22 Feb 2025 09:54:27: #1 note: mean fragment size in control is 221.5 bp -- value ignored 
INFO  @ Sat, 22 Feb 2025 09:54:27: #1 fragment size = 299.0 
INFO  @ Sat, 22 Feb 2025 09:54:27: #1  total fragments in treatment: 21368736 
INFO  @ Sat, 22 Feb 2025 09:54:27: #1  total fragments in control: 19669533 
INFO  @ Sat, 22 Feb 2025 09:54:27: #1 finished! 
INFO  @ Sat, 22 Feb 2025 09:54:27: #2 Build Peak Model... 
INFO  @ Sat, 22 Feb 2025 09:54:27: #2 Skipped... 
INFO  @ Sat, 22 Feb 2025 09:54:27: #3 Call peaks... 
INFO  @ Sat, 22 Feb 2025 09:54:27: #3 Going to call summits inside each peak ... 
INFO  @ Sat, 22 Feb 2025 09:54:27: #3 Pre-compute pvalue-qvalue table... 
INFO  @ Sat, 22 Feb 2025 09:56:52: #3 Call peaks for each chromosome... 
INFO  @ Sat, 22 Feb 2025 09:58:03: #4 Write output xls file... results/peaks/SRR18590297_narrow_peaks.xls 
INFO  @ Sat, 22 Feb 2025 09:58:03: #4 Write peak in narrowPeak format file... results/peaks/SRR18590297_narrow_peaks.narrowPeak 
INFO  @ Sat, 22 Feb 2025 09:58:03: #4 Write summits bed file... results/peaks/SRR18590297_narrow_summits.bed 
INFO  @ Sat, 22 Feb 2025 09:58:03: Done! 
