INFO  @ Sat, 22 Feb 2025 09:50:35: 
# Command line: callpeak -t results/alignment/SRR18590297.dedup.bam -c results/alignment/SRR18590303.dedup.bam -f BAMPE -g hs -n results/peaks/SRR18590297_broad -q 0.05 --broad --broad-cutoff 0.1 --nomodel --extsize 200 --keep-dup all
# ARGUMENTS LIST:
# name = results/peaks/SRR18590297_broad
# format = BAMPE
# ChIP-seq file = ['results/alignment/SRR18590297.dedup.bam']
# control file = ['results/alignment/SRR18590303.dedup.bam']
# effective genome size = 2.70e+09
# band width = 300
# model fold = [5, 50]
# qvalue cutoff for narrow/strong regions = 5.00e-02
# qvalue cutoff for broad/weak regions = 1.00e-01
# The maximum gap between significant sites is assigned as the read length/tag size.
# The minimum length of peaks is assigned as the predicted fragment length "d".
# Larger dataset will be scaled towards smaller dataset.
# Range for calculating regional lambda is: 1000 bps and 10000 bps
# Broad region calling is on
# Paired-End mode is on
 
INFO  @ Sat, 22 Feb 2025 09:50:35: #1 read fragment files... 
INFO  @ Sat, 22 Feb 2025 09:50:35: #1 read treatment fragments... 
INFO  @ Sat, 22 Feb 2025 09:50:41:  1000000 
INFO  @ Sat, 22 Feb 2025 09:50:47:  2000000 
INFO  @ Sat, 22 Feb 2025 09:50:52:  3000000 
INFO  @ Sat, 22 Feb 2025 09:50:58:  4000000 
INFO  @ Sat, 22 Feb 2025 09:51:03:  5000000 
INFO  @ Sat, 22 Feb 2025 09:51:09:  6000000 
INFO  @ Sat, 22 Feb 2025 09:51:14:  7000000 
INFO  @ Sat, 22 Feb 2025 09:51:19:  8000000 
INFO  @ Sat, 22 Feb 2025 09:51:25:  9000000 
INFO  @ Sat, 22 Feb 2025 09:51:30:  10000000 
INFO  @ Sat, 22 Feb 2025 09:51:36:  11000000 
INFO  @ Sat, 22 Feb 2025 09:51:41:  12000000 
INFO  @ Sat, 22 Feb 2025 09:51:47:  13000000 
INFO  @ Sat, 22 Feb 2025 09:51:52:  14000000 
INFO  @ Sat, 22 Feb 2025 09:51:57:  15000000 
INFO  @ Sat, 22 Feb 2025 09:52:03:  16000000 
INFO  @ Sat, 22 Feb 2025 09:52:08:  17000000 
INFO  @ Sat, 22 Feb 2025 09:52:14:  18000000 
INFO  @ Sat, 22 Feb 2025 09:52:19:  19000000 
INFO  @ Sat, 22 Feb 2025 09:52:24:  20000000 
INFO  @ Sat, 22 Feb 2025 09:52:30:  21000000 
INFO  @ Sat, 22 Feb 2025 09:52:32: 21368736 fragments have been read. 
INFO  @ Sat, 22 Feb 2025 09:52:46: #1.2 read input fragments... 
INFO  @ Sat, 22 Feb 2025 09:52:50:  1000000 
INFO  @ Sat, 22 Feb 2025 09:52:55:  2000000 
INFO  @ Sat, 22 Feb 2025 09:53:00:  3000000 
INFO  @ Sat, 22 Feb 2025 09:53:05:  4000000 
INFO  @ Sat, 22 Feb 2025 09:53:10:  5000000 
INFO  @ Sat, 22 Feb 2025 09:53:15:  6000000 
INFO  @ Sat, 22 Feb 2025 09:53:19:  7000000 
INFO  @ Sat, 22 Feb 2025 09:53:24:  8000000 
INFO  @ Sat, 22 Feb 2025 09:53:29:  9000000 
INFO  @ Sat, 22 Feb 2025 09:53:34:  10000000 
INFO  @ Sat, 22 Feb 2025 09:53:39:  11000000 
INFO  @ Sat, 22 Feb 2025 09:53:43:  12000000 
INFO  @ Sat, 22 Feb 2025 09:53:48:  13000000 
INFO  @ Sat, 22 Feb 2025 09:53:53:  14000000 
INFO  @ Sat, 22 Feb 2025 09:53:58:  15000000 
INFO  @ Sat, 22 Feb 2025 09:54:03:  16000000 
INFO  @ Sat, 22 Feb 2025 09:54:07:  17000000 
INFO  @ Sat, 22 Feb 2025 09:54:12:  18000000 
INFO  @ Sat, 22 Feb 2025 09:54:17:  19000000 
INFO  @ Sat, 22 Feb 2025 09:54:20: 19669533 fragments have been read. 
INFO  @ Sat, 22 Feb 2025 09:54:32: #1 mean fragment size is determined as 299.0 bp from treatment 
INFO  @ Sat, 22 Feb 2025 09:54:32: #1 note: mean fragment size in control is 221.5 bp -- value ignored 
INFO  @ Sat, 22 Feb 2025 09:54:32: #1 fragment size = 299.0 
INFO  @ Sat, 22 Feb 2025 09:54:32: #1  total fragments in treatment: 21368736 
INFO  @ Sat, 22 Feb 2025 09:54:32: #1  total fragments in control: 19669533 
INFO  @ Sat, 22 Feb 2025 09:54:32: #1 finished! 
INFO  @ Sat, 22 Feb 2025 09:54:32: #2 Build Peak Model... 
INFO  @ Sat, 22 Feb 2025 09:54:32: #2 Skipped... 
INFO  @ Sat, 22 Feb 2025 09:54:32: #3 Call peaks... 
INFO  @ Sat, 22 Feb 2025 09:54:32: #3 Call broad peaks with given level1 -log10qvalue cutoff and level2: 1.301030, 1.000000... 
INFO  @ Sat, 22 Feb 2025 09:54:32: #3 Pre-compute pvalue-qvalue table... 
INFO  @ Sat, 22 Feb 2025 09:56:58: #3 Call peaks for each chromosome... 
INFO  @ Sat, 22 Feb 2025 09:58:10: #4 Write output xls file... results/peaks/SRR18590297_broad_peaks.xls 
INFO  @ Sat, 22 Feb 2025 09:58:10: #4 Write broad peak in broadPeak format file... results/peaks/SRR18590297_broad_peaks.broadPeak 
INFO  @ Sat, 22 Feb 2025 09:58:10: #4 Write broad peak in bed12/gappedPeak format file... results/peaks/SRR18590297_broad_peaks.gappedPeak 
INFO  @ Sat, 22 Feb 2025 09:58:10: Done! 
