=== Alignment Job Monitor ===
Checking for alignment jobs every 5 minutes
Press Ctrl+C to exit

2025-02-26 15:46:28 - [0;32mNo alignment jobs currently running[0m

Sleeping for 5 minutes before next check...
2025-02-26 15:51:28 - [0;32mNo alignment jobs currently running[0m

Sleeping for 5 minutes before next check...
2025-02-26 15:56:28 - [0;32mNo alignment jobs currently running[0m

Sleeping for 5 minutes before next check...
2025-02-26 16:01:28 - [0;32mNo alignment jobs currently running[0m

Sleeping for 5 minutes before next check...
2025-02-26 16:06:28 - [0;32mNo alignment jobs currently running[0m

Sleeping for 5 minutes before next check...
2025-02-26 16:11:28 - [0;32mNo alignment jobs currently running[0m

Sleeping for 5 minutes before next check...
2025-02-26 16:16:28 - [0;32mNo alignment jobs currently running[0m

Sleeping for 5 minutes before next check...
2025-02-26 16:21:28 - [0;32mNo alignment jobs currently running[0m

Sleeping for 5 minutes before next check...
2025-02-26 16:26:28 - [0;32mNo alignment jobs currently running[0m

Sleeping for 5 minutes before next check...
2025-02-26 16:31:28 - [0;32mNo alignment jobs currently running[0m

Sleeping for 5 minutes before next check...
2025-02-26 16:36:28 - [0;32mNo alignment jobs currently running[0m

Sleeping for 5 minutes before next check...
2025-02-26 16:41:28 - [0;32mNo alignment jobs currently running[0m

Sleeping for 5 minutes before next check...
2025-02-26 16:46:28 - [0;32mNo alignment jobs currently running[0m

Sleeping for 5 minutes before next check...
2025-02-26 16:51:28 - [0;32mNo alignment jobs currently running[0m

Sleeping for 5 minutes before next check...
2025-02-26 16:56:28 - [0;32mNo alignment jobs currently running[0m

Sleeping for 5 minutes before next check...
2025-02-26 17:01:28 - [0;32mNo alignment jobs currently running[0m

Sleeping for 5 minutes before next check...
2025-02-26 17:06:28 - [0;32mNo alignment jobs currently running[0m

Sleeping for 5 minutes before next check...
2025-02-26 17:11:28 - [0;32mNo alignment jobs currently running[0m

Sleeping for 5 minutes before next check...
2025-02-26 17:16:28 - [0;32mNo alignment jobs currently running[0m

Sleeping for 5 minutes before next check...
2025-02-26 17:21:28 - [0;32mNo alignment jobs currently running[0m

Sleeping for 5 minutes before next check...
2025-02-26 17:26:28 - [0;32mNo alignment jobs currently running[0m

Sleeping for 5 minutes before next check...
2025-02-26 17:31:28 - [0;32mNo alignment jobs currently running[0m

Sleeping for 5 minutes before next check...
2025-02-26 17:36:28 - [0;32mNo alignment jobs currently running[0m

Sleeping for 5 minutes before next check...
2025-02-26 17:41:28 - [0;32mNo alignment jobs currently running[0m

Sleeping for 5 minutes before next check...
2025-02-26 17:46:28 - [0;32mNo alignment jobs currently running[0m

Sleeping for 5 minutes before next check...
2025-02-26 17:51:28 - [0;32mNo alignment jobs currently running[0m

Sleeping for 5 minutes before next check...
2025-02-26 17:56:28 - [0;32mNo alignment jobs currently running[0m

Sleeping for 5 minutes before next check...
2025-02-26 18:01:28 - [0;32mNo alignment jobs currently running[0m

Sleeping for 5 minutes before next check...
2025-02-26 18:06:28 - [0;32mNo alignment jobs currently running[0m

Sleeping for 5 minutes before next check...
2025-02-26 18:11:28 - [0;32mNo alignment jobs currently running[0m

Sleeping for 5 minutes before next check...
2025-02-26 18:16:29 - [0;32mNo alignment jobs currently running[0m

Sleeping for 5 minutes before next check...
2025-02-26 18:21:29 - [0;32mNo alignment jobs currently running[0m

Sleeping for 5 minutes before next check...
2025-02-26 18:26:29 - [0;32mNo alignment jobs currently running[0m

Sleeping for 5 minutes before next check...
2025-02-26 18:31:29 - [0;32mNo alignment jobs currently running[0m

Sleeping for 5 minutes before next check...
2025-02-26 18:36:29 - [0;32mNo alignment jobs currently running[0m

Sleeping for 5 minutes before next check...
2025-02-26 18:41:29 - [0;32mNo alignment jobs currently running[0m

Sleeping for 5 minutes before next check...
2025-02-26 18:46:29 - [0;32mNo alignment jobs currently running[0m

Sleeping for 5 minutes before next check...
2025-02-26 18:51:29 - [0;32mNo alignment jobs currently running[0m

Sleeping for 5 minutes before next check...
2025-02-26 18:56:29 - [0;32mNo alignment jobs currently running[0m

Sleeping for 5 minutes before next check...
2025-02-26 19:01:29 - [0;32mNo alignment jobs currently running[0m

Sleeping for 5 minutes before next check...
2025-02-26 19:06:29 - [0;32mNo alignment jobs currently running[0m

Sleeping for 5 minutes before next check...
2025-02-26 19:11:29 - [0;32mNo alignment jobs currently running[0m

Sleeping for 5 minutes before next check...
2025-02-26 19:16:29 - [0;32mNo alignment jobs currently running[0m

Sleeping for 5 minutes before next check...
2025-02-26 19:21:29 - [0;32mNo alignment jobs currently running[0m

Sleeping for 5 minutes before next check...
2025-02-26 19:26:29 - [0;32mNo alignment jobs currently running[0m

Sleeping for 5 minutes before next check...
2025-02-26 19:31:29 - [0;32mNo alignment jobs currently running[0m

Sleeping for 5 minutes before next check...
2025-02-26 19:36:29 - [0;32mNo alignment jobs currently running[0m

Sleeping for 5 minutes before next check...
2025-02-26 19:41:29 - [0;32mNo alignment jobs currently running[0m

Sleeping for 5 minutes before next check...
2025-02-26 19:46:29 - [0;32mNo alignment jobs currently running[0m

Sleeping for 5 minutes before next check...
2025-02-26 19:51:29 - [0;32mNo alignment jobs currently running[0m

Sleeping for 5 minutes before next check...
