WARNING: overwriting environment variables set in the machine
overwriting variable ['TMPDIR']
Building DAG of jobs...
Unlocked working directory.
host: srcn21
Building DAG of jobs...
shared_storage_local_copies: True
remote_exec: False
You are running snakemake in a SLURM job context. This is not recommended, as it may lead to unexpected behavior. Please run Snakemake directly on the login node.
SLURM run ID: be0ef1d9-c11e-4c44-9a12-a52690ca4276
Using shell: /usr/bin/bash
Provided remote nodes: 100
Job stats:
job                     count
--------------------  -------
align                       6
all                         1
annotate_peaks              1
call_peaks                  6
differential_binding        1
filter_peaks                6
go_enrichment               1
index_bam                   6
mark_duplicates             6
multiqc                     1
sam_to_bam                  6
sort_bam                    6
total                      47

Resources before job selection: {'_cores': 9223372036854775807, '_nodes': 100, '_job_count': 9223372036854775807}
Ready jobs: 6
Select jobs to execute...
Selected jobs: 6
Resources after job selection: {'_cores': 9223372036854775795, '_nodes': 94, '_job_count': 9223372036854775807}
Execute 6 jobs...

[Wed Feb 26 16:23:55 2025]
rule align:
    input: /beegfs/scratch/ric.broccoli/kubacki.michal/SRF_H2AK119Ub_cross_V5/SRF_H2AK119Ub/results/trimmed/YAF_1_R1_paired.fastq.gz, /beegfs/scratch/ric.broccoli/kubacki.michal/SRF_H2AK119Ub_cross_V5/SRF_H2AK119Ub/results/trimmed/YAF_1_R2_paired.fastq.gz
    output: /beegfs/scratch/ric.broccoli/kubacki.michal/SRF_H2AK119Ub_cross_V5/SRF_H2AK119Ub/results/aligned/YAF_1.sam
    log: /beegfs/scratch/ric.broccoli/kubacki.michal/SRF_H2AK119Ub_cross_V5/SRF_H2AK119Ub/logs/alignment/YAF_1.align.log
    jobid: 34
    reason: Forced execution
    wildcards: sample=YAF_1
    threads: 2
    resources: mem_mb=128000, mem_mib=122071, disk_mb=20762, disk_mib=19801, tmpdir=<TBD>, slurm_partition=workq, runtime=1440, threads=8, nodes=1

No SLURM account given, trying to guess.
Guessed SLURM account: kubacki.michal
General args: ['--force', '--target-files-omit-workdir-adjustment', '--keep-storage-local-copies', '--max-inventory-time 0', '--nocolor', '--notemp', '--no-hooks', '--nolock', '--ignore-incomplete', '', '--verbose ', '--rerun-triggers params code software-env mtime input', '', '', '', '--conda-frontend conda', '', '', '', '', '', '--shared-fs-usage input-output persistence storage-local-copies source-cache software-deployment sources', '', '--wrapper-prefix https://github.com/snakemake/snakemake-wrappers/raw/', '', '', '', '', '', '', '--latency-wait 120', '--scheduler ilp', '', '--local-storage-prefix .snakemake/storage', '--scheduler-solver-path /beegfs/scratch/ric.broccoli/kubacki.michal/conda_envs/snakemake/bin', '', '', '--set-resources base64//YWxpZ246bWVtX21iPTEyODAwMA==', '--set-threads base64//YWxpZ249MTY=', '', '--default-resources base64//bWVtX21iPTMyMDAw base64//ZGlza19tYj1tYXgoMippbnB1dC5zaXplX21iLCAxMDAwKQ== base64//dG1wZGlyPXN5c3RlbV90bXBkaXI= base64//c2x1cm1fcGFydGl0aW9uPXdvcmtx base64//cnVudGltZT0xNDQw base64//dGhyZWFkcz04 base64//bm9kZXM9MQ==', '']
sbatch call: sbatch --parsable --job-name be0ef1d9-c11e-4c44-9a12-a52690ca4276 --output '/beegfs/scratch/ric.broccoli/kubacki.michal/SRF_H2AK119Ub_cross_V5/SRF_H2AK119Ub/.snakemake/slurm_logs/rule_align/YAF_1/%j.log' --export=ALL --comment rule_align_wildcards_YAF_1 -A kubacki.michal -p workq -t 1440 --mem 128000 --nodes=1 --ntasks=1 --cpus-per-task=2 -D /beegfs/scratch/ric.broccoli/kubacki.michal/SRF_H2AK119Ub_cross_V5/SRF_H2AK119Ub --wrap="/beegfs/scratch/ric.broccoli/kubacki.michal/conda_envs/snakemake/bin/python3.11 -m snakemake --snakefile /beegfs/scratch/ric.broccoli/kubacki.michal/SRF_H2AK119Ub_cross_V5/SRF_H2AK119Ub/Snakefile --target-jobs 'align:sample=YAF_1' --allowed-rules 'align' --cores 2 --attempt 1 --force-use-threads  --resources 'mem_mb=128000' 'mem_mib=122071' 'disk_mb=20762' 'disk_mib=19801' 'threads=8' 'nodes=1' --wait-for-files '/beegfs/scratch/ric.broccoli/kubacki.michal/SRF_H2AK119Ub_cross_V5/SRF_H2AK119Ub/.snakemake/tmp.7khtcwds' '/beegfs/scratch/ric.broccoli/kubacki.michal/SRF_H2AK119Ub_cross_V5/SRF_H2AK119Ub/results/trimmed/YAF_1_R1_paired.fastq.gz' '/beegfs/scratch/ric.broccoli/kubacki.michal/SRF_H2AK119Ub_cross_V5/SRF_H2AK119Ub/results/trimmed/YAF_1_R2_paired.fastq.gz' --force --target-files-omit-workdir-adjustment --keep-storage-local-copies --max-inventory-time 0 --nocolor --notemp --no-hooks --nolock --ignore-incomplete --verbose  --rerun-triggers params code software-env mtime input --conda-frontend conda --shared-fs-usage input-output persistence storage-local-copies source-cache software-deployment sources --wrapper-prefix https://github.com/snakemake/snakemake-wrappers/raw/ --latency-wait 120 --scheduler ilp --local-storage-prefix .snakemake/storage --scheduler-solver-path /beegfs/scratch/ric.broccoli/kubacki.michal/conda_envs/snakemake/bin --set-resources base64//YWxpZ246bWVtX21iPTEyODAwMA== --set-threads base64//YWxpZ249MTY= --default-resources base64//bWVtX21iPTMyMDAw base64//ZGlza19tYj1tYXgoMippbnB1dC5zaXplX21iLCAxMDAwKQ== base64//dG1wZGlyPXN5c3RlbV90bXBkaXI= base64//c2x1cm1fcGFydGl0aW9uPXdvcmtx base64//cnVudGltZT0xNDQw base64//dGhyZWFkcz04 base64//bm9kZXM9MQ== --executor slurm-jobstep --jobs 1 --mode remote"
Job 34 has been submitted with SLURM jobid 4233574 (log: /beegfs/scratch/ric.broccoli/kubacki.michal/SRF_H2AK119Ub_cross_V5/SRF_H2AK119Ub/.snakemake/slurm_logs/rule_align/YAF_1/4233574.log).

[Wed Feb 26 16:24:07 2025]
rule align:
    input: /beegfs/scratch/ric.broccoli/kubacki.michal/SRF_H2AK119Ub_cross_V5/SRF_H2AK119Ub/results/trimmed/GFP_1_R1_paired.fastq.gz, /beegfs/scratch/ric.broccoli/kubacki.michal/SRF_H2AK119Ub_cross_V5/SRF_H2AK119Ub/results/trimmed/GFP_1_R2_paired.fastq.gz
    output: /beegfs/scratch/ric.broccoli/kubacki.michal/SRF_H2AK119Ub_cross_V5/SRF_H2AK119Ub/results/aligned/GFP_1.sam
    log: /beegfs/scratch/ric.broccoli/kubacki.michal/SRF_H2AK119Ub_cross_V5/SRF_H2AK119Ub/logs/alignment/GFP_1.align.log
    jobid: 22
    reason: Forced execution
    wildcards: sample=GFP_1
    threads: 2
    resources: mem_mb=128000, mem_mib=122071, disk_mb=19715, disk_mib=18802, tmpdir=<TBD>, slurm_partition=workq, runtime=1440, threads=8, nodes=1

General args: ['--force', '--target-files-omit-workdir-adjustment', '--keep-storage-local-copies', '--max-inventory-time 0', '--nocolor', '--notemp', '--no-hooks', '--nolock', '--ignore-incomplete', '', '--verbose ', '--rerun-triggers params code software-env mtime input', '', '', '', '--conda-frontend conda', '', '', '', '', '', '--shared-fs-usage input-output persistence storage-local-copies source-cache software-deployment sources', '', '--wrapper-prefix https://github.com/snakemake/snakemake-wrappers/raw/', '', '', '', '', '', '', '--latency-wait 120', '--scheduler ilp', '', '--local-storage-prefix .snakemake/storage', '--scheduler-solver-path /beegfs/scratch/ric.broccoli/kubacki.michal/conda_envs/snakemake/bin', '', '', '--set-resources base64//YWxpZ246bWVtX21iPTEyODAwMA==', '--set-threads base64//YWxpZ249MTY=', '', '--default-resources base64//bWVtX21iPTMyMDAw base64//ZGlza19tYj1tYXgoMippbnB1dC5zaXplX21iLCAxMDAwKQ== base64//dG1wZGlyPXN5c3RlbV90bXBkaXI= base64//c2x1cm1fcGFydGl0aW9uPXdvcmtx base64//cnVudGltZT0xNDQw base64//dGhyZWFkcz04 base64//bm9kZXM9MQ==', '']
sbatch call: sbatch --parsable --job-name be0ef1d9-c11e-4c44-9a12-a52690ca4276 --output '/beegfs/scratch/ric.broccoli/kubacki.michal/SRF_H2AK119Ub_cross_V5/SRF_H2AK119Ub/.snakemake/slurm_logs/rule_align/GFP_1/%j.log' --export=ALL --comment rule_align_wildcards_GFP_1 -A kubacki.michal -p workq -t 1440 --mem 128000 --nodes=1 --ntasks=1 --cpus-per-task=2 -D /beegfs/scratch/ric.broccoli/kubacki.michal/SRF_H2AK119Ub_cross_V5/SRF_H2AK119Ub --wrap="/beegfs/scratch/ric.broccoli/kubacki.michal/conda_envs/snakemake/bin/python3.11 -m snakemake --snakefile /beegfs/scratch/ric.broccoli/kubacki.michal/SRF_H2AK119Ub_cross_V5/SRF_H2AK119Ub/Snakefile --target-jobs 'align:sample=GFP_1' --allowed-rules 'align' --cores 2 --attempt 1 --force-use-threads  --resources 'mem_mb=128000' 'mem_mib=122071' 'disk_mb=19715' 'disk_mib=18802' 'threads=8' 'nodes=1' --wait-for-files '/beegfs/scratch/ric.broccoli/kubacki.michal/SRF_H2AK119Ub_cross_V5/SRF_H2AK119Ub/.snakemake/tmp.7khtcwds' '/beegfs/scratch/ric.broccoli/kubacki.michal/SRF_H2AK119Ub_cross_V5/SRF_H2AK119Ub/results/trimmed/GFP_1_R1_paired.fastq.gz' '/beegfs/scratch/ric.broccoli/kubacki.michal/SRF_H2AK119Ub_cross_V5/SRF_H2AK119Ub/results/trimmed/GFP_1_R2_paired.fastq.gz' --force --target-files-omit-workdir-adjustment --keep-storage-local-copies --max-inventory-time 0 --nocolor --notemp --no-hooks --nolock --ignore-incomplete --verbose  --rerun-triggers params code software-env mtime input --conda-frontend conda --shared-fs-usage input-output persistence storage-local-copies source-cache software-deployment sources --wrapper-prefix https://github.com/snakemake/snakemake-wrappers/raw/ --latency-wait 120 --scheduler ilp --local-storage-prefix .snakemake/storage --scheduler-solver-path /beegfs/scratch/ric.broccoli/kubacki.michal/conda_envs/snakemake/bin --set-resources base64//YWxpZ246bWVtX21iPTEyODAwMA== --set-threads base64//YWxpZ249MTY= --default-resources base64//bWVtX21iPTMyMDAw base64//ZGlza19tYj1tYXgoMippbnB1dC5zaXplX21iLCAxMDAwKQ== base64//dG1wZGlyPXN5c3RlbV90bXBkaXI= base64//c2x1cm1fcGFydGl0aW9uPXdvcmtx base64//cnVudGltZT0xNDQw base64//dGhyZWFkcz04 base64//bm9kZXM9MQ== --executor slurm-jobstep --jobs 1 --mode remote"
Job 22 has been submitted with SLURM jobid 4233575 (log: /beegfs/scratch/ric.broccoli/kubacki.michal/SRF_H2AK119Ub_cross_V5/SRF_H2AK119Ub/.snakemake/slurm_logs/rule_align/GFP_1/4233575.log).

[Wed Feb 26 16:24:07 2025]
rule align:
    input: /beegfs/scratch/ric.broccoli/kubacki.michal/SRF_H2AK119Ub_cross_V5/SRF_H2AK119Ub/results/trimmed/GFP_3_R1_paired.fastq.gz, /beegfs/scratch/ric.broccoli/kubacki.michal/SRF_H2AK119Ub_cross_V5/SRF_H2AK119Ub/results/trimmed/GFP_3_R2_paired.fastq.gz
    output: /beegfs/scratch/ric.broccoli/kubacki.michal/SRF_H2AK119Ub_cross_V5/SRF_H2AK119Ub/results/aligned/GFP_3.sam
    log: /beegfs/scratch/ric.broccoli/kubacki.michal/SRF_H2AK119Ub_cross_V5/SRF_H2AK119Ub/logs/alignment/GFP_3.align.log
    jobid: 30
    reason: Forced execution
    wildcards: sample=GFP_3
    threads: 2
    resources: mem_mb=128000, mem_mib=122071, disk_mb=16909, disk_mib=16126, tmpdir=<TBD>, slurm_partition=workq, runtime=1440, threads=8, nodes=1

General args: ['--force', '--target-files-omit-workdir-adjustment', '--keep-storage-local-copies', '--max-inventory-time 0', '--nocolor', '--notemp', '--no-hooks', '--nolock', '--ignore-incomplete', '', '--verbose ', '--rerun-triggers params code software-env mtime input', '', '', '', '--conda-frontend conda', '', '', '', '', '', '--shared-fs-usage input-output persistence storage-local-copies source-cache software-deployment sources', '', '--wrapper-prefix https://github.com/snakemake/snakemake-wrappers/raw/', '', '', '', '', '', '', '--latency-wait 120', '--scheduler ilp', '', '--local-storage-prefix .snakemake/storage', '--scheduler-solver-path /beegfs/scratch/ric.broccoli/kubacki.michal/conda_envs/snakemake/bin', '', '', '--set-resources base64//YWxpZ246bWVtX21iPTEyODAwMA==', '--set-threads base64//YWxpZ249MTY=', '', '--default-resources base64//bWVtX21iPTMyMDAw base64//ZGlza19tYj1tYXgoMippbnB1dC5zaXplX21iLCAxMDAwKQ== base64//dG1wZGlyPXN5c3RlbV90bXBkaXI= base64//c2x1cm1fcGFydGl0aW9uPXdvcmtx base64//cnVudGltZT0xNDQw base64//dGhyZWFkcz04 base64//bm9kZXM9MQ==', '']
sbatch call: sbatch --parsable --job-name be0ef1d9-c11e-4c44-9a12-a52690ca4276 --output '/beegfs/scratch/ric.broccoli/kubacki.michal/SRF_H2AK119Ub_cross_V5/SRF_H2AK119Ub/.snakemake/slurm_logs/rule_align/GFP_3/%j.log' --export=ALL --comment rule_align_wildcards_GFP_3 -A kubacki.michal -p workq -t 1440 --mem 128000 --nodes=1 --ntasks=1 --cpus-per-task=2 -D /beegfs/scratch/ric.broccoli/kubacki.michal/SRF_H2AK119Ub_cross_V5/SRF_H2AK119Ub --wrap="/beegfs/scratch/ric.broccoli/kubacki.michal/conda_envs/snakemake/bin/python3.11 -m snakemake --snakefile /beegfs/scratch/ric.broccoli/kubacki.michal/SRF_H2AK119Ub_cross_V5/SRF_H2AK119Ub/Snakefile --target-jobs 'align:sample=GFP_3' --allowed-rules 'align' --cores 2 --attempt 1 --force-use-threads  --resources 'mem_mb=128000' 'mem_mib=122071' 'disk_mb=16909' 'disk_mib=16126' 'threads=8' 'nodes=1' --wait-for-files '/beegfs/scratch/ric.broccoli/kubacki.michal/SRF_H2AK119Ub_cross_V5/SRF_H2AK119Ub/.snakemake/tmp.7khtcwds' '/beegfs/scratch/ric.broccoli/kubacki.michal/SRF_H2AK119Ub_cross_V5/SRF_H2AK119Ub/results/trimmed/GFP_3_R1_paired.fastq.gz' '/beegfs/scratch/ric.broccoli/kubacki.michal/SRF_H2AK119Ub_cross_V5/SRF_H2AK119Ub/results/trimmed/GFP_3_R2_paired.fastq.gz' --force --target-files-omit-workdir-adjustment --keep-storage-local-copies --max-inventory-time 0 --nocolor --notemp --no-hooks --nolock --ignore-incomplete --verbose  --rerun-triggers params code software-env mtime input --conda-frontend conda --shared-fs-usage input-output persistence storage-local-copies source-cache software-deployment sources --wrapper-prefix https://github.com/snakemake/snakemake-wrappers/raw/ --latency-wait 120 --scheduler ilp --local-storage-prefix .snakemake/storage --scheduler-solver-path /beegfs/scratch/ric.broccoli/kubacki.michal/conda_envs/snakemake/bin --set-resources base64//YWxpZ246bWVtX21iPTEyODAwMA== --set-threads base64//YWxpZ249MTY= --default-resources base64//bWVtX21iPTMyMDAw base64//ZGlza19tYj1tYXgoMippbnB1dC5zaXplX21iLCAxMDAwKQ== base64//dG1wZGlyPXN5c3RlbV90bXBkaXI= base64//c2x1cm1fcGFydGl0aW9uPXdvcmtx base64//cnVudGltZT0xNDQw base64//dGhyZWFkcz04 base64//bm9kZXM9MQ== --executor slurm-jobstep --jobs 1 --mode remote"
Job 30 has been submitted with SLURM jobid 4233576 (log: /beegfs/scratch/ric.broccoli/kubacki.michal/SRF_H2AK119Ub_cross_V5/SRF_H2AK119Ub/.snakemake/slurm_logs/rule_align/GFP_3/4233576.log).

[Wed Feb 26 16:24:07 2025]
rule align:
    input: /beegfs/scratch/ric.broccoli/kubacki.michal/SRF_H2AK119Ub_cross_V5/SRF_H2AK119Ub/results/trimmed/GFP_2_R1_paired.fastq.gz, /beegfs/scratch/ric.broccoli/kubacki.michal/SRF_H2AK119Ub_cross_V5/SRF_H2AK119Ub/results/trimmed/GFP_2_R2_paired.fastq.gz
    output: /beegfs/scratch/ric.broccoli/kubacki.michal/SRF_H2AK119Ub_cross_V5/SRF_H2AK119Ub/results/aligned/GFP_2.sam
    log: /beegfs/scratch/ric.broccoli/kubacki.michal/SRF_H2AK119Ub_cross_V5/SRF_H2AK119Ub/logs/alignment/GFP_2.align.log
    jobid: 26
    reason: Forced execution
    wildcards: sample=GFP_2
    threads: 2
    resources: mem_mb=128000, mem_mib=122071, disk_mb=21491, disk_mib=20496, tmpdir=<TBD>, slurm_partition=workq, runtime=1440, threads=8, nodes=1

General args: ['--force', '--target-files-omit-workdir-adjustment', '--keep-storage-local-copies', '--max-inventory-time 0', '--nocolor', '--notemp', '--no-hooks', '--nolock', '--ignore-incomplete', '', '--verbose ', '--rerun-triggers params code software-env mtime input', '', '', '', '--conda-frontend conda', '', '', '', '', '', '--shared-fs-usage input-output persistence storage-local-copies source-cache software-deployment sources', '', '--wrapper-prefix https://github.com/snakemake/snakemake-wrappers/raw/', '', '', '', '', '', '', '--latency-wait 120', '--scheduler ilp', '', '--local-storage-prefix .snakemake/storage', '--scheduler-solver-path /beegfs/scratch/ric.broccoli/kubacki.michal/conda_envs/snakemake/bin', '', '', '--set-resources base64//YWxpZ246bWVtX21iPTEyODAwMA==', '--set-threads base64//YWxpZ249MTY=', '', '--default-resources base64//bWVtX21iPTMyMDAw base64//ZGlza19tYj1tYXgoMippbnB1dC5zaXplX21iLCAxMDAwKQ== base64//dG1wZGlyPXN5c3RlbV90bXBkaXI= base64//c2x1cm1fcGFydGl0aW9uPXdvcmtx base64//cnVudGltZT0xNDQw base64//dGhyZWFkcz04 base64//bm9kZXM9MQ==', '']
sbatch call: sbatch --parsable --job-name be0ef1d9-c11e-4c44-9a12-a52690ca4276 --output '/beegfs/scratch/ric.broccoli/kubacki.michal/SRF_H2AK119Ub_cross_V5/SRF_H2AK119Ub/.snakemake/slurm_logs/rule_align/GFP_2/%j.log' --export=ALL --comment rule_align_wildcards_GFP_2 -A kubacki.michal -p workq -t 1440 --mem 128000 --nodes=1 --ntasks=1 --cpus-per-task=2 -D /beegfs/scratch/ric.broccoli/kubacki.michal/SRF_H2AK119Ub_cross_V5/SRF_H2AK119Ub --wrap="/beegfs/scratch/ric.broccoli/kubacki.michal/conda_envs/snakemake/bin/python3.11 -m snakemake --snakefile /beegfs/scratch/ric.broccoli/kubacki.michal/SRF_H2AK119Ub_cross_V5/SRF_H2AK119Ub/Snakefile --target-jobs 'align:sample=GFP_2' --allowed-rules 'align' --cores 2 --attempt 1 --force-use-threads  --resources 'mem_mb=128000' 'mem_mib=122071' 'disk_mb=21491' 'disk_mib=20496' 'threads=8' 'nodes=1' --wait-for-files '/beegfs/scratch/ric.broccoli/kubacki.michal/SRF_H2AK119Ub_cross_V5/SRF_H2AK119Ub/.snakemake/tmp.7khtcwds' '/beegfs/scratch/ric.broccoli/kubacki.michal/SRF_H2AK119Ub_cross_V5/SRF_H2AK119Ub/results/trimmed/GFP_2_R1_paired.fastq.gz' '/beegfs/scratch/ric.broccoli/kubacki.michal/SRF_H2AK119Ub_cross_V5/SRF_H2AK119Ub/results/trimmed/GFP_2_R2_paired.fastq.gz' --force --target-files-omit-workdir-adjustment --keep-storage-local-copies --max-inventory-time 0 --nocolor --notemp --no-hooks --nolock --ignore-incomplete --verbose  --rerun-triggers params code software-env mtime input --conda-frontend conda --shared-fs-usage input-output persistence storage-local-copies source-cache software-deployment sources --wrapper-prefix https://github.com/snakemake/snakemake-wrappers/raw/ --latency-wait 120 --scheduler ilp --local-storage-prefix .snakemake/storage --scheduler-solver-path /beegfs/scratch/ric.broccoli/kubacki.michal/conda_envs/snakemake/bin --set-resources base64//YWxpZ246bWVtX21iPTEyODAwMA== --set-threads base64//YWxpZ249MTY= --default-resources base64//bWVtX21iPTMyMDAw base64//ZGlza19tYj1tYXgoMippbnB1dC5zaXplX21iLCAxMDAwKQ== base64//dG1wZGlyPXN5c3RlbV90bXBkaXI= base64//c2x1cm1fcGFydGl0aW9uPXdvcmtx base64//cnVudGltZT0xNDQw base64//dGhyZWFkcz04 base64//bm9kZXM9MQ== --executor slurm-jobstep --jobs 1 --mode remote"
Job 26 has been submitted with SLURM jobid 4233577 (log: /beegfs/scratch/ric.broccoli/kubacki.michal/SRF_H2AK119Ub_cross_V5/SRF_H2AK119Ub/.snakemake/slurm_logs/rule_align/GFP_2/4233577.log).

[Wed Feb 26 16:24:07 2025]
rule align:
    input: /beegfs/scratch/ric.broccoli/kubacki.michal/SRF_H2AK119Ub_cross_V5/SRF_H2AK119Ub/results/trimmed/YAF_3_R1_paired.fastq.gz, /beegfs/scratch/ric.broccoli/kubacki.michal/SRF_H2AK119Ub_cross_V5/SRF_H2AK119Ub/results/trimmed/YAF_3_R2_paired.fastq.gz
    output: /beegfs/scratch/ric.broccoli/kubacki.michal/SRF_H2AK119Ub_cross_V5/SRF_H2AK119Ub/results/aligned/YAF_3.sam
    log: /beegfs/scratch/ric.broccoli/kubacki.michal/SRF_H2AK119Ub_cross_V5/SRF_H2AK119Ub/logs/alignment/YAF_3.align.log
    jobid: 42
    reason: Forced execution
    wildcards: sample=YAF_3
    threads: 2
    resources: mem_mb=128000, mem_mib=122071, disk_mb=20489, disk_mib=19540, tmpdir=<TBD>, slurm_partition=workq, runtime=1440, threads=8, nodes=1

General args: ['--force', '--target-files-omit-workdir-adjustment', '--keep-storage-local-copies', '--max-inventory-time 0', '--nocolor', '--notemp', '--no-hooks', '--nolock', '--ignore-incomplete', '', '--verbose ', '--rerun-triggers params code software-env mtime input', '', '', '', '--conda-frontend conda', '', '', '', '', '', '--shared-fs-usage input-output persistence storage-local-copies source-cache software-deployment sources', '', '--wrapper-prefix https://github.com/snakemake/snakemake-wrappers/raw/', '', '', '', '', '', '', '--latency-wait 120', '--scheduler ilp', '', '--local-storage-prefix .snakemake/storage', '--scheduler-solver-path /beegfs/scratch/ric.broccoli/kubacki.michal/conda_envs/snakemake/bin', '', '', '--set-resources base64//YWxpZ246bWVtX21iPTEyODAwMA==', '--set-threads base64//YWxpZ249MTY=', '', '--default-resources base64//bWVtX21iPTMyMDAw base64//ZGlza19tYj1tYXgoMippbnB1dC5zaXplX21iLCAxMDAwKQ== base64//dG1wZGlyPXN5c3RlbV90bXBkaXI= base64//c2x1cm1fcGFydGl0aW9uPXdvcmtx base64//cnVudGltZT0xNDQw base64//dGhyZWFkcz04 base64//bm9kZXM9MQ==', '']
sbatch call: sbatch --parsable --job-name be0ef1d9-c11e-4c44-9a12-a52690ca4276 --output '/beegfs/scratch/ric.broccoli/kubacki.michal/SRF_H2AK119Ub_cross_V5/SRF_H2AK119Ub/.snakemake/slurm_logs/rule_align/YAF_3/%j.log' --export=ALL --comment rule_align_wildcards_YAF_3 -A kubacki.michal -p workq -t 1440 --mem 128000 --nodes=1 --ntasks=1 --cpus-per-task=2 -D /beegfs/scratch/ric.broccoli/kubacki.michal/SRF_H2AK119Ub_cross_V5/SRF_H2AK119Ub --wrap="/beegfs/scratch/ric.broccoli/kubacki.michal/conda_envs/snakemake/bin/python3.11 -m snakemake --snakefile /beegfs/scratch/ric.broccoli/kubacki.michal/SRF_H2AK119Ub_cross_V5/SRF_H2AK119Ub/Snakefile --target-jobs 'align:sample=YAF_3' --allowed-rules 'align' --cores 2 --attempt 1 --force-use-threads  --resources 'mem_mb=128000' 'mem_mib=122071' 'disk_mb=20489' 'disk_mib=19540' 'threads=8' 'nodes=1' --wait-for-files '/beegfs/scratch/ric.broccoli/kubacki.michal/SRF_H2AK119Ub_cross_V5/SRF_H2AK119Ub/.snakemake/tmp.7khtcwds' '/beegfs/scratch/ric.broccoli/kubacki.michal/SRF_H2AK119Ub_cross_V5/SRF_H2AK119Ub/results/trimmed/YAF_3_R1_paired.fastq.gz' '/beegfs/scratch/ric.broccoli/kubacki.michal/SRF_H2AK119Ub_cross_V5/SRF_H2AK119Ub/results/trimmed/YAF_3_R2_paired.fastq.gz' --force --target-files-omit-workdir-adjustment --keep-storage-local-copies --max-inventory-time 0 --nocolor --notemp --no-hooks --nolock --ignore-incomplete --verbose  --rerun-triggers params code software-env mtime input --conda-frontend conda --shared-fs-usage input-output persistence storage-local-copies source-cache software-deployment sources --wrapper-prefix https://github.com/snakemake/snakemake-wrappers/raw/ --latency-wait 120 --scheduler ilp --local-storage-prefix .snakemake/storage --scheduler-solver-path /beegfs/scratch/ric.broccoli/kubacki.michal/conda_envs/snakemake/bin --set-resources base64//YWxpZ246bWVtX21iPTEyODAwMA== --set-threads base64//YWxpZ249MTY= --default-resources base64//bWVtX21iPTMyMDAw base64//ZGlza19tYj1tYXgoMippbnB1dC5zaXplX21iLCAxMDAwKQ== base64//dG1wZGlyPXN5c3RlbV90bXBkaXI= base64//c2x1cm1fcGFydGl0aW9uPXdvcmtx base64//cnVudGltZT0xNDQw base64//dGhyZWFkcz04 base64//bm9kZXM9MQ== --executor slurm-jobstep --jobs 1 --mode remote"
Job 42 has been submitted with SLURM jobid 4233578 (log: /beegfs/scratch/ric.broccoli/kubacki.michal/SRF_H2AK119Ub_cross_V5/SRF_H2AK119Ub/.snakemake/slurm_logs/rule_align/YAF_3/4233578.log).

[Wed Feb 26 16:24:07 2025]
rule align:
    input: /beegfs/scratch/ric.broccoli/kubacki.michal/SRF_H2AK119Ub_cross_V5/SRF_H2AK119Ub/results/trimmed/YAF_2_R1_paired.fastq.gz, /beegfs/scratch/ric.broccoli/kubacki.michal/SRF_H2AK119Ub_cross_V5/SRF_H2AK119Ub/results/trimmed/YAF_2_R2_paired.fastq.gz
    output: /beegfs/scratch/ric.broccoli/kubacki.michal/SRF_H2AK119Ub_cross_V5/SRF_H2AK119Ub/results/aligned/YAF_2.sam
    log: /beegfs/scratch/ric.broccoli/kubacki.michal/SRF_H2AK119Ub_cross_V5/SRF_H2AK119Ub/logs/alignment/YAF_2.align.log
    jobid: 38
    reason: Forced execution
    wildcards: sample=YAF_2
    threads: 2
    resources: mem_mb=128000, mem_mib=122071, disk_mb=25345, disk_mib=24171, tmpdir=<TBD>, slurm_partition=workq, runtime=1440, threads=8, nodes=1

General args: ['--force', '--target-files-omit-workdir-adjustment', '--keep-storage-local-copies', '--max-inventory-time 0', '--nocolor', '--notemp', '--no-hooks', '--nolock', '--ignore-incomplete', '', '--verbose ', '--rerun-triggers params code software-env mtime input', '', '', '', '--conda-frontend conda', '', '', '', '', '', '--shared-fs-usage input-output persistence storage-local-copies source-cache software-deployment sources', '', '--wrapper-prefix https://github.com/snakemake/snakemake-wrappers/raw/', '', '', '', '', '', '', '--latency-wait 120', '--scheduler ilp', '', '--local-storage-prefix .snakemake/storage', '--scheduler-solver-path /beegfs/scratch/ric.broccoli/kubacki.michal/conda_envs/snakemake/bin', '', '', '--set-resources base64//YWxpZ246bWVtX21iPTEyODAwMA==', '--set-threads base64//YWxpZ249MTY=', '', '--default-resources base64//bWVtX21iPTMyMDAw base64//ZGlza19tYj1tYXgoMippbnB1dC5zaXplX21iLCAxMDAwKQ== base64//dG1wZGlyPXN5c3RlbV90bXBkaXI= base64//c2x1cm1fcGFydGl0aW9uPXdvcmtx base64//cnVudGltZT0xNDQw base64//dGhyZWFkcz04 base64//bm9kZXM9MQ==', '']
sbatch call: sbatch --parsable --job-name be0ef1d9-c11e-4c44-9a12-a52690ca4276 --output '/beegfs/scratch/ric.broccoli/kubacki.michal/SRF_H2AK119Ub_cross_V5/SRF_H2AK119Ub/.snakemake/slurm_logs/rule_align/YAF_2/%j.log' --export=ALL --comment rule_align_wildcards_YAF_2 -A kubacki.michal -p workq -t 1440 --mem 128000 --nodes=1 --ntasks=1 --cpus-per-task=2 -D /beegfs/scratch/ric.broccoli/kubacki.michal/SRF_H2AK119Ub_cross_V5/SRF_H2AK119Ub --wrap="/beegfs/scratch/ric.broccoli/kubacki.michal/conda_envs/snakemake/bin/python3.11 -m snakemake --snakefile /beegfs/scratch/ric.broccoli/kubacki.michal/SRF_H2AK119Ub_cross_V5/SRF_H2AK119Ub/Snakefile --target-jobs 'align:sample=YAF_2' --allowed-rules 'align' --cores 2 --attempt 1 --force-use-threads  --resources 'mem_mb=128000' 'mem_mib=122071' 'disk_mb=25345' 'disk_mib=24171' 'threads=8' 'nodes=1' --wait-for-files '/beegfs/scratch/ric.broccoli/kubacki.michal/SRF_H2AK119Ub_cross_V5/SRF_H2AK119Ub/.snakemake/tmp.7khtcwds' '/beegfs/scratch/ric.broccoli/kubacki.michal/SRF_H2AK119Ub_cross_V5/SRF_H2AK119Ub/results/trimmed/YAF_2_R1_paired.fastq.gz' '/beegfs/scratch/ric.broccoli/kubacki.michal/SRF_H2AK119Ub_cross_V5/SRF_H2AK119Ub/results/trimmed/YAF_2_R2_paired.fastq.gz' --force --target-files-omit-workdir-adjustment --keep-storage-local-copies --max-inventory-time 0 --nocolor --notemp --no-hooks --nolock --ignore-incomplete --verbose  --rerun-triggers params code software-env mtime input --conda-frontend conda --shared-fs-usage input-output persistence storage-local-copies source-cache software-deployment sources --wrapper-prefix https://github.com/snakemake/snakemake-wrappers/raw/ --latency-wait 120 --scheduler ilp --local-storage-prefix .snakemake/storage --scheduler-solver-path /beegfs/scratch/ric.broccoli/kubacki.michal/conda_envs/snakemake/bin --set-resources base64//YWxpZ246bWVtX21iPTEyODAwMA== --set-threads base64//YWxpZ249MTY= --default-resources base64//bWVtX21iPTMyMDAw base64//ZGlza19tYj1tYXgoMippbnB1dC5zaXplX21iLCAxMDAwKQ== base64//dG1wZGlyPXN5c3RlbV90bXBkaXI= base64//c2x1cm1fcGFydGl0aW9uPXdvcmtx base64//cnVudGltZT0xNDQw base64//dGhyZWFkcz04 base64//bm9kZXM9MQ== --executor slurm-jobstep --jobs 1 --mode remote"
Job 38 has been submitted with SLURM jobid 4233579 (log: /beegfs/scratch/ric.broccoli/kubacki.michal/SRF_H2AK119Ub_cross_V5/SRF_H2AK119Ub/.snakemake/slurm_logs/rule_align/YAF_2/4233579.log).
The job status was queried with command: sacct -X --parsable2 --clusters all --noheader --format=JobIdRaw,State --starttime 2025-02-24T16:00 --endtime now --name be0ef1d9-c11e-4c44-9a12-a52690ca4276
It took: 6.033866882324219 seconds
The output is:
'4233574|RUNNING
4233575|RUNNING
4233576|RUNNING
4233577|RUNNING
4233578|RUNNING
4233579|RUNNING
'

status_of_jobs after sacct is: {'4233574': 'RUNNING', '4233575': 'RUNNING', '4233576': 'RUNNING', '4233577': 'RUNNING', '4233578': 'RUNNING', '4233579': 'RUNNING'}
active_jobs_ids_with_current_sacct_status are: {'4233576', '4233577', '4233578', '4233574', '4233575', '4233579'}
active_jobs_seen_by_sacct are: {'4233574', '4233575', '4233576', '4233577', '4233579', '4233578'}
missing_sacct_status are: set()
The job status was queried with command: sacct -X --parsable2 --clusters all --noheader --format=JobIdRaw,State --starttime 2025-02-24T16:00 --endtime now --name be0ef1d9-c11e-4c44-9a12-a52690ca4276
It took: 6.030775308609009 seconds
The output is:
'4233574|RUNNING
4233575|RUNNING
4233576|RUNNING
4233577|RUNNING
4233578|RUNNING
4233579|RUNNING
'

status_of_jobs after sacct is: {'4233574': 'RUNNING', '4233575': 'RUNNING', '4233576': 'RUNNING', '4233577': 'RUNNING', '4233578': 'RUNNING', '4233579': 'RUNNING'}
active_jobs_ids_with_current_sacct_status are: {'4233576', '4233577', '4233578', '4233574', '4233575', '4233579'}
active_jobs_seen_by_sacct are: {'4233574', '4233575', '4233576', '4233577', '4233579', '4233578'}
missing_sacct_status are: set()
The job status was queried with command: sacct -X --parsable2 --clusters all --noheader --format=JobIdRaw,State --starttime 2025-02-24T16:00 --endtime now --name be0ef1d9-c11e-4c44-9a12-a52690ca4276
It took: 6.031047821044922 seconds
The output is:
'4233574|RUNNING
4233575|RUNNING
4233576|RUNNING
4233577|RUNNING
4233578|RUNNING
4233579|RUNNING
'

status_of_jobs after sacct is: {'4233574': 'RUNNING', '4233575': 'RUNNING', '4233576': 'RUNNING', '4233577': 'RUNNING', '4233578': 'RUNNING', '4233579': 'RUNNING'}
active_jobs_ids_with_current_sacct_status are: {'4233576', '4233577', '4233578', '4233574', '4233575', '4233579'}
active_jobs_seen_by_sacct are: {'4233574', '4233575', '4233576', '4233577', '4233579', '4233578'}
missing_sacct_status are: set()
The job status was queried with command: sacct -X --parsable2 --clusters all --noheader --format=JobIdRaw,State --starttime 2025-02-24T16:00 --endtime now --name be0ef1d9-c11e-4c44-9a12-a52690ca4276
It took: 6.028722763061523 seconds
The output is:
'4233574|RUNNING
4233575|RUNNING
4233576|RUNNING
4233577|RUNNING
4233578|RUNNING
4233579|RUNNING
'

status_of_jobs after sacct is: {'4233574': 'RUNNING', '4233575': 'RUNNING', '4233576': 'RUNNING', '4233577': 'RUNNING', '4233578': 'RUNNING', '4233579': 'RUNNING'}
active_jobs_ids_with_current_sacct_status are: {'4233576', '4233577', '4233578', '4233574', '4233575', '4233579'}
active_jobs_seen_by_sacct are: {'4233574', '4233575', '4233576', '4233577', '4233579', '4233578'}
missing_sacct_status are: set()
The job status was queried with command: sacct -X --parsable2 --clusters all --noheader --format=JobIdRaw,State --starttime 2025-02-24T16:00 --endtime now --name be0ef1d9-c11e-4c44-9a12-a52690ca4276
It took: 6.035947322845459 seconds
The output is:
'4233574|RUNNING
4233575|RUNNING
4233576|RUNNING
4233577|RUNNING
4233578|RUNNING
4233579|RUNNING
'

status_of_jobs after sacct is: {'4233574': 'RUNNING', '4233575': 'RUNNING', '4233576': 'RUNNING', '4233577': 'RUNNING', '4233578': 'RUNNING', '4233579': 'RUNNING'}
active_jobs_ids_with_current_sacct_status are: {'4233576', '4233577', '4233578', '4233574', '4233575', '4233579'}
active_jobs_seen_by_sacct are: {'4233574', '4233575', '4233576', '4233577', '4233579', '4233578'}
missing_sacct_status are: set()
The job status was queried with command: sacct -X --parsable2 --clusters all --noheader --format=JobIdRaw,State --starttime 2025-02-24T16:00 --endtime now --name be0ef1d9-c11e-4c44-9a12-a52690ca4276
It took: 6.033457040786743 seconds
The output is:
'4233574|RUNNING
4233575|RUNNING
4233576|RUNNING
4233577|RUNNING
4233578|RUNNING
4233579|RUNNING
'

status_of_jobs after sacct is: {'4233574': 'RUNNING', '4233575': 'RUNNING', '4233576': 'RUNNING', '4233577': 'RUNNING', '4233578': 'RUNNING', '4233579': 'RUNNING'}
active_jobs_ids_with_current_sacct_status are: {'4233576', '4233577', '4233578', '4233574', '4233575', '4233579'}
active_jobs_seen_by_sacct are: {'4233574', '4233575', '4233576', '4233577', '4233579', '4233578'}
missing_sacct_status are: set()
The job status was queried with command: sacct -X --parsable2 --clusters all --noheader --format=JobIdRaw,State --starttime 2025-02-24T16:00 --endtime now --name be0ef1d9-c11e-4c44-9a12-a52690ca4276
It took: 6.032737970352173 seconds
The output is:
'4233574|RUNNING
4233575|RUNNING
4233576|RUNNING
4233577|RUNNING
4233578|RUNNING
4233579|RUNNING
'

status_of_jobs after sacct is: {'4233574': 'RUNNING', '4233575': 'RUNNING', '4233576': 'RUNNING', '4233577': 'RUNNING', '4233578': 'RUNNING', '4233579': 'RUNNING'}
active_jobs_ids_with_current_sacct_status are: {'4233576', '4233577', '4233578', '4233574', '4233575', '4233579'}
active_jobs_seen_by_sacct are: {'4233574', '4233575', '4233576', '4233577', '4233579', '4233578'}
missing_sacct_status are: set()
The job status was queried with command: sacct -X --parsable2 --clusters all --noheader --format=JobIdRaw,State --starttime 2025-02-24T16:00 --endtime now --name be0ef1d9-c11e-4c44-9a12-a52690ca4276
It took: 5.915529727935791 seconds
The output is:
'4233574|RUNNING
4233575|RUNNING
4233576|RUNNING
4233577|RUNNING
4233578|RUNNING
4233579|RUNNING
'

status_of_jobs after sacct is: {'4233574': 'RUNNING', '4233575': 'RUNNING', '4233576': 'RUNNING', '4233577': 'RUNNING', '4233578': 'RUNNING', '4233579': 'RUNNING'}
active_jobs_ids_with_current_sacct_status are: {'4233576', '4233577', '4233578', '4233574', '4233575', '4233579'}
active_jobs_seen_by_sacct are: {'4233574', '4233575', '4233576', '4233577', '4233579', '4233578'}
missing_sacct_status are: set()
The job status was queried with command: sacct -X --parsable2 --clusters all --noheader --format=JobIdRaw,State --starttime 2025-02-24T16:00 --endtime now --name be0ef1d9-c11e-4c44-9a12-a52690ca4276
It took: 6.034857749938965 seconds
The output is:
'4233574|RUNNING
4233575|RUNNING
4233576|RUNNING
4233577|RUNNING
4233578|RUNNING
4233579|RUNNING
'

status_of_jobs after sacct is: {'4233574': 'RUNNING', '4233575': 'RUNNING', '4233576': 'RUNNING', '4233577': 'RUNNING', '4233578': 'RUNNING', '4233579': 'RUNNING'}
active_jobs_ids_with_current_sacct_status are: {'4233576', '4233577', '4233578', '4233574', '4233575', '4233579'}
active_jobs_seen_by_sacct are: {'4233574', '4233575', '4233576', '4233577', '4233579', '4233578'}
missing_sacct_status are: set()
The job status was queried with command: sacct -X --parsable2 --clusters all --noheader --format=JobIdRaw,State --starttime 2025-02-24T16:00 --endtime now --name be0ef1d9-c11e-4c44-9a12-a52690ca4276
It took: 3.927499532699585 seconds
The output is:
'4233574|RUNNING
4233575|RUNNING
4233576|RUNNING
4233577|RUNNING
4233578|RUNNING
4233579|RUNNING
'

status_of_jobs after sacct is: {'4233574': 'RUNNING', '4233575': 'RUNNING', '4233576': 'RUNNING', '4233577': 'RUNNING', '4233578': 'RUNNING', '4233579': 'RUNNING'}
active_jobs_ids_with_current_sacct_status are: {'4233576', '4233577', '4233578', '4233574', '4233575', '4233579'}
active_jobs_seen_by_sacct are: {'4233574', '4233575', '4233576', '4233577', '4233579', '4233578'}
missing_sacct_status are: set()
The job status was queried with command: sacct -X --parsable2 --clusters all --noheader --format=JobIdRaw,State --starttime 2025-02-24T16:00 --endtime now --name be0ef1d9-c11e-4c44-9a12-a52690ca4276
It took: 6.033535480499268 seconds
The output is:
'4233574|RUNNING
4233575|RUNNING
4233576|RUNNING
4233577|RUNNING
4233578|RUNNING
4233579|RUNNING
'

status_of_jobs after sacct is: {'4233574': 'RUNNING', '4233575': 'RUNNING', '4233576': 'RUNNING', '4233577': 'RUNNING', '4233578': 'RUNNING', '4233579': 'RUNNING'}
active_jobs_ids_with_current_sacct_status are: {'4233576', '4233577', '4233578', '4233574', '4233575', '4233579'}
active_jobs_seen_by_sacct are: {'4233574', '4233575', '4233576', '4233577', '4233579', '4233578'}
missing_sacct_status are: set()
The job status was queried with command: sacct -X --parsable2 --clusters all --noheader --format=JobIdRaw,State --starttime 2025-02-24T16:00 --endtime now --name be0ef1d9-c11e-4c44-9a12-a52690ca4276
It took: 6.035859823226929 seconds
The output is:
'4233574|RUNNING
4233575|RUNNING
4233576|RUNNING
4233577|RUNNING
4233578|RUNNING
4233579|RUNNING
'

status_of_jobs after sacct is: {'4233574': 'RUNNING', '4233575': 'RUNNING', '4233576': 'RUNNING', '4233577': 'RUNNING', '4233578': 'RUNNING', '4233579': 'RUNNING'}
active_jobs_ids_with_current_sacct_status are: {'4233576', '4233577', '4233578', '4233574', '4233575', '4233579'}
active_jobs_seen_by_sacct are: {'4233574', '4233575', '4233576', '4233577', '4233579', '4233578'}
missing_sacct_status are: set()
The job status was queried with command: sacct -X --parsable2 --clusters all --noheader --format=JobIdRaw,State --starttime 2025-02-24T16:00 --endtime now --name be0ef1d9-c11e-4c44-9a12-a52690ca4276
It took: 4.796518802642822 seconds
The output is:
'4233574|RUNNING
4233575|RUNNING
4233576|RUNNING
4233577|RUNNING
4233578|RUNNING
4233579|RUNNING
'

status_of_jobs after sacct is: {'4233574': 'RUNNING', '4233575': 'RUNNING', '4233576': 'RUNNING', '4233577': 'RUNNING', '4233578': 'RUNNING', '4233579': 'RUNNING'}
active_jobs_ids_with_current_sacct_status are: {'4233576', '4233577', '4233578', '4233574', '4233575', '4233579'}
active_jobs_seen_by_sacct are: {'4233574', '4233575', '4233576', '4233577', '4233579', '4233578'}
missing_sacct_status are: set()
The job status was queried with command: sacct -X --parsable2 --clusters all --noheader --format=JobIdRaw,State --starttime 2025-02-24T16:00 --endtime now --name be0ef1d9-c11e-4c44-9a12-a52690ca4276
It took: 6.035849094390869 seconds
The output is:
'4233574|RUNNING
4233575|RUNNING
4233576|RUNNING
4233577|RUNNING
4233578|RUNNING
4233579|RUNNING
'

status_of_jobs after sacct is: {'4233574': 'RUNNING', '4233575': 'RUNNING', '4233576': 'RUNNING', '4233577': 'RUNNING', '4233578': 'RUNNING', '4233579': 'RUNNING'}
active_jobs_ids_with_current_sacct_status are: {'4233576', '4233577', '4233578', '4233574', '4233575', '4233579'}
active_jobs_seen_by_sacct are: {'4233574', '4233575', '4233576', '4233577', '4233579', '4233578'}
missing_sacct_status are: set()
The job status was queried with command: sacct -X --parsable2 --clusters all --noheader --format=JobIdRaw,State --starttime 2025-02-24T16:00 --endtime now --name be0ef1d9-c11e-4c44-9a12-a52690ca4276
It took: 6.0367302894592285 seconds
The output is:
'4233574|RUNNING
4233575|RUNNING
4233576|RUNNING
4233577|RUNNING
4233578|RUNNING
4233579|RUNNING
'

status_of_jobs after sacct is: {'4233574': 'RUNNING', '4233575': 'RUNNING', '4233576': 'RUNNING', '4233577': 'RUNNING', '4233578': 'RUNNING', '4233579': 'RUNNING'}
active_jobs_ids_with_current_sacct_status are: {'4233576', '4233577', '4233578', '4233574', '4233575', '4233579'}
active_jobs_seen_by_sacct are: {'4233574', '4233575', '4233576', '4233577', '4233579', '4233578'}
missing_sacct_status are: set()
The job status was queried with command: sacct -X --parsable2 --clusters all --noheader --format=JobIdRaw,State --starttime 2025-02-24T16:00 --endtime now --name be0ef1d9-c11e-4c44-9a12-a52690ca4276
It took: 6.037792205810547 seconds
The output is:
'4233574|RUNNING
4233575|RUNNING
4233576|RUNNING
4233577|RUNNING
4233578|RUNNING
4233579|RUNNING
'

status_of_jobs after sacct is: {'4233574': 'RUNNING', '4233575': 'RUNNING', '4233576': 'RUNNING', '4233577': 'RUNNING', '4233578': 'RUNNING', '4233579': 'RUNNING'}
active_jobs_ids_with_current_sacct_status are: {'4233576', '4233577', '4233578', '4233574', '4233575', '4233579'}
active_jobs_seen_by_sacct are: {'4233574', '4233575', '4233576', '4233577', '4233579', '4233578'}
missing_sacct_status are: set()
The job status was queried with command: sacct -X --parsable2 --clusters all --noheader --format=JobIdRaw,State --starttime 2025-02-24T16:00 --endtime now --name be0ef1d9-c11e-4c44-9a12-a52690ca4276
It took: 6.04129433631897 seconds
The output is:
'4233574|RUNNING
4233575|RUNNING
4233576|RUNNING
4233577|RUNNING
4233578|RUNNING
4233579|RUNNING
'

status_of_jobs after sacct is: {'4233574': 'RUNNING', '4233575': 'RUNNING', '4233576': 'RUNNING', '4233577': 'RUNNING', '4233578': 'RUNNING', '4233579': 'RUNNING'}
active_jobs_ids_with_current_sacct_status are: {'4233576', '4233577', '4233578', '4233574', '4233575', '4233579'}
active_jobs_seen_by_sacct are: {'4233574', '4233575', '4233576', '4233577', '4233579', '4233578'}
missing_sacct_status are: set()
The job status was queried with command: sacct -X --parsable2 --clusters all --noheader --format=JobIdRaw,State --starttime 2025-02-24T16:00 --endtime now --name be0ef1d9-c11e-4c44-9a12-a52690ca4276
It took: 6.035393238067627 seconds
The output is:
'4233574|RUNNING
4233575|RUNNING
4233576|RUNNING
4233577|RUNNING
4233578|RUNNING
4233579|RUNNING
'

status_of_jobs after sacct is: {'4233574': 'RUNNING', '4233575': 'RUNNING', '4233576': 'RUNNING', '4233577': 'RUNNING', '4233578': 'RUNNING', '4233579': 'RUNNING'}
active_jobs_ids_with_current_sacct_status are: {'4233576', '4233577', '4233578', '4233574', '4233575', '4233579'}
active_jobs_seen_by_sacct are: {'4233574', '4233575', '4233576', '4233577', '4233579', '4233578'}
missing_sacct_status are: set()
The job status was queried with command: sacct -X --parsable2 --clusters all --noheader --format=JobIdRaw,State --starttime 2025-02-24T16:00 --endtime now --name be0ef1d9-c11e-4c44-9a12-a52690ca4276
It took: 3.176225185394287 seconds
The output is:
'4233574|RUNNING
4233575|RUNNING
4233576|RUNNING
4233577|RUNNING
4233578|RUNNING
4233579|RUNNING
'

status_of_jobs after sacct is: {'4233574': 'RUNNING', '4233575': 'RUNNING', '4233576': 'RUNNING', '4233577': 'RUNNING', '4233578': 'RUNNING', '4233579': 'RUNNING'}
active_jobs_ids_with_current_sacct_status are: {'4233576', '4233577', '4233578', '4233574', '4233575', '4233579'}
active_jobs_seen_by_sacct are: {'4233574', '4233575', '4233576', '4233577', '4233579', '4233578'}
missing_sacct_status are: set()
The job status was queried with command: sacct -X --parsable2 --clusters all --noheader --format=JobIdRaw,State --starttime 2025-02-24T17:00 --endtime now --name be0ef1d9-c11e-4c44-9a12-a52690ca4276
It took: 6.038452863693237 seconds
The output is:
'4233574|RUNNING
4233575|RUNNING
4233576|RUNNING
4233577|RUNNING
4233578|RUNNING
4233579|RUNNING
'

status_of_jobs after sacct is: {'4233574': 'RUNNING', '4233575': 'RUNNING', '4233576': 'RUNNING', '4233577': 'RUNNING', '4233578': 'RUNNING', '4233579': 'RUNNING'}
active_jobs_ids_with_current_sacct_status are: {'4233576', '4233577', '4233578', '4233574', '4233575', '4233579'}
active_jobs_seen_by_sacct are: {'4233574', '4233575', '4233576', '4233577', '4233579', '4233578'}
missing_sacct_status are: set()
The job status was queried with command: sacct -X --parsable2 --clusters all --noheader --format=JobIdRaw,State --starttime 2025-02-24T17:00 --endtime now --name be0ef1d9-c11e-4c44-9a12-a52690ca4276
It took: 6.034172296524048 seconds
The output is:
'4233574|RUNNING
4233575|RUNNING
4233576|RUNNING
4233577|RUNNING
4233578|RUNNING
4233579|RUNNING
'

status_of_jobs after sacct is: {'4233574': 'RUNNING', '4233575': 'RUNNING', '4233576': 'RUNNING', '4233577': 'RUNNING', '4233578': 'RUNNING', '4233579': 'RUNNING'}
active_jobs_ids_with_current_sacct_status are: {'4233576', '4233577', '4233578', '4233574', '4233575', '4233579'}
active_jobs_seen_by_sacct are: {'4233574', '4233575', '4233576', '4233577', '4233579', '4233578'}
missing_sacct_status are: set()
The job status was queried with command: sacct -X --parsable2 --clusters all --noheader --format=JobIdRaw,State --starttime 2025-02-24T17:00 --endtime now --name be0ef1d9-c11e-4c44-9a12-a52690ca4276
It took: 6.03586220741272 seconds
The output is:
'4233574|RUNNING
4233575|RUNNING
4233576|RUNNING
4233577|RUNNING
4233578|RUNNING
4233579|RUNNING
'

status_of_jobs after sacct is: {'4233574': 'RUNNING', '4233575': 'RUNNING', '4233576': 'RUNNING', '4233577': 'RUNNING', '4233578': 'RUNNING', '4233579': 'RUNNING'}
active_jobs_ids_with_current_sacct_status are: {'4233576', '4233577', '4233578', '4233574', '4233575', '4233579'}
active_jobs_seen_by_sacct are: {'4233574', '4233575', '4233576', '4233577', '4233579', '4233578'}
missing_sacct_status are: set()
The job status was queried with command: sacct -X --parsable2 --clusters all --noheader --format=JobIdRaw,State --starttime 2025-02-24T17:00 --endtime now --name be0ef1d9-c11e-4c44-9a12-a52690ca4276
It took: 6.035304546356201 seconds
The output is:
'4233574|RUNNING
4233575|RUNNING
4233576|RUNNING
4233577|RUNNING
4233578|RUNNING
4233579|RUNNING
'

status_of_jobs after sacct is: {'4233574': 'RUNNING', '4233575': 'RUNNING', '4233576': 'RUNNING', '4233577': 'RUNNING', '4233578': 'RUNNING', '4233579': 'RUNNING'}
active_jobs_ids_with_current_sacct_status are: {'4233576', '4233577', '4233578', '4233574', '4233575', '4233579'}
active_jobs_seen_by_sacct are: {'4233574', '4233575', '4233576', '4233577', '4233579', '4233578'}
missing_sacct_status are: set()
The job status was queried with command: sacct -X --parsable2 --clusters all --noheader --format=JobIdRaw,State --starttime 2025-02-24T17:00 --endtime now --name be0ef1d9-c11e-4c44-9a12-a52690ca4276
It took: 6.041960000991821 seconds
The output is:
'4233574|RUNNING
4233575|RUNNING
4233576|RUNNING
4233577|RUNNING
4233578|RUNNING
4233579|RUNNING
'

status_of_jobs after sacct is: {'4233574': 'RUNNING', '4233575': 'RUNNING', '4233576': 'RUNNING', '4233577': 'RUNNING', '4233578': 'RUNNING', '4233579': 'RUNNING'}
active_jobs_ids_with_current_sacct_status are: {'4233576', '4233577', '4233578', '4233574', '4233575', '4233579'}
active_jobs_seen_by_sacct are: {'4233574', '4233575', '4233576', '4233577', '4233579', '4233578'}
missing_sacct_status are: set()
The job status was queried with command: sacct -X --parsable2 --clusters all --noheader --format=JobIdRaw,State --starttime 2025-02-24T17:00 --endtime now --name be0ef1d9-c11e-4c44-9a12-a52690ca4276
It took: 6.038889408111572 seconds
The output is:
'4233574|RUNNING
4233575|RUNNING
4233576|RUNNING
4233577|RUNNING
4233578|RUNNING
4233579|RUNNING
'

status_of_jobs after sacct is: {'4233574': 'RUNNING', '4233575': 'RUNNING', '4233576': 'RUNNING', '4233577': 'RUNNING', '4233578': 'RUNNING', '4233579': 'RUNNING'}
active_jobs_ids_with_current_sacct_status are: {'4233576', '4233577', '4233578', '4233574', '4233575', '4233579'}
active_jobs_seen_by_sacct are: {'4233574', '4233575', '4233576', '4233577', '4233579', '4233578'}
missing_sacct_status are: set()
The job status was queried with command: sacct -X --parsable2 --clusters all --noheader --format=JobIdRaw,State --starttime 2025-02-24T17:00 --endtime now --name be0ef1d9-c11e-4c44-9a12-a52690ca4276
It took: 6.0354979038238525 seconds
The output is:
'4233574|RUNNING
4233575|RUNNING
4233576|RUNNING
4233577|RUNNING
4233578|RUNNING
4233579|RUNNING
'

status_of_jobs after sacct is: {'4233574': 'RUNNING', '4233575': 'RUNNING', '4233576': 'RUNNING', '4233577': 'RUNNING', '4233578': 'RUNNING', '4233579': 'RUNNING'}
active_jobs_ids_with_current_sacct_status are: {'4233576', '4233577', '4233578', '4233574', '4233575', '4233579'}
active_jobs_seen_by_sacct are: {'4233574', '4233575', '4233576', '4233577', '4233579', '4233578'}
missing_sacct_status are: set()
The job status was queried with command: sacct -X --parsable2 --clusters all --noheader --format=JobIdRaw,State --starttime 2025-02-24T17:00 --endtime now --name be0ef1d9-c11e-4c44-9a12-a52690ca4276
It took: 6.035599231719971 seconds
The output is:
'4233574|RUNNING
4233575|RUNNING
4233576|RUNNING
4233577|RUNNING
4233578|RUNNING
4233579|RUNNING
'

status_of_jobs after sacct is: {'4233574': 'RUNNING', '4233575': 'RUNNING', '4233576': 'RUNNING', '4233577': 'RUNNING', '4233578': 'RUNNING', '4233579': 'RUNNING'}
active_jobs_ids_with_current_sacct_status are: {'4233576', '4233577', '4233578', '4233574', '4233575', '4233579'}
active_jobs_seen_by_sacct are: {'4233574', '4233575', '4233576', '4233577', '4233579', '4233578'}
missing_sacct_status are: set()
The job status was queried with command: sacct -X --parsable2 --clusters all --noheader --format=JobIdRaw,State --starttime 2025-02-24T17:00 --endtime now --name be0ef1d9-c11e-4c44-9a12-a52690ca4276
It took: 6.035642623901367 seconds
The output is:
'4233574|RUNNING
4233575|RUNNING
4233576|RUNNING
4233577|RUNNING
4233578|RUNNING
4233579|RUNNING
'

status_of_jobs after sacct is: {'4233574': 'RUNNING', '4233575': 'RUNNING', '4233576': 'RUNNING', '4233577': 'RUNNING', '4233578': 'RUNNING', '4233579': 'RUNNING'}
active_jobs_ids_with_current_sacct_status are: {'4233576', '4233577', '4233578', '4233574', '4233575', '4233579'}
active_jobs_seen_by_sacct are: {'4233574', '4233575', '4233576', '4233577', '4233579', '4233578'}
missing_sacct_status are: set()
The job status was queried with command: sacct -X --parsable2 --clusters all --noheader --format=JobIdRaw,State --starttime 2025-02-24T17:00 --endtime now --name be0ef1d9-c11e-4c44-9a12-a52690ca4276
It took: 6.035445213317871 seconds
The output is:
'4233574|RUNNING
4233575|RUNNING
4233576|RUNNING
4233577|RUNNING
4233578|RUNNING
4233579|RUNNING
'

status_of_jobs after sacct is: {'4233574': 'RUNNING', '4233575': 'RUNNING', '4233576': 'RUNNING', '4233577': 'RUNNING', '4233578': 'RUNNING', '4233579': 'RUNNING'}
active_jobs_ids_with_current_sacct_status are: {'4233576', '4233577', '4233578', '4233574', '4233575', '4233579'}
active_jobs_seen_by_sacct are: {'4233574', '4233575', '4233576', '4233577', '4233579', '4233578'}
missing_sacct_status are: set()
The job status was queried with command: sacct -X --parsable2 --clusters all --noheader --format=JobIdRaw,State --starttime 2025-02-24T17:00 --endtime now --name be0ef1d9-c11e-4c44-9a12-a52690ca4276
It took: 6.03747034072876 seconds
The output is:
'4233574|RUNNING
4233575|RUNNING
4233576|RUNNING
4233577|RUNNING
4233578|RUNNING
4233579|RUNNING
'

status_of_jobs after sacct is: {'4233574': 'RUNNING', '4233575': 'RUNNING', '4233576': 'RUNNING', '4233577': 'RUNNING', '4233578': 'RUNNING', '4233579': 'RUNNING'}
active_jobs_ids_with_current_sacct_status are: {'4233576', '4233577', '4233578', '4233574', '4233575', '4233579'}
active_jobs_seen_by_sacct are: {'4233574', '4233575', '4233576', '4233577', '4233579', '4233578'}
missing_sacct_status are: set()
The job status was queried with command: sacct -X --parsable2 --clusters all --noheader --format=JobIdRaw,State --starttime 2025-02-24T17:00 --endtime now --name be0ef1d9-c11e-4c44-9a12-a52690ca4276
It took: 6.0344016551971436 seconds
The output is:
'4233574|RUNNING
4233575|RUNNING
4233576|RUNNING
4233577|RUNNING
4233578|RUNNING
4233579|RUNNING
'

status_of_jobs after sacct is: {'4233574': 'RUNNING', '4233575': 'RUNNING', '4233576': 'RUNNING', '4233577': 'RUNNING', '4233578': 'RUNNING', '4233579': 'RUNNING'}
active_jobs_ids_with_current_sacct_status are: {'4233576', '4233577', '4233578', '4233574', '4233575', '4233579'}
active_jobs_seen_by_sacct are: {'4233574', '4233575', '4233576', '4233577', '4233579', '4233578'}
missing_sacct_status are: set()
The job status was queried with command: sacct -X --parsable2 --clusters all --noheader --format=JobIdRaw,State --starttime 2025-02-24T17:00 --endtime now --name be0ef1d9-c11e-4c44-9a12-a52690ca4276
It took: 6.036006927490234 seconds
The output is:
'4233574|RUNNING
4233575|RUNNING
4233576|RUNNING
4233577|RUNNING
4233578|RUNNING
4233579|RUNNING
'

status_of_jobs after sacct is: {'4233574': 'RUNNING', '4233575': 'RUNNING', '4233576': 'RUNNING', '4233577': 'RUNNING', '4233578': 'RUNNING', '4233579': 'RUNNING'}
active_jobs_ids_with_current_sacct_status are: {'4233576', '4233577', '4233578', '4233574', '4233575', '4233579'}
active_jobs_seen_by_sacct are: {'4233574', '4233575', '4233576', '4233577', '4233579', '4233578'}
missing_sacct_status are: set()
The job status was queried with command: sacct -X --parsable2 --clusters all --noheader --format=JobIdRaw,State --starttime 2025-02-24T17:00 --endtime now --name be0ef1d9-c11e-4c44-9a12-a52690ca4276
It took: 6.042737722396851 seconds
The output is:
'4233574|RUNNING
4233575|RUNNING
4233576|RUNNING
4233577|RUNNING
4233578|RUNNING
4233579|RUNNING
'

status_of_jobs after sacct is: {'4233574': 'RUNNING', '4233575': 'RUNNING', '4233576': 'RUNNING', '4233577': 'RUNNING', '4233578': 'RUNNING', '4233579': 'RUNNING'}
active_jobs_ids_with_current_sacct_status are: {'4233576', '4233577', '4233578', '4233574', '4233575', '4233579'}
active_jobs_seen_by_sacct are: {'4233574', '4233575', '4233576', '4233577', '4233579', '4233578'}
missing_sacct_status are: set()
The job status was queried with command: sacct -X --parsable2 --clusters all --noheader --format=JobIdRaw,State --starttime 2025-02-24T17:00 --endtime now --name be0ef1d9-c11e-4c44-9a12-a52690ca4276
It took: 6.0370471477508545 seconds
The output is:
'4233574|RUNNING
4233575|RUNNING
4233576|RUNNING
4233577|RUNNING
4233578|RUNNING
4233579|RUNNING
'

status_of_jobs after sacct is: {'4233574': 'RUNNING', '4233575': 'RUNNING', '4233576': 'RUNNING', '4233577': 'RUNNING', '4233578': 'RUNNING', '4233579': 'RUNNING'}
active_jobs_ids_with_current_sacct_status are: {'4233576', '4233577', '4233578', '4233574', '4233575', '4233579'}
active_jobs_seen_by_sacct are: {'4233574', '4233575', '4233576', '4233577', '4233579', '4233578'}
missing_sacct_status are: set()
The job status was queried with command: sacct -X --parsable2 --clusters all --noheader --format=JobIdRaw,State --starttime 2025-02-24T17:00 --endtime now --name be0ef1d9-c11e-4c44-9a12-a52690ca4276
It took: 6.044914960861206 seconds
The output is:
'4233574|RUNNING
4233575|RUNNING
4233576|RUNNING
4233577|RUNNING
4233578|RUNNING
4233579|RUNNING
'

status_of_jobs after sacct is: {'4233574': 'RUNNING', '4233575': 'RUNNING', '4233576': 'RUNNING', '4233577': 'RUNNING', '4233578': 'RUNNING', '4233579': 'RUNNING'}
active_jobs_ids_with_current_sacct_status are: {'4233576', '4233577', '4233578', '4233574', '4233575', '4233579'}
active_jobs_seen_by_sacct are: {'4233574', '4233575', '4233576', '4233577', '4233579', '4233578'}
missing_sacct_status are: set()
The job status was queried with command: sacct -X --parsable2 --clusters all --noheader --format=JobIdRaw,State --starttime 2025-02-24T17:00 --endtime now --name be0ef1d9-c11e-4c44-9a12-a52690ca4276
It took: 6.035302400588989 seconds
The output is:
'4233574|RUNNING
4233575|RUNNING
4233576|RUNNING
4233577|RUNNING
4233578|RUNNING
4233579|RUNNING
'

status_of_jobs after sacct is: {'4233574': 'RUNNING', '4233575': 'RUNNING', '4233576': 'RUNNING', '4233577': 'RUNNING', '4233578': 'RUNNING', '4233579': 'RUNNING'}
active_jobs_ids_with_current_sacct_status are: {'4233576', '4233577', '4233578', '4233574', '4233575', '4233579'}
active_jobs_seen_by_sacct are: {'4233574', '4233575', '4233576', '4233577', '4233579', '4233578'}
missing_sacct_status are: set()
The job status was queried with command: sacct -X --parsable2 --clusters all --noheader --format=JobIdRaw,State --starttime 2025-02-24T17:00 --endtime now --name be0ef1d9-c11e-4c44-9a12-a52690ca4276
It took: 6.03551173210144 seconds
The output is:
'4233574|RUNNING
4233575|RUNNING
4233576|RUNNING
4233577|RUNNING
4233578|RUNNING
4233579|RUNNING
'

status_of_jobs after sacct is: {'4233574': 'RUNNING', '4233575': 'RUNNING', '4233576': 'RUNNING', '4233577': 'RUNNING', '4233578': 'RUNNING', '4233579': 'RUNNING'}
active_jobs_ids_with_current_sacct_status are: {'4233576', '4233577', '4233578', '4233574', '4233575', '4233579'}
active_jobs_seen_by_sacct are: {'4233574', '4233575', '4233576', '4233577', '4233579', '4233578'}
missing_sacct_status are: set()
The job status was queried with command: sacct -X --parsable2 --clusters all --noheader --format=JobIdRaw,State --starttime 2025-02-24T17:00 --endtime now --name be0ef1d9-c11e-4c44-9a12-a52690ca4276
It took: 6.039806842803955 seconds
The output is:
'4233574|RUNNING
4233575|RUNNING
4233576|RUNNING
4233577|RUNNING
4233578|RUNNING
4233579|RUNNING
'

status_of_jobs after sacct is: {'4233574': 'RUNNING', '4233575': 'RUNNING', '4233576': 'RUNNING', '4233577': 'RUNNING', '4233578': 'RUNNING', '4233579': 'RUNNING'}
active_jobs_ids_with_current_sacct_status are: {'4233576', '4233577', '4233578', '4233574', '4233575', '4233579'}
active_jobs_seen_by_sacct are: {'4233574', '4233575', '4233576', '4233577', '4233579', '4233578'}
missing_sacct_status are: set()
The job status was queried with command: sacct -X --parsable2 --clusters all --noheader --format=JobIdRaw,State --starttime 2025-02-24T17:00 --endtime now --name be0ef1d9-c11e-4c44-9a12-a52690ca4276
It took: 6.039684772491455 seconds
The output is:
'4233574|RUNNING
4233575|RUNNING
4233576|RUNNING
4233577|RUNNING
4233578|RUNNING
4233579|RUNNING
'

status_of_jobs after sacct is: {'4233574': 'RUNNING', '4233575': 'RUNNING', '4233576': 'RUNNING', '4233577': 'RUNNING', '4233578': 'RUNNING', '4233579': 'RUNNING'}
active_jobs_ids_with_current_sacct_status are: {'4233576', '4233577', '4233578', '4233574', '4233575', '4233579'}
active_jobs_seen_by_sacct are: {'4233574', '4233575', '4233576', '4233577', '4233579', '4233578'}
missing_sacct_status are: set()
The job status was queried with command: sacct -X --parsable2 --clusters all --noheader --format=JobIdRaw,State --starttime 2025-02-24T18:00 --endtime now --name be0ef1d9-c11e-4c44-9a12-a52690ca4276
It took: 6.0371482372283936 seconds
The output is:
'4233574|RUNNING
4233575|RUNNING
4233576|RUNNING
4233577|RUNNING
4233578|RUNNING
4233579|RUNNING
'

status_of_jobs after sacct is: {'4233574': 'RUNNING', '4233575': 'RUNNING', '4233576': 'RUNNING', '4233577': 'RUNNING', '4233578': 'RUNNING', '4233579': 'RUNNING'}
active_jobs_ids_with_current_sacct_status are: {'4233576', '4233577', '4233578', '4233574', '4233575', '4233579'}
active_jobs_seen_by_sacct are: {'4233574', '4233575', '4233576', '4233577', '4233579', '4233578'}
missing_sacct_status are: set()
The job status was queried with command: sacct -X --parsable2 --clusters all --noheader --format=JobIdRaw,State --starttime 2025-02-24T18:00 --endtime now --name be0ef1d9-c11e-4c44-9a12-a52690ca4276
It took: 6.034821033477783 seconds
The output is:
'4233574|RUNNING
4233575|RUNNING
4233576|RUNNING
4233577|RUNNING
4233578|RUNNING
4233579|RUNNING
'

status_of_jobs after sacct is: {'4233574': 'RUNNING', '4233575': 'RUNNING', '4233576': 'RUNNING', '4233577': 'RUNNING', '4233578': 'RUNNING', '4233579': 'RUNNING'}
active_jobs_ids_with_current_sacct_status are: {'4233576', '4233577', '4233578', '4233574', '4233575', '4233579'}
active_jobs_seen_by_sacct are: {'4233574', '4233575', '4233576', '4233577', '4233579', '4233578'}
missing_sacct_status are: set()
The job status was queried with command: sacct -X --parsable2 --clusters all --noheader --format=JobIdRaw,State --starttime 2025-02-24T18:00 --endtime now --name be0ef1d9-c11e-4c44-9a12-a52690ca4276
It took: 6.033356428146362 seconds
The output is:
'4233574|RUNNING
4233575|RUNNING
4233576|RUNNING
4233577|RUNNING
4233578|RUNNING
4233579|RUNNING
'

status_of_jobs after sacct is: {'4233574': 'RUNNING', '4233575': 'RUNNING', '4233576': 'RUNNING', '4233577': 'RUNNING', '4233578': 'RUNNING', '4233579': 'RUNNING'}
active_jobs_ids_with_current_sacct_status are: {'4233576', '4233577', '4233578', '4233574', '4233575', '4233579'}
active_jobs_seen_by_sacct are: {'4233574', '4233575', '4233576', '4233577', '4233579', '4233578'}
missing_sacct_status are: set()
The job status was queried with command: sacct -X --parsable2 --clusters all --noheader --format=JobIdRaw,State --starttime 2025-02-24T18:00 --endtime now --name be0ef1d9-c11e-4c44-9a12-a52690ca4276
It took: 6.03607702255249 seconds
The output is:
'4233574|RUNNING
4233575|RUNNING
4233576|RUNNING
4233577|RUNNING
4233578|RUNNING
4233579|RUNNING
'

status_of_jobs after sacct is: {'4233574': 'RUNNING', '4233575': 'RUNNING', '4233576': 'RUNNING', '4233577': 'RUNNING', '4233578': 'RUNNING', '4233579': 'RUNNING'}
active_jobs_ids_with_current_sacct_status are: {'4233576', '4233577', '4233578', '4233574', '4233575', '4233579'}
active_jobs_seen_by_sacct are: {'4233574', '4233575', '4233576', '4233577', '4233579', '4233578'}
missing_sacct_status are: set()
The job status was queried with command: sacct -X --parsable2 --clusters all --noheader --format=JobIdRaw,State --starttime 2025-02-24T18:00 --endtime now --name be0ef1d9-c11e-4c44-9a12-a52690ca4276
It took: 6.035622596740723 seconds
The output is:
'4233574|RUNNING
4233575|RUNNING
4233576|RUNNING
4233577|RUNNING
4233578|RUNNING
4233579|RUNNING
'

status_of_jobs after sacct is: {'4233574': 'RUNNING', '4233575': 'RUNNING', '4233576': 'RUNNING', '4233577': 'RUNNING', '4233578': 'RUNNING', '4233579': 'RUNNING'}
active_jobs_ids_with_current_sacct_status are: {'4233576', '4233577', '4233578', '4233574', '4233575', '4233579'}
active_jobs_seen_by_sacct are: {'4233574', '4233575', '4233576', '4233577', '4233579', '4233578'}
missing_sacct_status are: set()
The job status was queried with command: sacct -X --parsable2 --clusters all --noheader --format=JobIdRaw,State --starttime 2025-02-24T18:00 --endtime now --name be0ef1d9-c11e-4c44-9a12-a52690ca4276
It took: 6.038193464279175 seconds
The output is:
'4233574|RUNNING
4233575|RUNNING
4233576|RUNNING
4233577|RUNNING
4233578|RUNNING
4233579|RUNNING
'

status_of_jobs after sacct is: {'4233574': 'RUNNING', '4233575': 'RUNNING', '4233576': 'RUNNING', '4233577': 'RUNNING', '4233578': 'RUNNING', '4233579': 'RUNNING'}
active_jobs_ids_with_current_sacct_status are: {'4233576', '4233577', '4233578', '4233574', '4233575', '4233579'}
active_jobs_seen_by_sacct are: {'4233574', '4233575', '4233576', '4233577', '4233579', '4233578'}
missing_sacct_status are: set()
The job status was queried with command: sacct -X --parsable2 --clusters all --noheader --format=JobIdRaw,State --starttime 2025-02-24T18:00 --endtime now --name be0ef1d9-c11e-4c44-9a12-a52690ca4276
It took: 6.038125276565552 seconds
The output is:
'4233574|RUNNING
4233575|RUNNING
4233576|RUNNING
4233577|RUNNING
4233578|RUNNING
4233579|RUNNING
'

status_of_jobs after sacct is: {'4233574': 'RUNNING', '4233575': 'RUNNING', '4233576': 'RUNNING', '4233577': 'RUNNING', '4233578': 'RUNNING', '4233579': 'RUNNING'}
active_jobs_ids_with_current_sacct_status are: {'4233576', '4233577', '4233578', '4233574', '4233575', '4233579'}
active_jobs_seen_by_sacct are: {'4233574', '4233575', '4233576', '4233577', '4233579', '4233578'}
missing_sacct_status are: set()
The job status was queried with command: sacct -X --parsable2 --clusters all --noheader --format=JobIdRaw,State --starttime 2025-02-24T18:00 --endtime now --name be0ef1d9-c11e-4c44-9a12-a52690ca4276
It took: 6.033277750015259 seconds
The output is:
'4233574|RUNNING
4233575|RUNNING
4233576|RUNNING
4233577|RUNNING
4233578|RUNNING
4233579|RUNNING
'

status_of_jobs after sacct is: {'4233574': 'RUNNING', '4233575': 'RUNNING', '4233576': 'RUNNING', '4233577': 'RUNNING', '4233578': 'RUNNING', '4233579': 'RUNNING'}
active_jobs_ids_with_current_sacct_status are: {'4233576', '4233577', '4233578', '4233574', '4233575', '4233579'}
active_jobs_seen_by_sacct are: {'4233574', '4233575', '4233576', '4233577', '4233579', '4233578'}
missing_sacct_status are: set()
The job status was queried with command: sacct -X --parsable2 --clusters all --noheader --format=JobIdRaw,State --starttime 2025-02-24T18:00 --endtime now --name be0ef1d9-c11e-4c44-9a12-a52690ca4276
It took: 6.038772821426392 seconds
The output is:
'4233574|RUNNING
4233575|RUNNING
4233576|RUNNING
4233577|RUNNING
4233578|RUNNING
4233579|RUNNING
'

status_of_jobs after sacct is: {'4233574': 'RUNNING', '4233575': 'RUNNING', '4233576': 'RUNNING', '4233577': 'RUNNING', '4233578': 'RUNNING', '4233579': 'RUNNING'}
active_jobs_ids_with_current_sacct_status are: {'4233576', '4233577', '4233578', '4233574', '4233575', '4233579'}
active_jobs_seen_by_sacct are: {'4233574', '4233575', '4233576', '4233577', '4233579', '4233578'}
missing_sacct_status are: set()
The job status was queried with command: sacct -X --parsable2 --clusters all --noheader --format=JobIdRaw,State --starttime 2025-02-24T18:00 --endtime now --name be0ef1d9-c11e-4c44-9a12-a52690ca4276
It took: 3.4320743083953857 seconds
The output is:
'4233574|RUNNING
4233575|RUNNING
4233576|RUNNING
4233577|RUNNING
4233578|RUNNING
4233579|RUNNING
'

status_of_jobs after sacct is: {'4233574': 'RUNNING', '4233575': 'RUNNING', '4233576': 'RUNNING', '4233577': 'RUNNING', '4233578': 'RUNNING', '4233579': 'RUNNING'}
active_jobs_ids_with_current_sacct_status are: {'4233576', '4233577', '4233578', '4233574', '4233575', '4233579'}
active_jobs_seen_by_sacct are: {'4233574', '4233575', '4233576', '4233577', '4233579', '4233578'}
missing_sacct_status are: set()
The job status was queried with command: sacct -X --parsable2 --clusters all --noheader --format=JobIdRaw,State --starttime 2025-02-24T18:00 --endtime now --name be0ef1d9-c11e-4c44-9a12-a52690ca4276
It took: 6.033205032348633 seconds
The output is:
'4233574|RUNNING
4233575|RUNNING
4233576|RUNNING
4233577|RUNNING
4233578|RUNNING
4233579|RUNNING
'

status_of_jobs after sacct is: {'4233574': 'RUNNING', '4233575': 'RUNNING', '4233576': 'RUNNING', '4233577': 'RUNNING', '4233578': 'RUNNING', '4233579': 'RUNNING'}
active_jobs_ids_with_current_sacct_status are: {'4233576', '4233577', '4233578', '4233574', '4233575', '4233579'}
active_jobs_seen_by_sacct are: {'4233574', '4233575', '4233576', '4233577', '4233579', '4233578'}
missing_sacct_status are: set()
The job status was queried with command: sacct -X --parsable2 --clusters all --noheader --format=JobIdRaw,State --starttime 2025-02-24T18:00 --endtime now --name be0ef1d9-c11e-4c44-9a12-a52690ca4276
It took: 6.040386199951172 seconds
The output is:
'4233574|RUNNING
4233575|RUNNING
4233576|RUNNING
4233577|RUNNING
4233578|RUNNING
4233579|RUNNING
'

status_of_jobs after sacct is: {'4233574': 'RUNNING', '4233575': 'RUNNING', '4233576': 'RUNNING', '4233577': 'RUNNING', '4233578': 'RUNNING', '4233579': 'RUNNING'}
active_jobs_ids_with_current_sacct_status are: {'4233576', '4233577', '4233578', '4233574', '4233575', '4233579'}
active_jobs_seen_by_sacct are: {'4233574', '4233575', '4233576', '4233577', '4233579', '4233578'}
missing_sacct_status are: set()
The job status was queried with command: sacct -X --parsable2 --clusters all --noheader --format=JobIdRaw,State --starttime 2025-02-24T18:00 --endtime now --name be0ef1d9-c11e-4c44-9a12-a52690ca4276
It took: 6.041831970214844 seconds
The output is:
'4233574|RUNNING
4233575|RUNNING
4233576|RUNNING
4233577|RUNNING
4233578|RUNNING
4233579|RUNNING
'

status_of_jobs after sacct is: {'4233574': 'RUNNING', '4233575': 'RUNNING', '4233576': 'RUNNING', '4233577': 'RUNNING', '4233578': 'RUNNING', '4233579': 'RUNNING'}
active_jobs_ids_with_current_sacct_status are: {'4233576', '4233577', '4233578', '4233574', '4233575', '4233579'}
active_jobs_seen_by_sacct are: {'4233574', '4233575', '4233576', '4233577', '4233579', '4233578'}
missing_sacct_status are: set()
The job status was queried with command: sacct -X --parsable2 --clusters all --noheader --format=JobIdRaw,State --starttime 2025-02-24T18:00 --endtime now --name be0ef1d9-c11e-4c44-9a12-a52690ca4276
It took: 6.042354106903076 seconds
The output is:
'4233574|RUNNING
4233575|RUNNING
4233576|RUNNING
4233577|RUNNING
4233578|RUNNING
4233579|RUNNING
'

status_of_jobs after sacct is: {'4233574': 'RUNNING', '4233575': 'RUNNING', '4233576': 'RUNNING', '4233577': 'RUNNING', '4233578': 'RUNNING', '4233579': 'RUNNING'}
active_jobs_ids_with_current_sacct_status are: {'4233576', '4233577', '4233578', '4233574', '4233575', '4233579'}
active_jobs_seen_by_sacct are: {'4233574', '4233575', '4233576', '4233577', '4233579', '4233578'}
missing_sacct_status are: set()
The job status was queried with command: sacct -X --parsable2 --clusters all --noheader --format=JobIdRaw,State --starttime 2025-02-24T18:00 --endtime now --name be0ef1d9-c11e-4c44-9a12-a52690ca4276
It took: 6.034785985946655 seconds
The output is:
'4233574|RUNNING
4233575|RUNNING
4233576|RUNNING
4233577|RUNNING
4233578|RUNNING
4233579|RUNNING
'

status_of_jobs after sacct is: {'4233574': 'RUNNING', '4233575': 'RUNNING', '4233576': 'RUNNING', '4233577': 'RUNNING', '4233578': 'RUNNING', '4233579': 'RUNNING'}
active_jobs_ids_with_current_sacct_status are: {'4233576', '4233577', '4233578', '4233574', '4233575', '4233579'}
active_jobs_seen_by_sacct are: {'4233574', '4233575', '4233576', '4233577', '4233579', '4233578'}
missing_sacct_status are: set()
The job status was queried with command: sacct -X --parsable2 --clusters all --noheader --format=JobIdRaw,State --starttime 2025-02-24T18:00 --endtime now --name be0ef1d9-c11e-4c44-9a12-a52690ca4276
It took: 6.04001522064209 seconds
The output is:
'4233574|RUNNING
4233575|RUNNING
4233576|RUNNING
4233577|RUNNING
4233578|RUNNING
4233579|RUNNING
'

status_of_jobs after sacct is: {'4233574': 'RUNNING', '4233575': 'RUNNING', '4233576': 'RUNNING', '4233577': 'RUNNING', '4233578': 'RUNNING', '4233579': 'RUNNING'}
active_jobs_ids_with_current_sacct_status are: {'4233576', '4233577', '4233578', '4233574', '4233575', '4233579'}
active_jobs_seen_by_sacct are: {'4233574', '4233575', '4233576', '4233577', '4233579', '4233578'}
missing_sacct_status are: set()
The job status was queried with command: sacct -X --parsable2 --clusters all --noheader --format=JobIdRaw,State --starttime 2025-02-24T18:00 --endtime now --name be0ef1d9-c11e-4c44-9a12-a52690ca4276
It took: 6.033735990524292 seconds
The output is:
'4233574|RUNNING
4233575|RUNNING
4233576|RUNNING
4233577|RUNNING
4233578|RUNNING
4233579|RUNNING
'

status_of_jobs after sacct is: {'4233574': 'RUNNING', '4233575': 'RUNNING', '4233576': 'RUNNING', '4233577': 'RUNNING', '4233578': 'RUNNING', '4233579': 'RUNNING'}
active_jobs_ids_with_current_sacct_status are: {'4233576', '4233577', '4233578', '4233574', '4233575', '4233579'}
active_jobs_seen_by_sacct are: {'4233574', '4233575', '4233576', '4233577', '4233579', '4233578'}
missing_sacct_status are: set()
The job status was queried with command: sacct -X --parsable2 --clusters all --noheader --format=JobIdRaw,State --starttime 2025-02-24T18:00 --endtime now --name be0ef1d9-c11e-4c44-9a12-a52690ca4276
It took: 6.0342628955841064 seconds
The output is:
'4233574|RUNNING
4233575|RUNNING
4233576|RUNNING
4233577|RUNNING
4233578|RUNNING
4233579|RUNNING
'

status_of_jobs after sacct is: {'4233574': 'RUNNING', '4233575': 'RUNNING', '4233576': 'RUNNING', '4233577': 'RUNNING', '4233578': 'RUNNING', '4233579': 'RUNNING'}
active_jobs_ids_with_current_sacct_status are: {'4233576', '4233577', '4233578', '4233574', '4233575', '4233579'}
active_jobs_seen_by_sacct are: {'4233574', '4233575', '4233576', '4233577', '4233579', '4233578'}
missing_sacct_status are: set()
The job status was queried with command: sacct -X --parsable2 --clusters all --noheader --format=JobIdRaw,State --starttime 2025-02-24T18:00 --endtime now --name be0ef1d9-c11e-4c44-9a12-a52690ca4276
It took: 6.032398462295532 seconds
The output is:
'4233574|RUNNING
4233575|RUNNING
4233576|RUNNING
4233577|RUNNING
4233578|RUNNING
4233579|RUNNING
'

status_of_jobs after sacct is: {'4233574': 'RUNNING', '4233575': 'RUNNING', '4233576': 'RUNNING', '4233577': 'RUNNING', '4233578': 'RUNNING', '4233579': 'RUNNING'}
active_jobs_ids_with_current_sacct_status are: {'4233576', '4233577', '4233578', '4233574', '4233575', '4233579'}
active_jobs_seen_by_sacct are: {'4233574', '4233575', '4233576', '4233577', '4233579', '4233578'}
missing_sacct_status are: set()
The job status was queried with command: sacct -X --parsable2 --clusters all --noheader --format=JobIdRaw,State --starttime 2025-02-24T19:00 --endtime now --name be0ef1d9-c11e-4c44-9a12-a52690ca4276
It took: 6.042383432388306 seconds
The output is:
'4233574|RUNNING
4233575|RUNNING
4233576|RUNNING
4233577|RUNNING
4233578|RUNNING
4233579|RUNNING
'

status_of_jobs after sacct is: {'4233574': 'RUNNING', '4233575': 'RUNNING', '4233576': 'RUNNING', '4233577': 'RUNNING', '4233578': 'RUNNING', '4233579': 'RUNNING'}
active_jobs_ids_with_current_sacct_status are: {'4233576', '4233577', '4233578', '4233574', '4233575', '4233579'}
active_jobs_seen_by_sacct are: {'4233574', '4233575', '4233576', '4233577', '4233579', '4233578'}
missing_sacct_status are: set()
The job status was queried with command: sacct -X --parsable2 --clusters all --noheader --format=JobIdRaw,State --starttime 2025-02-24T19:00 --endtime now --name be0ef1d9-c11e-4c44-9a12-a52690ca4276
It took: 6.037867307662964 seconds
The output is:
'4233574|RUNNING
4233575|RUNNING
4233576|RUNNING
4233577|RUNNING
4233578|RUNNING
4233579|RUNNING
'

status_of_jobs after sacct is: {'4233574': 'RUNNING', '4233575': 'RUNNING', '4233576': 'RUNNING', '4233577': 'RUNNING', '4233578': 'RUNNING', '4233579': 'RUNNING'}
active_jobs_ids_with_current_sacct_status are: {'4233576', '4233577', '4233578', '4233574', '4233575', '4233579'}
active_jobs_seen_by_sacct are: {'4233574', '4233575', '4233576', '4233577', '4233579', '4233578'}
missing_sacct_status are: set()
The job status was queried with command: sacct -X --parsable2 --clusters all --noheader --format=JobIdRaw,State --starttime 2025-02-24T19:00 --endtime now --name be0ef1d9-c11e-4c44-9a12-a52690ca4276
It took: 6.038095235824585 seconds
The output is:
'4233574|RUNNING
4233575|RUNNING
4233576|RUNNING
4233577|RUNNING
4233578|RUNNING
4233579|RUNNING
'

status_of_jobs after sacct is: {'4233574': 'RUNNING', '4233575': 'RUNNING', '4233576': 'RUNNING', '4233577': 'RUNNING', '4233578': 'RUNNING', '4233579': 'RUNNING'}
active_jobs_ids_with_current_sacct_status are: {'4233576', '4233577', '4233578', '4233574', '4233575', '4233579'}
active_jobs_seen_by_sacct are: {'4233574', '4233575', '4233576', '4233577', '4233579', '4233578'}
missing_sacct_status are: set()
The job status was queried with command: sacct -X --parsable2 --clusters all --noheader --format=JobIdRaw,State --starttime 2025-02-24T19:00 --endtime now --name be0ef1d9-c11e-4c44-9a12-a52690ca4276
It took: 4.933154106140137 seconds
The output is:
'4233574|RUNNING
4233575|RUNNING
4233576|RUNNING
4233577|RUNNING
4233578|RUNNING
4233579|RUNNING
'

status_of_jobs after sacct is: {'4233574': 'RUNNING', '4233575': 'RUNNING', '4233576': 'RUNNING', '4233577': 'RUNNING', '4233578': 'RUNNING', '4233579': 'RUNNING'}
active_jobs_ids_with_current_sacct_status are: {'4233576', '4233577', '4233578', '4233574', '4233575', '4233579'}
active_jobs_seen_by_sacct are: {'4233574', '4233575', '4233576', '4233577', '4233579', '4233578'}
missing_sacct_status are: set()
The job status was queried with command: sacct -X --parsable2 --clusters all --noheader --format=JobIdRaw,State --starttime 2025-02-24T19:00 --endtime now --name be0ef1d9-c11e-4c44-9a12-a52690ca4276
It took: 6.033324241638184 seconds
The output is:
'4233574|RUNNING
4233575|RUNNING
4233576|RUNNING
4233577|RUNNING
4233578|RUNNING
4233579|RUNNING
'

status_of_jobs after sacct is: {'4233574': 'RUNNING', '4233575': 'RUNNING', '4233576': 'RUNNING', '4233577': 'RUNNING', '4233578': 'RUNNING', '4233579': 'RUNNING'}
active_jobs_ids_with_current_sacct_status are: {'4233576', '4233577', '4233578', '4233574', '4233575', '4233579'}
active_jobs_seen_by_sacct are: {'4233574', '4233575', '4233576', '4233577', '4233579', '4233578'}
missing_sacct_status are: set()
The job status was queried with command: sacct -X --parsable2 --clusters all --noheader --format=JobIdRaw,State --starttime 2025-02-24T19:00 --endtime now --name be0ef1d9-c11e-4c44-9a12-a52690ca4276
It took: 6.035926580429077 seconds
The output is:
'4233574|RUNNING
4233575|RUNNING
4233576|RUNNING
4233577|RUNNING
4233578|RUNNING
4233579|RUNNING
'

status_of_jobs after sacct is: {'4233574': 'RUNNING', '4233575': 'RUNNING', '4233576': 'RUNNING', '4233577': 'RUNNING', '4233578': 'RUNNING', '4233579': 'RUNNING'}
active_jobs_ids_with_current_sacct_status are: {'4233576', '4233577', '4233578', '4233574', '4233575', '4233579'}
active_jobs_seen_by_sacct are: {'4233574', '4233575', '4233576', '4233577', '4233579', '4233578'}
missing_sacct_status are: set()
The job status was queried with command: sacct -X --parsable2 --clusters all --noheader --format=JobIdRaw,State --starttime 2025-02-24T19:00 --endtime now --name be0ef1d9-c11e-4c44-9a12-a52690ca4276
It took: 4.546584367752075 seconds
The output is:
'4233574|RUNNING
4233575|RUNNING
4233576|RUNNING
4233577|RUNNING
4233578|RUNNING
4233579|RUNNING
'

status_of_jobs after sacct is: {'4233574': 'RUNNING', '4233575': 'RUNNING', '4233576': 'RUNNING', '4233577': 'RUNNING', '4233578': 'RUNNING', '4233579': 'RUNNING'}
active_jobs_ids_with_current_sacct_status are: {'4233576', '4233577', '4233578', '4233574', '4233575', '4233579'}
active_jobs_seen_by_sacct are: {'4233574', '4233575', '4233576', '4233577', '4233579', '4233578'}
missing_sacct_status are: set()
The job status was queried with command: sacct -X --parsable2 --clusters all --noheader --format=JobIdRaw,State --starttime 2025-02-24T19:00 --endtime now --name be0ef1d9-c11e-4c44-9a12-a52690ca4276
It took: 6.035213232040405 seconds
The output is:
'4233574|RUNNING
4233575|RUNNING
4233576|RUNNING
4233577|RUNNING
4233578|RUNNING
4233579|RUNNING
'

status_of_jobs after sacct is: {'4233574': 'RUNNING', '4233575': 'RUNNING', '4233576': 'RUNNING', '4233577': 'RUNNING', '4233578': 'RUNNING', '4233579': 'RUNNING'}
active_jobs_ids_with_current_sacct_status are: {'4233576', '4233577', '4233578', '4233574', '4233575', '4233579'}
active_jobs_seen_by_sacct are: {'4233574', '4233575', '4233576', '4233577', '4233579', '4233578'}
missing_sacct_status are: set()
The job status was queried with command: sacct -X --parsable2 --clusters all --noheader --format=JobIdRaw,State --starttime 2025-02-24T19:00 --endtime now --name be0ef1d9-c11e-4c44-9a12-a52690ca4276
It took: 6.034743547439575 seconds
The output is:
'4233574|RUNNING
4233575|RUNNING
4233576|RUNNING
4233577|RUNNING
4233578|RUNNING
4233579|RUNNING
'

status_of_jobs after sacct is: {'4233574': 'RUNNING', '4233575': 'RUNNING', '4233576': 'RUNNING', '4233577': 'RUNNING', '4233578': 'RUNNING', '4233579': 'RUNNING'}
active_jobs_ids_with_current_sacct_status are: {'4233576', '4233577', '4233578', '4233574', '4233575', '4233579'}
active_jobs_seen_by_sacct are: {'4233574', '4233575', '4233576', '4233577', '4233579', '4233578'}
missing_sacct_status are: set()
The job status was queried with command: sacct -X --parsable2 --clusters all --noheader --format=JobIdRaw,State --starttime 2025-02-24T19:00 --endtime now --name be0ef1d9-c11e-4c44-9a12-a52690ca4276
It took: 6.040059566497803 seconds
The output is:
'4233574|RUNNING
4233575|RUNNING
4233576|RUNNING
4233577|RUNNING
4233578|RUNNING
4233579|RUNNING
'

status_of_jobs after sacct is: {'4233574': 'RUNNING', '4233575': 'RUNNING', '4233576': 'RUNNING', '4233577': 'RUNNING', '4233578': 'RUNNING', '4233579': 'RUNNING'}
active_jobs_ids_with_current_sacct_status are: {'4233576', '4233577', '4233578', '4233574', '4233575', '4233579'}
active_jobs_seen_by_sacct are: {'4233574', '4233575', '4233576', '4233577', '4233579', '4233578'}
missing_sacct_status are: set()
The job status was queried with command: sacct -X --parsable2 --clusters all --noheader --format=JobIdRaw,State --starttime 2025-02-24T19:00 --endtime now --name be0ef1d9-c11e-4c44-9a12-a52690ca4276
It took: 6.038990020751953 seconds
The output is:
'4233574|RUNNING
4233575|RUNNING
4233576|RUNNING
4233577|RUNNING
4233578|RUNNING
4233579|RUNNING
'

status_of_jobs after sacct is: {'4233574': 'RUNNING', '4233575': 'RUNNING', '4233576': 'RUNNING', '4233577': 'RUNNING', '4233578': 'RUNNING', '4233579': 'RUNNING'}
active_jobs_ids_with_current_sacct_status are: {'4233576', '4233577', '4233578', '4233574', '4233575', '4233579'}
active_jobs_seen_by_sacct are: {'4233574', '4233575', '4233576', '4233577', '4233579', '4233578'}
missing_sacct_status are: set()
The job status was queried with command: sacct -X --parsable2 --clusters all --noheader --format=JobIdRaw,State --starttime 2025-02-24T19:00 --endtime now --name be0ef1d9-c11e-4c44-9a12-a52690ca4276
It took: 6.036448001861572 seconds
The output is:
'4233574|RUNNING
4233575|RUNNING
4233576|RUNNING
4233577|RUNNING
4233578|RUNNING
4233579|RUNNING
'

status_of_jobs after sacct is: {'4233574': 'RUNNING', '4233575': 'RUNNING', '4233576': 'RUNNING', '4233577': 'RUNNING', '4233578': 'RUNNING', '4233579': 'RUNNING'}
active_jobs_ids_with_current_sacct_status are: {'4233576', '4233577', '4233578', '4233574', '4233575', '4233579'}
active_jobs_seen_by_sacct are: {'4233574', '4233575', '4233576', '4233577', '4233579', '4233578'}
missing_sacct_status are: set()
The job status was queried with command: sacct -X --parsable2 --clusters all --noheader --format=JobIdRaw,State --starttime 2025-02-24T19:00 --endtime now --name be0ef1d9-c11e-4c44-9a12-a52690ca4276
It took: 6.036907434463501 seconds
The output is:
'4233574|RUNNING
4233575|RUNNING
4233576|RUNNING
4233577|RUNNING
4233578|RUNNING
4233579|RUNNING
'

status_of_jobs after sacct is: {'4233574': 'RUNNING', '4233575': 'RUNNING', '4233576': 'RUNNING', '4233577': 'RUNNING', '4233578': 'RUNNING', '4233579': 'RUNNING'}
active_jobs_ids_with_current_sacct_status are: {'4233576', '4233577', '4233578', '4233574', '4233575', '4233579'}
active_jobs_seen_by_sacct are: {'4233574', '4233575', '4233576', '4233577', '4233579', '4233578'}
missing_sacct_status are: set()
The job status was queried with command: sacct -X --parsable2 --clusters all --noheader --format=JobIdRaw,State --starttime 2025-02-24T19:00 --endtime now --name be0ef1d9-c11e-4c44-9a12-a52690ca4276
It took: 3.4565818309783936 seconds
The output is:
'4233574|RUNNING
4233575|RUNNING
4233576|RUNNING
4233577|RUNNING
4233578|RUNNING
4233579|RUNNING
'

status_of_jobs after sacct is: {'4233574': 'RUNNING', '4233575': 'RUNNING', '4233576': 'RUNNING', '4233577': 'RUNNING', '4233578': 'RUNNING', '4233579': 'RUNNING'}
active_jobs_ids_with_current_sacct_status are: {'4233576', '4233577', '4233578', '4233574', '4233575', '4233579'}
active_jobs_seen_by_sacct are: {'4233574', '4233575', '4233576', '4233577', '4233579', '4233578'}
missing_sacct_status are: set()
The job status was queried with command: sacct -X --parsable2 --clusters all --noheader --format=JobIdRaw,State --starttime 2025-02-24T19:00 --endtime now --name be0ef1d9-c11e-4c44-9a12-a52690ca4276
It took: 6.042046785354614 seconds
The output is:
'4233574|RUNNING
4233575|RUNNING
4233576|RUNNING
4233577|RUNNING
4233578|RUNNING
4233579|RUNNING
'

status_of_jobs after sacct is: {'4233574': 'RUNNING', '4233575': 'RUNNING', '4233576': 'RUNNING', '4233577': 'RUNNING', '4233578': 'RUNNING', '4233579': 'RUNNING'}
active_jobs_ids_with_current_sacct_status are: {'4233576', '4233577', '4233578', '4233574', '4233575', '4233579'}
active_jobs_seen_by_sacct are: {'4233574', '4233575', '4233576', '4233577', '4233579', '4233578'}
missing_sacct_status are: set()
The job status was queried with command: sacct -X --parsable2 --clusters all --noheader --format=JobIdRaw,State --starttime 2025-02-24T19:00 --endtime now --name be0ef1d9-c11e-4c44-9a12-a52690ca4276
It took: 6.040754556655884 seconds
The output is:
'4233574|RUNNING
4233575|RUNNING
4233576|RUNNING
4233577|RUNNING
4233578|RUNNING
4233579|RUNNING
'

status_of_jobs after sacct is: {'4233574': 'RUNNING', '4233575': 'RUNNING', '4233576': 'RUNNING', '4233577': 'RUNNING', '4233578': 'RUNNING', '4233579': 'RUNNING'}
active_jobs_ids_with_current_sacct_status are: {'4233576', '4233577', '4233578', '4233574', '4233575', '4233579'}
active_jobs_seen_by_sacct are: {'4233574', '4233575', '4233576', '4233577', '4233579', '4233578'}
missing_sacct_status are: set()
The job status was queried with command: sacct -X --parsable2 --clusters all --noheader --format=JobIdRaw,State --starttime 2025-02-24T19:00 --endtime now --name be0ef1d9-c11e-4c44-9a12-a52690ca4276
It took: 6.036072492599487 seconds
The output is:
'4233574|RUNNING
4233575|RUNNING
4233576|RUNNING
4233577|RUNNING
4233578|RUNNING
4233579|RUNNING
'

status_of_jobs after sacct is: {'4233574': 'RUNNING', '4233575': 'RUNNING', '4233576': 'RUNNING', '4233577': 'RUNNING', '4233578': 'RUNNING', '4233579': 'RUNNING'}
active_jobs_ids_with_current_sacct_status are: {'4233576', '4233577', '4233578', '4233574', '4233575', '4233579'}
active_jobs_seen_by_sacct are: {'4233574', '4233575', '4233576', '4233577', '4233579', '4233578'}
missing_sacct_status are: set()
